[2024-12-30T05:45:58.218+0000] {processor.py:186} INFO - Started process (PID=94) to work on /home/airflow/.local/lib/python3.12/site-packages/airflow/example_dags/example_params_trigger_ui.py
[2024-12-30T05:45:58.219+0000] {processor.py:914} INFO - Processing file /home/airflow/.local/lib/python3.12/site-packages/airflow/example_dags/example_params_trigger_ui.py for tasks to queue
[2024-12-30T05:45:58.221+0000] {logging_mixin.py:190} INFO - [2024-12-30T05:45:58.221+0000] {dagbag.py:588} INFO - Filling up the DagBag from /home/airflow/.local/lib/python3.12/site-packages/airflow/example_dags/example_params_trigger_ui.py
[2024-12-30T05:45:58.231+0000] {processor.py:925} INFO - DAG(s) 'example_params_trigger_ui' retrieved from /home/airflow/.local/lib/python3.12/site-packages/airflow/example_dags/example_params_trigger_ui.py
[2024-12-30T05:45:58.320+0000] {logging_mixin.py:190} INFO - [2024-12-30T05:45:58.320+0000] {override.py:1911} INFO - Created Permission View: can read on DAG:example_params_trigger_ui
[2024-12-30T05:45:58.327+0000] {logging_mixin.py:190} INFO - [2024-12-30T05:45:58.327+0000] {override.py:1911} INFO - Created Permission View: can delete on DAG:example_params_trigger_ui
[2024-12-30T05:45:58.332+0000] {logging_mixin.py:190} INFO - [2024-12-30T05:45:58.332+0000] {override.py:1911} INFO - Created Permission View: can edit on DAG:example_params_trigger_ui
[2024-12-30T05:45:58.339+0000] {logging_mixin.py:190} INFO - [2024-12-30T05:45:58.338+0000] {override.py:1911} INFO - Created Permission View: can read on DAG Run:example_params_trigger_ui
[2024-12-30T05:45:58.344+0000] {logging_mixin.py:190} INFO - [2024-12-30T05:45:58.344+0000] {override.py:1911} INFO - Created Permission View: can create on DAG Run:example_params_trigger_ui
[2024-12-30T05:45:58.350+0000] {logging_mixin.py:190} INFO - [2024-12-30T05:45:58.349+0000] {override.py:1911} INFO - Created Permission View: can delete on DAG Run:example_params_trigger_ui
[2024-12-30T05:45:58.354+0000] {logging_mixin.py:190} INFO - [2024-12-30T05:45:58.354+0000] {override.py:1911} INFO - Created Permission View: menu access on DAG Run:example_params_trigger_ui
[2024-12-30T05:45:58.354+0000] {logging_mixin.py:190} INFO - [2024-12-30T05:45:58.354+0000] {dag.py:3239} INFO - Sync 1 DAGs
[2024-12-30T05:45:58.362+0000] {logging_mixin.py:190} INFO - [2024-12-30T05:45:58.362+0000] {dag.py:3262} INFO - Creating ORM DAG for example_params_trigger_ui
[2024-12-30T05:45:58.363+0000] {logging_mixin.py:190} INFO - [2024-12-30T05:45:58.363+0000] {dag.py:4180} INFO - Setting next_dagrun for example_params_trigger_ui to None, run_after=None
[2024-12-30T05:45:58.374+0000] {processor.py:208} INFO - Processing /home/airflow/.local/lib/python3.12/site-packages/airflow/example_dags/example_params_trigger_ui.py took 0.161 seconds
[2024-12-30T05:47:19.142+0000] {processor.py:186} INFO - Started process (PID=157) to work on /home/airflow/.local/lib/python3.12/site-packages/airflow/example_dags/example_params_trigger_ui.py
[2024-12-30T05:47:19.145+0000] {processor.py:914} INFO - Processing file /home/airflow/.local/lib/python3.12/site-packages/airflow/example_dags/example_params_trigger_ui.py for tasks to queue
[2024-12-30T05:47:19.147+0000] {logging_mixin.py:190} INFO - [2024-12-30T05:47:19.146+0000] {dagbag.py:588} INFO - Filling up the DagBag from /home/airflow/.local/lib/python3.12/site-packages/airflow/example_dags/example_params_trigger_ui.py
[2024-12-30T05:47:19.233+0000] {processor.py:925} INFO - DAG(s) 'example_params_trigger_ui' retrieved from /home/airflow/.local/lib/python3.12/site-packages/airflow/example_dags/example_params_trigger_ui.py
[2024-12-30T05:47:22.783+0000] {logging_mixin.py:190} INFO - [2024-12-30T05:47:22.783+0000] {dag.py:3239} INFO - Sync 1 DAGs
[2024-12-30T05:47:23.155+0000] {logging_mixin.py:190} INFO - [2024-12-30T05:47:23.154+0000] {dag.py:4180} INFO - Setting next_dagrun for example_params_trigger_ui to None, run_after=None
[2024-12-30T05:47:23.317+0000] {processor.py:208} INFO - Processing /home/airflow/.local/lib/python3.12/site-packages/airflow/example_dags/example_params_trigger_ui.py took 4.276 seconds
[2024-12-30T05:50:31.158+0000] {processor.py:186} INFO - Started process (PID=252) to work on /home/airflow/.local/lib/python3.12/site-packages/airflow/example_dags/example_params_trigger_ui.py
[2024-12-30T05:50:31.159+0000] {processor.py:914} INFO - Processing file /home/airflow/.local/lib/python3.12/site-packages/airflow/example_dags/example_params_trigger_ui.py for tasks to queue
[2024-12-30T05:50:31.160+0000] {logging_mixin.py:190} INFO - [2024-12-30T05:50:31.159+0000] {dagbag.py:588} INFO - Filling up the DagBag from /home/airflow/.local/lib/python3.12/site-packages/airflow/example_dags/example_params_trigger_ui.py
[2024-12-30T05:50:31.172+0000] {processor.py:925} INFO - DAG(s) 'example_params_trigger_ui' retrieved from /home/airflow/.local/lib/python3.12/site-packages/airflow/example_dags/example_params_trigger_ui.py
[2024-12-30T05:50:31.212+0000] {logging_mixin.py:190} INFO - [2024-12-30T05:50:31.212+0000] {dag.py:3239} INFO - Sync 1 DAGs
[2024-12-30T05:50:31.224+0000] {logging_mixin.py:190} INFO - [2024-12-30T05:50:31.224+0000] {dag.py:4180} INFO - Setting next_dagrun for example_params_trigger_ui to None, run_after=None
[2024-12-30T05:50:31.239+0000] {processor.py:208} INFO - Processing /home/airflow/.local/lib/python3.12/site-packages/airflow/example_dags/example_params_trigger_ui.py took 0.086 seconds
[2024-12-30T05:52:05.576+0000] {processor.py:186} INFO - Started process (PID=310) to work on /home/airflow/.local/lib/python3.12/site-packages/airflow/example_dags/example_params_trigger_ui.py
[2024-12-30T05:52:05.577+0000] {processor.py:914} INFO - Processing file /home/airflow/.local/lib/python3.12/site-packages/airflow/example_dags/example_params_trigger_ui.py for tasks to queue
[2024-12-30T05:52:05.578+0000] {logging_mixin.py:190} INFO - [2024-12-30T05:52:05.578+0000] {dagbag.py:588} INFO - Filling up the DagBag from /home/airflow/.local/lib/python3.12/site-packages/airflow/example_dags/example_params_trigger_ui.py
[2024-12-30T05:52:05.649+0000] {processor.py:925} INFO - DAG(s) 'example_params_trigger_ui' retrieved from /home/airflow/.local/lib/python3.12/site-packages/airflow/example_dags/example_params_trigger_ui.py
[2024-12-30T05:52:05.746+0000] {logging_mixin.py:190} INFO - [2024-12-30T05:52:05.745+0000] {dag.py:3239} INFO - Sync 1 DAGs
[2024-12-30T05:52:05.756+0000] {logging_mixin.py:190} INFO - [2024-12-30T05:52:05.755+0000] {dag.py:4180} INFO - Setting next_dagrun for example_params_trigger_ui to None, run_after=None
[2024-12-30T05:52:05.813+0000] {processor.py:208} INFO - Processing /home/airflow/.local/lib/python3.12/site-packages/airflow/example_dags/example_params_trigger_ui.py took 0.246 seconds
[2024-12-30T05:52:36.239+0000] {processor.py:186} INFO - Started process (PID=372) to work on /home/airflow/.local/lib/python3.12/site-packages/airflow/example_dags/example_params_trigger_ui.py
[2024-12-30T05:52:36.240+0000] {processor.py:914} INFO - Processing file /home/airflow/.local/lib/python3.12/site-packages/airflow/example_dags/example_params_trigger_ui.py for tasks to queue
[2024-12-30T05:52:36.242+0000] {logging_mixin.py:190} INFO - [2024-12-30T05:52:36.241+0000] {dagbag.py:588} INFO - Filling up the DagBag from /home/airflow/.local/lib/python3.12/site-packages/airflow/example_dags/example_params_trigger_ui.py
[2024-12-30T05:52:36.299+0000] {processor.py:925} INFO - DAG(s) 'example_params_trigger_ui' retrieved from /home/airflow/.local/lib/python3.12/site-packages/airflow/example_dags/example_params_trigger_ui.py
[2024-12-30T05:52:36.330+0000] {logging_mixin.py:190} INFO - [2024-12-30T05:52:36.330+0000] {dag.py:3239} INFO - Sync 1 DAGs
[2024-12-30T05:52:36.341+0000] {logging_mixin.py:190} INFO - [2024-12-30T05:52:36.341+0000] {dag.py:4180} INFO - Setting next_dagrun for example_params_trigger_ui to None, run_after=None
[2024-12-30T05:52:36.390+0000] {processor.py:208} INFO - Processing /home/airflow/.local/lib/python3.12/site-packages/airflow/example_dags/example_params_trigger_ui.py took 0.156 seconds
[2024-12-30T05:53:07.053+0000] {processor.py:186} INFO - Started process (PID=434) to work on /home/airflow/.local/lib/python3.12/site-packages/airflow/example_dags/example_params_trigger_ui.py
[2024-12-30T05:53:07.054+0000] {processor.py:914} INFO - Processing file /home/airflow/.local/lib/python3.12/site-packages/airflow/example_dags/example_params_trigger_ui.py for tasks to queue
[2024-12-30T05:53:07.055+0000] {logging_mixin.py:190} INFO - [2024-12-30T05:53:07.054+0000] {dagbag.py:588} INFO - Filling up the DagBag from /home/airflow/.local/lib/python3.12/site-packages/airflow/example_dags/example_params_trigger_ui.py
[2024-12-30T05:53:07.066+0000] {processor.py:925} INFO - DAG(s) 'example_params_trigger_ui' retrieved from /home/airflow/.local/lib/python3.12/site-packages/airflow/example_dags/example_params_trigger_ui.py
[2024-12-30T05:53:07.095+0000] {logging_mixin.py:190} INFO - [2024-12-30T05:53:07.095+0000] {dag.py:3239} INFO - Sync 1 DAGs
[2024-12-30T05:53:07.104+0000] {logging_mixin.py:190} INFO - [2024-12-30T05:53:07.104+0000] {dag.py:4180} INFO - Setting next_dagrun for example_params_trigger_ui to None, run_after=None
[2024-12-30T05:53:07.117+0000] {processor.py:208} INFO - Processing /home/airflow/.local/lib/python3.12/site-packages/airflow/example_dags/example_params_trigger_ui.py took 0.068 seconds
[2024-12-30T05:53:38.005+0000] {processor.py:186} INFO - Started process (PID=497) to work on /home/airflow/.local/lib/python3.12/site-packages/airflow/example_dags/example_params_trigger_ui.py
[2024-12-30T05:53:38.006+0000] {processor.py:914} INFO - Processing file /home/airflow/.local/lib/python3.12/site-packages/airflow/example_dags/example_params_trigger_ui.py for tasks to queue
[2024-12-30T05:53:38.006+0000] {logging_mixin.py:190} INFO - [2024-12-30T05:53:38.006+0000] {dagbag.py:588} INFO - Filling up the DagBag from /home/airflow/.local/lib/python3.12/site-packages/airflow/example_dags/example_params_trigger_ui.py
[2024-12-30T05:53:38.018+0000] {processor.py:925} INFO - DAG(s) 'example_params_trigger_ui' retrieved from /home/airflow/.local/lib/python3.12/site-packages/airflow/example_dags/example_params_trigger_ui.py
[2024-12-30T05:53:38.050+0000] {logging_mixin.py:190} INFO - [2024-12-30T05:53:38.050+0000] {dag.py:3239} INFO - Sync 1 DAGs
[2024-12-30T05:53:38.060+0000] {logging_mixin.py:190} INFO - [2024-12-30T05:53:38.059+0000] {dag.py:4180} INFO - Setting next_dagrun for example_params_trigger_ui to None, run_after=None
[2024-12-30T05:53:38.074+0000] {processor.py:208} INFO - Processing /home/airflow/.local/lib/python3.12/site-packages/airflow/example_dags/example_params_trigger_ui.py took 0.076 seconds
[2024-12-30T06:07:25.047+0000] {processor.py:186} INFO - Started process (PID=540) to work on /home/airflow/.local/lib/python3.12/site-packages/airflow/example_dags/example_params_trigger_ui.py
[2024-12-30T06:07:25.048+0000] {processor.py:914} INFO - Processing file /home/airflow/.local/lib/python3.12/site-packages/airflow/example_dags/example_params_trigger_ui.py for tasks to queue
[2024-12-30T06:07:25.049+0000] {logging_mixin.py:190} INFO - [2024-12-30T06:07:25.049+0000] {dagbag.py:588} INFO - Filling up the DagBag from /home/airflow/.local/lib/python3.12/site-packages/airflow/example_dags/example_params_trigger_ui.py
[2024-12-30T06:07:25.058+0000] {processor.py:925} INFO - DAG(s) 'example_params_trigger_ui' retrieved from /home/airflow/.local/lib/python3.12/site-packages/airflow/example_dags/example_params_trigger_ui.py
[2024-12-30T06:07:25.156+0000] {logging_mixin.py:190} INFO - [2024-12-30T06:07:25.156+0000] {dag.py:3239} INFO - Sync 1 DAGs
[2024-12-30T06:07:25.167+0000] {logging_mixin.py:190} INFO - [2024-12-30T06:07:25.167+0000] {dag.py:4180} INFO - Setting next_dagrun for example_params_trigger_ui to None, run_after=None
[2024-12-30T06:07:25.214+0000] {processor.py:208} INFO - Processing /home/airflow/.local/lib/python3.12/site-packages/airflow/example_dags/example_params_trigger_ui.py took 0.171 seconds
[2024-12-30T06:40:37.485+0000] {processor.py:186} INFO - Started process (PID=95) to work on /home/airflow/.local/lib/python3.12/site-packages/airflow/example_dags/example_params_trigger_ui.py
[2024-12-30T06:40:37.487+0000] {processor.py:914} INFO - Processing file /home/airflow/.local/lib/python3.12/site-packages/airflow/example_dags/example_params_trigger_ui.py for tasks to queue
[2024-12-30T06:40:37.494+0000] {logging_mixin.py:190} INFO - [2024-12-30T06:40:37.492+0000] {dagbag.py:588} INFO - Filling up the DagBag from /home/airflow/.local/lib/python3.12/site-packages/airflow/example_dags/example_params_trigger_ui.py
[2024-12-30T06:40:37.520+0000] {processor.py:925} INFO - DAG(s) 'example_params_trigger_ui' retrieved from /home/airflow/.local/lib/python3.12/site-packages/airflow/example_dags/example_params_trigger_ui.py
[2024-12-30T06:40:37.811+0000] {logging_mixin.py:190} INFO - [2024-12-30T06:40:37.811+0000] {override.py:1911} INFO - Created Permission View: can delete on DAG:example_params_trigger_ui
[2024-12-30T06:40:37.819+0000] {logging_mixin.py:190} INFO - [2024-12-30T06:40:37.819+0000] {override.py:1911} INFO - Created Permission View: can edit on DAG:example_params_trigger_ui
[2024-12-30T06:40:37.826+0000] {logging_mixin.py:190} INFO - [2024-12-30T06:40:37.826+0000] {override.py:1911} INFO - Created Permission View: can read on DAG:example_params_trigger_ui
[2024-12-30T06:40:37.837+0000] {logging_mixin.py:190} INFO - [2024-12-30T06:40:37.836+0000] {override.py:1911} INFO - Created Permission View: can delete on DAG Run:example_params_trigger_ui
[2024-12-30T06:40:37.843+0000] {logging_mixin.py:190} INFO - [2024-12-30T06:40:37.843+0000] {override.py:1911} INFO - Created Permission View: can create on DAG Run:example_params_trigger_ui
[2024-12-30T06:40:37.853+0000] {logging_mixin.py:190} INFO - [2024-12-30T06:40:37.853+0000] {override.py:1911} INFO - Created Permission View: menu access on DAG Run:example_params_trigger_ui
[2024-12-30T06:40:37.859+0000] {logging_mixin.py:190} INFO - [2024-12-30T06:40:37.859+0000] {override.py:1911} INFO - Created Permission View: can read on DAG Run:example_params_trigger_ui
[2024-12-30T06:40:37.860+0000] {logging_mixin.py:190} INFO - [2024-12-30T06:40:37.860+0000] {dag.py:3239} INFO - Sync 1 DAGs
[2024-12-30T06:40:37.869+0000] {logging_mixin.py:190} INFO - [2024-12-30T06:40:37.869+0000] {dag.py:3262} INFO - Creating ORM DAG for example_params_trigger_ui
[2024-12-30T06:40:37.870+0000] {logging_mixin.py:190} INFO - [2024-12-30T06:40:37.870+0000] {dag.py:4180} INFO - Setting next_dagrun for example_params_trigger_ui to None, run_after=None
[2024-12-30T06:40:37.889+0000] {processor.py:208} INFO - Processing /home/airflow/.local/lib/python3.12/site-packages/airflow/example_dags/example_params_trigger_ui.py took 0.409 seconds
[2024-12-30T06:41:08.459+0000] {processor.py:186} INFO - Started process (PID=157) to work on /home/airflow/.local/lib/python3.12/site-packages/airflow/example_dags/example_params_trigger_ui.py
[2024-12-30T06:41:08.460+0000] {processor.py:914} INFO - Processing file /home/airflow/.local/lib/python3.12/site-packages/airflow/example_dags/example_params_trigger_ui.py for tasks to queue
[2024-12-30T06:41:08.461+0000] {logging_mixin.py:190} INFO - [2024-12-30T06:41:08.461+0000] {dagbag.py:588} INFO - Filling up the DagBag from /home/airflow/.local/lib/python3.12/site-packages/airflow/example_dags/example_params_trigger_ui.py
[2024-12-30T06:41:08.471+0000] {processor.py:925} INFO - DAG(s) 'example_params_trigger_ui' retrieved from /home/airflow/.local/lib/python3.12/site-packages/airflow/example_dags/example_params_trigger_ui.py
[2024-12-30T06:41:08.501+0000] {logging_mixin.py:190} INFO - [2024-12-30T06:41:08.501+0000] {dag.py:3239} INFO - Sync 1 DAGs
[2024-12-30T06:41:08.511+0000] {logging_mixin.py:190} INFO - [2024-12-30T06:41:08.511+0000] {dag.py:4180} INFO - Setting next_dagrun for example_params_trigger_ui to None, run_after=None
[2024-12-30T06:41:08.531+0000] {processor.py:208} INFO - Processing /home/airflow/.local/lib/python3.12/site-packages/airflow/example_dags/example_params_trigger_ui.py took 0.076 seconds
[2024-12-30T06:41:39.387+0000] {processor.py:186} INFO - Started process (PID=220) to work on /home/airflow/.local/lib/python3.12/site-packages/airflow/example_dags/example_params_trigger_ui.py
[2024-12-30T06:41:39.388+0000] {processor.py:914} INFO - Processing file /home/airflow/.local/lib/python3.12/site-packages/airflow/example_dags/example_params_trigger_ui.py for tasks to queue
[2024-12-30T06:41:39.389+0000] {logging_mixin.py:190} INFO - [2024-12-30T06:41:39.389+0000] {dagbag.py:588} INFO - Filling up the DagBag from /home/airflow/.local/lib/python3.12/site-packages/airflow/example_dags/example_params_trigger_ui.py
[2024-12-30T06:41:39.397+0000] {processor.py:925} INFO - DAG(s) 'example_params_trigger_ui' retrieved from /home/airflow/.local/lib/python3.12/site-packages/airflow/example_dags/example_params_trigger_ui.py
[2024-12-30T06:41:39.423+0000] {logging_mixin.py:190} INFO - [2024-12-30T06:41:39.423+0000] {dag.py:3239} INFO - Sync 1 DAGs
[2024-12-30T06:41:39.434+0000] {logging_mixin.py:190} INFO - [2024-12-30T06:41:39.433+0000] {dag.py:4180} INFO - Setting next_dagrun for example_params_trigger_ui to None, run_after=None
[2024-12-30T06:41:39.449+0000] {processor.py:208} INFO - Processing /home/airflow/.local/lib/python3.12/site-packages/airflow/example_dags/example_params_trigger_ui.py took 0.065 seconds
[2024-12-30T06:56:39.076+0000] {processor.py:186} INFO - Started process (PID=92) to work on /home/airflow/.local/lib/python3.12/site-packages/airflow/example_dags/example_params_trigger_ui.py
[2024-12-30T06:56:39.080+0000] {processor.py:914} INFO - Processing file /home/airflow/.local/lib/python3.12/site-packages/airflow/example_dags/example_params_trigger_ui.py for tasks to queue
[2024-12-30T06:56:39.082+0000] {logging_mixin.py:190} INFO - [2024-12-30T06:56:39.082+0000] {dagbag.py:588} INFO - Filling up the DagBag from /home/airflow/.local/lib/python3.12/site-packages/airflow/example_dags/example_params_trigger_ui.py
[2024-12-30T06:56:39.105+0000] {processor.py:925} INFO - DAG(s) 'example_params_trigger_ui' retrieved from /home/airflow/.local/lib/python3.12/site-packages/airflow/example_dags/example_params_trigger_ui.py
[2024-12-30T06:56:39.152+0000] {logging_mixin.py:190} INFO - [2024-12-30T06:56:39.152+0000] {dag.py:3239} INFO - Sync 1 DAGs
[2024-12-30T06:56:39.160+0000] {logging_mixin.py:190} INFO - [2024-12-30T06:56:39.160+0000] {dag.py:4180} INFO - Setting next_dagrun for example_params_trigger_ui to None, run_after=None
[2024-12-30T06:56:39.196+0000] {processor.py:208} INFO - Processing /home/airflow/.local/lib/python3.12/site-packages/airflow/example_dags/example_params_trigger_ui.py took 0.123 seconds
[2024-12-30T06:57:09.820+0000] {processor.py:186} INFO - Started process (PID=154) to work on /home/airflow/.local/lib/python3.12/site-packages/airflow/example_dags/example_params_trigger_ui.py
[2024-12-30T06:57:09.822+0000] {processor.py:914} INFO - Processing file /home/airflow/.local/lib/python3.12/site-packages/airflow/example_dags/example_params_trigger_ui.py for tasks to queue
[2024-12-30T06:57:09.824+0000] {logging_mixin.py:190} INFO - [2024-12-30T06:57:09.824+0000] {dagbag.py:588} INFO - Filling up the DagBag from /home/airflow/.local/lib/python3.12/site-packages/airflow/example_dags/example_params_trigger_ui.py
[2024-12-30T06:57:09.834+0000] {processor.py:925} INFO - DAG(s) 'example_params_trigger_ui' retrieved from /home/airflow/.local/lib/python3.12/site-packages/airflow/example_dags/example_params_trigger_ui.py
[2024-12-30T06:57:09.867+0000] {logging_mixin.py:190} INFO - [2024-12-30T06:57:09.867+0000] {dag.py:3239} INFO - Sync 1 DAGs
[2024-12-30T06:57:09.879+0000] {logging_mixin.py:190} INFO - [2024-12-30T06:57:09.879+0000] {dag.py:4180} INFO - Setting next_dagrun for example_params_trigger_ui to None, run_after=None
[2024-12-30T06:57:09.896+0000] {processor.py:208} INFO - Processing /home/airflow/.local/lib/python3.12/site-packages/airflow/example_dags/example_params_trigger_ui.py took 0.082 seconds
