[2024-12-30T05:46:02.329+0000] {processor.py:186} INFO - Started process (PID=119) to work on /home/airflow/.local/lib/python3.12/site-packages/airflow/example_dags/example_bash_operator.py
[2024-12-30T05:46:02.331+0000] {processor.py:914} INFO - Processing file /home/airflow/.local/lib/python3.12/site-packages/airflow/example_dags/example_bash_operator.py for tasks to queue
[2024-12-30T05:46:02.334+0000] {logging_mixin.py:190} INFO - [2024-12-30T05:46:02.334+0000] {dagbag.py:588} INFO - Filling up the DagBag from /home/airflow/.local/lib/python3.12/site-packages/airflow/example_dags/example_bash_operator.py
[2024-12-30T05:46:02.352+0000] {processor.py:925} INFO - DAG(s) 'example_bash_operator' retrieved from /home/airflow/.local/lib/python3.12/site-packages/airflow/example_dags/example_bash_operator.py
[2024-12-30T05:46:02.441+0000] {logging_mixin.py:190} INFO - [2024-12-30T05:46:02.441+0000] {override.py:1911} INFO - Created Permission View: can read on DAG:example_bash_operator
[2024-12-30T05:46:02.451+0000] {logging_mixin.py:190} INFO - [2024-12-30T05:46:02.451+0000] {override.py:1911} INFO - Created Permission View: can delete on DAG:example_bash_operator
[2024-12-30T05:46:02.456+0000] {logging_mixin.py:190} INFO - [2024-12-30T05:46:02.455+0000] {override.py:1911} INFO - Created Permission View: can edit on DAG:example_bash_operator
[2024-12-30T05:46:02.462+0000] {logging_mixin.py:190} INFO - [2024-12-30T05:46:02.462+0000] {override.py:1911} INFO - Created Permission View: can read on DAG Run:example_bash_operator
[2024-12-30T05:46:02.467+0000] {logging_mixin.py:190} INFO - [2024-12-30T05:46:02.467+0000] {override.py:1911} INFO - Created Permission View: can create on DAG Run:example_bash_operator
[2024-12-30T05:46:02.476+0000] {logging_mixin.py:190} INFO - [2024-12-30T05:46:02.476+0000] {override.py:1911} INFO - Created Permission View: can delete on DAG Run:example_bash_operator
[2024-12-30T05:46:02.483+0000] {logging_mixin.py:190} INFO - [2024-12-30T05:46:02.482+0000] {override.py:1911} INFO - Created Permission View: menu access on DAG Run:example_bash_operator
[2024-12-30T05:46:02.483+0000] {logging_mixin.py:190} INFO - [2024-12-30T05:46:02.483+0000] {dag.py:3239} INFO - Sync 1 DAGs
[2024-12-30T05:46:02.499+0000] {logging_mixin.py:190} INFO - [2024-12-30T05:46:02.499+0000] {dag.py:3262} INFO - Creating ORM DAG for example_bash_operator
[2024-12-30T05:46:02.523+0000] {logging_mixin.py:190} INFO - [2024-12-30T05:46:02.522+0000] {dag.py:4180} INFO - Setting next_dagrun for example_bash_operator to 2024-12-29 00:00:00+00:00, run_after=2024-12-30 00:00:00+00:00
[2024-12-30T05:46:02.539+0000] {processor.py:208} INFO - Processing /home/airflow/.local/lib/python3.12/site-packages/airflow/example_dags/example_bash_operator.py took 0.216 seconds
[2024-12-30T05:49:57.440+0000] {processor.py:186} INFO - Started process (PID=214) to work on /home/airflow/.local/lib/python3.12/site-packages/airflow/example_dags/example_bash_operator.py
[2024-12-30T05:49:57.492+0000] {processor.py:914} INFO - Processing file /home/airflow/.local/lib/python3.12/site-packages/airflow/example_dags/example_bash_operator.py for tasks to queue
[2024-12-30T05:49:57.499+0000] {logging_mixin.py:190} INFO - [2024-12-30T05:49:57.497+0000] {dagbag.py:588} INFO - Filling up the DagBag from /home/airflow/.local/lib/python3.12/site-packages/airflow/example_dags/example_bash_operator.py
[2024-12-30T05:49:57.588+0000] {processor.py:925} INFO - DAG(s) 'example_bash_operator' retrieved from /home/airflow/.local/lib/python3.12/site-packages/airflow/example_dags/example_bash_operator.py
[2024-12-30T05:49:57.608+0000] {logging_mixin.py:190} INFO - [2024-12-30T05:49:57.608+0000] {dag.py:3239} INFO - Sync 1 DAGs
[2024-12-30T05:49:57.627+0000] {logging_mixin.py:190} INFO - [2024-12-30T05:49:57.626+0000] {dag.py:4180} INFO - Setting next_dagrun for example_bash_operator to 2024-12-29 00:00:00+00:00, run_after=2024-12-30 00:00:00+00:00
[2024-12-30T05:49:57.671+0000] {processor.py:208} INFO - Processing /home/airflow/.local/lib/python3.12/site-packages/airflow/example_dags/example_bash_operator.py took 0.235 seconds
[2024-12-30T05:51:51.639+0000] {processor.py:186} INFO - Started process (PID=279) to work on /home/airflow/.local/lib/python3.12/site-packages/airflow/example_dags/example_bash_operator.py
[2024-12-30T05:51:51.640+0000] {processor.py:914} INFO - Processing file /home/airflow/.local/lib/python3.12/site-packages/airflow/example_dags/example_bash_operator.py for tasks to queue
[2024-12-30T05:51:51.641+0000] {logging_mixin.py:190} INFO - [2024-12-30T05:51:51.641+0000] {dagbag.py:588} INFO - Filling up the DagBag from /home/airflow/.local/lib/python3.12/site-packages/airflow/example_dags/example_bash_operator.py
[2024-12-30T05:51:51.707+0000] {processor.py:925} INFO - DAG(s) 'example_bash_operator' retrieved from /home/airflow/.local/lib/python3.12/site-packages/airflow/example_dags/example_bash_operator.py
[2024-12-30T05:51:52.025+0000] {logging_mixin.py:190} INFO - [2024-12-30T05:51:52.025+0000] {dag.py:3239} INFO - Sync 1 DAGs
[2024-12-30T05:51:52.043+0000] {logging_mixin.py:190} INFO - [2024-12-30T05:51:52.042+0000] {dag.py:4180} INFO - Setting next_dagrun for example_bash_operator to 2024-12-29 00:00:00+00:00, run_after=2024-12-30 00:00:00+00:00
[2024-12-30T05:51:52.102+0000] {processor.py:208} INFO - Processing /home/airflow/.local/lib/python3.12/site-packages/airflow/example_dags/example_bash_operator.py took 0.467 seconds
[2024-12-30T05:52:22.722+0000] {processor.py:186} INFO - Started process (PID=342) to work on /home/airflow/.local/lib/python3.12/site-packages/airflow/example_dags/example_bash_operator.py
[2024-12-30T05:52:22.723+0000] {processor.py:914} INFO - Processing file /home/airflow/.local/lib/python3.12/site-packages/airflow/example_dags/example_bash_operator.py for tasks to queue
[2024-12-30T05:52:22.724+0000] {logging_mixin.py:190} INFO - [2024-12-30T05:52:22.723+0000] {dagbag.py:588} INFO - Filling up the DagBag from /home/airflow/.local/lib/python3.12/site-packages/airflow/example_dags/example_bash_operator.py
[2024-12-30T05:52:22.734+0000] {processor.py:925} INFO - DAG(s) 'example_bash_operator' retrieved from /home/airflow/.local/lib/python3.12/site-packages/airflow/example_dags/example_bash_operator.py
[2024-12-30T05:52:22.751+0000] {logging_mixin.py:190} INFO - [2024-12-30T05:52:22.751+0000] {dag.py:3239} INFO - Sync 1 DAGs
[2024-12-30T05:52:22.766+0000] {logging_mixin.py:190} INFO - [2024-12-30T05:52:22.766+0000] {dag.py:4180} INFO - Setting next_dagrun for example_bash_operator to 2024-12-29 00:00:00+00:00, run_after=2024-12-30 00:00:00+00:00
[2024-12-30T05:52:22.843+0000] {processor.py:208} INFO - Processing /home/airflow/.local/lib/python3.12/site-packages/airflow/example_dags/example_bash_operator.py took 0.125 seconds
[2024-12-30T05:52:52.967+0000] {processor.py:186} INFO - Started process (PID=405) to work on /home/airflow/.local/lib/python3.12/site-packages/airflow/example_dags/example_bash_operator.py
[2024-12-30T05:52:52.968+0000] {processor.py:914} INFO - Processing file /home/airflow/.local/lib/python3.12/site-packages/airflow/example_dags/example_bash_operator.py for tasks to queue
[2024-12-30T05:52:52.969+0000] {logging_mixin.py:190} INFO - [2024-12-30T05:52:52.969+0000] {dagbag.py:588} INFO - Filling up the DagBag from /home/airflow/.local/lib/python3.12/site-packages/airflow/example_dags/example_bash_operator.py
[2024-12-30T05:52:52.982+0000] {processor.py:925} INFO - DAG(s) 'example_bash_operator' retrieved from /home/airflow/.local/lib/python3.12/site-packages/airflow/example_dags/example_bash_operator.py
[2024-12-30T05:52:52.999+0000] {logging_mixin.py:190} INFO - [2024-12-30T05:52:52.999+0000] {dag.py:3239} INFO - Sync 1 DAGs
[2024-12-30T05:52:53.016+0000] {logging_mixin.py:190} INFO - [2024-12-30T05:52:53.016+0000] {dag.py:4180} INFO - Setting next_dagrun for example_bash_operator to 2024-12-29 00:00:00+00:00, run_after=2024-12-30 00:00:00+00:00
[2024-12-30T05:52:53.032+0000] {processor.py:208} INFO - Processing /home/airflow/.local/lib/python3.12/site-packages/airflow/example_dags/example_bash_operator.py took 0.069 seconds
[2024-12-30T05:53:23.673+0000] {processor.py:186} INFO - Started process (PID=469) to work on /home/airflow/.local/lib/python3.12/site-packages/airflow/example_dags/example_bash_operator.py
[2024-12-30T05:53:23.674+0000] {processor.py:914} INFO - Processing file /home/airflow/.local/lib/python3.12/site-packages/airflow/example_dags/example_bash_operator.py for tasks to queue
[2024-12-30T05:53:23.675+0000] {logging_mixin.py:190} INFO - [2024-12-30T05:53:23.674+0000] {dagbag.py:588} INFO - Filling up the DagBag from /home/airflow/.local/lib/python3.12/site-packages/airflow/example_dags/example_bash_operator.py
[2024-12-30T05:53:23.685+0000] {processor.py:925} INFO - DAG(s) 'example_bash_operator' retrieved from /home/airflow/.local/lib/python3.12/site-packages/airflow/example_dags/example_bash_operator.py
[2024-12-30T05:53:23.705+0000] {logging_mixin.py:190} INFO - [2024-12-30T05:53:23.705+0000] {dag.py:3239} INFO - Sync 1 DAGs
[2024-12-30T05:53:23.722+0000] {logging_mixin.py:190} INFO - [2024-12-30T05:53:23.722+0000] {dag.py:4180} INFO - Setting next_dagrun for example_bash_operator to 2024-12-29 00:00:00+00:00, run_after=2024-12-30 00:00:00+00:00
[2024-12-30T05:53:23.734+0000] {processor.py:208} INFO - Processing /home/airflow/.local/lib/python3.12/site-packages/airflow/example_dags/example_bash_operator.py took 0.066 seconds
[2024-12-30T06:07:31.216+0000] {processor.py:186} INFO - Started process (PID=565) to work on /home/airflow/.local/lib/python3.12/site-packages/airflow/example_dags/example_bash_operator.py
[2024-12-30T06:07:31.276+0000] {processor.py:914} INFO - Processing file /home/airflow/.local/lib/python3.12/site-packages/airflow/example_dags/example_bash_operator.py for tasks to queue
[2024-12-30T06:07:31.280+0000] {logging_mixin.py:190} INFO - [2024-12-30T06:07:31.280+0000] {dagbag.py:588} INFO - Filling up the DagBag from /home/airflow/.local/lib/python3.12/site-packages/airflow/example_dags/example_bash_operator.py
[2024-12-30T06:07:31.294+0000] {processor.py:925} INFO - DAG(s) 'example_bash_operator' retrieved from /home/airflow/.local/lib/python3.12/site-packages/airflow/example_dags/example_bash_operator.py
[2024-12-30T06:07:31.314+0000] {logging_mixin.py:190} INFO - [2024-12-30T06:07:31.314+0000] {dag.py:3239} INFO - Sync 1 DAGs
[2024-12-30T06:07:31.330+0000] {logging_mixin.py:190} INFO - [2024-12-30T06:07:31.330+0000] {dag.py:4180} INFO - Setting next_dagrun for example_bash_operator to 2024-12-29 00:00:00+00:00, run_after=2024-12-30 00:00:00+00:00
[2024-12-30T06:07:31.342+0000] {processor.py:208} INFO - Processing /home/airflow/.local/lib/python3.12/site-packages/airflow/example_dags/example_bash_operator.py took 0.131 seconds
[2024-12-30T06:40:43.563+0000] {processor.py:186} INFO - Started process (PID=120) to work on /home/airflow/.local/lib/python3.12/site-packages/airflow/example_dags/example_bash_operator.py
[2024-12-30T06:40:43.564+0000] {processor.py:914} INFO - Processing file /home/airflow/.local/lib/python3.12/site-packages/airflow/example_dags/example_bash_operator.py for tasks to queue
[2024-12-30T06:40:43.566+0000] {logging_mixin.py:190} INFO - [2024-12-30T06:40:43.566+0000] {dagbag.py:588} INFO - Filling up the DagBag from /home/airflow/.local/lib/python3.12/site-packages/airflow/example_dags/example_bash_operator.py
[2024-12-30T06:40:43.577+0000] {processor.py:925} INFO - DAG(s) 'example_bash_operator' retrieved from /home/airflow/.local/lib/python3.12/site-packages/airflow/example_dags/example_bash_operator.py
[2024-12-30T06:40:43.650+0000] {logging_mixin.py:190} INFO - [2024-12-30T06:40:43.649+0000] {override.py:1911} INFO - Created Permission View: can delete on DAG:example_bash_operator
[2024-12-30T06:40:43.658+0000] {logging_mixin.py:190} INFO - [2024-12-30T06:40:43.657+0000] {override.py:1911} INFO - Created Permission View: can edit on DAG:example_bash_operator
[2024-12-30T06:40:43.663+0000] {logging_mixin.py:190} INFO - [2024-12-30T06:40:43.663+0000] {override.py:1911} INFO - Created Permission View: can read on DAG:example_bash_operator
[2024-12-30T06:40:43.669+0000] {logging_mixin.py:190} INFO - [2024-12-30T06:40:43.669+0000] {override.py:1911} INFO - Created Permission View: can delete on DAG Run:example_bash_operator
[2024-12-30T06:40:43.674+0000] {logging_mixin.py:190} INFO - [2024-12-30T06:40:43.674+0000] {override.py:1911} INFO - Created Permission View: can create on DAG Run:example_bash_operator
[2024-12-30T06:40:43.681+0000] {logging_mixin.py:190} INFO - [2024-12-30T06:40:43.681+0000] {override.py:1911} INFO - Created Permission View: menu access on DAG Run:example_bash_operator
[2024-12-30T06:40:43.686+0000] {logging_mixin.py:190} INFO - [2024-12-30T06:40:43.686+0000] {override.py:1911} INFO - Created Permission View: can read on DAG Run:example_bash_operator
[2024-12-30T06:40:43.687+0000] {logging_mixin.py:190} INFO - [2024-12-30T06:40:43.687+0000] {dag.py:3239} INFO - Sync 1 DAGs
[2024-12-30T06:40:43.697+0000] {logging_mixin.py:190} INFO - [2024-12-30T06:40:43.696+0000] {dag.py:3262} INFO - Creating ORM DAG for example_bash_operator
[2024-12-30T06:40:43.707+0000] {logging_mixin.py:190} INFO - [2024-12-30T06:40:43.707+0000] {dag.py:4180} INFO - Setting next_dagrun for example_bash_operator to 2024-12-29 00:00:00+00:00, run_after=2024-12-30 00:00:00+00:00
[2024-12-30T06:40:43.723+0000] {processor.py:208} INFO - Processing /home/airflow/.local/lib/python3.12/site-packages/airflow/example_dags/example_bash_operator.py took 0.166 seconds
[2024-12-30T06:41:14.578+0000] {processor.py:186} INFO - Started process (PID=183) to work on /home/airflow/.local/lib/python3.12/site-packages/airflow/example_dags/example_bash_operator.py
[2024-12-30T06:41:14.579+0000] {processor.py:914} INFO - Processing file /home/airflow/.local/lib/python3.12/site-packages/airflow/example_dags/example_bash_operator.py for tasks to queue
[2024-12-30T06:41:14.581+0000] {logging_mixin.py:190} INFO - [2024-12-30T06:41:14.581+0000] {dagbag.py:588} INFO - Filling up the DagBag from /home/airflow/.local/lib/python3.12/site-packages/airflow/example_dags/example_bash_operator.py
[2024-12-30T06:41:14.590+0000] {processor.py:925} INFO - DAG(s) 'example_bash_operator' retrieved from /home/airflow/.local/lib/python3.12/site-packages/airflow/example_dags/example_bash_operator.py
[2024-12-30T06:41:14.608+0000] {logging_mixin.py:190} INFO - [2024-12-30T06:41:14.608+0000] {dag.py:3239} INFO - Sync 1 DAGs
[2024-12-30T06:41:14.625+0000] {logging_mixin.py:190} INFO - [2024-12-30T06:41:14.624+0000] {dag.py:4180} INFO - Setting next_dagrun for example_bash_operator to 2024-12-29 00:00:00+00:00, run_after=2024-12-30 00:00:00+00:00
[2024-12-30T06:41:14.638+0000] {processor.py:208} INFO - Processing /home/airflow/.local/lib/python3.12/site-packages/airflow/example_dags/example_bash_operator.py took 0.065 seconds
[2024-12-30T06:41:44.852+0000] {processor.py:186} INFO - Started process (PID=247) to work on /home/airflow/.local/lib/python3.12/site-packages/airflow/example_dags/example_bash_operator.py
[2024-12-30T06:41:44.852+0000] {processor.py:914} INFO - Processing file /home/airflow/.local/lib/python3.12/site-packages/airflow/example_dags/example_bash_operator.py for tasks to queue
[2024-12-30T06:41:44.854+0000] {logging_mixin.py:190} INFO - [2024-12-30T06:41:44.854+0000] {dagbag.py:588} INFO - Filling up the DagBag from /home/airflow/.local/lib/python3.12/site-packages/airflow/example_dags/example_bash_operator.py
[2024-12-30T06:41:44.863+0000] {processor.py:925} INFO - DAG(s) 'example_bash_operator' retrieved from /home/airflow/.local/lib/python3.12/site-packages/airflow/example_dags/example_bash_operator.py
[2024-12-30T06:41:44.879+0000] {logging_mixin.py:190} INFO - [2024-12-30T06:41:44.879+0000] {dag.py:3239} INFO - Sync 1 DAGs
[2024-12-30T06:41:44.894+0000] {logging_mixin.py:190} INFO - [2024-12-30T06:41:44.894+0000] {dag.py:4180} INFO - Setting next_dagrun for example_bash_operator to 2024-12-29 00:00:00+00:00, run_after=2024-12-30 00:00:00+00:00
[2024-12-30T06:41:44.905+0000] {processor.py:208} INFO - Processing /home/airflow/.local/lib/python3.12/site-packages/airflow/example_dags/example_bash_operator.py took 0.058 seconds
[2024-12-30T06:56:42.795+0000] {processor.py:186} INFO - Started process (PID=117) to work on /home/airflow/.local/lib/python3.12/site-packages/airflow/example_dags/example_bash_operator.py
[2024-12-30T06:56:42.796+0000] {processor.py:914} INFO - Processing file /home/airflow/.local/lib/python3.12/site-packages/airflow/example_dags/example_bash_operator.py for tasks to queue
[2024-12-30T06:56:42.798+0000] {logging_mixin.py:190} INFO - [2024-12-30T06:56:42.798+0000] {dagbag.py:588} INFO - Filling up the DagBag from /home/airflow/.local/lib/python3.12/site-packages/airflow/example_dags/example_bash_operator.py
[2024-12-30T06:56:42.808+0000] {processor.py:925} INFO - DAG(s) 'example_bash_operator' retrieved from /home/airflow/.local/lib/python3.12/site-packages/airflow/example_dags/example_bash_operator.py
[2024-12-30T06:56:42.828+0000] {logging_mixin.py:190} INFO - [2024-12-30T06:56:42.828+0000] {dag.py:3239} INFO - Sync 1 DAGs
[2024-12-30T06:56:42.847+0000] {logging_mixin.py:190} INFO - [2024-12-30T06:56:42.847+0000] {dag.py:4180} INFO - Setting next_dagrun for example_bash_operator to 2024-12-29 00:00:00+00:00, run_after=2024-12-30 00:00:00+00:00
[2024-12-30T06:56:42.860+0000] {processor.py:208} INFO - Processing /home/airflow/.local/lib/python3.12/site-packages/airflow/example_dags/example_bash_operator.py took 0.068 seconds
