[2024-12-30T05:46:02.057+0000] {processor.py:186} INFO - Started process (PID=116) to work on /home/airflow/.local/lib/python3.12/site-packages/airflow/example_dags/example_sensors.py
[2024-12-30T05:46:02.058+0000] {processor.py:914} INFO - Processing file /home/airflow/.local/lib/python3.12/site-packages/airflow/example_dags/example_sensors.py for tasks to queue
[2024-12-30T05:46:02.060+0000] {logging_mixin.py:190} INFO - [2024-12-30T05:46:02.059+0000] {dagbag.py:588} INFO - Filling up the DagBag from /home/airflow/.local/lib/python3.12/site-packages/airflow/example_dags/example_sensors.py
[2024-12-30T05:46:02.068+0000] {processor.py:925} INFO - DAG(s) 'example_sensors' retrieved from /home/airflow/.local/lib/python3.12/site-packages/airflow/example_dags/example_sensors.py
[2024-12-30T05:46:02.142+0000] {logging_mixin.py:190} INFO - [2024-12-30T05:46:02.141+0000] {override.py:1911} INFO - Created Permission View: can read on DAG:example_sensors
[2024-12-30T05:46:02.150+0000] {logging_mixin.py:190} INFO - [2024-12-30T05:46:02.150+0000] {override.py:1911} INFO - Created Permission View: can delete on DAG:example_sensors
[2024-12-30T05:46:02.156+0000] {logging_mixin.py:190} INFO - [2024-12-30T05:46:02.156+0000] {override.py:1911} INFO - Created Permission View: can edit on DAG:example_sensors
[2024-12-30T05:46:02.162+0000] {logging_mixin.py:190} INFO - [2024-12-30T05:46:02.162+0000] {override.py:1911} INFO - Created Permission View: can read on DAG Run:example_sensors
[2024-12-30T05:46:02.166+0000] {logging_mixin.py:190} INFO - [2024-12-30T05:46:02.166+0000] {override.py:1911} INFO - Created Permission View: can create on DAG Run:example_sensors
[2024-12-30T05:46:02.170+0000] {logging_mixin.py:190} INFO - [2024-12-30T05:46:02.170+0000] {override.py:1911} INFO - Created Permission View: can delete on DAG Run:example_sensors
[2024-12-30T05:46:02.178+0000] {logging_mixin.py:190} INFO - [2024-12-30T05:46:02.178+0000] {override.py:1911} INFO - Created Permission View: menu access on DAG Run:example_sensors
[2024-12-30T05:46:02.178+0000] {logging_mixin.py:190} INFO - [2024-12-30T05:46:02.178+0000] {dag.py:3239} INFO - Sync 1 DAGs
[2024-12-30T05:46:02.187+0000] {logging_mixin.py:190} INFO - [2024-12-30T05:46:02.187+0000] {dag.py:3262} INFO - Creating ORM DAG for example_sensors
[2024-12-30T05:46:02.188+0000] {logging_mixin.py:190} INFO - [2024-12-30T05:46:02.188+0000] {dag.py:4180} INFO - Setting next_dagrun for example_sensors to None, run_after=None
[2024-12-30T05:46:02.199+0000] {processor.py:208} INFO - Processing /home/airflow/.local/lib/python3.12/site-packages/airflow/example_dags/example_sensors.py took 0.146 seconds
[2024-12-30T05:49:56.969+0000] {processor.py:186} INFO - Started process (PID=205) to work on /home/airflow/.local/lib/python3.12/site-packages/airflow/example_dags/example_sensors.py
[2024-12-30T05:49:57.016+0000] {processor.py:914} INFO - Processing file /home/airflow/.local/lib/python3.12/site-packages/airflow/example_dags/example_sensors.py for tasks to queue
[2024-12-30T05:49:57.018+0000] {logging_mixin.py:190} INFO - [2024-12-30T05:49:57.018+0000] {dagbag.py:588} INFO - Filling up the DagBag from /home/airflow/.local/lib/python3.12/site-packages/airflow/example_dags/example_sensors.py
[2024-12-30T05:49:57.033+0000] {processor.py:925} INFO - DAG(s) 'example_sensors' retrieved from /home/airflow/.local/lib/python3.12/site-packages/airflow/example_dags/example_sensors.py
[2024-12-30T05:49:57.053+0000] {logging_mixin.py:190} INFO - [2024-12-30T05:49:57.053+0000] {dag.py:3239} INFO - Sync 1 DAGs
[2024-12-30T05:49:57.064+0000] {logging_mixin.py:190} INFO - [2024-12-30T05:49:57.064+0000] {dag.py:4180} INFO - Setting next_dagrun for example_sensors to None, run_after=None
[2024-12-30T05:49:57.108+0000] {processor.py:208} INFO - Processing /home/airflow/.local/lib/python3.12/site-packages/airflow/example_dags/example_sensors.py took 0.143 seconds
[2024-12-30T05:51:50.772+0000] {processor.py:186} INFO - Started process (PID=276) to work on /home/airflow/.local/lib/python3.12/site-packages/airflow/example_dags/example_sensors.py
[2024-12-30T05:51:50.773+0000] {processor.py:914} INFO - Processing file /home/airflow/.local/lib/python3.12/site-packages/airflow/example_dags/example_sensors.py for tasks to queue
[2024-12-30T05:51:50.774+0000] {logging_mixin.py:190} INFO - [2024-12-30T05:51:50.773+0000] {dagbag.py:588} INFO - Filling up the DagBag from /home/airflow/.local/lib/python3.12/site-packages/airflow/example_dags/example_sensors.py
[2024-12-30T05:51:50.833+0000] {processor.py:925} INFO - DAG(s) 'example_sensors' retrieved from /home/airflow/.local/lib/python3.12/site-packages/airflow/example_dags/example_sensors.py
[2024-12-30T05:51:50.998+0000] {logging_mixin.py:190} INFO - [2024-12-30T05:51:50.998+0000] {dag.py:3239} INFO - Sync 1 DAGs
[2024-12-30T05:51:51.010+0000] {logging_mixin.py:190} INFO - [2024-12-30T05:51:51.010+0000] {dag.py:4180} INFO - Setting next_dagrun for example_sensors to None, run_after=None
[2024-12-30T05:51:51.081+0000] {processor.py:208} INFO - Processing /home/airflow/.local/lib/python3.12/site-packages/airflow/example_dags/example_sensors.py took 0.314 seconds
[2024-12-30T05:52:21.572+0000] {processor.py:186} INFO - Started process (PID=339) to work on /home/airflow/.local/lib/python3.12/site-packages/airflow/example_dags/example_sensors.py
[2024-12-30T05:52:21.573+0000] {processor.py:914} INFO - Processing file /home/airflow/.local/lib/python3.12/site-packages/airflow/example_dags/example_sensors.py for tasks to queue
[2024-12-30T05:52:21.574+0000] {logging_mixin.py:190} INFO - [2024-12-30T05:52:21.574+0000] {dagbag.py:588} INFO - Filling up the DagBag from /home/airflow/.local/lib/python3.12/site-packages/airflow/example_dags/example_sensors.py
[2024-12-30T05:52:21.583+0000] {processor.py:925} INFO - DAG(s) 'example_sensors' retrieved from /home/airflow/.local/lib/python3.12/site-packages/airflow/example_dags/example_sensors.py
[2024-12-30T05:52:21.601+0000] {logging_mixin.py:190} INFO - [2024-12-30T05:52:21.601+0000] {dag.py:3239} INFO - Sync 1 DAGs
[2024-12-30T05:52:21.611+0000] {logging_mixin.py:190} INFO - [2024-12-30T05:52:21.611+0000] {dag.py:4180} INFO - Setting next_dagrun for example_sensors to None, run_after=None
[2024-12-30T05:52:21.672+0000] {processor.py:208} INFO - Processing /home/airflow/.local/lib/python3.12/site-packages/airflow/example_dags/example_sensors.py took 0.104 seconds
[2024-12-30T05:52:51.870+0000] {processor.py:186} INFO - Started process (PID=402) to work on /home/airflow/.local/lib/python3.12/site-packages/airflow/example_dags/example_sensors.py
[2024-12-30T05:52:51.871+0000] {processor.py:914} INFO - Processing file /home/airflow/.local/lib/python3.12/site-packages/airflow/example_dags/example_sensors.py for tasks to queue
[2024-12-30T05:52:51.872+0000] {logging_mixin.py:190} INFO - [2024-12-30T05:52:51.871+0000] {dagbag.py:588} INFO - Filling up the DagBag from /home/airflow/.local/lib/python3.12/site-packages/airflow/example_dags/example_sensors.py
[2024-12-30T05:52:51.883+0000] {processor.py:925} INFO - DAG(s) 'example_sensors' retrieved from /home/airflow/.local/lib/python3.12/site-packages/airflow/example_dags/example_sensors.py
[2024-12-30T05:52:51.903+0000] {logging_mixin.py:190} INFO - [2024-12-30T05:52:51.902+0000] {dag.py:3239} INFO - Sync 1 DAGs
[2024-12-30T05:52:51.915+0000] {logging_mixin.py:190} INFO - [2024-12-30T05:52:51.914+0000] {dag.py:4180} INFO - Setting next_dagrun for example_sensors to None, run_after=None
[2024-12-30T05:52:51.929+0000] {processor.py:208} INFO - Processing /home/airflow/.local/lib/python3.12/site-packages/airflow/example_dags/example_sensors.py took 0.063 seconds
[2024-12-30T05:53:23.513+0000] {processor.py:186} INFO - Started process (PID=465) to work on /home/airflow/.local/lib/python3.12/site-packages/airflow/example_dags/example_sensors.py
[2024-12-30T05:53:23.514+0000] {processor.py:914} INFO - Processing file /home/airflow/.local/lib/python3.12/site-packages/airflow/example_dags/example_sensors.py for tasks to queue
[2024-12-30T05:53:23.515+0000] {logging_mixin.py:190} INFO - [2024-12-30T05:53:23.514+0000] {dagbag.py:588} INFO - Filling up the DagBag from /home/airflow/.local/lib/python3.12/site-packages/airflow/example_dags/example_sensors.py
[2024-12-30T05:53:23.525+0000] {processor.py:925} INFO - DAG(s) 'example_sensors' retrieved from /home/airflow/.local/lib/python3.12/site-packages/airflow/example_dags/example_sensors.py
[2024-12-30T05:53:23.544+0000] {logging_mixin.py:190} INFO - [2024-12-30T05:53:23.544+0000] {dag.py:3239} INFO - Sync 1 DAGs
[2024-12-30T05:53:23.554+0000] {logging_mixin.py:190} INFO - [2024-12-30T05:53:23.554+0000] {dag.py:4180} INFO - Setting next_dagrun for example_sensors to None, run_after=None
[2024-12-30T05:53:23.566+0000] {processor.py:208} INFO - Processing /home/airflow/.local/lib/python3.12/site-packages/airflow/example_dags/example_sensors.py took 0.057 seconds
[2024-12-30T06:07:31.109+0000] {processor.py:186} INFO - Started process (PID=562) to work on /home/airflow/.local/lib/python3.12/site-packages/airflow/example_dags/example_sensors.py
[2024-12-30T06:07:31.110+0000] {processor.py:914} INFO - Processing file /home/airflow/.local/lib/python3.12/site-packages/airflow/example_dags/example_sensors.py for tasks to queue
[2024-12-30T06:07:31.111+0000] {logging_mixin.py:190} INFO - [2024-12-30T06:07:31.111+0000] {dagbag.py:588} INFO - Filling up the DagBag from /home/airflow/.local/lib/python3.12/site-packages/airflow/example_dags/example_sensors.py
[2024-12-30T06:07:31.120+0000] {processor.py:925} INFO - DAG(s) 'example_sensors' retrieved from /home/airflow/.local/lib/python3.12/site-packages/airflow/example_dags/example_sensors.py
[2024-12-30T06:07:31.137+0000] {logging_mixin.py:190} INFO - [2024-12-30T06:07:31.137+0000] {dag.py:3239} INFO - Sync 1 DAGs
[2024-12-30T06:07:31.146+0000] {logging_mixin.py:190} INFO - [2024-12-30T06:07:31.146+0000] {dag.py:4180} INFO - Setting next_dagrun for example_sensors to None, run_after=None
[2024-12-30T06:07:31.158+0000] {processor.py:208} INFO - Processing /home/airflow/.local/lib/python3.12/site-packages/airflow/example_dags/example_sensors.py took 0.053 seconds
[2024-12-30T06:40:43.341+0000] {processor.py:186} INFO - Started process (PID=117) to work on /home/airflow/.local/lib/python3.12/site-packages/airflow/example_dags/example_sensors.py
[2024-12-30T06:40:43.342+0000] {processor.py:914} INFO - Processing file /home/airflow/.local/lib/python3.12/site-packages/airflow/example_dags/example_sensors.py for tasks to queue
[2024-12-30T06:40:43.344+0000] {logging_mixin.py:190} INFO - [2024-12-30T06:40:43.344+0000] {dagbag.py:588} INFO - Filling up the DagBag from /home/airflow/.local/lib/python3.12/site-packages/airflow/example_dags/example_sensors.py
[2024-12-30T06:40:43.354+0000] {processor.py:925} INFO - DAG(s) 'example_sensors' retrieved from /home/airflow/.local/lib/python3.12/site-packages/airflow/example_dags/example_sensors.py
[2024-12-30T06:40:43.449+0000] {logging_mixin.py:190} INFO - [2024-12-30T06:40:43.448+0000] {override.py:1911} INFO - Created Permission View: can delete on DAG:example_sensors
[2024-12-30T06:40:43.458+0000] {logging_mixin.py:190} INFO - [2024-12-30T06:40:43.457+0000] {override.py:1911} INFO - Created Permission View: can edit on DAG:example_sensors
[2024-12-30T06:40:43.464+0000] {logging_mixin.py:190} INFO - [2024-12-30T06:40:43.463+0000] {override.py:1911} INFO - Created Permission View: can read on DAG:example_sensors
[2024-12-30T06:40:43.472+0000] {logging_mixin.py:190} INFO - [2024-12-30T06:40:43.472+0000] {override.py:1911} INFO - Created Permission View: can delete on DAG Run:example_sensors
[2024-12-30T06:40:43.478+0000] {logging_mixin.py:190} INFO - [2024-12-30T06:40:43.478+0000] {override.py:1911} INFO - Created Permission View: can create on DAG Run:example_sensors
[2024-12-30T06:40:43.484+0000] {logging_mixin.py:190} INFO - [2024-12-30T06:40:43.484+0000] {override.py:1911} INFO - Created Permission View: menu access on DAG Run:example_sensors
[2024-12-30T06:40:43.490+0000] {logging_mixin.py:190} INFO - [2024-12-30T06:40:43.490+0000] {override.py:1911} INFO - Created Permission View: can read on DAG Run:example_sensors
[2024-12-30T06:40:43.491+0000] {logging_mixin.py:190} INFO - [2024-12-30T06:40:43.491+0000] {dag.py:3239} INFO - Sync 1 DAGs
[2024-12-30T06:40:43.501+0000] {logging_mixin.py:190} INFO - [2024-12-30T06:40:43.500+0000] {dag.py:3262} INFO - Creating ORM DAG for example_sensors
[2024-12-30T06:40:43.502+0000] {logging_mixin.py:190} INFO - [2024-12-30T06:40:43.501+0000] {dag.py:4180} INFO - Setting next_dagrun for example_sensors to None, run_after=None
[2024-12-30T06:40:43.514+0000] {processor.py:208} INFO - Processing /home/airflow/.local/lib/python3.12/site-packages/airflow/example_dags/example_sensors.py took 0.177 seconds
[2024-12-30T06:41:14.416+0000] {processor.py:186} INFO - Started process (PID=180) to work on /home/airflow/.local/lib/python3.12/site-packages/airflow/example_dags/example_sensors.py
[2024-12-30T06:41:14.417+0000] {processor.py:914} INFO - Processing file /home/airflow/.local/lib/python3.12/site-packages/airflow/example_dags/example_sensors.py for tasks to queue
[2024-12-30T06:41:14.418+0000] {logging_mixin.py:190} INFO - [2024-12-30T06:41:14.418+0000] {dagbag.py:588} INFO - Filling up the DagBag from /home/airflow/.local/lib/python3.12/site-packages/airflow/example_dags/example_sensors.py
[2024-12-30T06:41:14.426+0000] {processor.py:925} INFO - DAG(s) 'example_sensors' retrieved from /home/airflow/.local/lib/python3.12/site-packages/airflow/example_dags/example_sensors.py
[2024-12-30T06:41:14.442+0000] {logging_mixin.py:190} INFO - [2024-12-30T06:41:14.442+0000] {dag.py:3239} INFO - Sync 1 DAGs
[2024-12-30T06:41:14.451+0000] {logging_mixin.py:190} INFO - [2024-12-30T06:41:14.451+0000] {dag.py:4180} INFO - Setting next_dagrun for example_sensors to None, run_after=None
[2024-12-30T06:41:14.465+0000] {processor.py:208} INFO - Processing /home/airflow/.local/lib/python3.12/site-packages/airflow/example_dags/example_sensors.py took 0.053 seconds
[2024-12-30T06:41:44.654+0000] {processor.py:186} INFO - Started process (PID=243) to work on /home/airflow/.local/lib/python3.12/site-packages/airflow/example_dags/example_sensors.py
[2024-12-30T06:41:44.655+0000] {processor.py:914} INFO - Processing file /home/airflow/.local/lib/python3.12/site-packages/airflow/example_dags/example_sensors.py for tasks to queue
[2024-12-30T06:41:44.657+0000] {logging_mixin.py:190} INFO - [2024-12-30T06:41:44.657+0000] {dagbag.py:588} INFO - Filling up the DagBag from /home/airflow/.local/lib/python3.12/site-packages/airflow/example_dags/example_sensors.py
[2024-12-30T06:41:44.664+0000] {processor.py:925} INFO - DAG(s) 'example_sensors' retrieved from /home/airflow/.local/lib/python3.12/site-packages/airflow/example_dags/example_sensors.py
[2024-12-30T06:41:44.681+0000] {logging_mixin.py:190} INFO - [2024-12-30T06:41:44.681+0000] {dag.py:3239} INFO - Sync 1 DAGs
[2024-12-30T06:41:44.689+0000] {logging_mixin.py:190} INFO - [2024-12-30T06:41:44.689+0000] {dag.py:4180} INFO - Setting next_dagrun for example_sensors to None, run_after=None
[2024-12-30T06:41:44.701+0000] {processor.py:208} INFO - Processing /home/airflow/.local/lib/python3.12/site-packages/airflow/example_dags/example_sensors.py took 0.051 seconds
[2024-12-30T06:56:42.658+0000] {processor.py:186} INFO - Started process (PID=114) to work on /home/airflow/.local/lib/python3.12/site-packages/airflow/example_dags/example_sensors.py
[2024-12-30T06:56:42.659+0000] {processor.py:914} INFO - Processing file /home/airflow/.local/lib/python3.12/site-packages/airflow/example_dags/example_sensors.py for tasks to queue
[2024-12-30T06:56:42.660+0000] {logging_mixin.py:190} INFO - [2024-12-30T06:56:42.660+0000] {dagbag.py:588} INFO - Filling up the DagBag from /home/airflow/.local/lib/python3.12/site-packages/airflow/example_dags/example_sensors.py
[2024-12-30T06:56:42.668+0000] {processor.py:925} INFO - DAG(s) 'example_sensors' retrieved from /home/airflow/.local/lib/python3.12/site-packages/airflow/example_dags/example_sensors.py
[2024-12-30T06:56:42.684+0000] {logging_mixin.py:190} INFO - [2024-12-30T06:56:42.684+0000] {dag.py:3239} INFO - Sync 1 DAGs
[2024-12-30T06:56:42.696+0000] {logging_mixin.py:190} INFO - [2024-12-30T06:56:42.695+0000] {dag.py:4180} INFO - Setting next_dagrun for example_sensors to None, run_after=None
[2024-12-30T06:56:42.707+0000] {processor.py:208} INFO - Processing /home/airflow/.local/lib/python3.12/site-packages/airflow/example_dags/example_sensors.py took 0.054 seconds
