[2024-12-30T05:46:00.289+0000] {processor.py:186} INFO - Started process (PID=106) to work on /home/airflow/.local/lib/python3.12/site-packages/airflow/example_dags/example_task_group.py
[2024-12-30T05:46:00.290+0000] {processor.py:914} INFO - Processing file /home/airflow/.local/lib/python3.12/site-packages/airflow/example_dags/example_task_group.py for tasks to queue
[2024-12-30T05:46:00.292+0000] {logging_mixin.py:190} INFO - [2024-12-30T05:46:00.292+0000] {dagbag.py:588} INFO - Filling up the DagBag from /home/airflow/.local/lib/python3.12/site-packages/airflow/example_dags/example_task_group.py
[2024-12-30T05:46:00.302+0000] {processor.py:925} INFO - DAG(s) 'example_task_group' retrieved from /home/airflow/.local/lib/python3.12/site-packages/airflow/example_dags/example_task_group.py
[2024-12-30T05:46:00.390+0000] {logging_mixin.py:190} INFO - [2024-12-30T05:46:00.389+0000] {override.py:1911} INFO - Created Permission View: can read on DAG:example_task_group
[2024-12-30T05:46:00.399+0000] {logging_mixin.py:190} INFO - [2024-12-30T05:46:00.399+0000] {override.py:1911} INFO - Created Permission View: can delete on DAG:example_task_group
[2024-12-30T05:46:00.406+0000] {logging_mixin.py:190} INFO - [2024-12-30T05:46:00.406+0000] {override.py:1911} INFO - Created Permission View: can edit on DAG:example_task_group
[2024-12-30T05:46:00.414+0000] {logging_mixin.py:190} INFO - [2024-12-30T05:46:00.413+0000] {override.py:1911} INFO - Created Permission View: can read on DAG Run:example_task_group
[2024-12-30T05:46:00.422+0000] {logging_mixin.py:190} INFO - [2024-12-30T05:46:00.421+0000] {override.py:1911} INFO - Created Permission View: can create on DAG Run:example_task_group
[2024-12-30T05:46:00.428+0000] {logging_mixin.py:190} INFO - [2024-12-30T05:46:00.428+0000] {override.py:1911} INFO - Created Permission View: can delete on DAG Run:example_task_group
[2024-12-30T05:46:00.436+0000] {logging_mixin.py:190} INFO - [2024-12-30T05:46:00.436+0000] {override.py:1911} INFO - Created Permission View: menu access on DAG Run:example_task_group
[2024-12-30T05:46:00.437+0000] {logging_mixin.py:190} INFO - [2024-12-30T05:46:00.437+0000] {dag.py:3239} INFO - Sync 1 DAGs
[2024-12-30T05:46:00.452+0000] {logging_mixin.py:190} INFO - [2024-12-30T05:46:00.451+0000] {dag.py:3262} INFO - Creating ORM DAG for example_task_group
[2024-12-30T05:46:00.453+0000] {logging_mixin.py:190} INFO - [2024-12-30T05:46:00.452+0000] {dag.py:4180} INFO - Setting next_dagrun for example_task_group to None, run_after=None
[2024-12-30T05:46:00.474+0000] {processor.py:208} INFO - Processing /home/airflow/.local/lib/python3.12/site-packages/airflow/example_dags/example_task_group.py took 0.191 seconds
[2024-12-30T05:49:55.235+0000] {processor.py:186} INFO - Started process (PID=195) to work on /home/airflow/.local/lib/python3.12/site-packages/airflow/example_dags/example_task_group.py
[2024-12-30T05:49:55.295+0000] {processor.py:914} INFO - Processing file /home/airflow/.local/lib/python3.12/site-packages/airflow/example_dags/example_task_group.py for tasks to queue
[2024-12-30T05:49:55.298+0000] {logging_mixin.py:190} INFO - [2024-12-30T05:49:55.298+0000] {dagbag.py:588} INFO - Filling up the DagBag from /home/airflow/.local/lib/python3.12/site-packages/airflow/example_dags/example_task_group.py
[2024-12-30T05:49:55.310+0000] {processor.py:925} INFO - DAG(s) 'example_task_group' retrieved from /home/airflow/.local/lib/python3.12/site-packages/airflow/example_dags/example_task_group.py
[2024-12-30T05:49:55.327+0000] {logging_mixin.py:190} INFO - [2024-12-30T05:49:55.327+0000] {dag.py:3239} INFO - Sync 1 DAGs
[2024-12-30T05:49:55.339+0000] {logging_mixin.py:190} INFO - [2024-12-30T05:49:55.339+0000] {dag.py:4180} INFO - Setting next_dagrun for example_task_group to None, run_after=None
[2024-12-30T05:49:55.392+0000] {processor.py:208} INFO - Processing /home/airflow/.local/lib/python3.12/site-packages/airflow/example_dags/example_task_group.py took 0.162 seconds
[2024-12-30T05:51:49.297+0000] {processor.py:186} INFO - Started process (PID=266) to work on /home/airflow/.local/lib/python3.12/site-packages/airflow/example_dags/example_task_group.py
[2024-12-30T05:51:49.298+0000] {processor.py:914} INFO - Processing file /home/airflow/.local/lib/python3.12/site-packages/airflow/example_dags/example_task_group.py for tasks to queue
[2024-12-30T05:51:49.299+0000] {logging_mixin.py:190} INFO - [2024-12-30T05:51:49.299+0000] {dagbag.py:588} INFO - Filling up the DagBag from /home/airflow/.local/lib/python3.12/site-packages/airflow/example_dags/example_task_group.py
[2024-12-30T05:51:49.365+0000] {processor.py:925} INFO - DAG(s) 'example_task_group' retrieved from /home/airflow/.local/lib/python3.12/site-packages/airflow/example_dags/example_task_group.py
[2024-12-30T05:51:49.455+0000] {logging_mixin.py:190} INFO - [2024-12-30T05:51:49.455+0000] {dag.py:3239} INFO - Sync 1 DAGs
[2024-12-30T05:51:49.468+0000] {logging_mixin.py:190} INFO - [2024-12-30T05:51:49.468+0000] {dag.py:4180} INFO - Setting next_dagrun for example_task_group to None, run_after=None
[2024-12-30T05:51:49.524+0000] {processor.py:208} INFO - Processing /home/airflow/.local/lib/python3.12/site-packages/airflow/example_dags/example_task_group.py took 0.233 seconds
[2024-12-30T05:52:20.522+0000] {processor.py:186} INFO - Started process (PID=329) to work on /home/airflow/.local/lib/python3.12/site-packages/airflow/example_dags/example_task_group.py
[2024-12-30T05:52:20.523+0000] {processor.py:914} INFO - Processing file /home/airflow/.local/lib/python3.12/site-packages/airflow/example_dags/example_task_group.py for tasks to queue
[2024-12-30T05:52:20.524+0000] {logging_mixin.py:190} INFO - [2024-12-30T05:52:20.523+0000] {dagbag.py:588} INFO - Filling up the DagBag from /home/airflow/.local/lib/python3.12/site-packages/airflow/example_dags/example_task_group.py
[2024-12-30T05:52:20.531+0000] {processor.py:925} INFO - DAG(s) 'example_task_group' retrieved from /home/airflow/.local/lib/python3.12/site-packages/airflow/example_dags/example_task_group.py
[2024-12-30T05:52:20.546+0000] {logging_mixin.py:190} INFO - [2024-12-30T05:52:20.546+0000] {dag.py:3239} INFO - Sync 1 DAGs
[2024-12-30T05:52:20.557+0000] {logging_mixin.py:190} INFO - [2024-12-30T05:52:20.557+0000] {dag.py:4180} INFO - Setting next_dagrun for example_task_group to None, run_after=None
[2024-12-30T05:52:20.571+0000] {processor.py:208} INFO - Processing /home/airflow/.local/lib/python3.12/site-packages/airflow/example_dags/example_task_group.py took 0.053 seconds
[2024-12-30T05:52:51.367+0000] {processor.py:186} INFO - Started process (PID=392) to work on /home/airflow/.local/lib/python3.12/site-packages/airflow/example_dags/example_task_group.py
[2024-12-30T05:52:51.367+0000] {processor.py:914} INFO - Processing file /home/airflow/.local/lib/python3.12/site-packages/airflow/example_dags/example_task_group.py for tasks to queue
[2024-12-30T05:52:51.368+0000] {logging_mixin.py:190} INFO - [2024-12-30T05:52:51.368+0000] {dagbag.py:588} INFO - Filling up the DagBag from /home/airflow/.local/lib/python3.12/site-packages/airflow/example_dags/example_task_group.py
[2024-12-30T05:52:51.376+0000] {processor.py:925} INFO - DAG(s) 'example_task_group' retrieved from /home/airflow/.local/lib/python3.12/site-packages/airflow/example_dags/example_task_group.py
[2024-12-30T05:52:51.392+0000] {logging_mixin.py:190} INFO - [2024-12-30T05:52:51.392+0000] {dag.py:3239} INFO - Sync 1 DAGs
[2024-12-30T05:52:51.410+0000] {logging_mixin.py:190} INFO - [2024-12-30T05:52:51.410+0000] {dag.py:4180} INFO - Setting next_dagrun for example_task_group to None, run_after=None
[2024-12-30T05:52:51.429+0000] {processor.py:208} INFO - Processing /home/airflow/.local/lib/python3.12/site-packages/airflow/example_dags/example_task_group.py took 0.066 seconds
[2024-12-30T05:53:23.008+0000] {processor.py:186} INFO - Started process (PID=455) to work on /home/airflow/.local/lib/python3.12/site-packages/airflow/example_dags/example_task_group.py
[2024-12-30T05:53:23.009+0000] {processor.py:914} INFO - Processing file /home/airflow/.local/lib/python3.12/site-packages/airflow/example_dags/example_task_group.py for tasks to queue
[2024-12-30T05:53:23.010+0000] {logging_mixin.py:190} INFO - [2024-12-30T05:53:23.010+0000] {dagbag.py:588} INFO - Filling up the DagBag from /home/airflow/.local/lib/python3.12/site-packages/airflow/example_dags/example_task_group.py
[2024-12-30T05:53:23.019+0000] {processor.py:925} INFO - DAG(s) 'example_task_group' retrieved from /home/airflow/.local/lib/python3.12/site-packages/airflow/example_dags/example_task_group.py
[2024-12-30T05:53:23.035+0000] {logging_mixin.py:190} INFO - [2024-12-30T05:53:23.035+0000] {dag.py:3239} INFO - Sync 1 DAGs
[2024-12-30T05:53:23.045+0000] {logging_mixin.py:190} INFO - [2024-12-30T05:53:23.045+0000] {dag.py:4180} INFO - Setting next_dagrun for example_task_group to None, run_after=None
[2024-12-30T05:53:23.059+0000] {processor.py:208} INFO - Processing /home/airflow/.local/lib/python3.12/site-packages/airflow/example_dags/example_task_group.py took 0.055 seconds
[2024-12-30T06:07:29.963+0000] {processor.py:186} INFO - Started process (PID=552) to work on /home/airflow/.local/lib/python3.12/site-packages/airflow/example_dags/example_task_group.py
[2024-12-30T06:07:29.967+0000] {processor.py:914} INFO - Processing file /home/airflow/.local/lib/python3.12/site-packages/airflow/example_dags/example_task_group.py for tasks to queue
[2024-12-30T06:07:29.967+0000] {logging_mixin.py:190} INFO - [2024-12-30T06:07:29.967+0000] {dagbag.py:588} INFO - Filling up the DagBag from /home/airflow/.local/lib/python3.12/site-packages/airflow/example_dags/example_task_group.py
[2024-12-30T06:07:29.982+0000] {processor.py:925} INFO - DAG(s) 'example_task_group' retrieved from /home/airflow/.local/lib/python3.12/site-packages/airflow/example_dags/example_task_group.py
[2024-12-30T06:07:29.996+0000] {logging_mixin.py:190} INFO - [2024-12-30T06:07:29.996+0000] {dag.py:3239} INFO - Sync 1 DAGs
[2024-12-30T06:07:30.007+0000] {logging_mixin.py:190} INFO - [2024-12-30T06:07:30.006+0000] {dag.py:4180} INFO - Setting next_dagrun for example_task_group to None, run_after=None
[2024-12-30T06:07:30.028+0000] {processor.py:208} INFO - Processing /home/airflow/.local/lib/python3.12/site-packages/airflow/example_dags/example_task_group.py took 0.069 seconds
[2024-12-30T06:40:41.557+0000] {processor.py:186} INFO - Started process (PID=107) to work on /home/airflow/.local/lib/python3.12/site-packages/airflow/example_dags/example_task_group.py
[2024-12-30T06:40:41.692+0000] {processor.py:914} INFO - Processing file /home/airflow/.local/lib/python3.12/site-packages/airflow/example_dags/example_task_group.py for tasks to queue
[2024-12-30T06:40:41.695+0000] {logging_mixin.py:190} INFO - [2024-12-30T06:40:41.694+0000] {dagbag.py:588} INFO - Filling up the DagBag from /home/airflow/.local/lib/python3.12/site-packages/airflow/example_dags/example_task_group.py
[2024-12-30T06:40:41.702+0000] {processor.py:925} INFO - DAG(s) 'example_task_group' retrieved from /home/airflow/.local/lib/python3.12/site-packages/airflow/example_dags/example_task_group.py
[2024-12-30T06:40:42.084+0000] {logging_mixin.py:190} INFO - [2024-12-30T06:40:42.083+0000] {override.py:1911} INFO - Created Permission View: can delete on DAG:example_task_group
[2024-12-30T06:40:42.099+0000] {logging_mixin.py:190} INFO - [2024-12-30T06:40:42.099+0000] {override.py:1911} INFO - Created Permission View: can edit on DAG:example_task_group
[2024-12-30T06:40:42.110+0000] {logging_mixin.py:190} INFO - [2024-12-30T06:40:42.110+0000] {override.py:1911} INFO - Created Permission View: can read on DAG:example_task_group
[2024-12-30T06:40:42.127+0000] {logging_mixin.py:190} INFO - [2024-12-30T06:40:42.127+0000] {override.py:1911} INFO - Created Permission View: can delete on DAG Run:example_task_group
[2024-12-30T06:40:42.138+0000] {logging_mixin.py:190} INFO - [2024-12-30T06:40:42.137+0000] {override.py:1911} INFO - Created Permission View: can create on DAG Run:example_task_group
[2024-12-30T06:40:42.148+0000] {logging_mixin.py:190} INFO - [2024-12-30T06:40:42.147+0000] {override.py:1911} INFO - Created Permission View: menu access on DAG Run:example_task_group
[2024-12-30T06:40:42.156+0000] {logging_mixin.py:190} INFO - [2024-12-30T06:40:42.156+0000] {override.py:1911} INFO - Created Permission View: can read on DAG Run:example_task_group
[2024-12-30T06:40:42.157+0000] {logging_mixin.py:190} INFO - [2024-12-30T06:40:42.157+0000] {dag.py:3239} INFO - Sync 1 DAGs
[2024-12-30T06:40:42.173+0000] {logging_mixin.py:190} INFO - [2024-12-30T06:40:42.172+0000] {dag.py:3262} INFO - Creating ORM DAG for example_task_group
[2024-12-30T06:40:42.174+0000] {logging_mixin.py:190} INFO - [2024-12-30T06:40:42.174+0000] {dag.py:4180} INFO - Setting next_dagrun for example_task_group to None, run_after=None
[2024-12-30T06:40:42.196+0000] {processor.py:208} INFO - Processing /home/airflow/.local/lib/python3.12/site-packages/airflow/example_dags/example_task_group.py took 0.645 seconds
[2024-12-30T06:41:12.873+0000] {processor.py:186} INFO - Started process (PID=170) to work on /home/airflow/.local/lib/python3.12/site-packages/airflow/example_dags/example_task_group.py
[2024-12-30T06:41:12.874+0000] {processor.py:914} INFO - Processing file /home/airflow/.local/lib/python3.12/site-packages/airflow/example_dags/example_task_group.py for tasks to queue
[2024-12-30T06:41:12.875+0000] {logging_mixin.py:190} INFO - [2024-12-30T06:41:12.875+0000] {dagbag.py:588} INFO - Filling up the DagBag from /home/airflow/.local/lib/python3.12/site-packages/airflow/example_dags/example_task_group.py
[2024-12-30T06:41:12.881+0000] {processor.py:925} INFO - DAG(s) 'example_task_group' retrieved from /home/airflow/.local/lib/python3.12/site-packages/airflow/example_dags/example_task_group.py
[2024-12-30T06:41:12.894+0000] {logging_mixin.py:190} INFO - [2024-12-30T06:41:12.894+0000] {dag.py:3239} INFO - Sync 1 DAGs
[2024-12-30T06:41:12.903+0000] {logging_mixin.py:190} INFO - [2024-12-30T06:41:12.903+0000] {dag.py:4180} INFO - Setting next_dagrun for example_task_group to None, run_after=None
[2024-12-30T06:41:12.915+0000] {processor.py:208} INFO - Processing /home/airflow/.local/lib/python3.12/site-packages/airflow/example_dags/example_task_group.py took 0.046 seconds
[2024-12-30T06:41:43.286+0000] {processor.py:186} INFO - Started process (PID=233) to work on /home/airflow/.local/lib/python3.12/site-packages/airflow/example_dags/example_task_group.py
[2024-12-30T06:41:43.287+0000] {processor.py:914} INFO - Processing file /home/airflow/.local/lib/python3.12/site-packages/airflow/example_dags/example_task_group.py for tasks to queue
[2024-12-30T06:41:43.289+0000] {logging_mixin.py:190} INFO - [2024-12-30T06:41:43.289+0000] {dagbag.py:588} INFO - Filling up the DagBag from /home/airflow/.local/lib/python3.12/site-packages/airflow/example_dags/example_task_group.py
[2024-12-30T06:41:43.295+0000] {processor.py:925} INFO - DAG(s) 'example_task_group' retrieved from /home/airflow/.local/lib/python3.12/site-packages/airflow/example_dags/example_task_group.py
[2024-12-30T06:41:43.310+0000] {logging_mixin.py:190} INFO - [2024-12-30T06:41:43.310+0000] {dag.py:3239} INFO - Sync 1 DAGs
[2024-12-30T06:41:43.320+0000] {logging_mixin.py:190} INFO - [2024-12-30T06:41:43.320+0000] {dag.py:4180} INFO - Setting next_dagrun for example_task_group to None, run_after=None
[2024-12-30T06:41:43.331+0000] {processor.py:208} INFO - Processing /home/airflow/.local/lib/python3.12/site-packages/airflow/example_dags/example_task_group.py took 0.049 seconds
[2024-12-30T06:56:42.085+0000] {processor.py:186} INFO - Started process (PID=104) to work on /home/airflow/.local/lib/python3.12/site-packages/airflow/example_dags/example_task_group.py
[2024-12-30T06:56:42.086+0000] {processor.py:914} INFO - Processing file /home/airflow/.local/lib/python3.12/site-packages/airflow/example_dags/example_task_group.py for tasks to queue
[2024-12-30T06:56:42.088+0000] {logging_mixin.py:190} INFO - [2024-12-30T06:56:42.088+0000] {dagbag.py:588} INFO - Filling up the DagBag from /home/airflow/.local/lib/python3.12/site-packages/airflow/example_dags/example_task_group.py
[2024-12-30T06:56:42.094+0000] {processor.py:925} INFO - DAG(s) 'example_task_group' retrieved from /home/airflow/.local/lib/python3.12/site-packages/airflow/example_dags/example_task_group.py
[2024-12-30T06:56:42.109+0000] {logging_mixin.py:190} INFO - [2024-12-30T06:56:42.108+0000] {dag.py:3239} INFO - Sync 1 DAGs
[2024-12-30T06:56:42.117+0000] {logging_mixin.py:190} INFO - [2024-12-30T06:56:42.117+0000] {dag.py:4180} INFO - Setting next_dagrun for example_task_group to None, run_after=None
[2024-12-30T06:56:42.131+0000] {processor.py:208} INFO - Processing /home/airflow/.local/lib/python3.12/site-packages/airflow/example_dags/example_task_group.py took 0.049 seconds
