[2024-12-30T05:46:00.905+0000] {processor.py:186} INFO - Started process (PID=109) to work on /home/airflow/.local/lib/python3.12/site-packages/airflow/example_dags/example_local_kubernetes_executor.py
[2024-12-30T05:46:00.905+0000] {processor.py:914} INFO - Processing file /home/airflow/.local/lib/python3.12/site-packages/airflow/example_dags/example_local_kubernetes_executor.py for tasks to queue
[2024-12-30T05:46:00.908+0000] {logging_mixin.py:190} INFO - [2024-12-30T05:46:00.907+0000] {dagbag.py:588} INFO - Filling up the DagBag from /home/airflow/.local/lib/python3.12/site-packages/airflow/example_dags/example_local_kubernetes_executor.py
[2024-12-30T05:46:00.921+0000] {processor.py:925} INFO - DAG(s) 'example_local_kubernetes_executor' retrieved from /home/airflow/.local/lib/python3.12/site-packages/airflow/example_dags/example_local_kubernetes_executor.py
[2024-12-30T05:46:01.029+0000] {logging_mixin.py:190} INFO - [2024-12-30T05:46:01.028+0000] {override.py:1911} INFO - Created Permission View: can read on DAG:example_local_kubernetes_executor
[2024-12-30T05:46:01.056+0000] {logging_mixin.py:190} INFO - [2024-12-30T05:46:01.056+0000] {override.py:1911} INFO - Created Permission View: can delete on DAG:example_local_kubernetes_executor
[2024-12-30T05:46:01.084+0000] {logging_mixin.py:190} INFO - [2024-12-30T05:46:01.084+0000] {override.py:1911} INFO - Created Permission View: can edit on DAG:example_local_kubernetes_executor
[2024-12-30T05:46:01.155+0000] {logging_mixin.py:190} INFO - [2024-12-30T05:46:01.155+0000] {override.py:1911} INFO - Created Permission View: can read on DAG Run:example_local_kubernetes_executor
[2024-12-30T05:46:01.189+0000] {logging_mixin.py:190} INFO - [2024-12-30T05:46:01.188+0000] {override.py:1911} INFO - Created Permission View: can create on DAG Run:example_local_kubernetes_executor
[2024-12-30T05:46:01.211+0000] {logging_mixin.py:190} INFO - [2024-12-30T05:46:01.210+0000] {override.py:1911} INFO - Created Permission View: can delete on DAG Run:example_local_kubernetes_executor
[2024-12-30T05:46:01.236+0000] {logging_mixin.py:190} INFO - [2024-12-30T05:46:01.236+0000] {override.py:1911} INFO - Created Permission View: menu access on DAG Run:example_local_kubernetes_executor
[2024-12-30T05:46:01.238+0000] {logging_mixin.py:190} INFO - [2024-12-30T05:46:01.238+0000] {dag.py:3239} INFO - Sync 1 DAGs
[2024-12-30T05:46:01.249+0000] {logging_mixin.py:190} INFO - [2024-12-30T05:46:01.249+0000] {dag.py:3262} INFO - Creating ORM DAG for example_local_kubernetes_executor
[2024-12-30T05:46:01.250+0000] {logging_mixin.py:190} INFO - [2024-12-30T05:46:01.250+0000] {dag.py:4180} INFO - Setting next_dagrun for example_local_kubernetes_executor to None, run_after=None
[2024-12-30T05:46:01.282+0000] {processor.py:208} INFO - Processing /home/airflow/.local/lib/python3.12/site-packages/airflow/example_dags/example_local_kubernetes_executor.py took 0.382 seconds
[2024-12-30T05:49:55.725+0000] {processor.py:186} INFO - Started process (PID=198) to work on /home/airflow/.local/lib/python3.12/site-packages/airflow/example_dags/example_local_kubernetes_executor.py
[2024-12-30T05:49:55.781+0000] {processor.py:914} INFO - Processing file /home/airflow/.local/lib/python3.12/site-packages/airflow/example_dags/example_local_kubernetes_executor.py for tasks to queue
[2024-12-30T05:49:55.783+0000] {logging_mixin.py:190} INFO - [2024-12-30T05:49:55.783+0000] {dagbag.py:588} INFO - Filling up the DagBag from /home/airflow/.local/lib/python3.12/site-packages/airflow/example_dags/example_local_kubernetes_executor.py
[2024-12-30T05:49:55.794+0000] {processor.py:925} INFO - DAG(s) 'example_local_kubernetes_executor' retrieved from /home/airflow/.local/lib/python3.12/site-packages/airflow/example_dags/example_local_kubernetes_executor.py
[2024-12-30T05:49:55.877+0000] {logging_mixin.py:190} INFO - [2024-12-30T05:49:55.876+0000] {dag.py:3239} INFO - Sync 1 DAGs
[2024-12-30T05:49:55.889+0000] {logging_mixin.py:190} INFO - [2024-12-30T05:49:55.889+0000] {dag.py:4180} INFO - Setting next_dagrun for example_local_kubernetes_executor to None, run_after=None
[2024-12-30T05:49:55.960+0000] {processor.py:208} INFO - Processing /home/airflow/.local/lib/python3.12/site-packages/airflow/example_dags/example_local_kubernetes_executor.py took 0.241 seconds
[2024-12-30T05:51:49.755+0000] {processor.py:186} INFO - Started process (PID=269) to work on /home/airflow/.local/lib/python3.12/site-packages/airflow/example_dags/example_local_kubernetes_executor.py
[2024-12-30T05:51:49.756+0000] {processor.py:914} INFO - Processing file /home/airflow/.local/lib/python3.12/site-packages/airflow/example_dags/example_local_kubernetes_executor.py for tasks to queue
[2024-12-30T05:51:49.757+0000] {logging_mixin.py:190} INFO - [2024-12-30T05:51:49.757+0000] {dagbag.py:588} INFO - Filling up the DagBag from /home/airflow/.local/lib/python3.12/site-packages/airflow/example_dags/example_local_kubernetes_executor.py
[2024-12-30T05:51:49.824+0000] {processor.py:925} INFO - DAG(s) 'example_local_kubernetes_executor' retrieved from /home/airflow/.local/lib/python3.12/site-packages/airflow/example_dags/example_local_kubernetes_executor.py
[2024-12-30T05:51:49.912+0000] {logging_mixin.py:190} INFO - [2024-12-30T05:51:49.911+0000] {dag.py:3239} INFO - Sync 1 DAGs
[2024-12-30T05:51:49.922+0000] {logging_mixin.py:190} INFO - [2024-12-30T05:51:49.922+0000] {dag.py:4180} INFO - Setting next_dagrun for example_local_kubernetes_executor to None, run_after=None
[2024-12-30T05:51:49.981+0000] {processor.py:208} INFO - Processing /home/airflow/.local/lib/python3.12/site-packages/airflow/example_dags/example_local_kubernetes_executor.py took 0.230 seconds
[2024-12-30T05:52:20.812+0000] {processor.py:186} INFO - Started process (PID=332) to work on /home/airflow/.local/lib/python3.12/site-packages/airflow/example_dags/example_local_kubernetes_executor.py
[2024-12-30T05:52:20.813+0000] {processor.py:914} INFO - Processing file /home/airflow/.local/lib/python3.12/site-packages/airflow/example_dags/example_local_kubernetes_executor.py for tasks to queue
[2024-12-30T05:52:20.814+0000] {logging_mixin.py:190} INFO - [2024-12-30T05:52:20.813+0000] {dagbag.py:588} INFO - Filling up the DagBag from /home/airflow/.local/lib/python3.12/site-packages/airflow/example_dags/example_local_kubernetes_executor.py
[2024-12-30T05:52:20.887+0000] {processor.py:925} INFO - DAG(s) 'example_local_kubernetes_executor' retrieved from /home/airflow/.local/lib/python3.12/site-packages/airflow/example_dags/example_local_kubernetes_executor.py
[2024-12-30T05:52:20.979+0000] {logging_mixin.py:190} INFO - [2024-12-30T05:52:20.979+0000] {dag.py:3239} INFO - Sync 1 DAGs
[2024-12-30T05:52:20.992+0000] {logging_mixin.py:190} INFO - [2024-12-30T05:52:20.991+0000] {dag.py:4180} INFO - Setting next_dagrun for example_local_kubernetes_executor to None, run_after=None
[2024-12-30T05:52:21.053+0000] {processor.py:208} INFO - Processing /home/airflow/.local/lib/python3.12/site-packages/airflow/example_dags/example_local_kubernetes_executor.py took 0.247 seconds
[2024-12-30T05:52:51.560+0000] {processor.py:186} INFO - Started process (PID=395) to work on /home/airflow/.local/lib/python3.12/site-packages/airflow/example_dags/example_local_kubernetes_executor.py
[2024-12-30T05:52:51.561+0000] {processor.py:914} INFO - Processing file /home/airflow/.local/lib/python3.12/site-packages/airflow/example_dags/example_local_kubernetes_executor.py for tasks to queue
[2024-12-30T05:52:51.562+0000] {logging_mixin.py:190} INFO - [2024-12-30T05:52:51.562+0000] {dagbag.py:588} INFO - Filling up the DagBag from /home/airflow/.local/lib/python3.12/site-packages/airflow/example_dags/example_local_kubernetes_executor.py
[2024-12-30T05:52:51.571+0000] {processor.py:925} INFO - DAG(s) 'example_local_kubernetes_executor' retrieved from /home/airflow/.local/lib/python3.12/site-packages/airflow/example_dags/example_local_kubernetes_executor.py
[2024-12-30T05:52:51.597+0000] {logging_mixin.py:190} INFO - [2024-12-30T05:52:51.597+0000] {dag.py:3239} INFO - Sync 1 DAGs
[2024-12-30T05:52:51.609+0000] {logging_mixin.py:190} INFO - [2024-12-30T05:52:51.609+0000] {dag.py:4180} INFO - Setting next_dagrun for example_local_kubernetes_executor to None, run_after=None
[2024-12-30T05:52:51.624+0000] {processor.py:208} INFO - Processing /home/airflow/.local/lib/python3.12/site-packages/airflow/example_dags/example_local_kubernetes_executor.py took 0.072 seconds
[2024-12-30T05:53:23.163+0000] {processor.py:186} INFO - Started process (PID=458) to work on /home/airflow/.local/lib/python3.12/site-packages/airflow/example_dags/example_local_kubernetes_executor.py
[2024-12-30T05:53:23.164+0000] {processor.py:914} INFO - Processing file /home/airflow/.local/lib/python3.12/site-packages/airflow/example_dags/example_local_kubernetes_executor.py for tasks to queue
[2024-12-30T05:53:23.165+0000] {logging_mixin.py:190} INFO - [2024-12-30T05:53:23.165+0000] {dagbag.py:588} INFO - Filling up the DagBag from /home/airflow/.local/lib/python3.12/site-packages/airflow/example_dags/example_local_kubernetes_executor.py
[2024-12-30T05:53:23.174+0000] {processor.py:925} INFO - DAG(s) 'example_local_kubernetes_executor' retrieved from /home/airflow/.local/lib/python3.12/site-packages/airflow/example_dags/example_local_kubernetes_executor.py
[2024-12-30T05:53:23.194+0000] {logging_mixin.py:190} INFO - [2024-12-30T05:53:23.193+0000] {dag.py:3239} INFO - Sync 1 DAGs
[2024-12-30T05:53:23.204+0000] {logging_mixin.py:190} INFO - [2024-12-30T05:53:23.204+0000] {dag.py:4180} INFO - Setting next_dagrun for example_local_kubernetes_executor to None, run_after=None
[2024-12-30T05:53:23.216+0000] {processor.py:208} INFO - Processing /home/airflow/.local/lib/python3.12/site-packages/airflow/example_dags/example_local_kubernetes_executor.py took 0.057 seconds
[2024-12-30T06:07:30.392+0000] {processor.py:186} INFO - Started process (PID=555) to work on /home/airflow/.local/lib/python3.12/site-packages/airflow/example_dags/example_local_kubernetes_executor.py
[2024-12-30T06:07:30.392+0000] {processor.py:914} INFO - Processing file /home/airflow/.local/lib/python3.12/site-packages/airflow/example_dags/example_local_kubernetes_executor.py for tasks to queue
[2024-12-30T06:07:30.393+0000] {logging_mixin.py:190} INFO - [2024-12-30T06:07:30.393+0000] {dagbag.py:588} INFO - Filling up the DagBag from /home/airflow/.local/lib/python3.12/site-packages/airflow/example_dags/example_local_kubernetes_executor.py
[2024-12-30T06:07:30.400+0000] {processor.py:925} INFO - DAG(s) 'example_local_kubernetes_executor' retrieved from /home/airflow/.local/lib/python3.12/site-packages/airflow/example_dags/example_local_kubernetes_executor.py
[2024-12-30T06:07:30.471+0000] {logging_mixin.py:190} INFO - [2024-12-30T06:07:30.471+0000] {dag.py:3239} INFO - Sync 1 DAGs
[2024-12-30T06:07:30.483+0000] {logging_mixin.py:190} INFO - [2024-12-30T06:07:30.482+0000] {dag.py:4180} INFO - Setting next_dagrun for example_local_kubernetes_executor to None, run_after=None
[2024-12-30T06:07:30.494+0000] {processor.py:208} INFO - Processing /home/airflow/.local/lib/python3.12/site-packages/airflow/example_dags/example_local_kubernetes_executor.py took 0.106 seconds
[2024-12-30T06:40:42.436+0000] {processor.py:186} INFO - Started process (PID=110) to work on /home/airflow/.local/lib/python3.12/site-packages/airflow/example_dags/example_local_kubernetes_executor.py
[2024-12-30T06:40:42.437+0000] {processor.py:914} INFO - Processing file /home/airflow/.local/lib/python3.12/site-packages/airflow/example_dags/example_local_kubernetes_executor.py for tasks to queue
[2024-12-30T06:40:42.441+0000] {logging_mixin.py:190} INFO - [2024-12-30T06:40:42.440+0000] {dagbag.py:588} INFO - Filling up the DagBag from /home/airflow/.local/lib/python3.12/site-packages/airflow/example_dags/example_local_kubernetes_executor.py
[2024-12-30T06:40:42.462+0000] {processor.py:925} INFO - DAG(s) 'example_local_kubernetes_executor' retrieved from /home/airflow/.local/lib/python3.12/site-packages/airflow/example_dags/example_local_kubernetes_executor.py
[2024-12-30T06:40:42.555+0000] {logging_mixin.py:190} INFO - [2024-12-30T06:40:42.554+0000] {override.py:1911} INFO - Created Permission View: can delete on DAG:example_local_kubernetes_executor
[2024-12-30T06:40:42.570+0000] {logging_mixin.py:190} INFO - [2024-12-30T06:40:42.569+0000] {override.py:1911} INFO - Created Permission View: can edit on DAG:example_local_kubernetes_executor
[2024-12-30T06:40:42.592+0000] {logging_mixin.py:190} INFO - [2024-12-30T06:40:42.591+0000] {override.py:1911} INFO - Created Permission View: can read on DAG:example_local_kubernetes_executor
[2024-12-30T06:40:42.648+0000] {logging_mixin.py:190} INFO - [2024-12-30T06:40:42.648+0000] {override.py:1911} INFO - Created Permission View: can delete on DAG Run:example_local_kubernetes_executor
[2024-12-30T06:40:42.668+0000] {logging_mixin.py:190} INFO - [2024-12-30T06:40:42.667+0000] {override.py:1911} INFO - Created Permission View: can create on DAG Run:example_local_kubernetes_executor
[2024-12-30T06:40:42.674+0000] {logging_mixin.py:190} INFO - [2024-12-30T06:40:42.674+0000] {override.py:1911} INFO - Created Permission View: menu access on DAG Run:example_local_kubernetes_executor
[2024-12-30T06:40:42.681+0000] {logging_mixin.py:190} INFO - [2024-12-30T06:40:42.681+0000] {override.py:1911} INFO - Created Permission View: can read on DAG Run:example_local_kubernetes_executor
[2024-12-30T06:40:42.682+0000] {logging_mixin.py:190} INFO - [2024-12-30T06:40:42.682+0000] {dag.py:3239} INFO - Sync 1 DAGs
[2024-12-30T06:40:42.693+0000] {logging_mixin.py:190} INFO - [2024-12-30T06:40:42.693+0000] {dag.py:3262} INFO - Creating ORM DAG for example_local_kubernetes_executor
[2024-12-30T06:40:42.694+0000] {logging_mixin.py:190} INFO - [2024-12-30T06:40:42.693+0000] {dag.py:4180} INFO - Setting next_dagrun for example_local_kubernetes_executor to None, run_after=None
[2024-12-30T06:40:42.706+0000] {processor.py:208} INFO - Processing /home/airflow/.local/lib/python3.12/site-packages/airflow/example_dags/example_local_kubernetes_executor.py took 0.277 seconds
[2024-12-30T06:41:13.001+0000] {processor.py:186} INFO - Started process (PID=173) to work on /home/airflow/.local/lib/python3.12/site-packages/airflow/example_dags/example_local_kubernetes_executor.py
[2024-12-30T06:41:13.001+0000] {processor.py:914} INFO - Processing file /home/airflow/.local/lib/python3.12/site-packages/airflow/example_dags/example_local_kubernetes_executor.py for tasks to queue
[2024-12-30T06:41:13.003+0000] {logging_mixin.py:190} INFO - [2024-12-30T06:41:13.003+0000] {dagbag.py:588} INFO - Filling up the DagBag from /home/airflow/.local/lib/python3.12/site-packages/airflow/example_dags/example_local_kubernetes_executor.py
[2024-12-30T06:41:13.011+0000] {processor.py:925} INFO - DAG(s) 'example_local_kubernetes_executor' retrieved from /home/airflow/.local/lib/python3.12/site-packages/airflow/example_dags/example_local_kubernetes_executor.py
[2024-12-30T06:41:13.024+0000] {logging_mixin.py:190} INFO - [2024-12-30T06:41:13.024+0000] {dag.py:3239} INFO - Sync 1 DAGs
[2024-12-30T06:41:13.034+0000] {logging_mixin.py:190} INFO - [2024-12-30T06:41:13.034+0000] {dag.py:4180} INFO - Setting next_dagrun for example_local_kubernetes_executor to None, run_after=None
[2024-12-30T06:41:13.049+0000] {processor.py:208} INFO - Processing /home/airflow/.local/lib/python3.12/site-packages/airflow/example_dags/example_local_kubernetes_executor.py took 0.052 seconds
[2024-12-30T06:41:43.419+0000] {processor.py:186} INFO - Started process (PID=236) to work on /home/airflow/.local/lib/python3.12/site-packages/airflow/example_dags/example_local_kubernetes_executor.py
[2024-12-30T06:41:43.420+0000] {processor.py:914} INFO - Processing file /home/airflow/.local/lib/python3.12/site-packages/airflow/example_dags/example_local_kubernetes_executor.py for tasks to queue
[2024-12-30T06:41:43.422+0000] {logging_mixin.py:190} INFO - [2024-12-30T06:41:43.422+0000] {dagbag.py:588} INFO - Filling up the DagBag from /home/airflow/.local/lib/python3.12/site-packages/airflow/example_dags/example_local_kubernetes_executor.py
[2024-12-30T06:41:43.429+0000] {processor.py:925} INFO - DAG(s) 'example_local_kubernetes_executor' retrieved from /home/airflow/.local/lib/python3.12/site-packages/airflow/example_dags/example_local_kubernetes_executor.py
[2024-12-30T06:41:43.443+0000] {logging_mixin.py:190} INFO - [2024-12-30T06:41:43.443+0000] {dag.py:3239} INFO - Sync 1 DAGs
[2024-12-30T06:41:43.452+0000] {logging_mixin.py:190} INFO - [2024-12-30T06:41:43.452+0000] {dag.py:4180} INFO - Setting next_dagrun for example_local_kubernetes_executor to None, run_after=None
[2024-12-30T06:41:43.463+0000] {processor.py:208} INFO - Processing /home/airflow/.local/lib/python3.12/site-packages/airflow/example_dags/example_local_kubernetes_executor.py took 0.048 seconds
[2024-12-30T06:56:42.312+0000] {processor.py:186} INFO - Started process (PID=107) to work on /home/airflow/.local/lib/python3.12/site-packages/airflow/example_dags/example_local_kubernetes_executor.py
[2024-12-30T06:56:42.313+0000] {processor.py:914} INFO - Processing file /home/airflow/.local/lib/python3.12/site-packages/airflow/example_dags/example_local_kubernetes_executor.py for tasks to queue
[2024-12-30T06:56:42.315+0000] {logging_mixin.py:190} INFO - [2024-12-30T06:56:42.314+0000] {dagbag.py:588} INFO - Filling up the DagBag from /home/airflow/.local/lib/python3.12/site-packages/airflow/example_dags/example_local_kubernetes_executor.py
[2024-12-30T06:56:42.321+0000] {processor.py:925} INFO - DAG(s) 'example_local_kubernetes_executor' retrieved from /home/airflow/.local/lib/python3.12/site-packages/airflow/example_dags/example_local_kubernetes_executor.py
[2024-12-30T06:56:42.333+0000] {logging_mixin.py:190} INFO - [2024-12-30T06:56:42.333+0000] {dag.py:3239} INFO - Sync 1 DAGs
[2024-12-30T06:56:42.342+0000] {logging_mixin.py:190} INFO - [2024-12-30T06:56:42.342+0000] {dag.py:4180} INFO - Setting next_dagrun for example_local_kubernetes_executor to None, run_after=None
[2024-12-30T06:56:42.353+0000] {processor.py:208} INFO - Processing /home/airflow/.local/lib/python3.12/site-packages/airflow/example_dags/example_local_kubernetes_executor.py took 0.045 seconds
