[2024-12-30T05:45:56.933+0000] {processor.py:186} INFO - Started process (PID=90) to work on /home/airflow/.local/lib/python3.12/site-packages/airflow/example_dags/example_task_group_decorator.py
[2024-12-30T05:45:56.934+0000] {processor.py:914} INFO - Processing file /home/airflow/.local/lib/python3.12/site-packages/airflow/example_dags/example_task_group_decorator.py for tasks to queue
[2024-12-30T05:45:56.936+0000] {logging_mixin.py:190} INFO - [2024-12-30T05:45:56.936+0000] {dagbag.py:588} INFO - Filling up the DagBag from /home/airflow/.local/lib/python3.12/site-packages/airflow/example_dags/example_task_group_decorator.py
[2024-12-30T05:45:56.963+0000] {processor.py:925} INFO - DAG(s) 'example_task_group_decorator' retrieved from /home/airflow/.local/lib/python3.12/site-packages/airflow/example_dags/example_task_group_decorator.py
[2024-12-30T05:45:57.064+0000] {logging_mixin.py:190} INFO - [2024-12-30T05:45:57.063+0000] {override.py:1911} INFO - Created Permission View: can read on DAG:example_task_group_decorator
[2024-12-30T05:45:57.076+0000] {logging_mixin.py:190} INFO - [2024-12-30T05:45:57.075+0000] {override.py:1911} INFO - Created Permission View: can delete on DAG:example_task_group_decorator
[2024-12-30T05:45:57.084+0000] {logging_mixin.py:190} INFO - [2024-12-30T05:45:57.083+0000] {override.py:1911} INFO - Created Permission View: can edit on DAG:example_task_group_decorator
[2024-12-30T05:45:57.090+0000] {logging_mixin.py:190} INFO - [2024-12-30T05:45:57.090+0000] {override.py:1911} INFO - Created Permission View: can read on DAG Run:example_task_group_decorator
[2024-12-30T05:45:57.097+0000] {logging_mixin.py:190} INFO - [2024-12-30T05:45:57.097+0000] {override.py:1911} INFO - Created Permission View: can create on DAG Run:example_task_group_decorator
[2024-12-30T05:45:57.103+0000] {logging_mixin.py:190} INFO - [2024-12-30T05:45:57.103+0000] {override.py:1911} INFO - Created Permission View: can delete on DAG Run:example_task_group_decorator
[2024-12-30T05:45:57.108+0000] {logging_mixin.py:190} INFO - [2024-12-30T05:45:57.108+0000] {override.py:1911} INFO - Created Permission View: menu access on DAG Run:example_task_group_decorator
[2024-12-30T05:45:57.109+0000] {logging_mixin.py:190} INFO - [2024-12-30T05:45:57.109+0000] {dag.py:3239} INFO - Sync 1 DAGs
[2024-12-30T05:45:57.119+0000] {logging_mixin.py:190} INFO - [2024-12-30T05:45:57.119+0000] {dag.py:3262} INFO - Creating ORM DAG for example_task_group_decorator
[2024-12-30T05:45:57.120+0000] {logging_mixin.py:190} INFO - [2024-12-30T05:45:57.120+0000] {dag.py:4180} INFO - Setting next_dagrun for example_task_group_decorator to None, run_after=None
[2024-12-30T05:45:57.133+0000] {processor.py:208} INFO - Processing /home/airflow/.local/lib/python3.12/site-packages/airflow/example_dags/example_task_group_decorator.py took 0.203 seconds
[2024-12-30T05:46:27.529+0000] {processor.py:186} INFO - Started process (PID=153) to work on /home/airflow/.local/lib/python3.12/site-packages/airflow/example_dags/example_task_group_decorator.py
[2024-12-30T05:46:27.531+0000] {processor.py:914} INFO - Processing file /home/airflow/.local/lib/python3.12/site-packages/airflow/example_dags/example_task_group_decorator.py for tasks to queue
[2024-12-30T05:46:27.534+0000] {logging_mixin.py:190} INFO - [2024-12-30T05:46:27.533+0000] {dagbag.py:588} INFO - Filling up the DagBag from /home/airflow/.local/lib/python3.12/site-packages/airflow/example_dags/example_task_group_decorator.py
[2024-12-30T05:46:27.549+0000] {processor.py:925} INFO - DAG(s) 'example_task_group_decorator' retrieved from /home/airflow/.local/lib/python3.12/site-packages/airflow/example_dags/example_task_group_decorator.py
[2024-12-30T05:46:27.572+0000] {logging_mixin.py:190} INFO - [2024-12-30T05:46:27.572+0000] {dag.py:3239} INFO - Sync 1 DAGs
[2024-12-30T05:46:27.583+0000] {logging_mixin.py:190} INFO - [2024-12-30T05:46:27.583+0000] {dag.py:4180} INFO - Setting next_dagrun for example_task_group_decorator to None, run_after=None
[2024-12-30T05:46:27.599+0000] {processor.py:208} INFO - Processing /home/airflow/.local/lib/python3.12/site-packages/airflow/example_dags/example_task_group_decorator.py took 0.075 seconds
[2024-12-30T05:47:28.174+0000] {processor.py:186} INFO - Started process (PID=183) to work on /home/airflow/.local/lib/python3.12/site-packages/airflow/example_dags/example_task_group_decorator.py
[2024-12-30T05:47:28.233+0000] {processor.py:914} INFO - Processing file /home/airflow/.local/lib/python3.12/site-packages/airflow/example_dags/example_task_group_decorator.py for tasks to queue
[2024-12-30T05:47:28.234+0000] {logging_mixin.py:190} INFO - [2024-12-30T05:47:28.234+0000] {dagbag.py:588} INFO - Filling up the DagBag from /home/airflow/.local/lib/python3.12/site-packages/airflow/example_dags/example_task_group_decorator.py
[2024-12-30T05:47:28.246+0000] {processor.py:925} INFO - DAG(s) 'example_task_group_decorator' retrieved from /home/airflow/.local/lib/python3.12/site-packages/airflow/example_dags/example_task_group_decorator.py
[2024-12-30T05:47:28.264+0000] {logging_mixin.py:190} INFO - [2024-12-30T05:47:28.264+0000] {dag.py:3239} INFO - Sync 1 DAGs
[2024-12-30T05:47:28.277+0000] {logging_mixin.py:190} INFO - [2024-12-30T05:47:28.277+0000] {dag.py:4180} INFO - Setting next_dagrun for example_task_group_decorator to None, run_after=None
[2024-12-30T05:47:28.315+0000] {processor.py:208} INFO - Processing /home/airflow/.local/lib/python3.12/site-packages/airflow/example_dags/example_task_group_decorator.py took 0.148 seconds
[2024-12-30T05:50:30.904+0000] {processor.py:186} INFO - Started process (PID=248) to work on /home/airflow/.local/lib/python3.12/site-packages/airflow/example_dags/example_task_group_decorator.py
[2024-12-30T05:50:30.905+0000] {processor.py:914} INFO - Processing file /home/airflow/.local/lib/python3.12/site-packages/airflow/example_dags/example_task_group_decorator.py for tasks to queue
[2024-12-30T05:50:30.906+0000] {logging_mixin.py:190} INFO - [2024-12-30T05:50:30.906+0000] {dagbag.py:588} INFO - Filling up the DagBag from /home/airflow/.local/lib/python3.12/site-packages/airflow/example_dags/example_task_group_decorator.py
[2024-12-30T05:50:30.918+0000] {processor.py:925} INFO - DAG(s) 'example_task_group_decorator' retrieved from /home/airflow/.local/lib/python3.12/site-packages/airflow/example_dags/example_task_group_decorator.py
[2024-12-30T05:50:30.940+0000] {logging_mixin.py:190} INFO - [2024-12-30T05:50:30.940+0000] {dag.py:3239} INFO - Sync 1 DAGs
[2024-12-30T05:50:30.951+0000] {logging_mixin.py:190} INFO - [2024-12-30T05:50:30.951+0000] {dag.py:4180} INFO - Setting next_dagrun for example_task_group_decorator to None, run_after=None
[2024-12-30T05:50:30.966+0000] {processor.py:208} INFO - Processing /home/airflow/.local/lib/python3.12/site-packages/airflow/example_dags/example_task_group_decorator.py took 0.069 seconds
[2024-12-30T05:51:59.729+0000] {processor.py:186} INFO - Started process (PID=306) to work on /home/airflow/.local/lib/python3.12/site-packages/airflow/example_dags/example_task_group_decorator.py
[2024-12-30T05:51:59.730+0000] {processor.py:914} INFO - Processing file /home/airflow/.local/lib/python3.12/site-packages/airflow/example_dags/example_task_group_decorator.py for tasks to queue
[2024-12-30T05:51:59.798+0000] {logging_mixin.py:190} INFO - [2024-12-30T05:51:59.732+0000] {dagbag.py:588} INFO - Filling up the DagBag from /home/airflow/.local/lib/python3.12/site-packages/airflow/example_dags/example_task_group_decorator.py
[2024-12-30T05:51:59.885+0000] {processor.py:925} INFO - DAG(s) 'example_task_group_decorator' retrieved from /home/airflow/.local/lib/python3.12/site-packages/airflow/example_dags/example_task_group_decorator.py
[2024-12-30T05:52:04.323+0000] {logging_mixin.py:190} INFO - [2024-12-30T05:52:04.257+0000] {dag.py:3239} INFO - Sync 1 DAGs
[2024-12-30T05:52:04.340+0000] {logging_mixin.py:190} INFO - [2024-12-30T05:52:04.340+0000] {dag.py:4180} INFO - Setting next_dagrun for example_task_group_decorator to None, run_after=None
[2024-12-30T05:52:04.431+0000] {processor.py:208} INFO - Processing /home/airflow/.local/lib/python3.12/site-packages/airflow/example_dags/example_task_group_decorator.py took 4.725 seconds
[2024-12-30T05:52:34.744+0000] {processor.py:186} INFO - Started process (PID=369) to work on /home/airflow/.local/lib/python3.12/site-packages/airflow/example_dags/example_task_group_decorator.py
[2024-12-30T05:52:34.744+0000] {processor.py:914} INFO - Processing file /home/airflow/.local/lib/python3.12/site-packages/airflow/example_dags/example_task_group_decorator.py for tasks to queue
[2024-12-30T05:52:34.747+0000] {logging_mixin.py:190} INFO - [2024-12-30T05:52:34.746+0000] {dagbag.py:588} INFO - Filling up the DagBag from /home/airflow/.local/lib/python3.12/site-packages/airflow/example_dags/example_task_group_decorator.py
[2024-12-30T05:52:34.760+0000] {processor.py:925} INFO - DAG(s) 'example_task_group_decorator' retrieved from /home/airflow/.local/lib/python3.12/site-packages/airflow/example_dags/example_task_group_decorator.py
[2024-12-30T05:52:34.781+0000] {logging_mixin.py:190} INFO - [2024-12-30T05:52:34.781+0000] {dag.py:3239} INFO - Sync 1 DAGs
[2024-12-30T05:52:34.791+0000] {logging_mixin.py:190} INFO - [2024-12-30T05:52:34.791+0000] {dag.py:4180} INFO - Setting next_dagrun for example_task_group_decorator to None, run_after=None
[2024-12-30T05:52:34.837+0000] {processor.py:208} INFO - Processing /home/airflow/.local/lib/python3.12/site-packages/airflow/example_dags/example_task_group_decorator.py took 0.098 seconds
[2024-12-30T05:53:05.026+0000] {processor.py:186} INFO - Started process (PID=431) to work on /home/airflow/.local/lib/python3.12/site-packages/airflow/example_dags/example_task_group_decorator.py
[2024-12-30T05:53:05.027+0000] {processor.py:914} INFO - Processing file /home/airflow/.local/lib/python3.12/site-packages/airflow/example_dags/example_task_group_decorator.py for tasks to queue
[2024-12-30T05:53:05.028+0000] {logging_mixin.py:190} INFO - [2024-12-30T05:53:05.027+0000] {dagbag.py:588} INFO - Filling up the DagBag from /home/airflow/.local/lib/python3.12/site-packages/airflow/example_dags/example_task_group_decorator.py
[2024-12-30T05:53:05.039+0000] {processor.py:925} INFO - DAG(s) 'example_task_group_decorator' retrieved from /home/airflow/.local/lib/python3.12/site-packages/airflow/example_dags/example_task_group_decorator.py
[2024-12-30T05:53:05.059+0000] {logging_mixin.py:190} INFO - [2024-12-30T05:53:05.059+0000] {dag.py:3239} INFO - Sync 1 DAGs
[2024-12-30T05:53:05.071+0000] {logging_mixin.py:190} INFO - [2024-12-30T05:53:05.071+0000] {dag.py:4180} INFO - Setting next_dagrun for example_task_group_decorator to None, run_after=None
[2024-12-30T05:53:05.086+0000] {processor.py:208} INFO - Processing /home/airflow/.local/lib/python3.12/site-packages/airflow/example_dags/example_task_group_decorator.py took 0.065 seconds
[2024-12-30T05:53:35.902+0000] {processor.py:186} INFO - Started process (PID=494) to work on /home/airflow/.local/lib/python3.12/site-packages/airflow/example_dags/example_task_group_decorator.py
[2024-12-30T05:53:35.903+0000] {processor.py:914} INFO - Processing file /home/airflow/.local/lib/python3.12/site-packages/airflow/example_dags/example_task_group_decorator.py for tasks to queue
[2024-12-30T05:53:35.905+0000] {logging_mixin.py:190} INFO - [2024-12-30T05:53:35.904+0000] {dagbag.py:588} INFO - Filling up the DagBag from /home/airflow/.local/lib/python3.12/site-packages/airflow/example_dags/example_task_group_decorator.py
[2024-12-30T05:53:35.916+0000] {processor.py:925} INFO - DAG(s) 'example_task_group_decorator' retrieved from /home/airflow/.local/lib/python3.12/site-packages/airflow/example_dags/example_task_group_decorator.py
[2024-12-30T05:53:35.934+0000] {logging_mixin.py:190} INFO - [2024-12-30T05:53:35.933+0000] {dag.py:3239} INFO - Sync 1 DAGs
[2024-12-30T05:53:35.946+0000] {logging_mixin.py:190} INFO - [2024-12-30T05:53:35.946+0000] {dag.py:4180} INFO - Setting next_dagrun for example_task_group_decorator to None, run_after=None
[2024-12-30T05:53:35.958+0000] {processor.py:208} INFO - Processing /home/airflow/.local/lib/python3.12/site-packages/airflow/example_dags/example_task_group_decorator.py took 0.060 seconds
[2024-12-30T06:07:24.466+0000] {processor.py:186} INFO - Started process (PID=537) to work on /home/airflow/.local/lib/python3.12/site-packages/airflow/example_dags/example_task_group_decorator.py
[2024-12-30T06:07:24.467+0000] {processor.py:914} INFO - Processing file /home/airflow/.local/lib/python3.12/site-packages/airflow/example_dags/example_task_group_decorator.py for tasks to queue
[2024-12-30T06:07:24.468+0000] {logging_mixin.py:190} INFO - [2024-12-30T06:07:24.468+0000] {dagbag.py:588} INFO - Filling up the DagBag from /home/airflow/.local/lib/python3.12/site-packages/airflow/example_dags/example_task_group_decorator.py
[2024-12-30T06:07:24.479+0000] {processor.py:925} INFO - DAG(s) 'example_task_group_decorator' retrieved from /home/airflow/.local/lib/python3.12/site-packages/airflow/example_dags/example_task_group_decorator.py
[2024-12-30T06:07:24.495+0000] {logging_mixin.py:190} INFO - [2024-12-30T06:07:24.494+0000] {dag.py:3239} INFO - Sync 1 DAGs
[2024-12-30T06:07:24.505+0000] {logging_mixin.py:190} INFO - [2024-12-30T06:07:24.505+0000] {dag.py:4180} INFO - Setting next_dagrun for example_task_group_decorator to None, run_after=None
[2024-12-30T06:07:24.545+0000] {processor.py:208} INFO - Processing /home/airflow/.local/lib/python3.12/site-packages/airflow/example_dags/example_task_group_decorator.py took 0.083 seconds
[2024-12-30T06:40:36.821+0000] {processor.py:186} INFO - Started process (PID=91) to work on /home/airflow/.local/lib/python3.12/site-packages/airflow/example_dags/example_task_group_decorator.py
[2024-12-30T06:40:36.823+0000] {processor.py:914} INFO - Processing file /home/airflow/.local/lib/python3.12/site-packages/airflow/example_dags/example_task_group_decorator.py for tasks to queue
[2024-12-30T06:40:36.825+0000] {logging_mixin.py:190} INFO - [2024-12-30T06:40:36.825+0000] {dagbag.py:588} INFO - Filling up the DagBag from /home/airflow/.local/lib/python3.12/site-packages/airflow/example_dags/example_task_group_decorator.py
[2024-12-30T06:40:36.838+0000] {processor.py:925} INFO - DAG(s) 'example_task_group_decorator' retrieved from /home/airflow/.local/lib/python3.12/site-packages/airflow/example_dags/example_task_group_decorator.py
[2024-12-30T06:40:36.931+0000] {logging_mixin.py:190} INFO - [2024-12-30T06:40:36.930+0000] {override.py:1911} INFO - Created Permission View: can delete on DAG:example_task_group_decorator
[2024-12-30T06:40:36.942+0000] {logging_mixin.py:190} INFO - [2024-12-30T06:40:36.942+0000] {override.py:1911} INFO - Created Permission View: can edit on DAG:example_task_group_decorator
[2024-12-30T06:40:36.949+0000] {logging_mixin.py:190} INFO - [2024-12-30T06:40:36.948+0000] {override.py:1911} INFO - Created Permission View: can read on DAG:example_task_group_decorator
[2024-12-30T06:40:36.960+0000] {logging_mixin.py:190} INFO - [2024-12-30T06:40:36.960+0000] {override.py:1911} INFO - Created Permission View: can delete on DAG Run:example_task_group_decorator
[2024-12-30T06:40:36.967+0000] {logging_mixin.py:190} INFO - [2024-12-30T06:40:36.967+0000] {override.py:1911} INFO - Created Permission View: can create on DAG Run:example_task_group_decorator
[2024-12-30T06:40:36.977+0000] {logging_mixin.py:190} INFO - [2024-12-30T06:40:36.976+0000] {override.py:1911} INFO - Created Permission View: menu access on DAG Run:example_task_group_decorator
[2024-12-30T06:40:36.986+0000] {logging_mixin.py:190} INFO - [2024-12-30T06:40:36.986+0000] {override.py:1911} INFO - Created Permission View: can read on DAG Run:example_task_group_decorator
[2024-12-30T06:40:36.987+0000] {logging_mixin.py:190} INFO - [2024-12-30T06:40:36.986+0000] {dag.py:3239} INFO - Sync 1 DAGs
[2024-12-30T06:40:37.000+0000] {logging_mixin.py:190} INFO - [2024-12-30T06:40:37.000+0000] {dag.py:3262} INFO - Creating ORM DAG for example_task_group_decorator
[2024-12-30T06:40:37.001+0000] {logging_mixin.py:190} INFO - [2024-12-30T06:40:37.000+0000] {dag.py:4180} INFO - Setting next_dagrun for example_task_group_decorator to None, run_after=None
[2024-12-30T06:40:37.015+0000] {processor.py:208} INFO - Processing /home/airflow/.local/lib/python3.12/site-packages/airflow/example_dags/example_task_group_decorator.py took 0.199 seconds
[2024-12-30T06:41:08.223+0000] {processor.py:186} INFO - Started process (PID=154) to work on /home/airflow/.local/lib/python3.12/site-packages/airflow/example_dags/example_task_group_decorator.py
[2024-12-30T06:41:08.224+0000] {processor.py:914} INFO - Processing file /home/airflow/.local/lib/python3.12/site-packages/airflow/example_dags/example_task_group_decorator.py for tasks to queue
[2024-12-30T06:41:08.226+0000] {logging_mixin.py:190} INFO - [2024-12-30T06:41:08.226+0000] {dagbag.py:588} INFO - Filling up the DagBag from /home/airflow/.local/lib/python3.12/site-packages/airflow/example_dags/example_task_group_decorator.py
[2024-12-30T06:41:08.237+0000] {processor.py:925} INFO - DAG(s) 'example_task_group_decorator' retrieved from /home/airflow/.local/lib/python3.12/site-packages/airflow/example_dags/example_task_group_decorator.py
[2024-12-30T06:41:08.252+0000] {logging_mixin.py:190} INFO - [2024-12-30T06:41:08.252+0000] {dag.py:3239} INFO - Sync 1 DAGs
[2024-12-30T06:41:08.267+0000] {logging_mixin.py:190} INFO - [2024-12-30T06:41:08.267+0000] {dag.py:4180} INFO - Setting next_dagrun for example_task_group_decorator to None, run_after=None
[2024-12-30T06:41:08.280+0000] {processor.py:208} INFO - Processing /home/airflow/.local/lib/python3.12/site-packages/airflow/example_dags/example_task_group_decorator.py took 0.061 seconds
[2024-12-30T06:41:39.186+0000] {processor.py:186} INFO - Started process (PID=217) to work on /home/airflow/.local/lib/python3.12/site-packages/airflow/example_dags/example_task_group_decorator.py
[2024-12-30T06:41:39.186+0000] {processor.py:914} INFO - Processing file /home/airflow/.local/lib/python3.12/site-packages/airflow/example_dags/example_task_group_decorator.py for tasks to queue
[2024-12-30T06:41:39.188+0000] {logging_mixin.py:190} INFO - [2024-12-30T06:41:39.188+0000] {dagbag.py:588} INFO - Filling up the DagBag from /home/airflow/.local/lib/python3.12/site-packages/airflow/example_dags/example_task_group_decorator.py
[2024-12-30T06:41:39.197+0000] {processor.py:925} INFO - DAG(s) 'example_task_group_decorator' retrieved from /home/airflow/.local/lib/python3.12/site-packages/airflow/example_dags/example_task_group_decorator.py
[2024-12-30T06:41:39.213+0000] {logging_mixin.py:190} INFO - [2024-12-30T06:41:39.213+0000] {dag.py:3239} INFO - Sync 1 DAGs
[2024-12-30T06:41:39.222+0000] {logging_mixin.py:190} INFO - [2024-12-30T06:41:39.222+0000] {dag.py:4180} INFO - Setting next_dagrun for example_task_group_decorator to None, run_after=None
[2024-12-30T06:41:39.233+0000] {processor.py:208} INFO - Processing /home/airflow/.local/lib/python3.12/site-packages/airflow/example_dags/example_task_group_decorator.py took 0.051 seconds
[2024-12-30T06:56:38.639+0000] {processor.py:186} INFO - Started process (PID=88) to work on /home/airflow/.local/lib/python3.12/site-packages/airflow/example_dags/example_task_group_decorator.py
[2024-12-30T06:56:38.649+0000] {processor.py:914} INFO - Processing file /home/airflow/.local/lib/python3.12/site-packages/airflow/example_dags/example_task_group_decorator.py for tasks to queue
[2024-12-30T06:56:38.651+0000] {logging_mixin.py:190} INFO - [2024-12-30T06:56:38.651+0000] {dagbag.py:588} INFO - Filling up the DagBag from /home/airflow/.local/lib/python3.12/site-packages/airflow/example_dags/example_task_group_decorator.py
[2024-12-30T06:56:38.667+0000] {processor.py:925} INFO - DAG(s) 'example_task_group_decorator' retrieved from /home/airflow/.local/lib/python3.12/site-packages/airflow/example_dags/example_task_group_decorator.py
[2024-12-30T06:56:38.685+0000] {logging_mixin.py:190} INFO - [2024-12-30T06:56:38.684+0000] {dag.py:3239} INFO - Sync 1 DAGs
[2024-12-30T06:56:38.693+0000] {logging_mixin.py:190} INFO - [2024-12-30T06:56:38.693+0000] {dag.py:4180} INFO - Setting next_dagrun for example_task_group_decorator to None, run_after=None
[2024-12-30T06:56:38.715+0000] {processor.py:208} INFO - Processing /home/airflow/.local/lib/python3.12/site-packages/airflow/example_dags/example_task_group_decorator.py took 0.080 seconds
[2024-12-30T06:57:09.346+0000] {processor.py:186} INFO - Started process (PID=150) to work on /home/airflow/.local/lib/python3.12/site-packages/airflow/example_dags/example_task_group_decorator.py
[2024-12-30T06:57:09.350+0000] {processor.py:914} INFO - Processing file /home/airflow/.local/lib/python3.12/site-packages/airflow/example_dags/example_task_group_decorator.py for tasks to queue
[2024-12-30T06:57:09.352+0000] {logging_mixin.py:190} INFO - [2024-12-30T06:57:09.351+0000] {dagbag.py:588} INFO - Filling up the DagBag from /home/airflow/.local/lib/python3.12/site-packages/airflow/example_dags/example_task_group_decorator.py
[2024-12-30T06:57:09.361+0000] {processor.py:925} INFO - DAG(s) 'example_task_group_decorator' retrieved from /home/airflow/.local/lib/python3.12/site-packages/airflow/example_dags/example_task_group_decorator.py
[2024-12-30T06:57:09.376+0000] {logging_mixin.py:190} INFO - [2024-12-30T06:57:09.376+0000] {dag.py:3239} INFO - Sync 1 DAGs
[2024-12-30T06:57:09.385+0000] {logging_mixin.py:190} INFO - [2024-12-30T06:57:09.385+0000] {dag.py:4180} INFO - Setting next_dagrun for example_task_group_decorator to None, run_after=None
[2024-12-30T06:57:09.421+0000] {processor.py:208} INFO - Processing /home/airflow/.local/lib/python3.12/site-packages/airflow/example_dags/example_task_group_decorator.py took 0.079 seconds
