[2024-12-30T05:46:02.421+0000] {processor.py:186} INFO - Started process (PID=120) to work on /home/airflow/.local/lib/python3.12/site-packages/airflow/example_dags/example_inlet_event_extra.py
[2024-12-30T05:46:02.422+0000] {processor.py:914} INFO - Processing file /home/airflow/.local/lib/python3.12/site-packages/airflow/example_dags/example_inlet_event_extra.py for tasks to queue
[2024-12-30T05:46:02.424+0000] {logging_mixin.py:190} INFO - [2024-12-30T05:46:02.424+0000] {dagbag.py:588} INFO - Filling up the DagBag from /home/airflow/.local/lib/python3.12/site-packages/airflow/example_dags/example_inlet_event_extra.py
[2024-12-30T05:46:03.552+0000] {processor.py:925} INFO - DAG(s) 'read_dataset_event', 'read_dataset_event_from_classic' retrieved from /home/airflow/.local/lib/python3.12/site-packages/airflow/example_dags/example_inlet_event_extra.py
[2024-12-30T05:46:03.612+0000] {logging_mixin.py:190} INFO - [2024-12-30T05:46:03.612+0000] {override.py:1911} INFO - Created Permission View: can read on DAG:read_dataset_event
[2024-12-30T05:46:03.619+0000] {logging_mixin.py:190} INFO - [2024-12-30T05:46:03.619+0000] {override.py:1911} INFO - Created Permission View: can delete on DAG:read_dataset_event
[2024-12-30T05:46:03.623+0000] {logging_mixin.py:190} INFO - [2024-12-30T05:46:03.623+0000] {override.py:1911} INFO - Created Permission View: can edit on DAG:read_dataset_event
[2024-12-30T05:46:03.629+0000] {logging_mixin.py:190} INFO - [2024-12-30T05:46:03.628+0000] {override.py:1911} INFO - Created Permission View: can read on DAG Run:read_dataset_event
[2024-12-30T05:46:03.635+0000] {logging_mixin.py:190} INFO - [2024-12-30T05:46:03.635+0000] {override.py:1911} INFO - Created Permission View: can create on DAG Run:read_dataset_event
[2024-12-30T05:46:03.642+0000] {logging_mixin.py:190} INFO - [2024-12-30T05:46:03.642+0000] {override.py:1911} INFO - Created Permission View: can delete on DAG Run:read_dataset_event
[2024-12-30T05:46:03.647+0000] {logging_mixin.py:190} INFO - [2024-12-30T05:46:03.647+0000] {override.py:1911} INFO - Created Permission View: menu access on DAG Run:read_dataset_event
[2024-12-30T05:46:03.663+0000] {logging_mixin.py:190} INFO - [2024-12-30T05:46:03.663+0000] {override.py:1911} INFO - Created Permission View: can read on DAG:read_dataset_event_from_classic
[2024-12-30T05:46:03.672+0000] {logging_mixin.py:190} INFO - [2024-12-30T05:46:03.671+0000] {override.py:1911} INFO - Created Permission View: can delete on DAG:read_dataset_event_from_classic
[2024-12-30T05:46:03.679+0000] {logging_mixin.py:190} INFO - [2024-12-30T05:46:03.679+0000] {override.py:1911} INFO - Created Permission View: can edit on DAG:read_dataset_event_from_classic
[2024-12-30T05:46:03.689+0000] {logging_mixin.py:190} INFO - [2024-12-30T05:46:03.689+0000] {override.py:1911} INFO - Created Permission View: can read on DAG Run:read_dataset_event_from_classic
[2024-12-30T05:46:03.695+0000] {logging_mixin.py:190} INFO - [2024-12-30T05:46:03.695+0000] {override.py:1911} INFO - Created Permission View: can create on DAG Run:read_dataset_event_from_classic
[2024-12-30T05:46:03.704+0000] {logging_mixin.py:190} INFO - [2024-12-30T05:46:03.703+0000] {override.py:1911} INFO - Created Permission View: can delete on DAG Run:read_dataset_event_from_classic
[2024-12-30T05:46:03.712+0000] {logging_mixin.py:190} INFO - [2024-12-30T05:46:03.712+0000] {override.py:1911} INFO - Created Permission View: menu access on DAG Run:read_dataset_event_from_classic
[2024-12-30T05:46:03.713+0000] {logging_mixin.py:190} INFO - [2024-12-30T05:46:03.713+0000] {dag.py:3239} INFO - Sync 2 DAGs
[2024-12-30T05:46:03.738+0000] {logging_mixin.py:190} INFO - [2024-12-30T05:46:03.736+0000] {dag.py:3262} INFO - Creating ORM DAG for read_dataset_event_from_classic
[2024-12-30T05:46:03.739+0000] {logging_mixin.py:190} INFO - [2024-12-30T05:46:03.739+0000] {dag.py:3262} INFO - Creating ORM DAG for read_dataset_event
[2024-12-30T05:46:03.755+0000] {logging_mixin.py:190} INFO - [2024-12-30T05:46:03.754+0000] {dag.py:4180} INFO - Setting next_dagrun for read_dataset_event to 2024-12-29 00:00:00+00:00, run_after=2024-12-30 00:00:00+00:00
[2024-12-30T05:46:03.758+0000] {logging_mixin.py:190} INFO - [2024-12-30T05:46:03.758+0000] {dag.py:4180} INFO - Setting next_dagrun for read_dataset_event_from_classic to 2024-12-29 00:00:00+00:00, run_after=2024-12-30 00:00:00+00:00
[2024-12-30T05:46:03.781+0000] {processor.py:208} INFO - Processing /home/airflow/.local/lib/python3.12/site-packages/airflow/example_dags/example_inlet_event_extra.py took 1.365 seconds
[2024-12-30T05:49:57.760+0000] {processor.py:186} INFO - Started process (PID=215) to work on /home/airflow/.local/lib/python3.12/site-packages/airflow/example_dags/example_inlet_event_extra.py
[2024-12-30T05:49:57.765+0000] {processor.py:914} INFO - Processing file /home/airflow/.local/lib/python3.12/site-packages/airflow/example_dags/example_inlet_event_extra.py for tasks to queue
[2024-12-30T05:49:57.766+0000] {logging_mixin.py:190} INFO - [2024-12-30T05:49:57.765+0000] {dagbag.py:588} INFO - Filling up the DagBag from /home/airflow/.local/lib/python3.12/site-packages/airflow/example_dags/example_inlet_event_extra.py
[2024-12-30T05:50:18.255+0000] {processor.py:925} INFO - DAG(s) 'read_dataset_event_from_classic', 'read_dataset_event' retrieved from /home/airflow/.local/lib/python3.12/site-packages/airflow/example_dags/example_inlet_event_extra.py
[2024-12-30T05:50:29.289+0000] {logging_mixin.py:190} INFO - [2024-12-30T05:50:29.278+0000] {dag.py:3239} INFO - Sync 2 DAGs
[2024-12-30T05:50:29.333+0000] {logging_mixin.py:190} INFO - [2024-12-30T05:50:29.333+0000] {dag.py:4180} INFO - Setting next_dagrun for read_dataset_event to 2024-12-29 00:00:00+00:00, run_after=2024-12-30 00:00:00+00:00
[2024-12-30T05:50:29.338+0000] {logging_mixin.py:190} INFO - [2024-12-30T05:50:29.338+0000] {dag.py:4180} INFO - Setting next_dagrun for read_dataset_event_from_classic to 2024-12-29 00:00:00+00:00, run_after=2024-12-30 00:00:00+00:00
[2024-12-30T05:50:29.366+0000] {processor.py:208} INFO - Processing /home/airflow/.local/lib/python3.12/site-packages/airflow/example_dags/example_inlet_event_extra.py took 31.622 seconds
[2024-12-30T05:52:07.466+0000] {processor.py:186} INFO - Started process (PID=317) to work on /home/airflow/.local/lib/python3.12/site-packages/airflow/example_dags/example_inlet_event_extra.py
[2024-12-30T05:52:07.467+0000] {processor.py:914} INFO - Processing file /home/airflow/.local/lib/python3.12/site-packages/airflow/example_dags/example_inlet_event_extra.py for tasks to queue
[2024-12-30T05:52:07.468+0000] {logging_mixin.py:190} INFO - [2024-12-30T05:52:07.468+0000] {dagbag.py:588} INFO - Filling up the DagBag from /home/airflow/.local/lib/python3.12/site-packages/airflow/example_dags/example_inlet_event_extra.py
[2024-12-30T05:52:14.219+0000] {processor.py:925} INFO - DAG(s) 'read_dataset_event_from_classic', 'read_dataset_event' retrieved from /home/airflow/.local/lib/python3.12/site-packages/airflow/example_dags/example_inlet_event_extra.py
[2024-12-30T05:52:14.842+0000] {logging_mixin.py:190} INFO - [2024-12-30T05:52:14.842+0000] {dag.py:3239} INFO - Sync 2 DAGs
[2024-12-30T05:52:14.859+0000] {logging_mixin.py:190} INFO - [2024-12-30T05:52:14.858+0000] {dag.py:4180} INFO - Setting next_dagrun for read_dataset_event to 2024-12-29 00:00:00+00:00, run_after=2024-12-30 00:00:00+00:00
[2024-12-30T05:52:14.862+0000] {logging_mixin.py:190} INFO - [2024-12-30T05:52:14.862+0000] {dag.py:4180} INFO - Setting next_dagrun for read_dataset_event_from_classic to 2024-12-29 00:00:00+00:00, run_after=2024-12-30 00:00:00+00:00
[2024-12-30T05:52:14.874+0000] {processor.py:208} INFO - Processing /home/airflow/.local/lib/python3.12/site-packages/airflow/example_dags/example_inlet_event_extra.py took 7.417 seconds
[2024-12-30T05:52:45.579+0000] {processor.py:186} INFO - Started process (PID=386) to work on /home/airflow/.local/lib/python3.12/site-packages/airflow/example_dags/example_inlet_event_extra.py
[2024-12-30T05:52:45.580+0000] {processor.py:914} INFO - Processing file /home/airflow/.local/lib/python3.12/site-packages/airflow/example_dags/example_inlet_event_extra.py for tasks to queue
[2024-12-30T05:52:45.581+0000] {logging_mixin.py:190} INFO - [2024-12-30T05:52:45.581+0000] {dagbag.py:588} INFO - Filling up the DagBag from /home/airflow/.local/lib/python3.12/site-packages/airflow/example_dags/example_inlet_event_extra.py
[2024-12-30T05:52:46.368+0000] {processor.py:925} INFO - DAG(s) 'read_dataset_event_from_classic', 'read_dataset_event' retrieved from /home/airflow/.local/lib/python3.12/site-packages/airflow/example_dags/example_inlet_event_extra.py
[2024-12-30T05:52:46.401+0000] {logging_mixin.py:190} INFO - [2024-12-30T05:52:46.401+0000] {dag.py:3239} INFO - Sync 2 DAGs
[2024-12-30T05:52:46.416+0000] {logging_mixin.py:190} INFO - [2024-12-30T05:52:46.416+0000] {dag.py:4180} INFO - Setting next_dagrun for read_dataset_event to 2024-12-29 00:00:00+00:00, run_after=2024-12-30 00:00:00+00:00
[2024-12-30T05:52:46.419+0000] {logging_mixin.py:190} INFO - [2024-12-30T05:52:46.419+0000] {dag.py:4180} INFO - Setting next_dagrun for read_dataset_event_from_classic to 2024-12-29 00:00:00+00:00, run_after=2024-12-30 00:00:00+00:00
[2024-12-30T05:52:46.433+0000] {processor.py:208} INFO - Processing /home/airflow/.local/lib/python3.12/site-packages/airflow/example_dags/example_inlet_event_extra.py took 0.859 seconds
[2024-12-30T05:53:17.184+0000] {processor.py:186} INFO - Started process (PID=449) to work on /home/airflow/.local/lib/python3.12/site-packages/airflow/example_dags/example_inlet_event_extra.py
[2024-12-30T05:53:17.187+0000] {processor.py:914} INFO - Processing file /home/airflow/.local/lib/python3.12/site-packages/airflow/example_dags/example_inlet_event_extra.py for tasks to queue
[2024-12-30T05:53:17.189+0000] {logging_mixin.py:190} INFO - [2024-12-30T05:53:17.188+0000] {dagbag.py:588} INFO - Filling up the DagBag from /home/airflow/.local/lib/python3.12/site-packages/airflow/example_dags/example_inlet_event_extra.py
[2024-12-30T05:53:18.738+0000] {processor.py:925} INFO - DAG(s) 'read_dataset_event', 'read_dataset_event_from_classic' retrieved from /home/airflow/.local/lib/python3.12/site-packages/airflow/example_dags/example_inlet_event_extra.py
[2024-12-30T05:53:18.898+0000] {logging_mixin.py:190} INFO - [2024-12-30T05:53:18.893+0000] {dag.py:3239} INFO - Sync 2 DAGs
[2024-12-30T05:53:18.926+0000] {logging_mixin.py:190} INFO - [2024-12-30T05:53:18.926+0000] {dag.py:4180} INFO - Setting next_dagrun for read_dataset_event to 2024-12-29 00:00:00+00:00, run_after=2024-12-30 00:00:00+00:00
[2024-12-30T05:53:18.930+0000] {logging_mixin.py:190} INFO - [2024-12-30T05:53:18.930+0000] {dag.py:4180} INFO - Setting next_dagrun for read_dataset_event_from_classic to 2024-12-29 00:00:00+00:00, run_after=2024-12-30 00:00:00+00:00
[2024-12-30T05:53:18.949+0000] {processor.py:208} INFO - Processing /home/airflow/.local/lib/python3.12/site-packages/airflow/example_dags/example_inlet_event_extra.py took 1.826 seconds
[2024-12-30T05:53:49.539+0000] {processor.py:186} INFO - Started process (PID=512) to work on /home/airflow/.local/lib/python3.12/site-packages/airflow/example_dags/example_inlet_event_extra.py
[2024-12-30T05:53:49.540+0000] {processor.py:914} INFO - Processing file /home/airflow/.local/lib/python3.12/site-packages/airflow/example_dags/example_inlet_event_extra.py for tasks to queue
[2024-12-30T05:53:49.541+0000] {logging_mixin.py:190} INFO - [2024-12-30T05:53:49.541+0000] {dagbag.py:588} INFO - Filling up the DagBag from /home/airflow/.local/lib/python3.12/site-packages/airflow/example_dags/example_inlet_event_extra.py
[2024-12-30T05:55:21.489+0000] {logging_mixin.py:190} INFO - [2024-12-30T05:55:16.846+0000] {timeout.py:68} ERROR - Process timed out, PID: 512
[2024-12-30T05:55:39.974+0000] {logging_mixin.py:190} WARNING - Exception ignored in: <function WeakKeyDictionary.__init__.<locals>.remove at 0x7fcf43815080>
[2024-12-30T05:56:04.722+0000] {logging_mixin.py:190} WARNING - Traceback (most recent call last):
[2024-12-30T05:56:21.346+0000] {logging_mixin.py:190} WARNING -   File "/usr/local/lib/python3.12/weakref.py", line 369, in remove
[2024-12-30T05:57:06.212+0000] {logging_mixin.py:190} WARNING -     def remove(k, selfref=ref(self)):
[2024-12-30T05:57:35.832+0000] {logging_mixin.py:190} WARNING -   File "/home/airflow/.local/lib/python3.12/site-packages/airflow/utils/timeout.py", line 69, in handle_timeout
[2024-12-30T05:58:09.140+0000] {logging_mixin.py:190} WARNING -     raise AirflowTaskTimeout(self.error_message)
[2024-12-30T05:59:04.595+0000] {logging_mixin.py:190} WARNING - airflow.exceptions.AirflowTaskTimeout: DagBag import timeout for /home/airflow/.local/lib/python3.12/site-packages/airflow/example_dags/example_inlet_event_extra.py after 30.0s.
Please take a look at these docs to improve your DAG import time:
* https://airflow.apache.org/docs/apache-airflow/2.10.4/best-practices.html#top-level-python-code
* https://airflow.apache.org/docs/apache-airflow/2.10.4/best-practices.html#reducing-dag-complexity, PID: 512
[2024-12-30T06:07:31.751+0000] {processor.py:186} INFO - Started process (PID=575) to work on /home/airflow/.local/lib/python3.12/site-packages/airflow/example_dags/example_inlet_event_extra.py
[2024-12-30T06:07:31.752+0000] {processor.py:914} INFO - Processing file /home/airflow/.local/lib/python3.12/site-packages/airflow/example_dags/example_inlet_event_extra.py for tasks to queue
[2024-12-30T06:07:31.752+0000] {logging_mixin.py:190} INFO - [2024-12-30T06:07:31.752+0000] {dagbag.py:588} INFO - Filling up the DagBag from /home/airflow/.local/lib/python3.12/site-packages/airflow/example_dags/example_inlet_event_extra.py
[2024-12-30T06:07:32.191+0000] {processor.py:925} INFO - DAG(s) 'read_dataset_event', 'read_dataset_event_from_classic' retrieved from /home/airflow/.local/lib/python3.12/site-packages/airflow/example_dags/example_inlet_event_extra.py
[2024-12-30T06:07:32.519+0000] {logging_mixin.py:190} INFO - [2024-12-30T06:07:32.519+0000] {dag.py:3239} INFO - Sync 2 DAGs
[2024-12-30T06:07:32.532+0000] {logging_mixin.py:190} INFO - [2024-12-30T06:07:32.532+0000] {dag.py:4180} INFO - Setting next_dagrun for read_dataset_event to 2024-12-29 00:00:00+00:00, run_after=2024-12-30 00:00:00+00:00
[2024-12-30T06:07:32.535+0000] {logging_mixin.py:190} INFO - [2024-12-30T06:07:32.535+0000] {dag.py:4180} INFO - Setting next_dagrun for read_dataset_event_from_classic to 2024-12-29 00:00:00+00:00, run_after=2024-12-30 00:00:00+00:00
[2024-12-30T06:07:32.568+0000] {processor.py:208} INFO - Processing /home/airflow/.local/lib/python3.12/site-packages/airflow/example_dags/example_inlet_event_extra.py took 0.812 seconds
[2024-12-30T06:40:43.720+0000] {processor.py:186} INFO - Started process (PID=121) to work on /home/airflow/.local/lib/python3.12/site-packages/airflow/example_dags/example_inlet_event_extra.py
[2024-12-30T06:40:43.721+0000] {processor.py:914} INFO - Processing file /home/airflow/.local/lib/python3.12/site-packages/airflow/example_dags/example_inlet_event_extra.py for tasks to queue
[2024-12-30T06:40:43.723+0000] {logging_mixin.py:190} INFO - [2024-12-30T06:40:43.723+0000] {dagbag.py:588} INFO - Filling up the DagBag from /home/airflow/.local/lib/python3.12/site-packages/airflow/example_dags/example_inlet_event_extra.py
[2024-12-30T06:40:45.181+0000] {processor.py:925} INFO - DAG(s) 'read_dataset_event', 'read_dataset_event_from_classic' retrieved from /home/airflow/.local/lib/python3.12/site-packages/airflow/example_dags/example_inlet_event_extra.py
[2024-12-30T06:40:45.251+0000] {logging_mixin.py:190} INFO - [2024-12-30T06:40:45.250+0000] {override.py:1911} INFO - Created Permission View: can delete on DAG:read_dataset_event
[2024-12-30T06:40:45.258+0000] {logging_mixin.py:190} INFO - [2024-12-30T06:40:45.258+0000] {override.py:1911} INFO - Created Permission View: can edit on DAG:read_dataset_event
[2024-12-30T06:40:45.263+0000] {logging_mixin.py:190} INFO - [2024-12-30T06:40:45.263+0000] {override.py:1911} INFO - Created Permission View: can read on DAG:read_dataset_event
[2024-12-30T06:40:45.273+0000] {logging_mixin.py:190} INFO - [2024-12-30T06:40:45.272+0000] {override.py:1911} INFO - Created Permission View: can delete on DAG Run:read_dataset_event
[2024-12-30T06:40:45.283+0000] {logging_mixin.py:190} INFO - [2024-12-30T06:40:45.283+0000] {override.py:1911} INFO - Created Permission View: can create on DAG Run:read_dataset_event
[2024-12-30T06:40:45.292+0000] {logging_mixin.py:190} INFO - [2024-12-30T06:40:45.292+0000] {override.py:1911} INFO - Created Permission View: menu access on DAG Run:read_dataset_event
[2024-12-30T06:40:45.298+0000] {logging_mixin.py:190} INFO - [2024-12-30T06:40:45.298+0000] {override.py:1911} INFO - Created Permission View: can read on DAG Run:read_dataset_event
[2024-12-30T06:40:45.311+0000] {logging_mixin.py:190} INFO - [2024-12-30T06:40:45.310+0000] {override.py:1911} INFO - Created Permission View: can delete on DAG:read_dataset_event_from_classic
[2024-12-30T06:40:45.317+0000] {logging_mixin.py:190} INFO - [2024-12-30T06:40:45.316+0000] {override.py:1911} INFO - Created Permission View: can edit on DAG:read_dataset_event_from_classic
[2024-12-30T06:40:45.323+0000] {logging_mixin.py:190} INFO - [2024-12-30T06:40:45.322+0000] {override.py:1911} INFO - Created Permission View: can read on DAG:read_dataset_event_from_classic
[2024-12-30T06:40:45.329+0000] {logging_mixin.py:190} INFO - [2024-12-30T06:40:45.328+0000] {override.py:1911} INFO - Created Permission View: can delete on DAG Run:read_dataset_event_from_classic
[2024-12-30T06:40:45.334+0000] {logging_mixin.py:190} INFO - [2024-12-30T06:40:45.334+0000] {override.py:1911} INFO - Created Permission View: can create on DAG Run:read_dataset_event_from_classic
[2024-12-30T06:40:45.340+0000] {logging_mixin.py:190} INFO - [2024-12-30T06:40:45.340+0000] {override.py:1911} INFO - Created Permission View: menu access on DAG Run:read_dataset_event_from_classic
[2024-12-30T06:40:45.345+0000] {logging_mixin.py:190} INFO - [2024-12-30T06:40:45.345+0000] {override.py:1911} INFO - Created Permission View: can read on DAG Run:read_dataset_event_from_classic
[2024-12-30T06:40:45.346+0000] {logging_mixin.py:190} INFO - [2024-12-30T06:40:45.346+0000] {dag.py:3239} INFO - Sync 2 DAGs
[2024-12-30T06:40:45.357+0000] {logging_mixin.py:190} INFO - [2024-12-30T06:40:45.356+0000] {dag.py:3262} INFO - Creating ORM DAG for read_dataset_event_from_classic
[2024-12-30T06:40:45.358+0000] {logging_mixin.py:190} INFO - [2024-12-30T06:40:45.358+0000] {dag.py:3262} INFO - Creating ORM DAG for read_dataset_event
[2024-12-30T06:40:45.366+0000] {logging_mixin.py:190} INFO - [2024-12-30T06:40:45.366+0000] {dag.py:4180} INFO - Setting next_dagrun for read_dataset_event to 2024-12-29 00:00:00+00:00, run_after=2024-12-30 00:00:00+00:00
[2024-12-30T06:40:45.368+0000] {logging_mixin.py:190} INFO - [2024-12-30T06:40:45.368+0000] {dag.py:4180} INFO - Setting next_dagrun for read_dataset_event_from_classic to 2024-12-29 00:00:00+00:00, run_after=2024-12-30 00:00:00+00:00
[2024-12-30T06:40:45.382+0000] {processor.py:208} INFO - Processing /home/airflow/.local/lib/python3.12/site-packages/airflow/example_dags/example_inlet_event_extra.py took 1.667 seconds
[2024-12-30T06:41:15.818+0000] {processor.py:186} INFO - Started process (PID=191) to work on /home/airflow/.local/lib/python3.12/site-packages/airflow/example_dags/example_inlet_event_extra.py
[2024-12-30T06:41:15.819+0000] {processor.py:914} INFO - Processing file /home/airflow/.local/lib/python3.12/site-packages/airflow/example_dags/example_inlet_event_extra.py for tasks to queue
[2024-12-30T06:41:15.821+0000] {logging_mixin.py:190} INFO - [2024-12-30T06:41:15.821+0000] {dagbag.py:588} INFO - Filling up the DagBag from /home/airflow/.local/lib/python3.12/site-packages/airflow/example_dags/example_inlet_event_extra.py
[2024-12-30T06:41:16.169+0000] {processor.py:925} INFO - DAG(s) 'read_dataset_event', 'read_dataset_event_from_classic' retrieved from /home/airflow/.local/lib/python3.12/site-packages/airflow/example_dags/example_inlet_event_extra.py
[2024-12-30T06:41:16.181+0000] {logging_mixin.py:190} INFO - [2024-12-30T06:41:16.181+0000] {dag.py:3239} INFO - Sync 2 DAGs
[2024-12-30T06:41:16.196+0000] {logging_mixin.py:190} INFO - [2024-12-30T06:41:16.196+0000] {dag.py:4180} INFO - Setting next_dagrun for read_dataset_event to 2024-12-29 00:00:00+00:00, run_after=2024-12-30 00:00:00+00:00
[2024-12-30T06:41:16.199+0000] {logging_mixin.py:190} INFO - [2024-12-30T06:41:16.198+0000] {dag.py:4180} INFO - Setting next_dagrun for read_dataset_event_from_classic to 2024-12-29 00:00:00+00:00, run_after=2024-12-30 00:00:00+00:00
[2024-12-30T06:41:16.208+0000] {processor.py:208} INFO - Processing /home/airflow/.local/lib/python3.12/site-packages/airflow/example_dags/example_inlet_event_extra.py took 0.393 seconds
[2024-12-30T06:41:47.162+0000] {processor.py:186} INFO - Started process (PID=255) to work on /home/airflow/.local/lib/python3.12/site-packages/airflow/example_dags/example_inlet_event_extra.py
[2024-12-30T06:41:47.163+0000] {processor.py:914} INFO - Processing file /home/airflow/.local/lib/python3.12/site-packages/airflow/example_dags/example_inlet_event_extra.py for tasks to queue
[2024-12-30T06:41:47.165+0000] {logging_mixin.py:190} INFO - [2024-12-30T06:41:47.164+0000] {dagbag.py:588} INFO - Filling up the DagBag from /home/airflow/.local/lib/python3.12/site-packages/airflow/example_dags/example_inlet_event_extra.py
[2024-12-30T06:41:47.514+0000] {processor.py:925} INFO - DAG(s) 'read_dataset_event', 'read_dataset_event_from_classic' retrieved from /home/airflow/.local/lib/python3.12/site-packages/airflow/example_dags/example_inlet_event_extra.py
[2024-12-30T06:41:47.527+0000] {logging_mixin.py:190} INFO - [2024-12-30T06:41:47.526+0000] {dag.py:3239} INFO - Sync 2 DAGs
[2024-12-30T06:41:47.541+0000] {logging_mixin.py:190} INFO - [2024-12-30T06:41:47.541+0000] {dag.py:4180} INFO - Setting next_dagrun for read_dataset_event to 2024-12-29 00:00:00+00:00, run_after=2024-12-30 00:00:00+00:00
[2024-12-30T06:41:47.544+0000] {logging_mixin.py:190} INFO - [2024-12-30T06:41:47.544+0000] {dag.py:4180} INFO - Setting next_dagrun for read_dataset_event_from_classic to 2024-12-29 00:00:00+00:00, run_after=2024-12-30 00:00:00+00:00
[2024-12-30T06:41:47.552+0000] {processor.py:208} INFO - Processing /home/airflow/.local/lib/python3.12/site-packages/airflow/example_dags/example_inlet_event_extra.py took 0.394 seconds
[2024-12-30T06:56:42.826+0000] {processor.py:186} INFO - Started process (PID=118) to work on /home/airflow/.local/lib/python3.12/site-packages/airflow/example_dags/example_inlet_event_extra.py
[2024-12-30T06:56:42.828+0000] {processor.py:914} INFO - Processing file /home/airflow/.local/lib/python3.12/site-packages/airflow/example_dags/example_inlet_event_extra.py for tasks to queue
[2024-12-30T06:56:42.830+0000] {logging_mixin.py:190} INFO - [2024-12-30T06:56:42.829+0000] {dagbag.py:588} INFO - Filling up the DagBag from /home/airflow/.local/lib/python3.12/site-packages/airflow/example_dags/example_inlet_event_extra.py
[2024-12-30T06:56:43.272+0000] {processor.py:925} INFO - DAG(s) 'read_dataset_event', 'read_dataset_event_from_classic' retrieved from /home/airflow/.local/lib/python3.12/site-packages/airflow/example_dags/example_inlet_event_extra.py
[2024-12-30T06:56:43.284+0000] {logging_mixin.py:190} INFO - [2024-12-30T06:56:43.284+0000] {dag.py:3239} INFO - Sync 2 DAGs
[2024-12-30T06:56:43.299+0000] {logging_mixin.py:190} INFO - [2024-12-30T06:56:43.299+0000] {dag.py:4180} INFO - Setting next_dagrun for read_dataset_event to 2024-12-29 00:00:00+00:00, run_after=2024-12-30 00:00:00+00:00
[2024-12-30T06:56:43.302+0000] {logging_mixin.py:190} INFO - [2024-12-30T06:56:43.302+0000] {dag.py:4180} INFO - Setting next_dagrun for read_dataset_event_from_classic to 2024-12-29 00:00:00+00:00, run_after=2024-12-30 00:00:00+00:00
[2024-12-30T06:56:43.313+0000] {processor.py:208} INFO - Processing /home/airflow/.local/lib/python3.12/site-packages/airflow/example_dags/example_inlet_event_extra.py took 0.491 seconds
