[2024-12-30T05:45:58.000+0000] {processor.py:186} INFO - Started process (PID=93) to work on /home/airflow/.local/lib/python3.12/site-packages/airflow/example_dags/example_bash_decorator.py
[2024-12-30T05:45:58.001+0000] {processor.py:914} INFO - Processing file /home/airflow/.local/lib/python3.12/site-packages/airflow/example_dags/example_bash_decorator.py for tasks to queue
[2024-12-30T05:45:58.003+0000] {logging_mixin.py:190} INFO - [2024-12-30T05:45:58.002+0000] {dagbag.py:588} INFO - Filling up the DagBag from /home/airflow/.local/lib/python3.12/site-packages/airflow/example_dags/example_bash_decorator.py
[2024-12-30T05:45:58.018+0000] {processor.py:925} INFO - DAG(s) 'example_bash_decorator' retrieved from /home/airflow/.local/lib/python3.12/site-packages/airflow/example_dags/example_bash_decorator.py
[2024-12-30T05:45:58.109+0000] {logging_mixin.py:190} INFO - [2024-12-30T05:45:58.109+0000] {override.py:1911} INFO - Created Permission View: can read on DAG:example_bash_decorator
[2024-12-30T05:45:58.120+0000] {logging_mixin.py:190} INFO - [2024-12-30T05:45:58.120+0000] {override.py:1911} INFO - Created Permission View: can delete on DAG:example_bash_decorator
[2024-12-30T05:45:58.126+0000] {logging_mixin.py:190} INFO - [2024-12-30T05:45:58.125+0000] {override.py:1911} INFO - Created Permission View: can edit on DAG:example_bash_decorator
[2024-12-30T05:45:58.134+0000] {logging_mixin.py:190} INFO - [2024-12-30T05:45:58.134+0000] {override.py:1911} INFO - Created Permission View: can read on DAG Run:example_bash_decorator
[2024-12-30T05:45:58.141+0000] {logging_mixin.py:190} INFO - [2024-12-30T05:45:58.141+0000] {override.py:1911} INFO - Created Permission View: can create on DAG Run:example_bash_decorator
[2024-12-30T05:45:58.148+0000] {logging_mixin.py:190} INFO - [2024-12-30T05:45:58.147+0000] {override.py:1911} INFO - Created Permission View: can delete on DAG Run:example_bash_decorator
[2024-12-30T05:45:58.157+0000] {logging_mixin.py:190} INFO - [2024-12-30T05:45:58.157+0000] {override.py:1911} INFO - Created Permission View: menu access on DAG Run:example_bash_decorator
[2024-12-30T05:45:58.158+0000] {logging_mixin.py:190} INFO - [2024-12-30T05:45:58.158+0000] {dag.py:3239} INFO - Sync 1 DAGs
[2024-12-30T05:45:58.170+0000] {logging_mixin.py:190} INFO - [2024-12-30T05:45:58.170+0000] {dag.py:3262} INFO - Creating ORM DAG for example_bash_decorator
[2024-12-30T05:45:58.171+0000] {logging_mixin.py:190} INFO - [2024-12-30T05:45:58.171+0000] {dag.py:4180} INFO - Setting next_dagrun for example_bash_decorator to None, run_after=None
[2024-12-30T05:45:58.186+0000] {processor.py:208} INFO - Processing /home/airflow/.local/lib/python3.12/site-packages/airflow/example_dags/example_bash_decorator.py took 0.192 seconds
[2024-12-30T05:47:17.653+0000] {processor.py:186} INFO - Started process (PID=156) to work on /home/airflow/.local/lib/python3.12/site-packages/airflow/example_dags/example_bash_decorator.py
[2024-12-30T05:47:17.717+0000] {processor.py:914} INFO - Processing file /home/airflow/.local/lib/python3.12/site-packages/airflow/example_dags/example_bash_decorator.py for tasks to queue
[2024-12-30T05:47:17.720+0000] {logging_mixin.py:190} INFO - [2024-12-30T05:47:17.720+0000] {dagbag.py:588} INFO - Filling up the DagBag from /home/airflow/.local/lib/python3.12/site-packages/airflow/example_dags/example_bash_decorator.py
[2024-12-30T05:47:18.245+0000] {processor.py:925} INFO - DAG(s) 'example_bash_decorator' retrieved from /home/airflow/.local/lib/python3.12/site-packages/airflow/example_dags/example_bash_decorator.py
[2024-12-30T05:47:22.775+0000] {logging_mixin.py:190} INFO - [2024-12-30T05:47:22.775+0000] {dag.py:3239} INFO - Sync 1 DAGs
[2024-12-30T05:47:23.082+0000] {logging_mixin.py:190} INFO - [2024-12-30T05:47:23.082+0000] {dag.py:4180} INFO - Setting next_dagrun for example_bash_decorator to None, run_after=None
[2024-12-30T05:47:23.307+0000] {processor.py:208} INFO - Processing /home/airflow/.local/lib/python3.12/site-packages/airflow/example_dags/example_bash_decorator.py took 5.906 seconds
[2024-12-30T05:50:31.072+0000] {processor.py:186} INFO - Started process (PID=251) to work on /home/airflow/.local/lib/python3.12/site-packages/airflow/example_dags/example_bash_decorator.py
[2024-12-30T05:50:31.073+0000] {processor.py:914} INFO - Processing file /home/airflow/.local/lib/python3.12/site-packages/airflow/example_dags/example_bash_decorator.py for tasks to queue
[2024-12-30T05:50:31.074+0000] {logging_mixin.py:190} INFO - [2024-12-30T05:50:31.074+0000] {dagbag.py:588} INFO - Filling up the DagBag from /home/airflow/.local/lib/python3.12/site-packages/airflow/example_dags/example_bash_decorator.py
[2024-12-30T05:50:31.088+0000] {processor.py:925} INFO - DAG(s) 'example_bash_decorator' retrieved from /home/airflow/.local/lib/python3.12/site-packages/airflow/example_dags/example_bash_decorator.py
[2024-12-30T05:50:31.106+0000] {logging_mixin.py:190} INFO - [2024-12-30T05:50:31.106+0000] {dag.py:3239} INFO - Sync 1 DAGs
[2024-12-30T05:50:31.116+0000] {logging_mixin.py:190} INFO - [2024-12-30T05:50:31.116+0000] {dag.py:4180} INFO - Setting next_dagrun for example_bash_decorator to None, run_after=None
[2024-12-30T05:50:31.131+0000] {processor.py:208} INFO - Processing /home/airflow/.local/lib/python3.12/site-packages/airflow/example_dags/example_bash_decorator.py took 0.065 seconds
[2024-12-30T05:52:05.245+0000] {processor.py:186} INFO - Started process (PID=309) to work on /home/airflow/.local/lib/python3.12/site-packages/airflow/example_dags/example_bash_decorator.py
[2024-12-30T05:52:05.247+0000] {processor.py:914} INFO - Processing file /home/airflow/.local/lib/python3.12/site-packages/airflow/example_dags/example_bash_decorator.py for tasks to queue
[2024-12-30T05:52:05.248+0000] {logging_mixin.py:190} INFO - [2024-12-30T05:52:05.247+0000] {dagbag.py:588} INFO - Filling up the DagBag from /home/airflow/.local/lib/python3.12/site-packages/airflow/example_dags/example_bash_decorator.py
[2024-12-30T05:52:05.396+0000] {processor.py:925} INFO - DAG(s) 'example_bash_decorator' retrieved from /home/airflow/.local/lib/python3.12/site-packages/airflow/example_dags/example_bash_decorator.py
[2024-12-30T05:52:05.414+0000] {logging_mixin.py:190} INFO - [2024-12-30T05:52:05.414+0000] {dag.py:3239} INFO - Sync 1 DAGs
[2024-12-30T05:52:05.424+0000] {logging_mixin.py:190} INFO - [2024-12-30T05:52:05.424+0000] {dag.py:4180} INFO - Setting next_dagrun for example_bash_decorator to None, run_after=None
[2024-12-30T05:52:05.478+0000] {processor.py:208} INFO - Processing /home/airflow/.local/lib/python3.12/site-packages/airflow/example_dags/example_bash_decorator.py took 0.238 seconds
[2024-12-30T05:52:36.003+0000] {processor.py:186} INFO - Started process (PID=371) to work on /home/airflow/.local/lib/python3.12/site-packages/airflow/example_dags/example_bash_decorator.py
[2024-12-30T05:52:36.005+0000] {processor.py:914} INFO - Processing file /home/airflow/.local/lib/python3.12/site-packages/airflow/example_dags/example_bash_decorator.py for tasks to queue
[2024-12-30T05:52:36.006+0000] {logging_mixin.py:190} INFO - [2024-12-30T05:52:36.006+0000] {dagbag.py:588} INFO - Filling up the DagBag from /home/airflow/.local/lib/python3.12/site-packages/airflow/example_dags/example_bash_decorator.py
[2024-12-30T05:52:36.083+0000] {processor.py:925} INFO - DAG(s) 'example_bash_decorator' retrieved from /home/airflow/.local/lib/python3.12/site-packages/airflow/example_dags/example_bash_decorator.py
[2024-12-30T05:52:36.107+0000] {logging_mixin.py:190} INFO - [2024-12-30T05:52:36.106+0000] {dag.py:3239} INFO - Sync 1 DAGs
[2024-12-30T05:52:36.119+0000] {logging_mixin.py:190} INFO - [2024-12-30T05:52:36.119+0000] {dag.py:4180} INFO - Setting next_dagrun for example_bash_decorator to None, run_after=None
[2024-12-30T05:52:36.149+0000] {processor.py:208} INFO - Processing /home/airflow/.local/lib/python3.12/site-packages/airflow/example_dags/example_bash_decorator.py took 0.151 seconds
[2024-12-30T05:53:07.051+0000] {processor.py:186} INFO - Started process (PID=433) to work on /home/airflow/.local/lib/python3.12/site-packages/airflow/example_dags/example_bash_decorator.py
[2024-12-30T05:53:07.052+0000] {processor.py:914} INFO - Processing file /home/airflow/.local/lib/python3.12/site-packages/airflow/example_dags/example_bash_decorator.py for tasks to queue
[2024-12-30T05:53:07.053+0000] {logging_mixin.py:190} INFO - [2024-12-30T05:53:07.053+0000] {dagbag.py:588} INFO - Filling up the DagBag from /home/airflow/.local/lib/python3.12/site-packages/airflow/example_dags/example_bash_decorator.py
[2024-12-30T05:53:07.067+0000] {processor.py:925} INFO - DAG(s) 'example_bash_decorator' retrieved from /home/airflow/.local/lib/python3.12/site-packages/airflow/example_dags/example_bash_decorator.py
[2024-12-30T05:53:07.085+0000] {logging_mixin.py:190} INFO - [2024-12-30T05:53:07.085+0000] {dag.py:3239} INFO - Sync 1 DAGs
[2024-12-30T05:53:07.097+0000] {logging_mixin.py:190} INFO - [2024-12-30T05:53:07.097+0000] {dag.py:4180} INFO - Setting next_dagrun for example_bash_decorator to None, run_after=None
[2024-12-30T05:53:07.110+0000] {processor.py:208} INFO - Processing /home/airflow/.local/lib/python3.12/site-packages/airflow/example_dags/example_bash_decorator.py took 0.064 seconds
[2024-12-30T05:53:38.004+0000] {processor.py:186} INFO - Started process (PID=496) to work on /home/airflow/.local/lib/python3.12/site-packages/airflow/example_dags/example_bash_decorator.py
[2024-12-30T05:53:38.005+0000] {processor.py:914} INFO - Processing file /home/airflow/.local/lib/python3.12/site-packages/airflow/example_dags/example_bash_decorator.py for tasks to queue
[2024-12-30T05:53:38.006+0000] {logging_mixin.py:190} INFO - [2024-12-30T05:53:38.006+0000] {dagbag.py:588} INFO - Filling up the DagBag from /home/airflow/.local/lib/python3.12/site-packages/airflow/example_dags/example_bash_decorator.py
[2024-12-30T05:53:38.020+0000] {processor.py:925} INFO - DAG(s) 'example_bash_decorator' retrieved from /home/airflow/.local/lib/python3.12/site-packages/airflow/example_dags/example_bash_decorator.py
[2024-12-30T05:53:38.037+0000] {logging_mixin.py:190} INFO - [2024-12-30T05:53:38.036+0000] {dag.py:3239} INFO - Sync 1 DAGs
[2024-12-30T05:53:38.047+0000] {logging_mixin.py:190} INFO - [2024-12-30T05:53:38.047+0000] {dag.py:4180} INFO - Setting next_dagrun for example_bash_decorator to None, run_after=None
[2024-12-30T05:53:38.061+0000] {processor.py:208} INFO - Processing /home/airflow/.local/lib/python3.12/site-packages/airflow/example_dags/example_bash_decorator.py took 0.064 seconds
[2024-12-30T06:07:24.777+0000] {processor.py:186} INFO - Started process (PID=539) to work on /home/airflow/.local/lib/python3.12/site-packages/airflow/example_dags/example_bash_decorator.py
[2024-12-30T06:07:24.830+0000] {processor.py:914} INFO - Processing file /home/airflow/.local/lib/python3.12/site-packages/airflow/example_dags/example_bash_decorator.py for tasks to queue
[2024-12-30T06:07:24.833+0000] {logging_mixin.py:190} INFO - [2024-12-30T06:07:24.832+0000] {dagbag.py:588} INFO - Filling up the DagBag from /home/airflow/.local/lib/python3.12/site-packages/airflow/example_dags/example_bash_decorator.py
[2024-12-30T06:07:24.852+0000] {processor.py:925} INFO - DAG(s) 'example_bash_decorator' retrieved from /home/airflow/.local/lib/python3.12/site-packages/airflow/example_dags/example_bash_decorator.py
[2024-12-30T06:07:24.868+0000] {logging_mixin.py:190} INFO - [2024-12-30T06:07:24.868+0000] {dag.py:3239} INFO - Sync 1 DAGs
[2024-12-30T06:07:24.935+0000] {logging_mixin.py:190} INFO - [2024-12-30T06:07:24.935+0000] {dag.py:4180} INFO - Setting next_dagrun for example_bash_decorator to None, run_after=None
[2024-12-30T06:07:24.951+0000] {processor.py:208} INFO - Processing /home/airflow/.local/lib/python3.12/site-packages/airflow/example_dags/example_bash_decorator.py took 0.178 seconds
[2024-12-30T06:40:37.217+0000] {processor.py:186} INFO - Started process (PID=94) to work on /home/airflow/.local/lib/python3.12/site-packages/airflow/example_dags/example_bash_decorator.py
[2024-12-30T06:40:37.218+0000] {processor.py:914} INFO - Processing file /home/airflow/.local/lib/python3.12/site-packages/airflow/example_dags/example_bash_decorator.py for tasks to queue
[2024-12-30T06:40:37.224+0000] {logging_mixin.py:190} INFO - [2024-12-30T06:40:37.223+0000] {dagbag.py:588} INFO - Filling up the DagBag from /home/airflow/.local/lib/python3.12/site-packages/airflow/example_dags/example_bash_decorator.py
[2024-12-30T06:40:37.247+0000] {processor.py:925} INFO - DAG(s) 'example_bash_decorator' retrieved from /home/airflow/.local/lib/python3.12/site-packages/airflow/example_dags/example_bash_decorator.py
[2024-12-30T06:40:37.356+0000] {logging_mixin.py:190} INFO - [2024-12-30T06:40:37.355+0000] {override.py:1911} INFO - Created Permission View: can delete on DAG:example_bash_decorator
[2024-12-30T06:40:37.368+0000] {logging_mixin.py:190} INFO - [2024-12-30T06:40:37.368+0000] {override.py:1911} INFO - Created Permission View: can edit on DAG:example_bash_decorator
[2024-12-30T06:40:37.377+0000] {logging_mixin.py:190} INFO - [2024-12-30T06:40:37.376+0000] {override.py:1911} INFO - Created Permission View: can read on DAG:example_bash_decorator
[2024-12-30T06:40:37.387+0000] {logging_mixin.py:190} INFO - [2024-12-30T06:40:37.387+0000] {override.py:1911} INFO - Created Permission View: can delete on DAG Run:example_bash_decorator
[2024-12-30T06:40:37.395+0000] {logging_mixin.py:190} INFO - [2024-12-30T06:40:37.395+0000] {override.py:1911} INFO - Created Permission View: can create on DAG Run:example_bash_decorator
[2024-12-30T06:40:37.404+0000] {logging_mixin.py:190} INFO - [2024-12-30T06:40:37.404+0000] {override.py:1911} INFO - Created Permission View: menu access on DAG Run:example_bash_decorator
[2024-12-30T06:40:37.411+0000] {logging_mixin.py:190} INFO - [2024-12-30T06:40:37.411+0000] {override.py:1911} INFO - Created Permission View: can read on DAG Run:example_bash_decorator
[2024-12-30T06:40:37.412+0000] {logging_mixin.py:190} INFO - [2024-12-30T06:40:37.412+0000] {dag.py:3239} INFO - Sync 1 DAGs
[2024-12-30T06:40:37.423+0000] {logging_mixin.py:190} INFO - [2024-12-30T06:40:37.422+0000] {dag.py:3262} INFO - Creating ORM DAG for example_bash_decorator
[2024-12-30T06:40:37.424+0000] {logging_mixin.py:190} INFO - [2024-12-30T06:40:37.424+0000] {dag.py:4180} INFO - Setting next_dagrun for example_bash_decorator to None, run_after=None
[2024-12-30T06:40:37.441+0000] {processor.py:208} INFO - Processing /home/airflow/.local/lib/python3.12/site-packages/airflow/example_dags/example_bash_decorator.py took 0.232 seconds
[2024-12-30T06:41:08.388+0000] {processor.py:186} INFO - Started process (PID=156) to work on /home/airflow/.local/lib/python3.12/site-packages/airflow/example_dags/example_bash_decorator.py
[2024-12-30T06:41:08.389+0000] {processor.py:914} INFO - Processing file /home/airflow/.local/lib/python3.12/site-packages/airflow/example_dags/example_bash_decorator.py for tasks to queue
[2024-12-30T06:41:08.390+0000] {logging_mixin.py:190} INFO - [2024-12-30T06:41:08.390+0000] {dagbag.py:588} INFO - Filling up the DagBag from /home/airflow/.local/lib/python3.12/site-packages/airflow/example_dags/example_bash_decorator.py
[2024-12-30T06:41:08.404+0000] {processor.py:925} INFO - DAG(s) 'example_bash_decorator' retrieved from /home/airflow/.local/lib/python3.12/site-packages/airflow/example_dags/example_bash_decorator.py
[2024-12-30T06:41:08.418+0000] {logging_mixin.py:190} INFO - [2024-12-30T06:41:08.418+0000] {dag.py:3239} INFO - Sync 1 DAGs
[2024-12-30T06:41:08.427+0000] {logging_mixin.py:190} INFO - [2024-12-30T06:41:08.427+0000] {dag.py:4180} INFO - Setting next_dagrun for example_bash_decorator to None, run_after=None
[2024-12-30T06:41:08.439+0000] {processor.py:208} INFO - Processing /home/airflow/.local/lib/python3.12/site-packages/airflow/example_dags/example_bash_decorator.py took 0.055 seconds
[2024-12-30T06:41:39.320+0000] {processor.py:186} INFO - Started process (PID=219) to work on /home/airflow/.local/lib/python3.12/site-packages/airflow/example_dags/example_bash_decorator.py
[2024-12-30T06:41:39.321+0000] {processor.py:914} INFO - Processing file /home/airflow/.local/lib/python3.12/site-packages/airflow/example_dags/example_bash_decorator.py for tasks to queue
[2024-12-30T06:41:39.323+0000] {logging_mixin.py:190} INFO - [2024-12-30T06:41:39.323+0000] {dagbag.py:588} INFO - Filling up the DagBag from /home/airflow/.local/lib/python3.12/site-packages/airflow/example_dags/example_bash_decorator.py
[2024-12-30T06:41:39.332+0000] {processor.py:925} INFO - DAG(s) 'example_bash_decorator' retrieved from /home/airflow/.local/lib/python3.12/site-packages/airflow/example_dags/example_bash_decorator.py
[2024-12-30T06:41:39.346+0000] {logging_mixin.py:190} INFO - [2024-12-30T06:41:39.346+0000] {dag.py:3239} INFO - Sync 1 DAGs
[2024-12-30T06:41:39.355+0000] {logging_mixin.py:190} INFO - [2024-12-30T06:41:39.354+0000] {dag.py:4180} INFO - Setting next_dagrun for example_bash_decorator to None, run_after=None
[2024-12-30T06:41:39.366+0000] {processor.py:208} INFO - Processing /home/airflow/.local/lib/python3.12/site-packages/airflow/example_dags/example_bash_decorator.py took 0.050 seconds
[2024-12-30T06:56:38.931+0000] {processor.py:186} INFO - Started process (PID=91) to work on /home/airflow/.local/lib/python3.12/site-packages/airflow/example_dags/example_bash_decorator.py
[2024-12-30T06:56:38.935+0000] {processor.py:914} INFO - Processing file /home/airflow/.local/lib/python3.12/site-packages/airflow/example_dags/example_bash_decorator.py for tasks to queue
[2024-12-30T06:56:38.936+0000] {logging_mixin.py:190} INFO - [2024-12-30T06:56:38.936+0000] {dagbag.py:588} INFO - Filling up the DagBag from /home/airflow/.local/lib/python3.12/site-packages/airflow/example_dags/example_bash_decorator.py
[2024-12-30T06:56:38.953+0000] {processor.py:925} INFO - DAG(s) 'example_bash_decorator' retrieved from /home/airflow/.local/lib/python3.12/site-packages/airflow/example_dags/example_bash_decorator.py
[2024-12-30T06:56:39.020+0000] {logging_mixin.py:190} INFO - [2024-12-30T06:56:39.020+0000] {dag.py:3239} INFO - Sync 1 DAGs
[2024-12-30T06:56:39.029+0000] {logging_mixin.py:190} INFO - [2024-12-30T06:56:39.029+0000] {dag.py:4180} INFO - Setting next_dagrun for example_bash_decorator to None, run_after=None
[2024-12-30T06:56:39.052+0000] {processor.py:208} INFO - Processing /home/airflow/.local/lib/python3.12/site-packages/airflow/example_dags/example_bash_decorator.py took 0.125 seconds
[2024-12-30T06:57:09.673+0000] {processor.py:186} INFO - Started process (PID=153) to work on /home/airflow/.local/lib/python3.12/site-packages/airflow/example_dags/example_bash_decorator.py
[2024-12-30T06:57:09.684+0000] {processor.py:914} INFO - Processing file /home/airflow/.local/lib/python3.12/site-packages/airflow/example_dags/example_bash_decorator.py for tasks to queue
[2024-12-30T06:57:09.686+0000] {logging_mixin.py:190} INFO - [2024-12-30T06:57:09.686+0000] {dagbag.py:588} INFO - Filling up the DagBag from /home/airflow/.local/lib/python3.12/site-packages/airflow/example_dags/example_bash_decorator.py
[2024-12-30T06:57:09.709+0000] {processor.py:925} INFO - DAG(s) 'example_bash_decorator' retrieved from /home/airflow/.local/lib/python3.12/site-packages/airflow/example_dags/example_bash_decorator.py
[2024-12-30T06:57:09.725+0000] {logging_mixin.py:190} INFO - [2024-12-30T06:57:09.725+0000] {dag.py:3239} INFO - Sync 1 DAGs
[2024-12-30T06:57:09.735+0000] {logging_mixin.py:190} INFO - [2024-12-30T06:57:09.735+0000] {dag.py:4180} INFO - Setting next_dagrun for example_bash_decorator to None, run_after=None
[2024-12-30T06:57:09.766+0000] {processor.py:208} INFO - Processing /home/airflow/.local/lib/python3.12/site-packages/airflow/example_dags/example_bash_decorator.py took 0.098 seconds
