[2024-12-30T05:45:56.983+0000] {processor.py:186} INFO - Started process (PID=91) to work on /home/airflow/.local/lib/python3.12/site-packages/airflow/example_dags/example_sensor_decorator.py
[2024-12-30T05:45:56.983+0000] {processor.py:914} INFO - Processing file /home/airflow/.local/lib/python3.12/site-packages/airflow/example_dags/example_sensor_decorator.py for tasks to queue
[2024-12-30T05:45:56.986+0000] {logging_mixin.py:190} INFO - [2024-12-30T05:45:56.985+0000] {dagbag.py:588} INFO - Filling up the DagBag from /home/airflow/.local/lib/python3.12/site-packages/airflow/example_dags/example_sensor_decorator.py
[2024-12-30T05:45:56.995+0000] {processor.py:925} INFO - DAG(s) 'example_sensor_decorator' retrieved from /home/airflow/.local/lib/python3.12/site-packages/airflow/example_dags/example_sensor_decorator.py
[2024-12-30T05:45:57.083+0000] {logging_mixin.py:190} INFO - [2024-12-30T05:45:57.083+0000] {override.py:1911} INFO - Created Permission View: can read on DAG:example_sensor_decorator
[2024-12-30T05:45:57.093+0000] {logging_mixin.py:190} INFO - [2024-12-30T05:45:57.093+0000] {override.py:1911} INFO - Created Permission View: can delete on DAG:example_sensor_decorator
[2024-12-30T05:45:57.100+0000] {logging_mixin.py:190} INFO - [2024-12-30T05:45:57.100+0000] {override.py:1911} INFO - Created Permission View: can edit on DAG:example_sensor_decorator
[2024-12-30T05:45:57.106+0000] {logging_mixin.py:190} INFO - [2024-12-30T05:45:57.106+0000] {override.py:1911} INFO - Created Permission View: can read on DAG Run:example_sensor_decorator
[2024-12-30T05:45:57.112+0000] {logging_mixin.py:190} INFO - [2024-12-30T05:45:57.111+0000] {override.py:1911} INFO - Created Permission View: can create on DAG Run:example_sensor_decorator
[2024-12-30T05:45:57.118+0000] {logging_mixin.py:190} INFO - [2024-12-30T05:45:57.118+0000] {override.py:1911} INFO - Created Permission View: can delete on DAG Run:example_sensor_decorator
[2024-12-30T05:45:57.122+0000] {logging_mixin.py:190} INFO - [2024-12-30T05:45:57.122+0000] {override.py:1911} INFO - Created Permission View: menu access on DAG Run:example_sensor_decorator
[2024-12-30T05:45:57.123+0000] {logging_mixin.py:190} INFO - [2024-12-30T05:45:57.123+0000] {dag.py:3239} INFO - Sync 1 DAGs
[2024-12-30T05:45:57.133+0000] {logging_mixin.py:190} INFO - [2024-12-30T05:45:57.133+0000] {dag.py:3262} INFO - Creating ORM DAG for example_sensor_decorator
[2024-12-30T05:45:57.134+0000] {logging_mixin.py:190} INFO - [2024-12-30T05:45:57.134+0000] {dag.py:4180} INFO - Setting next_dagrun for example_sensor_decorator to None, run_after=None
[2024-12-30T05:45:57.148+0000] {processor.py:208} INFO - Processing /home/airflow/.local/lib/python3.12/site-packages/airflow/example_dags/example_sensor_decorator.py took 0.170 seconds
[2024-12-30T05:46:27.626+0000] {processor.py:186} INFO - Started process (PID=154) to work on /home/airflow/.local/lib/python3.12/site-packages/airflow/example_dags/example_sensor_decorator.py
[2024-12-30T05:46:27.627+0000] {processor.py:914} INFO - Processing file /home/airflow/.local/lib/python3.12/site-packages/airflow/example_dags/example_sensor_decorator.py for tasks to queue
[2024-12-30T05:46:27.629+0000] {logging_mixin.py:190} INFO - [2024-12-30T05:46:27.629+0000] {dagbag.py:588} INFO - Filling up the DagBag from /home/airflow/.local/lib/python3.12/site-packages/airflow/example_dags/example_sensor_decorator.py
[2024-12-30T05:46:27.637+0000] {processor.py:925} INFO - DAG(s) 'example_sensor_decorator' retrieved from /home/airflow/.local/lib/python3.12/site-packages/airflow/example_dags/example_sensor_decorator.py
[2024-12-30T05:46:27.665+0000] {logging_mixin.py:190} INFO - [2024-12-30T05:46:27.664+0000] {dag.py:3239} INFO - Sync 1 DAGs
[2024-12-30T05:46:27.702+0000] {logging_mixin.py:190} INFO - [2024-12-30T05:46:27.701+0000] {dag.py:4180} INFO - Setting next_dagrun for example_sensor_decorator to None, run_after=None
[2024-12-30T05:46:27.732+0000] {processor.py:208} INFO - Processing /home/airflow/.local/lib/python3.12/site-packages/airflow/example_dags/example_sensor_decorator.py took 0.111 seconds
[2024-12-30T05:47:28.470+0000] {processor.py:186} INFO - Started process (PID=184) to work on /home/airflow/.local/lib/python3.12/site-packages/airflow/example_dags/example_sensor_decorator.py
[2024-12-30T05:47:28.473+0000] {processor.py:914} INFO - Processing file /home/airflow/.local/lib/python3.12/site-packages/airflow/example_dags/example_sensor_decorator.py for tasks to queue
[2024-12-30T05:47:28.474+0000] {logging_mixin.py:190} INFO - [2024-12-30T05:47:28.474+0000] {dagbag.py:588} INFO - Filling up the DagBag from /home/airflow/.local/lib/python3.12/site-packages/airflow/example_dags/example_sensor_decorator.py
[2024-12-30T05:47:28.559+0000] {processor.py:925} INFO - DAG(s) 'example_sensor_decorator' retrieved from /home/airflow/.local/lib/python3.12/site-packages/airflow/example_dags/example_sensor_decorator.py
[2024-12-30T05:47:28.632+0000] {logging_mixin.py:190} INFO - [2024-12-30T05:47:28.632+0000] {dag.py:3239} INFO - Sync 1 DAGs
[2024-12-30T05:47:28.644+0000] {logging_mixin.py:190} INFO - [2024-12-30T05:47:28.644+0000] {dag.py:4180} INFO - Setting next_dagrun for example_sensor_decorator to None, run_after=None
[2024-12-30T05:47:28.710+0000] {processor.py:208} INFO - Processing /home/airflow/.local/lib/python3.12/site-packages/airflow/example_dags/example_sensor_decorator.py took 0.246 seconds
[2024-12-30T05:50:30.984+0000] {processor.py:186} INFO - Started process (PID=249) to work on /home/airflow/.local/lib/python3.12/site-packages/airflow/example_dags/example_sensor_decorator.py
[2024-12-30T05:50:30.985+0000] {processor.py:914} INFO - Processing file /home/airflow/.local/lib/python3.12/site-packages/airflow/example_dags/example_sensor_decorator.py for tasks to queue
[2024-12-30T05:50:30.988+0000] {logging_mixin.py:190} INFO - [2024-12-30T05:50:30.987+0000] {dagbag.py:588} INFO - Filling up the DagBag from /home/airflow/.local/lib/python3.12/site-packages/airflow/example_dags/example_sensor_decorator.py
[2024-12-30T05:50:30.996+0000] {processor.py:925} INFO - DAG(s) 'example_sensor_decorator' retrieved from /home/airflow/.local/lib/python3.12/site-packages/airflow/example_dags/example_sensor_decorator.py
[2024-12-30T05:50:31.013+0000] {logging_mixin.py:190} INFO - [2024-12-30T05:50:31.013+0000] {dag.py:3239} INFO - Sync 1 DAGs
[2024-12-30T05:50:31.025+0000] {logging_mixin.py:190} INFO - [2024-12-30T05:50:31.025+0000] {dag.py:4180} INFO - Setting next_dagrun for example_sensor_decorator to None, run_after=None
[2024-12-30T05:50:31.040+0000] {processor.py:208} INFO - Processing /home/airflow/.local/lib/python3.12/site-packages/airflow/example_dags/example_sensor_decorator.py took 0.061 seconds
[2024-12-30T05:52:04.816+0000] {processor.py:186} INFO - Started process (PID=307) to work on /home/airflow/.local/lib/python3.12/site-packages/airflow/example_dags/example_sensor_decorator.py
[2024-12-30T05:52:04.817+0000] {processor.py:914} INFO - Processing file /home/airflow/.local/lib/python3.12/site-packages/airflow/example_dags/example_sensor_decorator.py for tasks to queue
[2024-12-30T05:52:04.818+0000] {logging_mixin.py:190} INFO - [2024-12-30T05:52:04.818+0000] {dagbag.py:588} INFO - Filling up the DagBag from /home/airflow/.local/lib/python3.12/site-packages/airflow/example_dags/example_sensor_decorator.py
[2024-12-30T05:52:04.833+0000] {processor.py:925} INFO - DAG(s) 'example_sensor_decorator' retrieved from /home/airflow/.local/lib/python3.12/site-packages/airflow/example_dags/example_sensor_decorator.py
[2024-12-30T05:52:04.913+0000] {logging_mixin.py:190} INFO - [2024-12-30T05:52:04.912+0000] {dag.py:3239} INFO - Sync 1 DAGs
[2024-12-30T05:52:04.985+0000] {logging_mixin.py:190} INFO - [2024-12-30T05:52:04.984+0000] {dag.py:4180} INFO - Setting next_dagrun for example_sensor_decorator to None, run_after=None
[2024-12-30T05:52:05.148+0000] {processor.py:208} INFO - Processing /home/airflow/.local/lib/python3.12/site-packages/airflow/example_dags/example_sensor_decorator.py took 0.337 seconds
[2024-12-30T05:52:35.758+0000] {processor.py:186} INFO - Started process (PID=370) to work on /home/airflow/.local/lib/python3.12/site-packages/airflow/example_dags/example_sensor_decorator.py
[2024-12-30T05:52:35.758+0000] {processor.py:914} INFO - Processing file /home/airflow/.local/lib/python3.12/site-packages/airflow/example_dags/example_sensor_decorator.py for tasks to queue
[2024-12-30T05:52:35.759+0000] {logging_mixin.py:190} INFO - [2024-12-30T05:52:35.759+0000] {dagbag.py:588} INFO - Filling up the DagBag from /home/airflow/.local/lib/python3.12/site-packages/airflow/example_dags/example_sensor_decorator.py
[2024-12-30T05:52:35.824+0000] {processor.py:925} INFO - DAG(s) 'example_sensor_decorator' retrieved from /home/airflow/.local/lib/python3.12/site-packages/airflow/example_dags/example_sensor_decorator.py
[2024-12-30T05:52:35.849+0000] {logging_mixin.py:190} INFO - [2024-12-30T05:52:35.848+0000] {dag.py:3239} INFO - Sync 1 DAGs
[2024-12-30T05:52:35.860+0000] {logging_mixin.py:190} INFO - [2024-12-30T05:52:35.860+0000] {dag.py:4180} INFO - Setting next_dagrun for example_sensor_decorator to None, run_after=None
[2024-12-30T05:52:35.916+0000] {processor.py:208} INFO - Processing /home/airflow/.local/lib/python3.12/site-packages/airflow/example_dags/example_sensor_decorator.py took 0.163 seconds
[2024-12-30T05:53:06.039+0000] {processor.py:186} INFO - Started process (PID=432) to work on /home/airflow/.local/lib/python3.12/site-packages/airflow/example_dags/example_sensor_decorator.py
[2024-12-30T05:53:06.040+0000] {processor.py:914} INFO - Processing file /home/airflow/.local/lib/python3.12/site-packages/airflow/example_dags/example_sensor_decorator.py for tasks to queue
[2024-12-30T05:53:06.041+0000] {logging_mixin.py:190} INFO - [2024-12-30T05:53:06.041+0000] {dagbag.py:588} INFO - Filling up the DagBag from /home/airflow/.local/lib/python3.12/site-packages/airflow/example_dags/example_sensor_decorator.py
[2024-12-30T05:53:06.047+0000] {processor.py:925} INFO - DAG(s) 'example_sensor_decorator' retrieved from /home/airflow/.local/lib/python3.12/site-packages/airflow/example_dags/example_sensor_decorator.py
[2024-12-30T05:53:06.062+0000] {logging_mixin.py:190} INFO - [2024-12-30T05:53:06.062+0000] {dag.py:3239} INFO - Sync 1 DAGs
[2024-12-30T05:53:06.073+0000] {logging_mixin.py:190} INFO - [2024-12-30T05:53:06.073+0000] {dag.py:4180} INFO - Setting next_dagrun for example_sensor_decorator to None, run_after=None
[2024-12-30T05:53:06.084+0000] {processor.py:208} INFO - Processing /home/airflow/.local/lib/python3.12/site-packages/airflow/example_dags/example_sensor_decorator.py took 0.051 seconds
[2024-12-30T05:53:36.985+0000] {processor.py:186} INFO - Started process (PID=495) to work on /home/airflow/.local/lib/python3.12/site-packages/airflow/example_dags/example_sensor_decorator.py
[2024-12-30T05:53:36.986+0000] {processor.py:914} INFO - Processing file /home/airflow/.local/lib/python3.12/site-packages/airflow/example_dags/example_sensor_decorator.py for tasks to queue
[2024-12-30T05:53:36.987+0000] {logging_mixin.py:190} INFO - [2024-12-30T05:53:36.986+0000] {dagbag.py:588} INFO - Filling up the DagBag from /home/airflow/.local/lib/python3.12/site-packages/airflow/example_dags/example_sensor_decorator.py
[2024-12-30T05:53:36.996+0000] {processor.py:925} INFO - DAG(s) 'example_sensor_decorator' retrieved from /home/airflow/.local/lib/python3.12/site-packages/airflow/example_dags/example_sensor_decorator.py
[2024-12-30T05:53:37.008+0000] {logging_mixin.py:190} INFO - [2024-12-30T05:53:37.008+0000] {dag.py:3239} INFO - Sync 1 DAGs
[2024-12-30T05:53:37.019+0000] {logging_mixin.py:190} INFO - [2024-12-30T05:53:37.019+0000] {dag.py:4180} INFO - Setting next_dagrun for example_sensor_decorator to None, run_after=None
[2024-12-30T05:53:37.031+0000] {processor.py:208} INFO - Processing /home/airflow/.local/lib/python3.12/site-packages/airflow/example_dags/example_sensor_decorator.py took 0.051 seconds
[2024-12-30T06:07:24.566+0000] {processor.py:186} INFO - Started process (PID=538) to work on /home/airflow/.local/lib/python3.12/site-packages/airflow/example_dags/example_sensor_decorator.py
[2024-12-30T06:07:24.567+0000] {processor.py:914} INFO - Processing file /home/airflow/.local/lib/python3.12/site-packages/airflow/example_dags/example_sensor_decorator.py for tasks to queue
[2024-12-30T06:07:24.567+0000] {logging_mixin.py:190} INFO - [2024-12-30T06:07:24.567+0000] {dagbag.py:588} INFO - Filling up the DagBag from /home/airflow/.local/lib/python3.12/site-packages/airflow/example_dags/example_sensor_decorator.py
[2024-12-30T06:07:24.635+0000] {processor.py:925} INFO - DAG(s) 'example_sensor_decorator' retrieved from /home/airflow/.local/lib/python3.12/site-packages/airflow/example_dags/example_sensor_decorator.py
[2024-12-30T06:07:24.652+0000] {logging_mixin.py:190} INFO - [2024-12-30T06:07:24.652+0000] {dag.py:3239} INFO - Sync 1 DAGs
[2024-12-30T06:07:24.662+0000] {logging_mixin.py:190} INFO - [2024-12-30T06:07:24.662+0000] {dag.py:4180} INFO - Setting next_dagrun for example_sensor_decorator to None, run_after=None
[2024-12-30T06:07:24.745+0000] {processor.py:208} INFO - Processing /home/airflow/.local/lib/python3.12/site-packages/airflow/example_dags/example_sensor_decorator.py took 0.184 seconds
[2024-12-30T06:40:36.933+0000] {processor.py:186} INFO - Started process (PID=92) to work on /home/airflow/.local/lib/python3.12/site-packages/airflow/example_dags/example_sensor_decorator.py
[2024-12-30T06:40:36.935+0000] {processor.py:914} INFO - Processing file /home/airflow/.local/lib/python3.12/site-packages/airflow/example_dags/example_sensor_decorator.py for tasks to queue
[2024-12-30T06:40:36.937+0000] {logging_mixin.py:190} INFO - [2024-12-30T06:40:36.936+0000] {dagbag.py:588} INFO - Filling up the DagBag from /home/airflow/.local/lib/python3.12/site-packages/airflow/example_dags/example_sensor_decorator.py
[2024-12-30T06:40:36.944+0000] {processor.py:925} INFO - DAG(s) 'example_sensor_decorator' retrieved from /home/airflow/.local/lib/python3.12/site-packages/airflow/example_dags/example_sensor_decorator.py
[2024-12-30T06:40:37.048+0000] {logging_mixin.py:190} INFO - [2024-12-30T06:40:37.047+0000] {override.py:1911} INFO - Created Permission View: can delete on DAG:example_sensor_decorator
[2024-12-30T06:40:37.058+0000] {logging_mixin.py:190} INFO - [2024-12-30T06:40:37.058+0000] {override.py:1911} INFO - Created Permission View: can edit on DAG:example_sensor_decorator
[2024-12-30T06:40:37.067+0000] {logging_mixin.py:190} INFO - [2024-12-30T06:40:37.067+0000] {override.py:1911} INFO - Created Permission View: can read on DAG:example_sensor_decorator
[2024-12-30T06:40:37.080+0000] {logging_mixin.py:190} INFO - [2024-12-30T06:40:37.078+0000] {override.py:1911} INFO - Created Permission View: can delete on DAG Run:example_sensor_decorator
[2024-12-30T06:40:37.096+0000] {logging_mixin.py:190} INFO - [2024-12-30T06:40:37.095+0000] {override.py:1911} INFO - Created Permission View: can create on DAG Run:example_sensor_decorator
[2024-12-30T06:40:37.108+0000] {logging_mixin.py:190} INFO - [2024-12-30T06:40:37.107+0000] {override.py:1911} INFO - Created Permission View: menu access on DAG Run:example_sensor_decorator
[2024-12-30T06:40:37.124+0000] {logging_mixin.py:190} INFO - [2024-12-30T06:40:37.123+0000] {override.py:1911} INFO - Created Permission View: can read on DAG Run:example_sensor_decorator
[2024-12-30T06:40:37.125+0000] {logging_mixin.py:190} INFO - [2024-12-30T06:40:37.125+0000] {dag.py:3239} INFO - Sync 1 DAGs
[2024-12-30T06:40:37.142+0000] {logging_mixin.py:190} INFO - [2024-12-30T06:40:37.141+0000] {dag.py:3262} INFO - Creating ORM DAG for example_sensor_decorator
[2024-12-30T06:40:37.143+0000] {logging_mixin.py:190} INFO - [2024-12-30T06:40:37.143+0000] {dag.py:4180} INFO - Setting next_dagrun for example_sensor_decorator to None, run_after=None
[2024-12-30T06:40:37.168+0000] {processor.py:208} INFO - Processing /home/airflow/.local/lib/python3.12/site-packages/airflow/example_dags/example_sensor_decorator.py took 0.240 seconds
[2024-12-30T06:41:08.310+0000] {processor.py:186} INFO - Started process (PID=155) to work on /home/airflow/.local/lib/python3.12/site-packages/airflow/example_dags/example_sensor_decorator.py
[2024-12-30T06:41:08.311+0000] {processor.py:914} INFO - Processing file /home/airflow/.local/lib/python3.12/site-packages/airflow/example_dags/example_sensor_decorator.py for tasks to queue
[2024-12-30T06:41:08.313+0000] {logging_mixin.py:190} INFO - [2024-12-30T06:41:08.313+0000] {dagbag.py:588} INFO - Filling up the DagBag from /home/airflow/.local/lib/python3.12/site-packages/airflow/example_dags/example_sensor_decorator.py
[2024-12-30T06:41:08.320+0000] {processor.py:925} INFO - DAG(s) 'example_sensor_decorator' retrieved from /home/airflow/.local/lib/python3.12/site-packages/airflow/example_dags/example_sensor_decorator.py
[2024-12-30T06:41:08.341+0000] {logging_mixin.py:190} INFO - [2024-12-30T06:41:08.341+0000] {dag.py:3239} INFO - Sync 1 DAGs
[2024-12-30T06:41:08.353+0000] {logging_mixin.py:190} INFO - [2024-12-30T06:41:08.353+0000] {dag.py:4180} INFO - Setting next_dagrun for example_sensor_decorator to None, run_after=None
[2024-12-30T06:41:08.366+0000] {processor.py:208} INFO - Processing /home/airflow/.local/lib/python3.12/site-packages/airflow/example_dags/example_sensor_decorator.py took 0.060 seconds
[2024-12-30T06:41:39.253+0000] {processor.py:186} INFO - Started process (PID=218) to work on /home/airflow/.local/lib/python3.12/site-packages/airflow/example_dags/example_sensor_decorator.py
[2024-12-30T06:41:39.254+0000] {processor.py:914} INFO - Processing file /home/airflow/.local/lib/python3.12/site-packages/airflow/example_dags/example_sensor_decorator.py for tasks to queue
[2024-12-30T06:41:39.256+0000] {logging_mixin.py:190} INFO - [2024-12-30T06:41:39.256+0000] {dagbag.py:588} INFO - Filling up the DagBag from /home/airflow/.local/lib/python3.12/site-packages/airflow/example_dags/example_sensor_decorator.py
[2024-12-30T06:41:39.261+0000] {processor.py:925} INFO - DAG(s) 'example_sensor_decorator' retrieved from /home/airflow/.local/lib/python3.12/site-packages/airflow/example_dags/example_sensor_decorator.py
[2024-12-30T06:41:39.274+0000] {logging_mixin.py:190} INFO - [2024-12-30T06:41:39.274+0000] {dag.py:3239} INFO - Sync 1 DAGs
[2024-12-30T06:41:39.284+0000] {logging_mixin.py:190} INFO - [2024-12-30T06:41:39.284+0000] {dag.py:4180} INFO - Setting next_dagrun for example_sensor_decorator to None, run_after=None
[2024-12-30T06:41:39.298+0000] {processor.py:208} INFO - Processing /home/airflow/.local/lib/python3.12/site-packages/airflow/example_dags/example_sensor_decorator.py took 0.048 seconds
[2024-12-30T06:56:38.736+0000] {processor.py:186} INFO - Started process (PID=89) to work on /home/airflow/.local/lib/python3.12/site-packages/airflow/example_dags/example_sensor_decorator.py
[2024-12-30T06:56:38.741+0000] {processor.py:914} INFO - Processing file /home/airflow/.local/lib/python3.12/site-packages/airflow/example_dags/example_sensor_decorator.py for tasks to queue
[2024-12-30T06:56:38.743+0000] {logging_mixin.py:190} INFO - [2024-12-30T06:56:38.742+0000] {dagbag.py:588} INFO - Filling up the DagBag from /home/airflow/.local/lib/python3.12/site-packages/airflow/example_dags/example_sensor_decorator.py
[2024-12-30T06:56:38.753+0000] {processor.py:925} INFO - DAG(s) 'example_sensor_decorator' retrieved from /home/airflow/.local/lib/python3.12/site-packages/airflow/example_dags/example_sensor_decorator.py
[2024-12-30T06:56:38.765+0000] {logging_mixin.py:190} INFO - [2024-12-30T06:56:38.765+0000] {dag.py:3239} INFO - Sync 1 DAGs
[2024-12-30T06:56:38.774+0000] {logging_mixin.py:190} INFO - [2024-12-30T06:56:38.774+0000] {dag.py:4180} INFO - Setting next_dagrun for example_sensor_decorator to None, run_after=None
[2024-12-30T06:56:38.803+0000] {processor.py:208} INFO - Processing /home/airflow/.local/lib/python3.12/site-packages/airflow/example_dags/example_sensor_decorator.py took 0.071 seconds
[2024-12-30T06:57:09.469+0000] {processor.py:186} INFO - Started process (PID=151) to work on /home/airflow/.local/lib/python3.12/site-packages/airflow/example_dags/example_sensor_decorator.py
[2024-12-30T06:57:09.473+0000] {processor.py:914} INFO - Processing file /home/airflow/.local/lib/python3.12/site-packages/airflow/example_dags/example_sensor_decorator.py for tasks to queue
[2024-12-30T06:57:09.475+0000] {logging_mixin.py:190} INFO - [2024-12-30T06:57:09.475+0000] {dagbag.py:588} INFO - Filling up the DagBag from /home/airflow/.local/lib/python3.12/site-packages/airflow/example_dags/example_sensor_decorator.py
[2024-12-30T06:57:09.481+0000] {processor.py:925} INFO - DAG(s) 'example_sensor_decorator' retrieved from /home/airflow/.local/lib/python3.12/site-packages/airflow/example_dags/example_sensor_decorator.py
[2024-12-30T06:57:09.493+0000] {logging_mixin.py:190} INFO - [2024-12-30T06:57:09.493+0000] {dag.py:3239} INFO - Sync 1 DAGs
[2024-12-30T06:57:09.504+0000] {logging_mixin.py:190} INFO - [2024-12-30T06:57:09.504+0000] {dag.py:4180} INFO - Setting next_dagrun for example_sensor_decorator to None, run_after=None
[2024-12-30T06:57:09.530+0000] {processor.py:208} INFO - Processing /home/airflow/.local/lib/python3.12/site-packages/airflow/example_dags/example_sensor_decorator.py took 0.065 seconds
