[2024-12-30T05:45:57.181+0000] {processor.py:186} INFO - Started process (PID=92) to work on /home/airflow/.local/lib/python3.12/site-packages/airflow/example_dags/example_datasets.py
[2024-12-30T05:45:57.182+0000] {processor.py:914} INFO - Processing file /home/airflow/.local/lib/python3.12/site-packages/airflow/example_dags/example_datasets.py for tasks to queue
[2024-12-30T05:45:57.184+0000] {logging_mixin.py:190} INFO - [2024-12-30T05:45:57.184+0000] {dagbag.py:588} INFO - Filling up the DagBag from /home/airflow/.local/lib/python3.12/site-packages/airflow/example_dags/example_datasets.py
[2024-12-30T05:45:57.873+0000] {processor.py:925} INFO - DAG(s) 'dataset_produces_1', 'dataset_consumes_1_and_2', 'consume_1_and_2_with_dataset_expressions', 'dataset_consumes_1', 'dataset_produces_2', 'dataset_consumes_1_never_scheduled', 'consume_1_or_2_with_dataset_expressions', 'conditional_dataset_and_time_based_timetable', 'dataset_consumes_unknown_never_scheduled', 'consume_1_or_both_2_and_3_with_dataset_expressions' retrieved from /home/airflow/.local/lib/python3.12/site-packages/airflow/example_dags/example_datasets.py
[2024-12-30T05:45:57.945+0000] {logging_mixin.py:190} INFO - [2024-12-30T05:45:57.944+0000] {override.py:1911} INFO - Created Permission View: can read on DAG:dataset_produces_1
[2024-12-30T05:45:57.957+0000] {logging_mixin.py:190} INFO - [2024-12-30T05:45:57.956+0000] {override.py:1911} INFO - Created Permission View: can delete on DAG:dataset_produces_1
[2024-12-30T05:45:57.968+0000] {logging_mixin.py:190} INFO - [2024-12-30T05:45:57.967+0000] {override.py:1911} INFO - Created Permission View: can edit on DAG:dataset_produces_1
[2024-12-30T05:45:57.979+0000] {logging_mixin.py:190} INFO - [2024-12-30T05:45:57.978+0000] {override.py:1911} INFO - Created Permission View: can read on DAG Run:dataset_produces_1
[2024-12-30T05:45:57.987+0000] {logging_mixin.py:190} INFO - [2024-12-30T05:45:57.987+0000] {override.py:1911} INFO - Created Permission View: can create on DAG Run:dataset_produces_1
[2024-12-30T05:45:57.995+0000] {logging_mixin.py:190} INFO - [2024-12-30T05:45:57.995+0000] {override.py:1911} INFO - Created Permission View: can delete on DAG Run:dataset_produces_1
[2024-12-30T05:45:58.003+0000] {logging_mixin.py:190} INFO - [2024-12-30T05:45:58.003+0000] {override.py:1911} INFO - Created Permission View: menu access on DAG Run:dataset_produces_1
[2024-12-30T05:45:58.017+0000] {logging_mixin.py:190} INFO - [2024-12-30T05:45:58.016+0000] {override.py:1911} INFO - Created Permission View: can read on DAG:dataset_consumes_1_and_2
[2024-12-30T05:45:58.023+0000] {logging_mixin.py:190} INFO - [2024-12-30T05:45:58.023+0000] {override.py:1911} INFO - Created Permission View: can delete on DAG:dataset_consumes_1_and_2
[2024-12-30T05:45:58.030+0000] {logging_mixin.py:190} INFO - [2024-12-30T05:45:58.030+0000] {override.py:1911} INFO - Created Permission View: can edit on DAG:dataset_consumes_1_and_2
[2024-12-30T05:45:58.037+0000] {logging_mixin.py:190} INFO - [2024-12-30T05:45:58.036+0000] {override.py:1911} INFO - Created Permission View: can read on DAG Run:dataset_consumes_1_and_2
[2024-12-30T05:45:58.044+0000] {logging_mixin.py:190} INFO - [2024-12-30T05:45:58.044+0000] {override.py:1911} INFO - Created Permission View: can create on DAG Run:dataset_consumes_1_and_2
[2024-12-30T05:45:58.050+0000] {logging_mixin.py:190} INFO - [2024-12-30T05:45:58.050+0000] {override.py:1911} INFO - Created Permission View: can delete on DAG Run:dataset_consumes_1_and_2
[2024-12-30T05:45:58.057+0000] {logging_mixin.py:190} INFO - [2024-12-30T05:45:58.056+0000] {override.py:1911} INFO - Created Permission View: menu access on DAG Run:dataset_consumes_1_and_2
[2024-12-30T05:45:58.069+0000] {logging_mixin.py:190} INFO - [2024-12-30T05:45:58.069+0000] {override.py:1911} INFO - Created Permission View: can read on DAG:consume_1_and_2_with_dataset_expressions
[2024-12-30T05:45:58.076+0000] {logging_mixin.py:190} INFO - [2024-12-30T05:45:58.076+0000] {override.py:1911} INFO - Created Permission View: can delete on DAG:consume_1_and_2_with_dataset_expressions
[2024-12-30T05:45:58.083+0000] {logging_mixin.py:190} INFO - [2024-12-30T05:45:58.083+0000] {override.py:1911} INFO - Created Permission View: can edit on DAG:consume_1_and_2_with_dataset_expressions
[2024-12-30T05:45:58.092+0000] {logging_mixin.py:190} INFO - [2024-12-30T05:45:58.092+0000] {override.py:1911} INFO - Created Permission View: can read on DAG Run:consume_1_and_2_with_dataset_expressions
[2024-12-30T05:45:58.100+0000] {logging_mixin.py:190} INFO - [2024-12-30T05:45:58.099+0000] {override.py:1911} INFO - Created Permission View: can create on DAG Run:consume_1_and_2_with_dataset_expressions
[2024-12-30T05:45:58.105+0000] {logging_mixin.py:190} INFO - [2024-12-30T05:45:58.105+0000] {override.py:1911} INFO - Created Permission View: can delete on DAG Run:consume_1_and_2_with_dataset_expressions
[2024-12-30T05:45:58.113+0000] {logging_mixin.py:190} INFO - [2024-12-30T05:45:58.113+0000] {override.py:1911} INFO - Created Permission View: menu access on DAG Run:consume_1_and_2_with_dataset_expressions
[2024-12-30T05:45:58.126+0000] {logging_mixin.py:190} INFO - [2024-12-30T05:45:58.126+0000] {override.py:1911} INFO - Created Permission View: can read on DAG:dataset_consumes_1
[2024-12-30T05:45:58.133+0000] {logging_mixin.py:190} INFO - [2024-12-30T05:45:58.133+0000] {override.py:1911} INFO - Created Permission View: can delete on DAG:dataset_consumes_1
[2024-12-30T05:45:58.140+0000] {logging_mixin.py:190} INFO - [2024-12-30T05:45:58.140+0000] {override.py:1911} INFO - Created Permission View: can edit on DAG:dataset_consumes_1
[2024-12-30T05:45:58.150+0000] {logging_mixin.py:190} INFO - [2024-12-30T05:45:58.149+0000] {override.py:1911} INFO - Created Permission View: can read on DAG Run:dataset_consumes_1
[2024-12-30T05:45:58.158+0000] {logging_mixin.py:190} INFO - [2024-12-30T05:45:58.158+0000] {override.py:1911} INFO - Created Permission View: can create on DAG Run:dataset_consumes_1
[2024-12-30T05:45:58.165+0000] {logging_mixin.py:190} INFO - [2024-12-30T05:45:58.164+0000] {override.py:1911} INFO - Created Permission View: can delete on DAG Run:dataset_consumes_1
[2024-12-30T05:45:58.172+0000] {logging_mixin.py:190} INFO - [2024-12-30T05:45:58.172+0000] {override.py:1911} INFO - Created Permission View: menu access on DAG Run:dataset_consumes_1
[2024-12-30T05:45:58.184+0000] {logging_mixin.py:190} INFO - [2024-12-30T05:45:58.184+0000] {override.py:1911} INFO - Created Permission View: can read on DAG:dataset_produces_2
[2024-12-30T05:45:58.192+0000] {logging_mixin.py:190} INFO - [2024-12-30T05:45:58.191+0000] {override.py:1911} INFO - Created Permission View: can delete on DAG:dataset_produces_2
[2024-12-30T05:45:58.201+0000] {logging_mixin.py:190} INFO - [2024-12-30T05:45:58.200+0000] {override.py:1911} INFO - Created Permission View: can edit on DAG:dataset_produces_2
[2024-12-30T05:45:58.209+0000] {logging_mixin.py:190} INFO - [2024-12-30T05:45:58.209+0000] {override.py:1911} INFO - Created Permission View: can read on DAG Run:dataset_produces_2
[2024-12-30T05:45:58.216+0000] {logging_mixin.py:190} INFO - [2024-12-30T05:45:58.215+0000] {override.py:1911} INFO - Created Permission View: can create on DAG Run:dataset_produces_2
[2024-12-30T05:45:58.220+0000] {logging_mixin.py:190} INFO - [2024-12-30T05:45:58.220+0000] {override.py:1911} INFO - Created Permission View: can delete on DAG Run:dataset_produces_2
[2024-12-30T05:45:58.226+0000] {logging_mixin.py:190} INFO - [2024-12-30T05:45:58.225+0000] {override.py:1911} INFO - Created Permission View: menu access on DAG Run:dataset_produces_2
[2024-12-30T05:45:58.235+0000] {logging_mixin.py:190} INFO - [2024-12-30T05:45:58.235+0000] {override.py:1911} INFO - Created Permission View: can read on DAG:dataset_consumes_1_never_scheduled
[2024-12-30T05:45:58.241+0000] {logging_mixin.py:190} INFO - [2024-12-30T05:45:58.240+0000] {override.py:1911} INFO - Created Permission View: can delete on DAG:dataset_consumes_1_never_scheduled
[2024-12-30T05:45:58.246+0000] {logging_mixin.py:190} INFO - [2024-12-30T05:45:58.245+0000] {override.py:1911} INFO - Created Permission View: can edit on DAG:dataset_consumes_1_never_scheduled
[2024-12-30T05:45:58.253+0000] {logging_mixin.py:190} INFO - [2024-12-30T05:45:58.253+0000] {override.py:1911} INFO - Created Permission View: can read on DAG Run:dataset_consumes_1_never_scheduled
[2024-12-30T05:45:58.258+0000] {logging_mixin.py:190} INFO - [2024-12-30T05:45:58.258+0000] {override.py:1911} INFO - Created Permission View: can create on DAG Run:dataset_consumes_1_never_scheduled
[2024-12-30T05:45:58.264+0000] {logging_mixin.py:190} INFO - [2024-12-30T05:45:58.263+0000] {override.py:1911} INFO - Created Permission View: can delete on DAG Run:dataset_consumes_1_never_scheduled
[2024-12-30T05:45:58.268+0000] {logging_mixin.py:190} INFO - [2024-12-30T05:45:58.268+0000] {override.py:1911} INFO - Created Permission View: menu access on DAG Run:dataset_consumes_1_never_scheduled
[2024-12-30T05:45:58.277+0000] {logging_mixin.py:190} INFO - [2024-12-30T05:45:58.276+0000] {override.py:1911} INFO - Created Permission View: can read on DAG:consume_1_or_2_with_dataset_expressions
[2024-12-30T05:45:58.281+0000] {logging_mixin.py:190} INFO - [2024-12-30T05:45:58.281+0000] {override.py:1911} INFO - Created Permission View: can delete on DAG:consume_1_or_2_with_dataset_expressions
[2024-12-30T05:45:58.286+0000] {logging_mixin.py:190} INFO - [2024-12-30T05:45:58.286+0000] {override.py:1911} INFO - Created Permission View: can edit on DAG:consume_1_or_2_with_dataset_expressions
[2024-12-30T05:45:58.292+0000] {logging_mixin.py:190} INFO - [2024-12-30T05:45:58.292+0000] {override.py:1911} INFO - Created Permission View: can read on DAG Run:consume_1_or_2_with_dataset_expressions
[2024-12-30T05:45:58.297+0000] {logging_mixin.py:190} INFO - [2024-12-30T05:45:58.297+0000] {override.py:1911} INFO - Created Permission View: can create on DAG Run:consume_1_or_2_with_dataset_expressions
[2024-12-30T05:45:58.302+0000] {logging_mixin.py:190} INFO - [2024-12-30T05:45:58.302+0000] {override.py:1911} INFO - Created Permission View: can delete on DAG Run:consume_1_or_2_with_dataset_expressions
[2024-12-30T05:45:58.306+0000] {logging_mixin.py:190} INFO - [2024-12-30T05:45:58.306+0000] {override.py:1911} INFO - Created Permission View: menu access on DAG Run:consume_1_or_2_with_dataset_expressions
[2024-12-30T05:45:58.315+0000] {logging_mixin.py:190} INFO - [2024-12-30T05:45:58.315+0000] {override.py:1911} INFO - Created Permission View: can read on DAG:conditional_dataset_and_time_based_timetable
[2024-12-30T05:45:58.319+0000] {logging_mixin.py:190} INFO - [2024-12-30T05:45:58.319+0000] {override.py:1911} INFO - Created Permission View: can delete on DAG:conditional_dataset_and_time_based_timetable
[2024-12-30T05:45:58.324+0000] {logging_mixin.py:190} INFO - [2024-12-30T05:45:58.323+0000] {override.py:1911} INFO - Created Permission View: can edit on DAG:conditional_dataset_and_time_based_timetable
[2024-12-30T05:45:58.330+0000] {logging_mixin.py:190} INFO - [2024-12-30T05:45:58.330+0000] {override.py:1911} INFO - Created Permission View: can read on DAG Run:conditional_dataset_and_time_based_timetable
[2024-12-30T05:45:58.335+0000] {logging_mixin.py:190} INFO - [2024-12-30T05:45:58.335+0000] {override.py:1911} INFO - Created Permission View: can create on DAG Run:conditional_dataset_and_time_based_timetable
[2024-12-30T05:45:58.341+0000] {logging_mixin.py:190} INFO - [2024-12-30T05:45:58.340+0000] {override.py:1911} INFO - Created Permission View: can delete on DAG Run:conditional_dataset_and_time_based_timetable
[2024-12-30T05:45:58.346+0000] {logging_mixin.py:190} INFO - [2024-12-30T05:45:58.345+0000] {override.py:1911} INFO - Created Permission View: menu access on DAG Run:conditional_dataset_and_time_based_timetable
[2024-12-30T05:45:58.355+0000] {logging_mixin.py:190} INFO - [2024-12-30T05:45:58.355+0000] {override.py:1911} INFO - Created Permission View: can read on DAG:dataset_consumes_unknown_never_scheduled
[2024-12-30T05:45:58.359+0000] {logging_mixin.py:190} INFO - [2024-12-30T05:45:58.359+0000] {override.py:1911} INFO - Created Permission View: can delete on DAG:dataset_consumes_unknown_never_scheduled
[2024-12-30T05:45:58.364+0000] {logging_mixin.py:190} INFO - [2024-12-30T05:45:58.364+0000] {override.py:1911} INFO - Created Permission View: can edit on DAG:dataset_consumes_unknown_never_scheduled
[2024-12-30T05:45:58.369+0000] {logging_mixin.py:190} INFO - [2024-12-30T05:45:58.369+0000] {override.py:1911} INFO - Created Permission View: can read on DAG Run:dataset_consumes_unknown_never_scheduled
[2024-12-30T05:45:58.373+0000] {logging_mixin.py:190} INFO - [2024-12-30T05:45:58.373+0000] {override.py:1911} INFO - Created Permission View: can create on DAG Run:dataset_consumes_unknown_never_scheduled
[2024-12-30T05:45:58.378+0000] {logging_mixin.py:190} INFO - [2024-12-30T05:45:58.378+0000] {override.py:1911} INFO - Created Permission View: can delete on DAG Run:dataset_consumes_unknown_never_scheduled
[2024-12-30T05:45:58.383+0000] {logging_mixin.py:190} INFO - [2024-12-30T05:45:58.383+0000] {override.py:1911} INFO - Created Permission View: menu access on DAG Run:dataset_consumes_unknown_never_scheduled
[2024-12-30T05:45:58.393+0000] {logging_mixin.py:190} INFO - [2024-12-30T05:45:58.392+0000] {override.py:1911} INFO - Created Permission View: can read on DAG:consume_1_or_both_2_and_3_with_dataset_expressions
[2024-12-30T05:45:58.397+0000] {logging_mixin.py:190} INFO - [2024-12-30T05:45:58.397+0000] {override.py:1911} INFO - Created Permission View: can delete on DAG:consume_1_or_both_2_and_3_with_dataset_expressions
[2024-12-30T05:45:58.402+0000] {logging_mixin.py:190} INFO - [2024-12-30T05:45:58.401+0000] {override.py:1911} INFO - Created Permission View: can edit on DAG:consume_1_or_both_2_and_3_with_dataset_expressions
[2024-12-30T05:45:58.406+0000] {logging_mixin.py:190} INFO - [2024-12-30T05:45:58.406+0000] {override.py:1911} INFO - Created Permission View: can read on DAG Run:consume_1_or_both_2_and_3_with_dataset_expressions
[2024-12-30T05:45:58.411+0000] {logging_mixin.py:190} INFO - [2024-12-30T05:45:58.411+0000] {override.py:1911} INFO - Created Permission View: can create on DAG Run:consume_1_or_both_2_and_3_with_dataset_expressions
[2024-12-30T05:45:58.415+0000] {logging_mixin.py:190} INFO - [2024-12-30T05:45:58.415+0000] {override.py:1911} INFO - Created Permission View: can delete on DAG Run:consume_1_or_both_2_and_3_with_dataset_expressions
[2024-12-30T05:45:58.419+0000] {logging_mixin.py:190} INFO - [2024-12-30T05:45:58.419+0000] {override.py:1911} INFO - Created Permission View: menu access on DAG Run:consume_1_or_both_2_and_3_with_dataset_expressions
[2024-12-30T05:45:58.420+0000] {logging_mixin.py:190} INFO - [2024-12-30T05:45:58.419+0000] {dag.py:3239} INFO - Sync 10 DAGs
[2024-12-30T05:45:58.427+0000] {logging_mixin.py:190} INFO - [2024-12-30T05:45:58.427+0000] {dag.py:3262} INFO - Creating ORM DAG for dataset_produces_1
[2024-12-30T05:45:58.428+0000] {logging_mixin.py:190} INFO - [2024-12-30T05:45:58.428+0000] {dag.py:3262} INFO - Creating ORM DAG for dataset_produces_2
[2024-12-30T05:45:58.429+0000] {logging_mixin.py:190} INFO - [2024-12-30T05:45:58.428+0000] {dag.py:3262} INFO - Creating ORM DAG for consume_1_and_2_with_dataset_expressions
[2024-12-30T05:45:58.430+0000] {logging_mixin.py:190} INFO - [2024-12-30T05:45:58.429+0000] {dag.py:3262} INFO - Creating ORM DAG for consume_1_or_both_2_and_3_with_dataset_expressions
[2024-12-30T05:45:58.430+0000] {logging_mixin.py:190} INFO - [2024-12-30T05:45:58.430+0000] {dag.py:3262} INFO - Creating ORM DAG for dataset_consumes_unknown_never_scheduled
[2024-12-30T05:45:58.431+0000] {logging_mixin.py:190} INFO - [2024-12-30T05:45:58.431+0000] {dag.py:3262} INFO - Creating ORM DAG for consume_1_or_2_with_dataset_expressions
[2024-12-30T05:45:58.431+0000] {logging_mixin.py:190} INFO - [2024-12-30T05:45:58.431+0000] {dag.py:3262} INFO - Creating ORM DAG for dataset_consumes_1_and_2
[2024-12-30T05:45:58.432+0000] {logging_mixin.py:190} INFO - [2024-12-30T05:45:58.432+0000] {dag.py:3262} INFO - Creating ORM DAG for dataset_consumes_1
[2024-12-30T05:45:58.432+0000] {logging_mixin.py:190} INFO - [2024-12-30T05:45:58.432+0000] {dag.py:3262} INFO - Creating ORM DAG for conditional_dataset_and_time_based_timetable
[2024-12-30T05:45:58.433+0000] {logging_mixin.py:190} INFO - [2024-12-30T05:45:58.433+0000] {dag.py:3262} INFO - Creating ORM DAG for dataset_consumes_1_never_scheduled
[2024-12-30T05:45:58.439+0000] {logging_mixin.py:190} INFO - [2024-12-30T05:45:58.439+0000] {dag.py:4180} INFO - Setting next_dagrun for conditional_dataset_and_time_based_timetable to 2024-12-25 01:00:00+00:00, run_after=2024-12-25 01:00:00+00:00
[2024-12-30T05:45:58.440+0000] {logging_mixin.py:190} INFO - [2024-12-30T05:45:58.440+0000] {dag.py:4180} INFO - Setting next_dagrun for consume_1_and_2_with_dataset_expressions to None, run_after=None
[2024-12-30T05:45:58.440+0000] {logging_mixin.py:190} INFO - [2024-12-30T05:45:58.440+0000] {dag.py:4180} INFO - Setting next_dagrun for consume_1_or_2_with_dataset_expressions to None, run_after=None
[2024-12-30T05:45:58.441+0000] {logging_mixin.py:190} INFO - [2024-12-30T05:45:58.440+0000] {dag.py:4180} INFO - Setting next_dagrun for consume_1_or_both_2_and_3_with_dataset_expressions to None, run_after=None
[2024-12-30T05:45:58.441+0000] {logging_mixin.py:190} INFO - [2024-12-30T05:45:58.441+0000] {dag.py:4180} INFO - Setting next_dagrun for dataset_consumes_1 to None, run_after=None
[2024-12-30T05:45:58.442+0000] {logging_mixin.py:190} INFO - [2024-12-30T05:45:58.442+0000] {dag.py:4180} INFO - Setting next_dagrun for dataset_consumes_1_and_2 to None, run_after=None
[2024-12-30T05:45:58.443+0000] {logging_mixin.py:190} INFO - [2024-12-30T05:45:58.442+0000] {dag.py:4180} INFO - Setting next_dagrun for dataset_consumes_1_never_scheduled to None, run_after=None
[2024-12-30T05:45:58.443+0000] {logging_mixin.py:190} INFO - [2024-12-30T05:45:58.443+0000] {dag.py:4180} INFO - Setting next_dagrun for dataset_consumes_unknown_never_scheduled to None, run_after=None
[2024-12-30T05:45:58.444+0000] {logging_mixin.py:190} INFO - [2024-12-30T05:45:58.444+0000] {dag.py:4180} INFO - Setting next_dagrun for dataset_produces_1 to 2024-12-29 00:00:00+00:00, run_after=2024-12-30 00:00:00+00:00
[2024-12-30T05:45:58.445+0000] {logging_mixin.py:190} INFO - [2024-12-30T05:45:58.445+0000] {dag.py:4180} INFO - Setting next_dagrun for dataset_produces_2 to None, run_after=None
[2024-12-30T05:45:58.475+0000] {processor.py:208} INFO - Processing /home/airflow/.local/lib/python3.12/site-packages/airflow/example_dags/example_datasets.py took 1.300 seconds
[2024-12-30T05:46:28.653+0000] {processor.py:186} INFO - Started process (PID=155) to work on /home/airflow/.local/lib/python3.12/site-packages/airflow/example_dags/example_datasets.py
[2024-12-30T05:46:28.655+0000] {processor.py:914} INFO - Processing file /home/airflow/.local/lib/python3.12/site-packages/airflow/example_dags/example_datasets.py for tasks to queue
[2024-12-30T05:46:28.658+0000] {logging_mixin.py:190} INFO - [2024-12-30T05:46:28.657+0000] {dagbag.py:588} INFO - Filling up the DagBag from /home/airflow/.local/lib/python3.12/site-packages/airflow/example_dags/example_datasets.py
[2024-12-30T05:50:31.000+0000] {processor.py:186} INFO - Started process (PID=250) to work on /home/airflow/.local/lib/python3.12/site-packages/airflow/example_dags/example_datasets.py
[2024-12-30T05:50:31.002+0000] {processor.py:914} INFO - Processing file /home/airflow/.local/lib/python3.12/site-packages/airflow/example_dags/example_datasets.py for tasks to queue
[2024-12-30T05:50:31.004+0000] {logging_mixin.py:190} INFO - [2024-12-30T05:50:31.004+0000] {dagbag.py:588} INFO - Filling up the DagBag from /home/airflow/.local/lib/python3.12/site-packages/airflow/example_dags/example_datasets.py
[2024-12-30T05:50:32.049+0000] {processor.py:925} INFO - DAG(s) 'dataset_produces_1', 'consume_1_or_both_2_and_3_with_dataset_expressions', 'conditional_dataset_and_time_based_timetable', 'dataset_consumes_1_and_2', 'dataset_consumes_1_never_scheduled', 'dataset_produces_2', 'dataset_consumes_unknown_never_scheduled', 'dataset_consumes_1', 'consume_1_or_2_with_dataset_expressions', 'consume_1_and_2_with_dataset_expressions' retrieved from /home/airflow/.local/lib/python3.12/site-packages/airflow/example_dags/example_datasets.py
[2024-12-30T05:50:32.301+0000] {logging_mixin.py:190} INFO - [2024-12-30T05:50:32.301+0000] {dag.py:3239} INFO - Sync 10 DAGs
[2024-12-30T05:50:32.319+0000] {logging_mixin.py:190} INFO - [2024-12-30T05:50:32.319+0000] {dag.py:4180} INFO - Setting next_dagrun for conditional_dataset_and_time_based_timetable to 2024-12-25 01:00:00+00:00, run_after=2024-12-25 01:00:00+00:00
[2024-12-30T05:50:32.321+0000] {logging_mixin.py:190} INFO - [2024-12-30T05:50:32.321+0000] {dag.py:4180} INFO - Setting next_dagrun for consume_1_and_2_with_dataset_expressions to None, run_after=None
[2024-12-30T05:50:32.322+0000] {logging_mixin.py:190} INFO - [2024-12-30T05:50:32.322+0000] {dag.py:4180} INFO - Setting next_dagrun for consume_1_or_2_with_dataset_expressions to None, run_after=None
[2024-12-30T05:50:32.324+0000] {logging_mixin.py:190} INFO - [2024-12-30T05:50:32.324+0000] {dag.py:4180} INFO - Setting next_dagrun for consume_1_or_both_2_and_3_with_dataset_expressions to None, run_after=None
[2024-12-30T05:50:32.326+0000] {logging_mixin.py:190} INFO - [2024-12-30T05:50:32.326+0000] {dag.py:4180} INFO - Setting next_dagrun for dataset_consumes_1 to None, run_after=None
[2024-12-30T05:50:32.327+0000] {logging_mixin.py:190} INFO - [2024-12-30T05:50:32.327+0000] {dag.py:4180} INFO - Setting next_dagrun for dataset_consumes_1_and_2 to None, run_after=None
[2024-12-30T05:50:32.328+0000] {logging_mixin.py:190} INFO - [2024-12-30T05:50:32.328+0000] {dag.py:4180} INFO - Setting next_dagrun for dataset_consumes_1_never_scheduled to None, run_after=None
[2024-12-30T05:50:32.329+0000] {logging_mixin.py:190} INFO - [2024-12-30T05:50:32.329+0000] {dag.py:4180} INFO - Setting next_dagrun for dataset_consumes_unknown_never_scheduled to None, run_after=None
[2024-12-30T05:50:32.331+0000] {logging_mixin.py:190} INFO - [2024-12-30T05:50:32.331+0000] {dag.py:4180} INFO - Setting next_dagrun for dataset_produces_1 to 2024-12-29 00:00:00+00:00, run_after=2024-12-30 00:00:00+00:00
[2024-12-30T05:50:32.332+0000] {logging_mixin.py:190} INFO - [2024-12-30T05:50:32.332+0000] {dag.py:4180} INFO - Setting next_dagrun for dataset_produces_2 to None, run_after=None
[2024-12-30T05:50:32.362+0000] {processor.py:208} INFO - Processing /home/airflow/.local/lib/python3.12/site-packages/airflow/example_dags/example_datasets.py took 1.368 seconds
[2024-12-30T05:52:05.152+0000] {processor.py:186} INFO - Started process (PID=308) to work on /home/airflow/.local/lib/python3.12/site-packages/airflow/example_dags/example_datasets.py
[2024-12-30T05:52:05.154+0000] {processor.py:914} INFO - Processing file /home/airflow/.local/lib/python3.12/site-packages/airflow/example_dags/example_datasets.py for tasks to queue
[2024-12-30T05:52:05.155+0000] {logging_mixin.py:190} INFO - [2024-12-30T05:52:05.154+0000] {dagbag.py:588} INFO - Filling up the DagBag from /home/airflow/.local/lib/python3.12/site-packages/airflow/example_dags/example_datasets.py
[2024-12-30T05:52:14.219+0000] {processor.py:925} INFO - DAG(s) 'consume_1_or_both_2_and_3_with_dataset_expressions', 'dataset_consumes_1_never_scheduled', 'dataset_produces_2', 'conditional_dataset_and_time_based_timetable', 'consume_1_or_2_with_dataset_expressions', 'dataset_consumes_unknown_never_scheduled', 'dataset_consumes_1', 'dataset_produces_1', 'dataset_consumes_1_and_2', 'consume_1_and_2_with_dataset_expressions' retrieved from /home/airflow/.local/lib/python3.12/site-packages/airflow/example_dags/example_datasets.py
[2024-12-30T05:52:14.856+0000] {logging_mixin.py:190} INFO - [2024-12-30T05:52:14.856+0000] {dag.py:3239} INFO - Sync 10 DAGs
[2024-12-30T05:52:14.874+0000] {logging_mixin.py:190} INFO - [2024-12-30T05:52:14.874+0000] {dag.py:4180} INFO - Setting next_dagrun for conditional_dataset_and_time_based_timetable to 2024-12-25 01:00:00+00:00, run_after=2024-12-25 01:00:00+00:00
[2024-12-30T05:52:14.877+0000] {logging_mixin.py:190} INFO - [2024-12-30T05:52:14.877+0000] {dag.py:4180} INFO - Setting next_dagrun for consume_1_and_2_with_dataset_expressions to None, run_after=None
[2024-12-30T05:52:14.878+0000] {logging_mixin.py:190} INFO - [2024-12-30T05:52:14.878+0000] {dag.py:4180} INFO - Setting next_dagrun for consume_1_or_2_with_dataset_expressions to None, run_after=None
[2024-12-30T05:52:14.879+0000] {logging_mixin.py:190} INFO - [2024-12-30T05:52:14.879+0000] {dag.py:4180} INFO - Setting next_dagrun for consume_1_or_both_2_and_3_with_dataset_expressions to None, run_after=None
[2024-12-30T05:52:14.880+0000] {logging_mixin.py:190} INFO - [2024-12-30T05:52:14.880+0000] {dag.py:4180} INFO - Setting next_dagrun for dataset_consumes_1 to None, run_after=None
[2024-12-30T05:52:14.881+0000] {logging_mixin.py:190} INFO - [2024-12-30T05:52:14.881+0000] {dag.py:4180} INFO - Setting next_dagrun for dataset_consumes_1_and_2 to None, run_after=None
[2024-12-30T05:52:14.882+0000] {logging_mixin.py:190} INFO - [2024-12-30T05:52:14.882+0000] {dag.py:4180} INFO - Setting next_dagrun for dataset_consumes_1_never_scheduled to None, run_after=None
[2024-12-30T05:52:14.883+0000] {logging_mixin.py:190} INFO - [2024-12-30T05:52:14.883+0000] {dag.py:4180} INFO - Setting next_dagrun for dataset_consumes_unknown_never_scheduled to None, run_after=None
[2024-12-30T05:52:14.884+0000] {logging_mixin.py:190} INFO - [2024-12-30T05:52:14.884+0000] {dag.py:4180} INFO - Setting next_dagrun for dataset_produces_1 to 2024-12-29 00:00:00+00:00, run_after=2024-12-30 00:00:00+00:00
[2024-12-30T05:52:14.885+0000] {logging_mixin.py:190} INFO - [2024-12-30T05:52:14.885+0000] {dag.py:4180} INFO - Setting next_dagrun for dataset_produces_2 to None, run_after=None
[2024-12-30T05:52:14.909+0000] {processor.py:208} INFO - Processing /home/airflow/.local/lib/python3.12/site-packages/airflow/example_dags/example_datasets.py took 9.762 seconds
[2024-12-30T05:52:45.579+0000] {processor.py:186} INFO - Started process (PID=385) to work on /home/airflow/.local/lib/python3.12/site-packages/airflow/example_dags/example_datasets.py
[2024-12-30T05:52:45.580+0000] {processor.py:914} INFO - Processing file /home/airflow/.local/lib/python3.12/site-packages/airflow/example_dags/example_datasets.py for tasks to queue
[2024-12-30T05:52:45.581+0000] {logging_mixin.py:190} INFO - [2024-12-30T05:52:45.581+0000] {dagbag.py:588} INFO - Filling up the DagBag from /home/airflow/.local/lib/python3.12/site-packages/airflow/example_dags/example_datasets.py
[2024-12-30T05:52:46.368+0000] {processor.py:925} INFO - DAG(s) 'dataset_produces_2', 'consume_1_or_both_2_and_3_with_dataset_expressions', 'dataset_consumes_unknown_never_scheduled', 'consume_1_or_2_with_dataset_expressions', 'dataset_consumes_1_and_2', 'consume_1_and_2_with_dataset_expressions', 'conditional_dataset_and_time_based_timetable', 'dataset_consumes_1_never_scheduled', 'dataset_produces_1', 'dataset_consumes_1' retrieved from /home/airflow/.local/lib/python3.12/site-packages/airflow/example_dags/example_datasets.py
[2024-12-30T05:52:46.416+0000] {logging_mixin.py:190} INFO - [2024-12-30T05:52:46.416+0000] {dag.py:3239} INFO - Sync 10 DAGs
[2024-12-30T05:52:46.432+0000] {logging_mixin.py:190} INFO - [2024-12-30T05:52:46.432+0000] {dag.py:4180} INFO - Setting next_dagrun for conditional_dataset_and_time_based_timetable to 2024-12-25 01:00:00+00:00, run_after=2024-12-25 01:00:00+00:00
[2024-12-30T05:52:46.435+0000] {logging_mixin.py:190} INFO - [2024-12-30T05:52:46.435+0000] {dag.py:4180} INFO - Setting next_dagrun for consume_1_and_2_with_dataset_expressions to None, run_after=None
[2024-12-30T05:52:46.436+0000] {logging_mixin.py:190} INFO - [2024-12-30T05:52:46.436+0000] {dag.py:4180} INFO - Setting next_dagrun for consume_1_or_2_with_dataset_expressions to None, run_after=None
[2024-12-30T05:52:46.437+0000] {logging_mixin.py:190} INFO - [2024-12-30T05:52:46.437+0000] {dag.py:4180} INFO - Setting next_dagrun for consume_1_or_both_2_and_3_with_dataset_expressions to None, run_after=None
[2024-12-30T05:52:46.438+0000] {logging_mixin.py:190} INFO - [2024-12-30T05:52:46.438+0000] {dag.py:4180} INFO - Setting next_dagrun for dataset_consumes_1 to None, run_after=None
[2024-12-30T05:52:46.439+0000] {logging_mixin.py:190} INFO - [2024-12-30T05:52:46.439+0000] {dag.py:4180} INFO - Setting next_dagrun for dataset_consumes_1_and_2 to None, run_after=None
[2024-12-30T05:52:46.440+0000] {logging_mixin.py:190} INFO - [2024-12-30T05:52:46.440+0000] {dag.py:4180} INFO - Setting next_dagrun for dataset_consumes_1_never_scheduled to None, run_after=None
[2024-12-30T05:52:46.441+0000] {logging_mixin.py:190} INFO - [2024-12-30T05:52:46.441+0000] {dag.py:4180} INFO - Setting next_dagrun for dataset_consumes_unknown_never_scheduled to None, run_after=None
[2024-12-30T05:52:46.443+0000] {logging_mixin.py:190} INFO - [2024-12-30T05:52:46.443+0000] {dag.py:4180} INFO - Setting next_dagrun for dataset_produces_1 to 2024-12-29 00:00:00+00:00, run_after=2024-12-30 00:00:00+00:00
[2024-12-30T05:52:46.445+0000] {logging_mixin.py:190} INFO - [2024-12-30T05:52:46.444+0000] {dag.py:4180} INFO - Setting next_dagrun for dataset_produces_2 to None, run_after=None
[2024-12-30T05:52:46.469+0000] {processor.py:208} INFO - Processing /home/airflow/.local/lib/python3.12/site-packages/airflow/example_dags/example_datasets.py took 0.896 seconds
[2024-12-30T05:53:17.184+0000] {processor.py:186} INFO - Started process (PID=448) to work on /home/airflow/.local/lib/python3.12/site-packages/airflow/example_dags/example_datasets.py
[2024-12-30T05:53:17.187+0000] {processor.py:914} INFO - Processing file /home/airflow/.local/lib/python3.12/site-packages/airflow/example_dags/example_datasets.py for tasks to queue
[2024-12-30T05:53:17.189+0000] {logging_mixin.py:190} INFO - [2024-12-30T05:53:17.188+0000] {dagbag.py:588} INFO - Filling up the DagBag from /home/airflow/.local/lib/python3.12/site-packages/airflow/example_dags/example_datasets.py
[2024-12-30T05:53:18.738+0000] {processor.py:925} INFO - DAG(s) 'dataset_produces_2', 'dataset_consumes_1', 'consume_1_or_2_with_dataset_expressions', 'conditional_dataset_and_time_based_timetable', 'dataset_consumes_1_never_scheduled', 'dataset_consumes_unknown_never_scheduled', 'consume_1_or_both_2_and_3_with_dataset_expressions', 'dataset_produces_1', 'dataset_consumes_1_and_2', 'consume_1_and_2_with_dataset_expressions' retrieved from /home/airflow/.local/lib/python3.12/site-packages/airflow/example_dags/example_datasets.py
[2024-12-30T05:53:18.914+0000] {logging_mixin.py:190} INFO - [2024-12-30T05:53:18.914+0000] {dag.py:3239} INFO - Sync 10 DAGs
[2024-12-30T05:53:18.937+0000] {logging_mixin.py:190} INFO - [2024-12-30T05:53:18.937+0000] {dag.py:4180} INFO - Setting next_dagrun for conditional_dataset_and_time_based_timetable to 2024-12-25 01:00:00+00:00, run_after=2024-12-25 01:00:00+00:00
[2024-12-30T05:53:18.940+0000] {logging_mixin.py:190} INFO - [2024-12-30T05:53:18.940+0000] {dag.py:4180} INFO - Setting next_dagrun for consume_1_and_2_with_dataset_expressions to None, run_after=None
[2024-12-30T05:53:18.942+0000] {logging_mixin.py:190} INFO - [2024-12-30T05:53:18.942+0000] {dag.py:4180} INFO - Setting next_dagrun for consume_1_or_2_with_dataset_expressions to None, run_after=None
[2024-12-30T05:53:18.943+0000] {logging_mixin.py:190} INFO - [2024-12-30T05:53:18.943+0000] {dag.py:4180} INFO - Setting next_dagrun for consume_1_or_both_2_and_3_with_dataset_expressions to None, run_after=None
[2024-12-30T05:53:18.944+0000] {logging_mixin.py:190} INFO - [2024-12-30T05:53:18.944+0000] {dag.py:4180} INFO - Setting next_dagrun for dataset_consumes_1 to None, run_after=None
[2024-12-30T05:53:18.945+0000] {logging_mixin.py:190} INFO - [2024-12-30T05:53:18.945+0000] {dag.py:4180} INFO - Setting next_dagrun for dataset_consumes_1_and_2 to None, run_after=None
[2024-12-30T05:53:18.946+0000] {logging_mixin.py:190} INFO - [2024-12-30T05:53:18.946+0000] {dag.py:4180} INFO - Setting next_dagrun for dataset_consumes_1_never_scheduled to None, run_after=None
[2024-12-30T05:53:18.947+0000] {logging_mixin.py:190} INFO - [2024-12-30T05:53:18.947+0000] {dag.py:4180} INFO - Setting next_dagrun for dataset_consumes_unknown_never_scheduled to None, run_after=None
[2024-12-30T05:53:18.948+0000] {logging_mixin.py:190} INFO - [2024-12-30T05:53:18.948+0000] {dag.py:4180} INFO - Setting next_dagrun for dataset_produces_1 to 2024-12-29 00:00:00+00:00, run_after=2024-12-30 00:00:00+00:00
[2024-12-30T05:53:18.950+0000] {logging_mixin.py:190} INFO - [2024-12-30T05:53:18.950+0000] {dag.py:4180} INFO - Setting next_dagrun for dataset_produces_2 to None, run_after=None
[2024-12-30T05:53:18.981+0000] {processor.py:208} INFO - Processing /home/airflow/.local/lib/python3.12/site-packages/airflow/example_dags/example_datasets.py took 1.857 seconds
[2024-12-30T05:53:49.539+0000] {processor.py:186} INFO - Started process (PID=511) to work on /home/airflow/.local/lib/python3.12/site-packages/airflow/example_dags/example_datasets.py
[2024-12-30T05:53:49.540+0000] {processor.py:914} INFO - Processing file /home/airflow/.local/lib/python3.12/site-packages/airflow/example_dags/example_datasets.py for tasks to queue
[2024-12-30T05:53:49.541+0000] {logging_mixin.py:190} INFO - [2024-12-30T05:53:49.541+0000] {dagbag.py:588} INFO - Filling up the DagBag from /home/airflow/.local/lib/python3.12/site-packages/airflow/example_dags/example_datasets.py
[2024-12-30T05:55:21.489+0000] {logging_mixin.py:190} INFO - [2024-12-30T05:55:16.846+0000] {timeout.py:68} ERROR - Process timed out, PID: 511
[2024-12-30T05:55:39.974+0000] {logging_mixin.py:190} WARNING - Exception ignored in: <function WeakKeyDictionary.__init__.<locals>.remove at 0x7fcf43815080>
[2024-12-30T05:56:04.722+0000] {logging_mixin.py:190} WARNING - Traceback (most recent call last):
[2024-12-30T05:56:21.347+0000] {logging_mixin.py:190} WARNING -   File "/usr/local/lib/python3.12/weakref.py", line 369, in remove
[2024-12-30T05:57:06.212+0000] {logging_mixin.py:190} WARNING -     def remove(k, selfref=ref(self)):
[2024-12-30T05:57:35.832+0000] {logging_mixin.py:190} WARNING -   File "/home/airflow/.local/lib/python3.12/site-packages/airflow/utils/timeout.py", line 69, in handle_timeout
[2024-12-30T05:58:09.140+0000] {logging_mixin.py:190} WARNING -     raise AirflowTaskTimeout(self.error_message)
[2024-12-30T05:59:04.595+0000] {logging_mixin.py:190} WARNING - airflow.exceptions.AirflowTaskTimeout: DagBag import timeout for /home/airflow/.local/lib/python3.12/site-packages/airflow/example_dags/example_datasets.py after 30.0s.
Please take a look at these docs to improve your DAG import time:
* https://airflow.apache.org/docs/apache-airflow/2.10.4/best-practices.html#top-level-python-code
* https://airflow.apache.org/docs/apache-airflow/2.10.4/best-practices.html#reducing-dag-complexity, PID: 511
[2024-12-30T06:07:31.749+0000] {processor.py:186} INFO - Started process (PID=574) to work on /home/airflow/.local/lib/python3.12/site-packages/airflow/example_dags/example_datasets.py
[2024-12-30T06:07:31.750+0000] {processor.py:914} INFO - Processing file /home/airflow/.local/lib/python3.12/site-packages/airflow/example_dags/example_datasets.py for tasks to queue
[2024-12-30T06:07:31.751+0000] {logging_mixin.py:190} INFO - [2024-12-30T06:07:31.751+0000] {dagbag.py:588} INFO - Filling up the DagBag from /home/airflow/.local/lib/python3.12/site-packages/airflow/example_dags/example_datasets.py
[2024-12-30T06:07:32.192+0000] {processor.py:925} INFO - DAG(s) 'consume_1_or_2_with_dataset_expressions', 'consume_1_and_2_with_dataset_expressions', 'dataset_produces_2', 'dataset_consumes_unknown_never_scheduled', 'dataset_consumes_1_and_2', 'dataset_produces_1', 'dataset_consumes_1', 'conditional_dataset_and_time_based_timetable', 'consume_1_or_both_2_and_3_with_dataset_expressions', 'dataset_consumes_1_never_scheduled' retrieved from /home/airflow/.local/lib/python3.12/site-packages/airflow/example_dags/example_datasets.py
[2024-12-30T06:07:32.615+0000] {logging_mixin.py:190} INFO - [2024-12-30T06:07:32.615+0000] {dag.py:3239} INFO - Sync 10 DAGs
[2024-12-30T06:07:32.675+0000] {logging_mixin.py:190} INFO - [2024-12-30T06:07:32.674+0000] {dag.py:4180} INFO - Setting next_dagrun for conditional_dataset_and_time_based_timetable to 2024-12-25 01:00:00+00:00, run_after=2024-12-25 01:00:00+00:00
[2024-12-30T06:07:32.678+0000] {logging_mixin.py:190} INFO - [2024-12-30T06:07:32.678+0000] {dag.py:4180} INFO - Setting next_dagrun for consume_1_and_2_with_dataset_expressions to None, run_after=None
[2024-12-30T06:07:32.679+0000] {logging_mixin.py:190} INFO - [2024-12-30T06:07:32.679+0000] {dag.py:4180} INFO - Setting next_dagrun for consume_1_or_2_with_dataset_expressions to None, run_after=None
[2024-12-30T06:07:32.681+0000] {logging_mixin.py:190} INFO - [2024-12-30T06:07:32.680+0000] {dag.py:4180} INFO - Setting next_dagrun for consume_1_or_both_2_and_3_with_dataset_expressions to None, run_after=None
[2024-12-30T06:07:32.681+0000] {logging_mixin.py:190} INFO - [2024-12-30T06:07:32.681+0000] {dag.py:4180} INFO - Setting next_dagrun for dataset_consumes_1 to None, run_after=None
[2024-12-30T06:07:32.682+0000] {logging_mixin.py:190} INFO - [2024-12-30T06:07:32.682+0000] {dag.py:4180} INFO - Setting next_dagrun for dataset_consumes_1_and_2 to None, run_after=None
[2024-12-30T06:07:32.683+0000] {logging_mixin.py:190} INFO - [2024-12-30T06:07:32.683+0000] {dag.py:4180} INFO - Setting next_dagrun for dataset_consumes_1_never_scheduled to None, run_after=None
[2024-12-30T06:07:32.684+0000] {logging_mixin.py:190} INFO - [2024-12-30T06:07:32.684+0000] {dag.py:4180} INFO - Setting next_dagrun for dataset_consumes_unknown_never_scheduled to None, run_after=None
[2024-12-30T06:07:32.686+0000] {logging_mixin.py:190} INFO - [2024-12-30T06:07:32.686+0000] {dag.py:4180} INFO - Setting next_dagrun for dataset_produces_1 to 2024-12-29 00:00:00+00:00, run_after=2024-12-30 00:00:00+00:00
[2024-12-30T06:07:32.687+0000] {logging_mixin.py:190} INFO - [2024-12-30T06:07:32.687+0000] {dag.py:4180} INFO - Setting next_dagrun for dataset_produces_2 to None, run_after=None
[2024-12-30T06:07:32.755+0000] {processor.py:208} INFO - Processing /home/airflow/.local/lib/python3.12/site-packages/airflow/example_dags/example_datasets.py took 1.001 seconds
[2024-12-30T06:40:37.052+0000] {processor.py:186} INFO - Started process (PID=93) to work on /home/airflow/.local/lib/python3.12/site-packages/airflow/example_dags/example_datasets.py
[2024-12-30T06:40:37.054+0000] {processor.py:914} INFO - Processing file /home/airflow/.local/lib/python3.12/site-packages/airflow/example_dags/example_datasets.py for tasks to queue
[2024-12-30T06:40:37.057+0000] {logging_mixin.py:190} INFO - [2024-12-30T06:40:37.056+0000] {dagbag.py:588} INFO - Filling up the DagBag from /home/airflow/.local/lib/python3.12/site-packages/airflow/example_dags/example_datasets.py
[2024-12-30T06:40:37.802+0000] {processor.py:925} INFO - DAG(s) 'dataset_produces_2', 'consume_1_or_both_2_and_3_with_dataset_expressions', 'dataset_consumes_1', 'dataset_consumes_1_never_scheduled', 'dataset_consumes_unknown_never_scheduled', 'consume_1_and_2_with_dataset_expressions', 'conditional_dataset_and_time_based_timetable', 'dataset_produces_1', 'consume_1_or_2_with_dataset_expressions', 'dataset_consumes_1_and_2' retrieved from /home/airflow/.local/lib/python3.12/site-packages/airflow/example_dags/example_datasets.py
[2024-12-30T06:40:37.876+0000] {logging_mixin.py:190} INFO - [2024-12-30T06:40:37.875+0000] {override.py:1911} INFO - Created Permission View: can delete on DAG:dataset_produces_2
[2024-12-30T06:40:37.886+0000] {logging_mixin.py:190} INFO - [2024-12-30T06:40:37.886+0000] {override.py:1911} INFO - Created Permission View: can edit on DAG:dataset_produces_2
[2024-12-30T06:40:37.894+0000] {logging_mixin.py:190} INFO - [2024-12-30T06:40:37.894+0000] {override.py:1911} INFO - Created Permission View: can read on DAG:dataset_produces_2
[2024-12-30T06:40:37.906+0000] {logging_mixin.py:190} INFO - [2024-12-30T06:40:37.906+0000] {override.py:1911} INFO - Created Permission View: can delete on DAG Run:dataset_produces_2
[2024-12-30T06:40:37.921+0000] {logging_mixin.py:190} INFO - [2024-12-30T06:40:37.920+0000] {override.py:1911} INFO - Created Permission View: can create on DAG Run:dataset_produces_2
[2024-12-30T06:40:37.932+0000] {logging_mixin.py:190} INFO - [2024-12-30T06:40:37.932+0000] {override.py:1911} INFO - Created Permission View: menu access on DAG Run:dataset_produces_2
[2024-12-30T06:40:37.941+0000] {logging_mixin.py:190} INFO - [2024-12-30T06:40:37.941+0000] {override.py:1911} INFO - Created Permission View: can read on DAG Run:dataset_produces_2
[2024-12-30T06:40:37.958+0000] {logging_mixin.py:190} INFO - [2024-12-30T06:40:37.958+0000] {override.py:1911} INFO - Created Permission View: can delete on DAG:consume_1_or_both_2_and_3_with_dataset_expressions
[2024-12-30T06:40:37.966+0000] {logging_mixin.py:190} INFO - [2024-12-30T06:40:37.966+0000] {override.py:1911} INFO - Created Permission View: can edit on DAG:consume_1_or_both_2_and_3_with_dataset_expressions
[2024-12-30T06:40:37.973+0000] {logging_mixin.py:190} INFO - [2024-12-30T06:40:37.973+0000] {override.py:1911} INFO - Created Permission View: can read on DAG:consume_1_or_both_2_and_3_with_dataset_expressions
[2024-12-30T06:40:37.984+0000] {logging_mixin.py:190} INFO - [2024-12-30T06:40:37.984+0000] {override.py:1911} INFO - Created Permission View: can delete on DAG Run:consume_1_or_both_2_and_3_with_dataset_expressions
[2024-12-30T06:40:37.991+0000] {logging_mixin.py:190} INFO - [2024-12-30T06:40:37.991+0000] {override.py:1911} INFO - Created Permission View: can create on DAG Run:consume_1_or_both_2_and_3_with_dataset_expressions
[2024-12-30T06:40:37.998+0000] {logging_mixin.py:190} INFO - [2024-12-30T06:40:37.998+0000] {override.py:1911} INFO - Created Permission View: menu access on DAG Run:consume_1_or_both_2_and_3_with_dataset_expressions
[2024-12-30T06:40:38.004+0000] {logging_mixin.py:190} INFO - [2024-12-30T06:40:38.004+0000] {override.py:1911} INFO - Created Permission View: can read on DAG Run:consume_1_or_both_2_and_3_with_dataset_expressions
[2024-12-30T06:40:38.018+0000] {logging_mixin.py:190} INFO - [2024-12-30T06:40:38.017+0000] {override.py:1911} INFO - Created Permission View: can delete on DAG:dataset_consumes_1
[2024-12-30T06:40:38.026+0000] {logging_mixin.py:190} INFO - [2024-12-30T06:40:38.025+0000] {override.py:1911} INFO - Created Permission View: can edit on DAG:dataset_consumes_1
[2024-12-30T06:40:38.034+0000] {logging_mixin.py:190} INFO - [2024-12-30T06:40:38.033+0000] {override.py:1911} INFO - Created Permission View: can read on DAG:dataset_consumes_1
[2024-12-30T06:40:38.045+0000] {logging_mixin.py:190} INFO - [2024-12-30T06:40:38.044+0000] {override.py:1911} INFO - Created Permission View: can delete on DAG Run:dataset_consumes_1
[2024-12-30T06:40:38.051+0000] {logging_mixin.py:190} INFO - [2024-12-30T06:40:38.051+0000] {override.py:1911} INFO - Created Permission View: can create on DAG Run:dataset_consumes_1
[2024-12-30T06:40:38.058+0000] {logging_mixin.py:190} INFO - [2024-12-30T06:40:38.058+0000] {override.py:1911} INFO - Created Permission View: menu access on DAG Run:dataset_consumes_1
[2024-12-30T06:40:38.066+0000] {logging_mixin.py:190} INFO - [2024-12-30T06:40:38.066+0000] {override.py:1911} INFO - Created Permission View: can read on DAG Run:dataset_consumes_1
[2024-12-30T06:40:38.080+0000] {logging_mixin.py:190} INFO - [2024-12-30T06:40:38.080+0000] {override.py:1911} INFO - Created Permission View: can delete on DAG:dataset_consumes_1_never_scheduled
[2024-12-30T06:40:38.087+0000] {logging_mixin.py:190} INFO - [2024-12-30T06:40:38.087+0000] {override.py:1911} INFO - Created Permission View: can edit on DAG:dataset_consumes_1_never_scheduled
[2024-12-30T06:40:38.097+0000] {logging_mixin.py:190} INFO - [2024-12-30T06:40:38.097+0000] {override.py:1911} INFO - Created Permission View: can read on DAG:dataset_consumes_1_never_scheduled
[2024-12-30T06:40:38.105+0000] {logging_mixin.py:190} INFO - [2024-12-30T06:40:38.105+0000] {override.py:1911} INFO - Created Permission View: can delete on DAG Run:dataset_consumes_1_never_scheduled
[2024-12-30T06:40:38.113+0000] {logging_mixin.py:190} INFO - [2024-12-30T06:40:38.112+0000] {override.py:1911} INFO - Created Permission View: can create on DAG Run:dataset_consumes_1_never_scheduled
[2024-12-30T06:40:38.118+0000] {logging_mixin.py:190} INFO - [2024-12-30T06:40:38.118+0000] {override.py:1911} INFO - Created Permission View: menu access on DAG Run:dataset_consumes_1_never_scheduled
[2024-12-30T06:40:38.123+0000] {logging_mixin.py:190} INFO - [2024-12-30T06:40:38.123+0000] {override.py:1911} INFO - Created Permission View: can read on DAG Run:dataset_consumes_1_never_scheduled
[2024-12-30T06:40:38.135+0000] {logging_mixin.py:190} INFO - [2024-12-30T06:40:38.135+0000] {override.py:1911} INFO - Created Permission View: can delete on DAG:dataset_consumes_unknown_never_scheduled
[2024-12-30T06:40:38.142+0000] {logging_mixin.py:190} INFO - [2024-12-30T06:40:38.142+0000] {override.py:1911} INFO - Created Permission View: can edit on DAG:dataset_consumes_unknown_never_scheduled
[2024-12-30T06:40:38.149+0000] {logging_mixin.py:190} INFO - [2024-12-30T06:40:38.148+0000] {override.py:1911} INFO - Created Permission View: can read on DAG:dataset_consumes_unknown_never_scheduled
[2024-12-30T06:40:38.157+0000] {logging_mixin.py:190} INFO - [2024-12-30T06:40:38.157+0000] {override.py:1911} INFO - Created Permission View: can delete on DAG Run:dataset_consumes_unknown_never_scheduled
[2024-12-30T06:40:38.165+0000] {logging_mixin.py:190} INFO - [2024-12-30T06:40:38.164+0000] {override.py:1911} INFO - Created Permission View: can create on DAG Run:dataset_consumes_unknown_never_scheduled
[2024-12-30T06:40:38.173+0000] {logging_mixin.py:190} INFO - [2024-12-30T06:40:38.173+0000] {override.py:1911} INFO - Created Permission View: menu access on DAG Run:dataset_consumes_unknown_never_scheduled
[2024-12-30T06:40:38.181+0000] {logging_mixin.py:190} INFO - [2024-12-30T06:40:38.181+0000] {override.py:1911} INFO - Created Permission View: can read on DAG Run:dataset_consumes_unknown_never_scheduled
[2024-12-30T06:40:38.195+0000] {logging_mixin.py:190} INFO - [2024-12-30T06:40:38.194+0000] {override.py:1911} INFO - Created Permission View: can delete on DAG:consume_1_and_2_with_dataset_expressions
[2024-12-30T06:40:38.206+0000] {logging_mixin.py:190} INFO - [2024-12-30T06:40:38.205+0000] {override.py:1911} INFO - Created Permission View: can edit on DAG:consume_1_and_2_with_dataset_expressions
[2024-12-30T06:40:38.219+0000] {logging_mixin.py:190} INFO - [2024-12-30T06:40:38.218+0000] {override.py:1911} INFO - Created Permission View: can read on DAG:consume_1_and_2_with_dataset_expressions
[2024-12-30T06:40:38.239+0000] {logging_mixin.py:190} INFO - [2024-12-30T06:40:38.239+0000] {override.py:1911} INFO - Created Permission View: can delete on DAG Run:consume_1_and_2_with_dataset_expressions
[2024-12-30T06:40:38.249+0000] {logging_mixin.py:190} INFO - [2024-12-30T06:40:38.249+0000] {override.py:1911} INFO - Created Permission View: can create on DAG Run:consume_1_and_2_with_dataset_expressions
[2024-12-30T06:40:38.257+0000] {logging_mixin.py:190} INFO - [2024-12-30T06:40:38.257+0000] {override.py:1911} INFO - Created Permission View: menu access on DAG Run:consume_1_and_2_with_dataset_expressions
[2024-12-30T06:40:38.266+0000] {logging_mixin.py:190} INFO - [2024-12-30T06:40:38.266+0000] {override.py:1911} INFO - Created Permission View: can read on DAG Run:consume_1_and_2_with_dataset_expressions
[2024-12-30T06:40:38.285+0000] {logging_mixin.py:190} INFO - [2024-12-30T06:40:38.284+0000] {override.py:1911} INFO - Created Permission View: can delete on DAG:conditional_dataset_and_time_based_timetable
[2024-12-30T06:40:38.296+0000] {logging_mixin.py:190} INFO - [2024-12-30T06:40:38.295+0000] {override.py:1911} INFO - Created Permission View: can edit on DAG:conditional_dataset_and_time_based_timetable
[2024-12-30T06:40:38.301+0000] {logging_mixin.py:190} INFO - [2024-12-30T06:40:38.301+0000] {override.py:1911} INFO - Created Permission View: can read on DAG:conditional_dataset_and_time_based_timetable
[2024-12-30T06:40:38.312+0000] {logging_mixin.py:190} INFO - [2024-12-30T06:40:38.312+0000] {override.py:1911} INFO - Created Permission View: can delete on DAG Run:conditional_dataset_and_time_based_timetable
[2024-12-30T06:40:38.319+0000] {logging_mixin.py:190} INFO - [2024-12-30T06:40:38.319+0000] {override.py:1911} INFO - Created Permission View: can create on DAG Run:conditional_dataset_and_time_based_timetable
[2024-12-30T06:40:38.326+0000] {logging_mixin.py:190} INFO - [2024-12-30T06:40:38.326+0000] {override.py:1911} INFO - Created Permission View: menu access on DAG Run:conditional_dataset_and_time_based_timetable
[2024-12-30T06:40:38.334+0000] {logging_mixin.py:190} INFO - [2024-12-30T06:40:38.333+0000] {override.py:1911} INFO - Created Permission View: can read on DAG Run:conditional_dataset_and_time_based_timetable
[2024-12-30T06:40:38.345+0000] {logging_mixin.py:190} INFO - [2024-12-30T06:40:38.345+0000] {override.py:1911} INFO - Created Permission View: can delete on DAG:dataset_produces_1
[2024-12-30T06:40:38.353+0000] {logging_mixin.py:190} INFO - [2024-12-30T06:40:38.353+0000] {override.py:1911} INFO - Created Permission View: can edit on DAG:dataset_produces_1
[2024-12-30T06:40:38.360+0000] {logging_mixin.py:190} INFO - [2024-12-30T06:40:38.360+0000] {override.py:1911} INFO - Created Permission View: can read on DAG:dataset_produces_1
[2024-12-30T06:40:38.366+0000] {logging_mixin.py:190} INFO - [2024-12-30T06:40:38.366+0000] {override.py:1911} INFO - Created Permission View: can delete on DAG Run:dataset_produces_1
[2024-12-30T06:40:38.374+0000] {logging_mixin.py:190} INFO - [2024-12-30T06:40:38.373+0000] {override.py:1911} INFO - Created Permission View: can create on DAG Run:dataset_produces_1
[2024-12-30T06:40:38.380+0000] {logging_mixin.py:190} INFO - [2024-12-30T06:40:38.380+0000] {override.py:1911} INFO - Created Permission View: menu access on DAG Run:dataset_produces_1
[2024-12-30T06:40:38.387+0000] {logging_mixin.py:190} INFO - [2024-12-30T06:40:38.387+0000] {override.py:1911} INFO - Created Permission View: can read on DAG Run:dataset_produces_1
[2024-12-30T06:40:38.398+0000] {logging_mixin.py:190} INFO - [2024-12-30T06:40:38.398+0000] {override.py:1911} INFO - Created Permission View: can delete on DAG:consume_1_or_2_with_dataset_expressions
[2024-12-30T06:40:38.404+0000] {logging_mixin.py:190} INFO - [2024-12-30T06:40:38.403+0000] {override.py:1911} INFO - Created Permission View: can edit on DAG:consume_1_or_2_with_dataset_expressions
[2024-12-30T06:40:38.410+0000] {logging_mixin.py:190} INFO - [2024-12-30T06:40:38.410+0000] {override.py:1911} INFO - Created Permission View: can read on DAG:consume_1_or_2_with_dataset_expressions
[2024-12-30T06:40:38.419+0000] {logging_mixin.py:190} INFO - [2024-12-30T06:40:38.418+0000] {override.py:1911} INFO - Created Permission View: can delete on DAG Run:consume_1_or_2_with_dataset_expressions
[2024-12-30T06:40:38.426+0000] {logging_mixin.py:190} INFO - [2024-12-30T06:40:38.426+0000] {override.py:1911} INFO - Created Permission View: can create on DAG Run:consume_1_or_2_with_dataset_expressions
[2024-12-30T06:40:38.437+0000] {logging_mixin.py:190} INFO - [2024-12-30T06:40:38.436+0000] {override.py:1911} INFO - Created Permission View: menu access on DAG Run:consume_1_or_2_with_dataset_expressions
[2024-12-30T06:40:38.446+0000] {logging_mixin.py:190} INFO - [2024-12-30T06:40:38.445+0000] {override.py:1911} INFO - Created Permission View: can read on DAG Run:consume_1_or_2_with_dataset_expressions
[2024-12-30T06:40:38.459+0000] {logging_mixin.py:190} INFO - [2024-12-30T06:40:38.459+0000] {override.py:1911} INFO - Created Permission View: can delete on DAG:dataset_consumes_1_and_2
[2024-12-30T06:40:38.467+0000] {logging_mixin.py:190} INFO - [2024-12-30T06:40:38.467+0000] {override.py:1911} INFO - Created Permission View: can edit on DAG:dataset_consumes_1_and_2
[2024-12-30T06:40:38.478+0000] {logging_mixin.py:190} INFO - [2024-12-30T06:40:38.477+0000] {override.py:1911} INFO - Created Permission View: can read on DAG:dataset_consumes_1_and_2
[2024-12-30T06:40:38.488+0000] {logging_mixin.py:190} INFO - [2024-12-30T06:40:38.488+0000] {override.py:1911} INFO - Created Permission View: can delete on DAG Run:dataset_consumes_1_and_2
[2024-12-30T06:40:38.495+0000] {logging_mixin.py:190} INFO - [2024-12-30T06:40:38.495+0000] {override.py:1911} INFO - Created Permission View: can create on DAG Run:dataset_consumes_1_and_2
[2024-12-30T06:40:38.507+0000] {logging_mixin.py:190} INFO - [2024-12-30T06:40:38.507+0000] {override.py:1911} INFO - Created Permission View: menu access on DAG Run:dataset_consumes_1_and_2
[2024-12-30T06:40:38.519+0000] {logging_mixin.py:190} INFO - [2024-12-30T06:40:38.519+0000] {override.py:1911} INFO - Created Permission View: can read on DAG Run:dataset_consumes_1_and_2
[2024-12-30T06:40:38.520+0000] {logging_mixin.py:190} INFO - [2024-12-30T06:40:38.520+0000] {dag.py:3239} INFO - Sync 10 DAGs
[2024-12-30T06:40:38.532+0000] {logging_mixin.py:190} INFO - [2024-12-30T06:40:38.531+0000] {dag.py:3262} INFO - Creating ORM DAG for dataset_consumes_1_and_2
[2024-12-30T06:40:38.533+0000] {logging_mixin.py:190} INFO - [2024-12-30T06:40:38.533+0000] {dag.py:3262} INFO - Creating ORM DAG for dataset_consumes_1_never_scheduled
[2024-12-30T06:40:38.533+0000] {logging_mixin.py:190} INFO - [2024-12-30T06:40:38.533+0000] {dag.py:3262} INFO - Creating ORM DAG for conditional_dataset_and_time_based_timetable
[2024-12-30T06:40:38.535+0000] {logging_mixin.py:190} INFO - [2024-12-30T06:40:38.535+0000] {dag.py:3262} INFO - Creating ORM DAG for dataset_consumes_1
[2024-12-30T06:40:38.535+0000] {logging_mixin.py:190} INFO - [2024-12-30T06:40:38.535+0000] {dag.py:3262} INFO - Creating ORM DAG for dataset_consumes_unknown_never_scheduled
[2024-12-30T06:40:38.536+0000] {logging_mixin.py:190} INFO - [2024-12-30T06:40:38.536+0000] {dag.py:3262} INFO - Creating ORM DAG for consume_1_or_2_with_dataset_expressions
[2024-12-30T06:40:38.536+0000] {logging_mixin.py:190} INFO - [2024-12-30T06:40:38.536+0000] {dag.py:3262} INFO - Creating ORM DAG for dataset_produces_1
[2024-12-30T06:40:38.537+0000] {logging_mixin.py:190} INFO - [2024-12-30T06:40:38.537+0000] {dag.py:3262} INFO - Creating ORM DAG for dataset_produces_2
[2024-12-30T06:40:38.538+0000] {logging_mixin.py:190} INFO - [2024-12-30T06:40:38.537+0000] {dag.py:3262} INFO - Creating ORM DAG for consume_1_or_both_2_and_3_with_dataset_expressions
[2024-12-30T06:40:38.538+0000] {logging_mixin.py:190} INFO - [2024-12-30T06:40:38.538+0000] {dag.py:3262} INFO - Creating ORM DAG for consume_1_and_2_with_dataset_expressions
[2024-12-30T06:40:38.548+0000] {logging_mixin.py:190} INFO - [2024-12-30T06:40:38.548+0000] {dag.py:4180} INFO - Setting next_dagrun for conditional_dataset_and_time_based_timetable to 2024-12-25 01:00:00+00:00, run_after=2024-12-25 01:00:00+00:00
[2024-12-30T06:40:38.550+0000] {logging_mixin.py:190} INFO - [2024-12-30T06:40:38.549+0000] {dag.py:4180} INFO - Setting next_dagrun for consume_1_and_2_with_dataset_expressions to None, run_after=None
[2024-12-30T06:40:38.550+0000] {logging_mixin.py:190} INFO - [2024-12-30T06:40:38.550+0000] {dag.py:4180} INFO - Setting next_dagrun for consume_1_or_2_with_dataset_expressions to None, run_after=None
[2024-12-30T06:40:38.551+0000] {logging_mixin.py:190} INFO - [2024-12-30T06:40:38.551+0000] {dag.py:4180} INFO - Setting next_dagrun for consume_1_or_both_2_and_3_with_dataset_expressions to None, run_after=None
[2024-12-30T06:40:38.551+0000] {logging_mixin.py:190} INFO - [2024-12-30T06:40:38.551+0000] {dag.py:4180} INFO - Setting next_dagrun for dataset_consumes_1 to None, run_after=None
[2024-12-30T06:40:38.552+0000] {logging_mixin.py:190} INFO - [2024-12-30T06:40:38.552+0000] {dag.py:4180} INFO - Setting next_dagrun for dataset_consumes_1_and_2 to None, run_after=None
[2024-12-30T06:40:38.553+0000] {logging_mixin.py:190} INFO - [2024-12-30T06:40:38.553+0000] {dag.py:4180} INFO - Setting next_dagrun for dataset_consumes_1_never_scheduled to None, run_after=None
[2024-12-30T06:40:38.554+0000] {logging_mixin.py:190} INFO - [2024-12-30T06:40:38.554+0000] {dag.py:4180} INFO - Setting next_dagrun for dataset_consumes_unknown_never_scheduled to None, run_after=None
[2024-12-30T06:40:38.555+0000] {logging_mixin.py:190} INFO - [2024-12-30T06:40:38.555+0000] {dag.py:4180} INFO - Setting next_dagrun for dataset_produces_1 to 2024-12-29 00:00:00+00:00, run_after=2024-12-30 00:00:00+00:00
[2024-12-30T06:40:38.556+0000] {logging_mixin.py:190} INFO - [2024-12-30T06:40:38.556+0000] {dag.py:4180} INFO - Setting next_dagrun for dataset_produces_2 to None, run_after=None
[2024-12-30T06:40:38.589+0000] {processor.py:208} INFO - Processing /home/airflow/.local/lib/python3.12/site-packages/airflow/example_dags/example_datasets.py took 1.542 seconds
[2024-12-30T06:41:08.710+0000] {processor.py:186} INFO - Started process (PID=160) to work on /home/airflow/.local/lib/python3.12/site-packages/airflow/example_dags/example_datasets.py
[2024-12-30T06:41:08.711+0000] {processor.py:914} INFO - Processing file /home/airflow/.local/lib/python3.12/site-packages/airflow/example_dags/example_datasets.py for tasks to queue
[2024-12-30T06:41:08.712+0000] {logging_mixin.py:190} INFO - [2024-12-30T06:41:08.712+0000] {dagbag.py:588} INFO - Filling up the DagBag from /home/airflow/.local/lib/python3.12/site-packages/airflow/example_dags/example_datasets.py
[2024-12-30T06:41:09.158+0000] {processor.py:925} INFO - DAG(s) 'dataset_consumes_1', 'consume_1_or_2_with_dataset_expressions', 'dataset_produces_2', 'consume_1_and_2_with_dataset_expressions', 'consume_1_or_both_2_and_3_with_dataset_expressions', 'conditional_dataset_and_time_based_timetable', 'dataset_produces_1', 'dataset_consumes_1_and_2', 'dataset_consumes_1_never_scheduled', 'dataset_consumes_unknown_never_scheduled' retrieved from /home/airflow/.local/lib/python3.12/site-packages/airflow/example_dags/example_datasets.py
[2024-12-30T06:41:09.181+0000] {logging_mixin.py:190} INFO - [2024-12-30T06:41:09.181+0000] {dag.py:3239} INFO - Sync 10 DAGs
[2024-12-30T06:41:09.196+0000] {logging_mixin.py:190} INFO - [2024-12-30T06:41:09.195+0000] {dag.py:4180} INFO - Setting next_dagrun for conditional_dataset_and_time_based_timetable to 2024-12-25 01:00:00+00:00, run_after=2024-12-25 01:00:00+00:00
[2024-12-30T06:41:09.198+0000] {logging_mixin.py:190} INFO - [2024-12-30T06:41:09.198+0000] {dag.py:4180} INFO - Setting next_dagrun for consume_1_and_2_with_dataset_expressions to None, run_after=None
[2024-12-30T06:41:09.199+0000] {logging_mixin.py:190} INFO - [2024-12-30T06:41:09.199+0000] {dag.py:4180} INFO - Setting next_dagrun for consume_1_or_2_with_dataset_expressions to None, run_after=None
[2024-12-30T06:41:09.200+0000] {logging_mixin.py:190} INFO - [2024-12-30T06:41:09.200+0000] {dag.py:4180} INFO - Setting next_dagrun for consume_1_or_both_2_and_3_with_dataset_expressions to None, run_after=None
[2024-12-30T06:41:09.201+0000] {logging_mixin.py:190} INFO - [2024-12-30T06:41:09.201+0000] {dag.py:4180} INFO - Setting next_dagrun for dataset_consumes_1 to None, run_after=None
[2024-12-30T06:41:09.201+0000] {logging_mixin.py:190} INFO - [2024-12-30T06:41:09.201+0000] {dag.py:4180} INFO - Setting next_dagrun for dataset_consumes_1_and_2 to None, run_after=None
[2024-12-30T06:41:09.202+0000] {logging_mixin.py:190} INFO - [2024-12-30T06:41:09.202+0000] {dag.py:4180} INFO - Setting next_dagrun for dataset_consumes_1_never_scheduled to None, run_after=None
[2024-12-30T06:41:09.203+0000] {logging_mixin.py:190} INFO - [2024-12-30T06:41:09.203+0000] {dag.py:4180} INFO - Setting next_dagrun for dataset_consumes_unknown_never_scheduled to None, run_after=None
[2024-12-30T06:41:09.205+0000] {logging_mixin.py:190} INFO - [2024-12-30T06:41:09.205+0000] {dag.py:4180} INFO - Setting next_dagrun for dataset_produces_1 to 2024-12-29 00:00:00+00:00, run_after=2024-12-30 00:00:00+00:00
[2024-12-30T06:41:09.205+0000] {logging_mixin.py:190} INFO - [2024-12-30T06:41:09.205+0000] {dag.py:4180} INFO - Setting next_dagrun for dataset_produces_2 to None, run_after=None
[2024-12-30T06:41:09.224+0000] {processor.py:208} INFO - Processing /home/airflow/.local/lib/python3.12/site-packages/airflow/example_dags/example_datasets.py took 0.518 seconds
[2024-12-30T06:41:39.672+0000] {processor.py:186} INFO - Started process (PID=225) to work on /home/airflow/.local/lib/python3.12/site-packages/airflow/example_dags/example_datasets.py
[2024-12-30T06:41:39.672+0000] {processor.py:914} INFO - Processing file /home/airflow/.local/lib/python3.12/site-packages/airflow/example_dags/example_datasets.py for tasks to queue
[2024-12-30T06:41:39.674+0000] {logging_mixin.py:190} INFO - [2024-12-30T06:41:39.674+0000] {dagbag.py:588} INFO - Filling up the DagBag from /home/airflow/.local/lib/python3.12/site-packages/airflow/example_dags/example_datasets.py
[2024-12-30T06:41:40.039+0000] {processor.py:925} INFO - DAG(s) 'dataset_produces_1', 'conditional_dataset_and_time_based_timetable', 'dataset_consumes_1', 'dataset_consumes_unknown_never_scheduled', 'dataset_produces_2', 'consume_1_or_2_with_dataset_expressions', 'consume_1_and_2_with_dataset_expressions', 'dataset_consumes_1_never_scheduled', 'dataset_consumes_1_and_2', 'consume_1_or_both_2_and_3_with_dataset_expressions' retrieved from /home/airflow/.local/lib/python3.12/site-packages/airflow/example_dags/example_datasets.py
[2024-12-30T06:41:40.063+0000] {logging_mixin.py:190} INFO - [2024-12-30T06:41:40.062+0000] {dag.py:3239} INFO - Sync 10 DAGs
[2024-12-30T06:41:40.077+0000] {logging_mixin.py:190} INFO - [2024-12-30T06:41:40.077+0000] {dag.py:4180} INFO - Setting next_dagrun for conditional_dataset_and_time_based_timetable to 2024-12-25 01:00:00+00:00, run_after=2024-12-25 01:00:00+00:00
[2024-12-30T06:41:40.079+0000] {logging_mixin.py:190} INFO - [2024-12-30T06:41:40.079+0000] {dag.py:4180} INFO - Setting next_dagrun for consume_1_and_2_with_dataset_expressions to None, run_after=None
[2024-12-30T06:41:40.080+0000] {logging_mixin.py:190} INFO - [2024-12-30T06:41:40.080+0000] {dag.py:4180} INFO - Setting next_dagrun for consume_1_or_2_with_dataset_expressions to None, run_after=None
[2024-12-30T06:41:40.081+0000] {logging_mixin.py:190} INFO - [2024-12-30T06:41:40.081+0000] {dag.py:4180} INFO - Setting next_dagrun for consume_1_or_both_2_and_3_with_dataset_expressions to None, run_after=None
[2024-12-30T06:41:40.082+0000] {logging_mixin.py:190} INFO - [2024-12-30T06:41:40.082+0000] {dag.py:4180} INFO - Setting next_dagrun for dataset_consumes_1 to None, run_after=None
[2024-12-30T06:41:40.083+0000] {logging_mixin.py:190} INFO - [2024-12-30T06:41:40.083+0000] {dag.py:4180} INFO - Setting next_dagrun for dataset_consumes_1_and_2 to None, run_after=None
[2024-12-30T06:41:40.084+0000] {logging_mixin.py:190} INFO - [2024-12-30T06:41:40.084+0000] {dag.py:4180} INFO - Setting next_dagrun for dataset_consumes_1_never_scheduled to None, run_after=None
[2024-12-30T06:41:40.085+0000] {logging_mixin.py:190} INFO - [2024-12-30T06:41:40.085+0000] {dag.py:4180} INFO - Setting next_dagrun for dataset_consumes_unknown_never_scheduled to None, run_after=None
[2024-12-30T06:41:40.086+0000] {logging_mixin.py:190} INFO - [2024-12-30T06:41:40.086+0000] {dag.py:4180} INFO - Setting next_dagrun for dataset_produces_1 to 2024-12-29 00:00:00+00:00, run_after=2024-12-30 00:00:00+00:00
[2024-12-30T06:41:40.087+0000] {logging_mixin.py:190} INFO - [2024-12-30T06:41:40.087+0000] {dag.py:4180} INFO - Setting next_dagrun for dataset_produces_2 to None, run_after=None
[2024-12-30T06:41:40.104+0000] {processor.py:208} INFO - Processing /home/airflow/.local/lib/python3.12/site-packages/airflow/example_dags/example_datasets.py took 0.437 seconds
[2024-12-30T06:56:38.848+0000] {processor.py:186} INFO - Started process (PID=90) to work on /home/airflow/.local/lib/python3.12/site-packages/airflow/example_dags/example_datasets.py
[2024-12-30T06:56:38.852+0000] {processor.py:914} INFO - Processing file /home/airflow/.local/lib/python3.12/site-packages/airflow/example_dags/example_datasets.py for tasks to queue
[2024-12-30T06:56:38.854+0000] {logging_mixin.py:190} INFO - [2024-12-30T06:56:38.854+0000] {dagbag.py:588} INFO - Filling up the DagBag from /home/airflow/.local/lib/python3.12/site-packages/airflow/example_dags/example_datasets.py
[2024-12-30T06:56:41.548+0000] {processor.py:925} INFO - DAG(s) 'dataset_consumes_1_and_2', 'dataset_consumes_1_never_scheduled', 'consume_1_or_both_2_and_3_with_dataset_expressions', 'dataset_produces_2', 'dataset_produces_1', 'dataset_consumes_unknown_never_scheduled', 'consume_1_or_2_with_dataset_expressions', 'consume_1_and_2_with_dataset_expressions', 'conditional_dataset_and_time_based_timetable', 'dataset_consumes_1' retrieved from /home/airflow/.local/lib/python3.12/site-packages/airflow/example_dags/example_datasets.py
[2024-12-30T06:56:41.588+0000] {logging_mixin.py:190} INFO - [2024-12-30T06:56:41.587+0000] {dag.py:3239} INFO - Sync 10 DAGs
[2024-12-30T06:56:41.627+0000] {logging_mixin.py:190} INFO - [2024-12-30T06:56:41.626+0000] {dag.py:4180} INFO - Setting next_dagrun for conditional_dataset_and_time_based_timetable to 2024-12-25 01:00:00+00:00, run_after=2024-12-25 01:00:00+00:00
[2024-12-30T06:56:41.631+0000] {logging_mixin.py:190} INFO - [2024-12-30T06:56:41.631+0000] {dag.py:4180} INFO - Setting next_dagrun for consume_1_and_2_with_dataset_expressions to None, run_after=None
[2024-12-30T06:56:41.632+0000] {logging_mixin.py:190} INFO - [2024-12-30T06:56:41.632+0000] {dag.py:4180} INFO - Setting next_dagrun for consume_1_or_2_with_dataset_expressions to None, run_after=None
[2024-12-30T06:56:41.633+0000] {logging_mixin.py:190} INFO - [2024-12-30T06:56:41.633+0000] {dag.py:4180} INFO - Setting next_dagrun for consume_1_or_both_2_and_3_with_dataset_expressions to None, run_after=None
[2024-12-30T06:56:41.635+0000] {logging_mixin.py:190} INFO - [2024-12-30T06:56:41.635+0000] {dag.py:4180} INFO - Setting next_dagrun for dataset_consumes_1 to None, run_after=None
[2024-12-30T06:56:41.636+0000] {logging_mixin.py:190} INFO - [2024-12-30T06:56:41.636+0000] {dag.py:4180} INFO - Setting next_dagrun for dataset_consumes_1_and_2 to None, run_after=None
[2024-12-30T06:56:41.637+0000] {logging_mixin.py:190} INFO - [2024-12-30T06:56:41.637+0000] {dag.py:4180} INFO - Setting next_dagrun for dataset_consumes_1_never_scheduled to None, run_after=None
[2024-12-30T06:56:41.639+0000] {logging_mixin.py:190} INFO - [2024-12-30T06:56:41.638+0000] {dag.py:4180} INFO - Setting next_dagrun for dataset_consumes_unknown_never_scheduled to None, run_after=None
[2024-12-30T06:56:41.641+0000] {logging_mixin.py:190} INFO - [2024-12-30T06:56:41.641+0000] {dag.py:4180} INFO - Setting next_dagrun for dataset_produces_1 to 2024-12-29 00:00:00+00:00, run_after=2024-12-30 00:00:00+00:00
[2024-12-30T06:56:41.643+0000] {logging_mixin.py:190} INFO - [2024-12-30T06:56:41.643+0000] {dag.py:4180} INFO - Setting next_dagrun for dataset_produces_2 to None, run_after=None
[2024-12-30T06:56:41.675+0000] {processor.py:208} INFO - Processing /home/airflow/.local/lib/python3.12/site-packages/airflow/example_dags/example_datasets.py took 2.831 seconds
