[2024-12-30T05:45:56.674+0000] {processor.py:186} INFO - Started process (PID=88) to work on /home/airflow/.local/lib/python3.12/site-packages/airflow/example_dags/example_branch_datetime_operator.py
[2024-12-30T05:45:56.675+0000] {processor.py:914} INFO - Processing file /home/airflow/.local/lib/python3.12/site-packages/airflow/example_dags/example_branch_datetime_operator.py for tasks to queue
[2024-12-30T05:45:56.677+0000] {logging_mixin.py:190} INFO - [2024-12-30T05:45:56.677+0000] {dagbag.py:588} INFO - Filling up the DagBag from /home/airflow/.local/lib/python3.12/site-packages/airflow/example_dags/example_branch_datetime_operator.py
[2024-12-30T05:45:56.689+0000] {processor.py:925} INFO - DAG(s) 'example_branch_datetime_operator_2', 'example_branch_datetime_operator_3', 'example_branch_datetime_operator' retrieved from /home/airflow/.local/lib/python3.12/site-packages/airflow/example_dags/example_branch_datetime_operator.py
[2024-12-30T05:45:56.760+0000] {logging_mixin.py:190} INFO - [2024-12-30T05:45:56.760+0000] {override.py:1911} INFO - Created Permission View: can read on DAG:example_branch_datetime_operator_2
[2024-12-30T05:45:56.766+0000] {logging_mixin.py:190} INFO - [2024-12-30T05:45:56.766+0000] {override.py:1911} INFO - Created Permission View: can delete on DAG:example_branch_datetime_operator_2
[2024-12-30T05:45:56.771+0000] {logging_mixin.py:190} INFO - [2024-12-30T05:45:56.771+0000] {override.py:1911} INFO - Created Permission View: can edit on DAG:example_branch_datetime_operator_2
[2024-12-30T05:45:56.776+0000] {logging_mixin.py:190} INFO - [2024-12-30T05:45:56.775+0000] {override.py:1911} INFO - Created Permission View: can read on DAG Run:example_branch_datetime_operator_2
[2024-12-30T05:45:56.781+0000] {logging_mixin.py:190} INFO - [2024-12-30T05:45:56.781+0000] {override.py:1911} INFO - Created Permission View: can create on DAG Run:example_branch_datetime_operator_2
[2024-12-30T05:45:56.785+0000] {logging_mixin.py:190} INFO - [2024-12-30T05:45:56.785+0000] {override.py:1911} INFO - Created Permission View: can delete on DAG Run:example_branch_datetime_operator_2
[2024-12-30T05:45:56.789+0000] {logging_mixin.py:190} INFO - [2024-12-30T05:45:56.789+0000] {override.py:1911} INFO - Created Permission View: menu access on DAG Run:example_branch_datetime_operator_2
[2024-12-30T05:45:56.797+0000] {logging_mixin.py:190} INFO - [2024-12-30T05:45:56.797+0000] {override.py:1911} INFO - Created Permission View: can read on DAG:example_branch_datetime_operator_3
[2024-12-30T05:45:56.801+0000] {logging_mixin.py:190} INFO - [2024-12-30T05:45:56.801+0000] {override.py:1911} INFO - Created Permission View: can delete on DAG:example_branch_datetime_operator_3
[2024-12-30T05:45:56.805+0000] {logging_mixin.py:190} INFO - [2024-12-30T05:45:56.805+0000] {override.py:1911} INFO - Created Permission View: can edit on DAG:example_branch_datetime_operator_3
[2024-12-30T05:45:56.810+0000] {logging_mixin.py:190} INFO - [2024-12-30T05:45:56.810+0000] {override.py:1911} INFO - Created Permission View: can read on DAG Run:example_branch_datetime_operator_3
[2024-12-30T05:45:56.814+0000] {logging_mixin.py:190} INFO - [2024-12-30T05:45:56.814+0000] {override.py:1911} INFO - Created Permission View: can create on DAG Run:example_branch_datetime_operator_3
[2024-12-30T05:45:56.818+0000] {logging_mixin.py:190} INFO - [2024-12-30T05:45:56.818+0000] {override.py:1911} INFO - Created Permission View: can delete on DAG Run:example_branch_datetime_operator_3
[2024-12-30T05:45:56.822+0000] {logging_mixin.py:190} INFO - [2024-12-30T05:45:56.822+0000] {override.py:1911} INFO - Created Permission View: menu access on DAG Run:example_branch_datetime_operator_3
[2024-12-30T05:45:56.837+0000] {logging_mixin.py:190} INFO - [2024-12-30T05:45:56.837+0000] {override.py:1911} INFO - Created Permission View: can read on DAG:example_branch_datetime_operator
[2024-12-30T05:45:56.842+0000] {logging_mixin.py:190} INFO - [2024-12-30T05:45:56.842+0000] {override.py:1911} INFO - Created Permission View: can delete on DAG:example_branch_datetime_operator
[2024-12-30T05:45:56.847+0000] {logging_mixin.py:190} INFO - [2024-12-30T05:45:56.847+0000] {override.py:1911} INFO - Created Permission View: can edit on DAG:example_branch_datetime_operator
[2024-12-30T05:45:56.853+0000] {logging_mixin.py:190} INFO - [2024-12-30T05:45:56.852+0000] {override.py:1911} INFO - Created Permission View: can read on DAG Run:example_branch_datetime_operator
[2024-12-30T05:45:56.858+0000] {logging_mixin.py:190} INFO - [2024-12-30T05:45:56.858+0000] {override.py:1911} INFO - Created Permission View: can create on DAG Run:example_branch_datetime_operator
[2024-12-30T05:45:56.863+0000] {logging_mixin.py:190} INFO - [2024-12-30T05:45:56.863+0000] {override.py:1911} INFO - Created Permission View: can delete on DAG Run:example_branch_datetime_operator
[2024-12-30T05:45:56.869+0000] {logging_mixin.py:190} INFO - [2024-12-30T05:45:56.869+0000] {override.py:1911} INFO - Created Permission View: menu access on DAG Run:example_branch_datetime_operator
[2024-12-30T05:45:56.870+0000] {logging_mixin.py:190} INFO - [2024-12-30T05:45:56.870+0000] {dag.py:3239} INFO - Sync 3 DAGs
[2024-12-30T05:45:56.878+0000] {logging_mixin.py:190} INFO - [2024-12-30T05:45:56.878+0000] {dag.py:3262} INFO - Creating ORM DAG for example_branch_datetime_operator_2
[2024-12-30T05:45:56.879+0000] {logging_mixin.py:190} INFO - [2024-12-30T05:45:56.879+0000] {dag.py:3262} INFO - Creating ORM DAG for example_branch_datetime_operator
[2024-12-30T05:45:56.879+0000] {logging_mixin.py:190} INFO - [2024-12-30T05:45:56.879+0000] {dag.py:3262} INFO - Creating ORM DAG for example_branch_datetime_operator_3
[2024-12-30T05:45:56.887+0000] {logging_mixin.py:190} INFO - [2024-12-30T05:45:56.887+0000] {dag.py:4180} INFO - Setting next_dagrun for example_branch_datetime_operator to 2024-12-29 00:00:00+00:00, run_after=2024-12-30 00:00:00+00:00
[2024-12-30T05:45:56.889+0000] {logging_mixin.py:190} INFO - [2024-12-30T05:45:56.889+0000] {dag.py:4180} INFO - Setting next_dagrun for example_branch_datetime_operator_2 to 2024-12-29 00:00:00+00:00, run_after=2024-12-30 00:00:00+00:00
[2024-12-30T05:45:56.890+0000] {logging_mixin.py:190} INFO - [2024-12-30T05:45:56.890+0000] {dag.py:4180} INFO - Setting next_dagrun for example_branch_datetime_operator_3 to 2024-12-29 00:00:00+00:00, run_after=2024-12-30 00:00:00+00:00
[2024-12-30T05:45:56.908+0000] {processor.py:208} INFO - Processing /home/airflow/.local/lib/python3.12/site-packages/airflow/example_dags/example_branch_datetime_operator.py took 0.239 seconds
[2024-12-30T05:46:27.113+0000] {processor.py:186} INFO - Started process (PID=151) to work on /home/airflow/.local/lib/python3.12/site-packages/airflow/example_dags/example_branch_datetime_operator.py
[2024-12-30T05:46:27.120+0000] {processor.py:914} INFO - Processing file /home/airflow/.local/lib/python3.12/site-packages/airflow/example_dags/example_branch_datetime_operator.py for tasks to queue
[2024-12-30T05:46:27.122+0000] {logging_mixin.py:190} INFO - [2024-12-30T05:46:27.122+0000] {dagbag.py:588} INFO - Filling up the DagBag from /home/airflow/.local/lib/python3.12/site-packages/airflow/example_dags/example_branch_datetime_operator.py
[2024-12-30T05:46:27.134+0000] {processor.py:925} INFO - DAG(s) 'example_branch_datetime_operator_3', 'example_branch_datetime_operator', 'example_branch_datetime_operator_2' retrieved from /home/airflow/.local/lib/python3.12/site-packages/airflow/example_dags/example_branch_datetime_operator.py
[2024-12-30T05:46:27.160+0000] {logging_mixin.py:190} INFO - [2024-12-30T05:46:27.160+0000] {dag.py:3239} INFO - Sync 3 DAGs
[2024-12-30T05:46:27.180+0000] {logging_mixin.py:190} INFO - [2024-12-30T05:46:27.180+0000] {dag.py:4180} INFO - Setting next_dagrun for example_branch_datetime_operator to 2024-12-29 00:00:00+00:00, run_after=2024-12-30 00:00:00+00:00
[2024-12-30T05:46:27.184+0000] {logging_mixin.py:190} INFO - [2024-12-30T05:46:27.183+0000] {dag.py:4180} INFO - Setting next_dagrun for example_branch_datetime_operator_2 to 2024-12-29 00:00:00+00:00, run_after=2024-12-30 00:00:00+00:00
[2024-12-30T05:46:27.186+0000] {logging_mixin.py:190} INFO - [2024-12-30T05:46:27.186+0000] {dag.py:4180} INFO - Setting next_dagrun for example_branch_datetime_operator_3 to 2024-12-29 00:00:00+00:00, run_after=2024-12-30 00:00:00+00:00
[2024-12-30T05:46:27.200+0000] {processor.py:208} INFO - Processing /home/airflow/.local/lib/python3.12/site-packages/airflow/example_dags/example_branch_datetime_operator.py took 0.092 seconds
[2024-12-30T05:47:27.734+0000] {processor.py:186} INFO - Started process (PID=181) to work on /home/airflow/.local/lib/python3.12/site-packages/airflow/example_dags/example_branch_datetime_operator.py
[2024-12-30T05:47:27.735+0000] {processor.py:914} INFO - Processing file /home/airflow/.local/lib/python3.12/site-packages/airflow/example_dags/example_branch_datetime_operator.py for tasks to queue
[2024-12-30T05:47:27.737+0000] {logging_mixin.py:190} INFO - [2024-12-30T05:47:27.736+0000] {dagbag.py:588} INFO - Filling up the DagBag from /home/airflow/.local/lib/python3.12/site-packages/airflow/example_dags/example_branch_datetime_operator.py
[2024-12-30T05:47:27.811+0000] {processor.py:925} INFO - DAG(s) 'example_branch_datetime_operator_2', 'example_branch_datetime_operator', 'example_branch_datetime_operator_3' retrieved from /home/airflow/.local/lib/python3.12/site-packages/airflow/example_dags/example_branch_datetime_operator.py
[2024-12-30T05:47:27.839+0000] {logging_mixin.py:190} INFO - [2024-12-30T05:47:27.839+0000] {dag.py:3239} INFO - Sync 3 DAGs
[2024-12-30T05:47:27.924+0000] {logging_mixin.py:190} INFO - [2024-12-30T05:47:27.924+0000] {dag.py:4180} INFO - Setting next_dagrun for example_branch_datetime_operator to 2024-12-29 00:00:00+00:00, run_after=2024-12-30 00:00:00+00:00
[2024-12-30T05:47:27.932+0000] {logging_mixin.py:190} INFO - [2024-12-30T05:47:27.932+0000] {dag.py:4180} INFO - Setting next_dagrun for example_branch_datetime_operator_2 to 2024-12-29 00:00:00+00:00, run_after=2024-12-30 00:00:00+00:00
[2024-12-30T05:47:27.935+0000] {logging_mixin.py:190} INFO - [2024-12-30T05:47:27.934+0000] {dag.py:4180} INFO - Setting next_dagrun for example_branch_datetime_operator_3 to 2024-12-29 00:00:00+00:00, run_after=2024-12-30 00:00:00+00:00
[2024-12-30T05:47:28.025+0000] {processor.py:208} INFO - Processing /home/airflow/.local/lib/python3.12/site-packages/airflow/example_dags/example_branch_datetime_operator.py took 0.295 seconds
[2024-12-30T05:50:30.795+0000] {processor.py:186} INFO - Started process (PID=246) to work on /home/airflow/.local/lib/python3.12/site-packages/airflow/example_dags/example_branch_datetime_operator.py
[2024-12-30T05:50:30.796+0000] {processor.py:914} INFO - Processing file /home/airflow/.local/lib/python3.12/site-packages/airflow/example_dags/example_branch_datetime_operator.py for tasks to queue
[2024-12-30T05:50:30.797+0000] {logging_mixin.py:190} INFO - [2024-12-30T05:50:30.797+0000] {dagbag.py:588} INFO - Filling up the DagBag from /home/airflow/.local/lib/python3.12/site-packages/airflow/example_dags/example_branch_datetime_operator.py
[2024-12-30T05:50:30.809+0000] {processor.py:925} INFO - DAG(s) 'example_branch_datetime_operator', 'example_branch_datetime_operator_2', 'example_branch_datetime_operator_3' retrieved from /home/airflow/.local/lib/python3.12/site-packages/airflow/example_dags/example_branch_datetime_operator.py
[2024-12-30T05:50:30.830+0000] {logging_mixin.py:190} INFO - [2024-12-30T05:50:30.829+0000] {dag.py:3239} INFO - Sync 3 DAGs
[2024-12-30T05:50:30.849+0000] {logging_mixin.py:190} INFO - [2024-12-30T05:50:30.849+0000] {dag.py:4180} INFO - Setting next_dagrun for example_branch_datetime_operator to 2024-12-29 00:00:00+00:00, run_after=2024-12-30 00:00:00+00:00
[2024-12-30T05:50:30.855+0000] {logging_mixin.py:190} INFO - [2024-12-30T05:50:30.855+0000] {dag.py:4180} INFO - Setting next_dagrun for example_branch_datetime_operator_2 to 2024-12-29 00:00:00+00:00, run_after=2024-12-30 00:00:00+00:00
[2024-12-30T05:50:30.857+0000] {logging_mixin.py:190} INFO - [2024-12-30T05:50:30.857+0000] {dag.py:4180} INFO - Setting next_dagrun for example_branch_datetime_operator_3 to 2024-12-29 00:00:00+00:00, run_after=2024-12-30 00:00:00+00:00
[2024-12-30T05:50:30.872+0000] {processor.py:208} INFO - Processing /home/airflow/.local/lib/python3.12/site-packages/airflow/example_dags/example_branch_datetime_operator.py took 0.081 seconds
[2024-12-30T05:51:57.703+0000] {processor.py:186} INFO - Started process (PID=304) to work on /home/airflow/.local/lib/python3.12/site-packages/airflow/example_dags/example_branch_datetime_operator.py
[2024-12-30T05:51:57.704+0000] {processor.py:914} INFO - Processing file /home/airflow/.local/lib/python3.12/site-packages/airflow/example_dags/example_branch_datetime_operator.py for tasks to queue
[2024-12-30T05:51:57.705+0000] {logging_mixin.py:190} INFO - [2024-12-30T05:51:57.705+0000] {dagbag.py:588} INFO - Filling up the DagBag from /home/airflow/.local/lib/python3.12/site-packages/airflow/example_dags/example_branch_datetime_operator.py
[2024-12-30T05:51:57.775+0000] {processor.py:925} INFO - DAG(s) 'example_branch_datetime_operator_3', 'example_branch_datetime_operator', 'example_branch_datetime_operator_2' retrieved from /home/airflow/.local/lib/python3.12/site-packages/airflow/example_dags/example_branch_datetime_operator.py
[2024-12-30T05:51:57.795+0000] {logging_mixin.py:190} INFO - [2024-12-30T05:51:57.795+0000] {dag.py:3239} INFO - Sync 3 DAGs
[2024-12-30T05:51:57.812+0000] {logging_mixin.py:190} INFO - [2024-12-30T05:51:57.812+0000] {dag.py:4180} INFO - Setting next_dagrun for example_branch_datetime_operator to 2024-12-29 00:00:00+00:00, run_after=2024-12-30 00:00:00+00:00
[2024-12-30T05:51:57.815+0000] {logging_mixin.py:190} INFO - [2024-12-30T05:51:57.815+0000] {dag.py:4180} INFO - Setting next_dagrun for example_branch_datetime_operator_2 to 2024-12-29 00:00:00+00:00, run_after=2024-12-30 00:00:00+00:00
[2024-12-30T05:51:57.817+0000] {logging_mixin.py:190} INFO - [2024-12-30T05:51:57.817+0000] {dag.py:4180} INFO - Setting next_dagrun for example_branch_datetime_operator_3 to 2024-12-29 00:00:00+00:00, run_after=2024-12-30 00:00:00+00:00
[2024-12-30T05:51:57.865+0000] {processor.py:208} INFO - Processing /home/airflow/.local/lib/python3.12/site-packages/airflow/example_dags/example_branch_datetime_operator.py took 0.165 seconds
[2024-12-30T05:52:28.125+0000] {processor.py:186} INFO - Started process (PID=366) to work on /home/airflow/.local/lib/python3.12/site-packages/airflow/example_dags/example_branch_datetime_operator.py
[2024-12-30T05:52:28.126+0000] {processor.py:914} INFO - Processing file /home/airflow/.local/lib/python3.12/site-packages/airflow/example_dags/example_branch_datetime_operator.py for tasks to queue
[2024-12-30T05:52:28.127+0000] {logging_mixin.py:190} INFO - [2024-12-30T05:52:28.126+0000] {dagbag.py:588} INFO - Filling up the DagBag from /home/airflow/.local/lib/python3.12/site-packages/airflow/example_dags/example_branch_datetime_operator.py
[2024-12-30T05:52:28.136+0000] {processor.py:925} INFO - DAG(s) 'example_branch_datetime_operator_3', 'example_branch_datetime_operator', 'example_branch_datetime_operator_2' retrieved from /home/airflow/.local/lib/python3.12/site-packages/airflow/example_dags/example_branch_datetime_operator.py
[2024-12-30T05:52:28.152+0000] {logging_mixin.py:190} INFO - [2024-12-30T05:52:28.152+0000] {dag.py:3239} INFO - Sync 3 DAGs
[2024-12-30T05:52:28.168+0000] {logging_mixin.py:190} INFO - [2024-12-30T05:52:28.168+0000] {dag.py:4180} INFO - Setting next_dagrun for example_branch_datetime_operator to 2024-12-29 00:00:00+00:00, run_after=2024-12-30 00:00:00+00:00
[2024-12-30T05:52:28.171+0000] {logging_mixin.py:190} INFO - [2024-12-30T05:52:28.171+0000] {dag.py:4180} INFO - Setting next_dagrun for example_branch_datetime_operator_2 to 2024-12-29 00:00:00+00:00, run_after=2024-12-30 00:00:00+00:00
[2024-12-30T05:52:28.173+0000] {logging_mixin.py:190} INFO - [2024-12-30T05:52:28.173+0000] {dag.py:4180} INFO - Setting next_dagrun for example_branch_datetime_operator_3 to 2024-12-29 00:00:00+00:00, run_after=2024-12-30 00:00:00+00:00
[2024-12-30T05:52:28.183+0000] {processor.py:208} INFO - Processing /home/airflow/.local/lib/python3.12/site-packages/airflow/example_dags/example_branch_datetime_operator.py took 0.062 seconds
[2024-12-30T05:52:58.878+0000] {processor.py:186} INFO - Started process (PID=429) to work on /home/airflow/.local/lib/python3.12/site-packages/airflow/example_dags/example_branch_datetime_operator.py
[2024-12-30T05:52:58.879+0000] {processor.py:914} INFO - Processing file /home/airflow/.local/lib/python3.12/site-packages/airflow/example_dags/example_branch_datetime_operator.py for tasks to queue
[2024-12-30T05:52:58.880+0000] {logging_mixin.py:190} INFO - [2024-12-30T05:52:58.880+0000] {dagbag.py:588} INFO - Filling up the DagBag from /home/airflow/.local/lib/python3.12/site-packages/airflow/example_dags/example_branch_datetime_operator.py
[2024-12-30T05:52:58.891+0000] {processor.py:925} INFO - DAG(s) 'example_branch_datetime_operator_3', 'example_branch_datetime_operator', 'example_branch_datetime_operator_2' retrieved from /home/airflow/.local/lib/python3.12/site-packages/airflow/example_dags/example_branch_datetime_operator.py
[2024-12-30T05:52:58.910+0000] {logging_mixin.py:190} INFO - [2024-12-30T05:52:58.910+0000] {dag.py:3239} INFO - Sync 3 DAGs
[2024-12-30T05:52:58.927+0000] {logging_mixin.py:190} INFO - [2024-12-30T05:52:58.927+0000] {dag.py:4180} INFO - Setting next_dagrun for example_branch_datetime_operator to 2024-12-29 00:00:00+00:00, run_after=2024-12-30 00:00:00+00:00
[2024-12-30T05:52:58.931+0000] {logging_mixin.py:190} INFO - [2024-12-30T05:52:58.931+0000] {dag.py:4180} INFO - Setting next_dagrun for example_branch_datetime_operator_2 to 2024-12-29 00:00:00+00:00, run_after=2024-12-30 00:00:00+00:00
[2024-12-30T05:52:58.932+0000] {logging_mixin.py:190} INFO - [2024-12-30T05:52:58.932+0000] {dag.py:4180} INFO - Setting next_dagrun for example_branch_datetime_operator_3 to 2024-12-29 00:00:00+00:00, run_after=2024-12-30 00:00:00+00:00
[2024-12-30T05:52:58.944+0000] {processor.py:208} INFO - Processing /home/airflow/.local/lib/python3.12/site-packages/airflow/example_dags/example_branch_datetime_operator.py took 0.070 seconds
[2024-12-30T05:53:29.766+0000] {processor.py:186} INFO - Started process (PID=492) to work on /home/airflow/.local/lib/python3.12/site-packages/airflow/example_dags/example_branch_datetime_operator.py
[2024-12-30T05:53:29.767+0000] {processor.py:914} INFO - Processing file /home/airflow/.local/lib/python3.12/site-packages/airflow/example_dags/example_branch_datetime_operator.py for tasks to queue
[2024-12-30T05:53:29.768+0000] {logging_mixin.py:190} INFO - [2024-12-30T05:53:29.767+0000] {dagbag.py:588} INFO - Filling up the DagBag from /home/airflow/.local/lib/python3.12/site-packages/airflow/example_dags/example_branch_datetime_operator.py
[2024-12-30T05:53:29.776+0000] {processor.py:925} INFO - DAG(s) 'example_branch_datetime_operator_2', 'example_branch_datetime_operator', 'example_branch_datetime_operator_3' retrieved from /home/airflow/.local/lib/python3.12/site-packages/airflow/example_dags/example_branch_datetime_operator.py
[2024-12-30T05:53:29.795+0000] {logging_mixin.py:190} INFO - [2024-12-30T05:53:29.795+0000] {dag.py:3239} INFO - Sync 3 DAGs
[2024-12-30T05:53:29.813+0000] {logging_mixin.py:190} INFO - [2024-12-30T05:53:29.812+0000] {dag.py:4180} INFO - Setting next_dagrun for example_branch_datetime_operator to 2024-12-29 00:00:00+00:00, run_after=2024-12-30 00:00:00+00:00
[2024-12-30T05:53:29.816+0000] {logging_mixin.py:190} INFO - [2024-12-30T05:53:29.816+0000] {dag.py:4180} INFO - Setting next_dagrun for example_branch_datetime_operator_2 to 2024-12-29 00:00:00+00:00, run_after=2024-12-30 00:00:00+00:00
[2024-12-30T05:53:29.818+0000] {logging_mixin.py:190} INFO - [2024-12-30T05:53:29.818+0000] {dag.py:4180} INFO - Setting next_dagrun for example_branch_datetime_operator_3 to 2024-12-29 00:00:00+00:00, run_after=2024-12-30 00:00:00+00:00
[2024-12-30T05:53:29.828+0000] {processor.py:208} INFO - Processing /home/airflow/.local/lib/python3.12/site-packages/airflow/example_dags/example_branch_datetime_operator.py took 0.068 seconds
[2024-12-30T06:07:23.258+0000] {processor.py:186} INFO - Started process (PID=535) to work on /home/airflow/.local/lib/python3.12/site-packages/airflow/example_dags/example_branch_datetime_operator.py
[2024-12-30T06:07:23.315+0000] {processor.py:914} INFO - Processing file /home/airflow/.local/lib/python3.12/site-packages/airflow/example_dags/example_branch_datetime_operator.py for tasks to queue
[2024-12-30T06:07:23.320+0000] {logging_mixin.py:190} INFO - [2024-12-30T06:07:23.318+0000] {dagbag.py:588} INFO - Filling up the DagBag from /home/airflow/.local/lib/python3.12/site-packages/airflow/example_dags/example_branch_datetime_operator.py
[2024-12-30T06:07:23.334+0000] {processor.py:925} INFO - DAG(s) 'example_branch_datetime_operator_2', 'example_branch_datetime_operator_3', 'example_branch_datetime_operator' retrieved from /home/airflow/.local/lib/python3.12/site-packages/airflow/example_dags/example_branch_datetime_operator.py
[2024-12-30T06:07:23.353+0000] {logging_mixin.py:190} INFO - [2024-12-30T06:07:23.353+0000] {dag.py:3239} INFO - Sync 3 DAGs
[2024-12-30T06:07:23.370+0000] {logging_mixin.py:190} INFO - [2024-12-30T06:07:23.370+0000] {dag.py:4180} INFO - Setting next_dagrun for example_branch_datetime_operator to 2024-12-29 00:00:00+00:00, run_after=2024-12-30 00:00:00+00:00
[2024-12-30T06:07:23.373+0000] {logging_mixin.py:190} INFO - [2024-12-30T06:07:23.373+0000] {dag.py:4180} INFO - Setting next_dagrun for example_branch_datetime_operator_2 to 2024-12-29 00:00:00+00:00, run_after=2024-12-30 00:00:00+00:00
[2024-12-30T06:07:23.375+0000] {logging_mixin.py:190} INFO - [2024-12-30T06:07:23.374+0000] {dag.py:4180} INFO - Setting next_dagrun for example_branch_datetime_operator_3 to 2024-12-29 00:00:00+00:00, run_after=2024-12-30 00:00:00+00:00
[2024-12-30T06:07:23.411+0000] {processor.py:208} INFO - Processing /home/airflow/.local/lib/python3.12/site-packages/airflow/example_dags/example_branch_datetime_operator.py took 0.157 seconds
[2024-12-30T06:40:36.377+0000] {processor.py:186} INFO - Started process (PID=89) to work on /home/airflow/.local/lib/python3.12/site-packages/airflow/example_dags/example_branch_datetime_operator.py
[2024-12-30T06:40:36.378+0000] {processor.py:914} INFO - Processing file /home/airflow/.local/lib/python3.12/site-packages/airflow/example_dags/example_branch_datetime_operator.py for tasks to queue
[2024-12-30T06:40:36.380+0000] {logging_mixin.py:190} INFO - [2024-12-30T06:40:36.380+0000] {dagbag.py:588} INFO - Filling up the DagBag from /home/airflow/.local/lib/python3.12/site-packages/airflow/example_dags/example_branch_datetime_operator.py
[2024-12-30T06:40:36.389+0000] {processor.py:925} INFO - DAG(s) 'example_branch_datetime_operator_3', 'example_branch_datetime_operator_2', 'example_branch_datetime_operator' retrieved from /home/airflow/.local/lib/python3.12/site-packages/airflow/example_dags/example_branch_datetime_operator.py
[2024-12-30T06:40:36.477+0000] {logging_mixin.py:190} INFO - [2024-12-30T06:40:36.477+0000] {override.py:1911} INFO - Created Permission View: can delete on DAG:example_branch_datetime_operator_3
[2024-12-30T06:40:36.587+0000] {logging_mixin.py:190} INFO - [2024-12-30T06:40:36.586+0000] {override.py:1911} INFO - Created Permission View: can edit on DAG:example_branch_datetime_operator_3
[2024-12-30T06:40:36.599+0000] {logging_mixin.py:190} INFO - [2024-12-30T06:40:36.599+0000] {override.py:1911} INFO - Created Permission View: can read on DAG:example_branch_datetime_operator_3
[2024-12-30T06:40:36.606+0000] {logging_mixin.py:190} INFO - [2024-12-30T06:40:36.606+0000] {override.py:1911} INFO - Created Permission View: can delete on DAG Run:example_branch_datetime_operator_3
[2024-12-30T06:40:36.613+0000] {logging_mixin.py:190} INFO - [2024-12-30T06:40:36.612+0000] {override.py:1911} INFO - Created Permission View: can create on DAG Run:example_branch_datetime_operator_3
[2024-12-30T06:40:36.620+0000] {logging_mixin.py:190} INFO - [2024-12-30T06:40:36.619+0000] {override.py:1911} INFO - Created Permission View: menu access on DAG Run:example_branch_datetime_operator_3
[2024-12-30T06:40:36.626+0000] {logging_mixin.py:190} INFO - [2024-12-30T06:40:36.626+0000] {override.py:1911} INFO - Created Permission View: can read on DAG Run:example_branch_datetime_operator_3
[2024-12-30T06:40:36.638+0000] {logging_mixin.py:190} INFO - [2024-12-30T06:40:36.638+0000] {override.py:1911} INFO - Created Permission View: can delete on DAG:example_branch_datetime_operator_2
[2024-12-30T06:40:36.644+0000] {logging_mixin.py:190} INFO - [2024-12-30T06:40:36.644+0000] {override.py:1911} INFO - Created Permission View: can edit on DAG:example_branch_datetime_operator_2
[2024-12-30T06:40:36.651+0000] {logging_mixin.py:190} INFO - [2024-12-30T06:40:36.651+0000] {override.py:1911} INFO - Created Permission View: can read on DAG:example_branch_datetime_operator_2
[2024-12-30T06:40:36.660+0000] {logging_mixin.py:190} INFO - [2024-12-30T06:40:36.660+0000] {override.py:1911} INFO - Created Permission View: can delete on DAG Run:example_branch_datetime_operator_2
[2024-12-30T06:40:36.666+0000] {logging_mixin.py:190} INFO - [2024-12-30T06:40:36.665+0000] {override.py:1911} INFO - Created Permission View: can create on DAG Run:example_branch_datetime_operator_2
[2024-12-30T06:40:36.672+0000] {logging_mixin.py:190} INFO - [2024-12-30T06:40:36.672+0000] {override.py:1911} INFO - Created Permission View: menu access on DAG Run:example_branch_datetime_operator_2
[2024-12-30T06:40:36.679+0000] {logging_mixin.py:190} INFO - [2024-12-30T06:40:36.678+0000] {override.py:1911} INFO - Created Permission View: can read on DAG Run:example_branch_datetime_operator_2
[2024-12-30T06:40:36.694+0000] {logging_mixin.py:190} INFO - [2024-12-30T06:40:36.694+0000] {override.py:1911} INFO - Created Permission View: can delete on DAG:example_branch_datetime_operator
[2024-12-30T06:40:36.700+0000] {logging_mixin.py:190} INFO - [2024-12-30T06:40:36.700+0000] {override.py:1911} INFO - Created Permission View: can edit on DAG:example_branch_datetime_operator
[2024-12-30T06:40:36.705+0000] {logging_mixin.py:190} INFO - [2024-12-30T06:40:36.705+0000] {override.py:1911} INFO - Created Permission View: can read on DAG:example_branch_datetime_operator
[2024-12-30T06:40:36.714+0000] {logging_mixin.py:190} INFO - [2024-12-30T06:40:36.713+0000] {override.py:1911} INFO - Created Permission View: can delete on DAG Run:example_branch_datetime_operator
[2024-12-30T06:40:36.720+0000] {logging_mixin.py:190} INFO - [2024-12-30T06:40:36.719+0000] {override.py:1911} INFO - Created Permission View: can create on DAG Run:example_branch_datetime_operator
[2024-12-30T06:40:36.726+0000] {logging_mixin.py:190} INFO - [2024-12-30T06:40:36.725+0000] {override.py:1911} INFO - Created Permission View: menu access on DAG Run:example_branch_datetime_operator
[2024-12-30T06:40:36.733+0000] {logging_mixin.py:190} INFO - [2024-12-30T06:40:36.732+0000] {override.py:1911} INFO - Created Permission View: can read on DAG Run:example_branch_datetime_operator
[2024-12-30T06:40:36.733+0000] {logging_mixin.py:190} INFO - [2024-12-30T06:40:36.733+0000] {dag.py:3239} INFO - Sync 3 DAGs
[2024-12-30T06:40:36.746+0000] {logging_mixin.py:190} INFO - [2024-12-30T06:40:36.746+0000] {dag.py:3262} INFO - Creating ORM DAG for example_branch_datetime_operator_3
[2024-12-30T06:40:36.747+0000] {logging_mixin.py:190} INFO - [2024-12-30T06:40:36.747+0000] {dag.py:3262} INFO - Creating ORM DAG for example_branch_datetime_operator_2
[2024-12-30T06:40:36.748+0000] {logging_mixin.py:190} INFO - [2024-12-30T06:40:36.748+0000] {dag.py:3262} INFO - Creating ORM DAG for example_branch_datetime_operator
[2024-12-30T06:40:36.762+0000] {logging_mixin.py:190} INFO - [2024-12-30T06:40:36.761+0000] {dag.py:4180} INFO - Setting next_dagrun for example_branch_datetime_operator to 2024-12-29 00:00:00+00:00, run_after=2024-12-30 00:00:00+00:00
[2024-12-30T06:40:36.763+0000] {logging_mixin.py:190} INFO - [2024-12-30T06:40:36.763+0000] {dag.py:4180} INFO - Setting next_dagrun for example_branch_datetime_operator_2 to 2024-12-29 00:00:00+00:00, run_after=2024-12-30 00:00:00+00:00
[2024-12-30T06:40:36.765+0000] {logging_mixin.py:190} INFO - [2024-12-30T06:40:36.764+0000] {dag.py:4180} INFO - Setting next_dagrun for example_branch_datetime_operator_3 to 2024-12-29 00:00:00+00:00, run_after=2024-12-30 00:00:00+00:00
[2024-12-30T06:40:36.788+0000] {processor.py:208} INFO - Processing /home/airflow/.local/lib/python3.12/site-packages/airflow/example_dags/example_branch_datetime_operator.py took 0.416 seconds
[2024-12-30T06:41:07.995+0000] {processor.py:186} INFO - Started process (PID=152) to work on /home/airflow/.local/lib/python3.12/site-packages/airflow/example_dags/example_branch_datetime_operator.py
[2024-12-30T06:41:07.996+0000] {processor.py:914} INFO - Processing file /home/airflow/.local/lib/python3.12/site-packages/airflow/example_dags/example_branch_datetime_operator.py for tasks to queue
[2024-12-30T06:41:07.998+0000] {logging_mixin.py:190} INFO - [2024-12-30T06:41:07.998+0000] {dagbag.py:588} INFO - Filling up the DagBag from /home/airflow/.local/lib/python3.12/site-packages/airflow/example_dags/example_branch_datetime_operator.py
[2024-12-30T06:41:08.007+0000] {processor.py:925} INFO - DAG(s) 'example_branch_datetime_operator_3', 'example_branch_datetime_operator_2', 'example_branch_datetime_operator' retrieved from /home/airflow/.local/lib/python3.12/site-packages/airflow/example_dags/example_branch_datetime_operator.py
[2024-12-30T06:41:08.027+0000] {logging_mixin.py:190} INFO - [2024-12-30T06:41:08.027+0000] {dag.py:3239} INFO - Sync 3 DAGs
[2024-12-30T06:41:08.044+0000] {logging_mixin.py:190} INFO - [2024-12-30T06:41:08.044+0000] {dag.py:4180} INFO - Setting next_dagrun for example_branch_datetime_operator to 2024-12-29 00:00:00+00:00, run_after=2024-12-30 00:00:00+00:00
[2024-12-30T06:41:08.048+0000] {logging_mixin.py:190} INFO - [2024-12-30T06:41:08.048+0000] {dag.py:4180} INFO - Setting next_dagrun for example_branch_datetime_operator_2 to 2024-12-29 00:00:00+00:00, run_after=2024-12-30 00:00:00+00:00
[2024-12-30T06:41:08.050+0000] {logging_mixin.py:190} INFO - [2024-12-30T06:41:08.049+0000] {dag.py:4180} INFO - Setting next_dagrun for example_branch_datetime_operator_3 to 2024-12-29 00:00:00+00:00, run_after=2024-12-30 00:00:00+00:00
[2024-12-30T06:41:08.065+0000] {processor.py:208} INFO - Processing /home/airflow/.local/lib/python3.12/site-packages/airflow/example_dags/example_branch_datetime_operator.py took 0.074 seconds
[2024-12-30T06:41:39.023+0000] {processor.py:186} INFO - Started process (PID=215) to work on /home/airflow/.local/lib/python3.12/site-packages/airflow/example_dags/example_branch_datetime_operator.py
[2024-12-30T06:41:39.024+0000] {processor.py:914} INFO - Processing file /home/airflow/.local/lib/python3.12/site-packages/airflow/example_dags/example_branch_datetime_operator.py for tasks to queue
[2024-12-30T06:41:39.025+0000] {logging_mixin.py:190} INFO - [2024-12-30T06:41:39.025+0000] {dagbag.py:588} INFO - Filling up the DagBag from /home/airflow/.local/lib/python3.12/site-packages/airflow/example_dags/example_branch_datetime_operator.py
[2024-12-30T06:41:39.033+0000] {processor.py:925} INFO - DAG(s) 'example_branch_datetime_operator', 'example_branch_datetime_operator_3', 'example_branch_datetime_operator_2' retrieved from /home/airflow/.local/lib/python3.12/site-packages/airflow/example_dags/example_branch_datetime_operator.py
[2024-12-30T06:41:39.050+0000] {logging_mixin.py:190} INFO - [2024-12-30T06:41:39.050+0000] {dag.py:3239} INFO - Sync 3 DAGs
[2024-12-30T06:41:39.065+0000] {logging_mixin.py:190} INFO - [2024-12-30T06:41:39.065+0000] {dag.py:4180} INFO - Setting next_dagrun for example_branch_datetime_operator to 2024-12-29 00:00:00+00:00, run_after=2024-12-30 00:00:00+00:00
[2024-12-30T06:41:39.068+0000] {logging_mixin.py:190} INFO - [2024-12-30T06:41:39.068+0000] {dag.py:4180} INFO - Setting next_dagrun for example_branch_datetime_operator_2 to 2024-12-29 00:00:00+00:00, run_after=2024-12-30 00:00:00+00:00
[2024-12-30T06:41:39.070+0000] {logging_mixin.py:190} INFO - [2024-12-30T06:41:39.069+0000] {dag.py:4180} INFO - Setting next_dagrun for example_branch_datetime_operator_3 to 2024-12-29 00:00:00+00:00, run_after=2024-12-30 00:00:00+00:00
[2024-12-30T06:41:39.080+0000] {processor.py:208} INFO - Processing /home/airflow/.local/lib/python3.12/site-packages/airflow/example_dags/example_branch_datetime_operator.py took 0.061 seconds
[2024-12-30T06:56:38.411+0000] {processor.py:186} INFO - Started process (PID=86) to work on /home/airflow/.local/lib/python3.12/site-packages/airflow/example_dags/example_branch_datetime_operator.py
[2024-12-30T06:56:38.428+0000] {processor.py:914} INFO - Processing file /home/airflow/.local/lib/python3.12/site-packages/airflow/example_dags/example_branch_datetime_operator.py for tasks to queue
[2024-12-30T06:56:38.431+0000] {logging_mixin.py:190} INFO - [2024-12-30T06:56:38.430+0000] {dagbag.py:588} INFO - Filling up the DagBag from /home/airflow/.local/lib/python3.12/site-packages/airflow/example_dags/example_branch_datetime_operator.py
[2024-12-30T06:56:38.444+0000] {processor.py:925} INFO - DAG(s) 'example_branch_datetime_operator', 'example_branch_datetime_operator_2', 'example_branch_datetime_operator_3' retrieved from /home/airflow/.local/lib/python3.12/site-packages/airflow/example_dags/example_branch_datetime_operator.py
[2024-12-30T06:56:38.481+0000] {logging_mixin.py:190} INFO - [2024-12-30T06:56:38.481+0000] {dag.py:3239} INFO - Sync 3 DAGs
[2024-12-30T06:56:38.583+0000] {logging_mixin.py:190} INFO - [2024-12-30T06:56:38.583+0000] {dag.py:4180} INFO - Setting next_dagrun for example_branch_datetime_operator to 2024-12-29 00:00:00+00:00, run_after=2024-12-30 00:00:00+00:00
[2024-12-30T06:56:38.587+0000] {logging_mixin.py:190} INFO - [2024-12-30T06:56:38.586+0000] {dag.py:4180} INFO - Setting next_dagrun for example_branch_datetime_operator_2 to 2024-12-29 00:00:00+00:00, run_after=2024-12-30 00:00:00+00:00
[2024-12-30T06:56:38.588+0000] {logging_mixin.py:190} INFO - [2024-12-30T06:56:38.588+0000] {dag.py:4180} INFO - Setting next_dagrun for example_branch_datetime_operator_3 to 2024-12-29 00:00:00+00:00, run_after=2024-12-30 00:00:00+00:00
[2024-12-30T06:56:38.618+0000] {processor.py:208} INFO - Processing /home/airflow/.local/lib/python3.12/site-packages/airflow/example_dags/example_branch_datetime_operator.py took 0.212 seconds
[2024-12-30T06:57:09.243+0000] {processor.py:186} INFO - Started process (PID=149) to work on /home/airflow/.local/lib/python3.12/site-packages/airflow/example_dags/example_branch_datetime_operator.py
[2024-12-30T06:57:09.244+0000] {processor.py:914} INFO - Processing file /home/airflow/.local/lib/python3.12/site-packages/airflow/example_dags/example_branch_datetime_operator.py for tasks to queue
[2024-12-30T06:57:09.246+0000] {logging_mixin.py:190} INFO - [2024-12-30T06:57:09.246+0000] {dagbag.py:588} INFO - Filling up the DagBag from /home/airflow/.local/lib/python3.12/site-packages/airflow/example_dags/example_branch_datetime_operator.py
[2024-12-30T06:57:09.257+0000] {processor.py:925} INFO - DAG(s) 'example_branch_datetime_operator_2', 'example_branch_datetime_operator_3', 'example_branch_datetime_operator' retrieved from /home/airflow/.local/lib/python3.12/site-packages/airflow/example_dags/example_branch_datetime_operator.py
[2024-12-30T06:57:09.276+0000] {logging_mixin.py:190} INFO - [2024-12-30T06:57:09.276+0000] {dag.py:3239} INFO - Sync 3 DAGs
[2024-12-30T06:57:09.291+0000] {logging_mixin.py:190} INFO - [2024-12-30T06:57:09.290+0000] {dag.py:4180} INFO - Setting next_dagrun for example_branch_datetime_operator to 2024-12-29 00:00:00+00:00, run_after=2024-12-30 00:00:00+00:00
[2024-12-30T06:57:09.294+0000] {logging_mixin.py:190} INFO - [2024-12-30T06:57:09.294+0000] {dag.py:4180} INFO - Setting next_dagrun for example_branch_datetime_operator_2 to 2024-12-29 00:00:00+00:00, run_after=2024-12-30 00:00:00+00:00
[2024-12-30T06:57:09.296+0000] {logging_mixin.py:190} INFO - [2024-12-30T06:57:09.296+0000] {dag.py:4180} INFO - Setting next_dagrun for example_branch_datetime_operator_3 to 2024-12-29 00:00:00+00:00, run_after=2024-12-30 00:00:00+00:00
[2024-12-30T06:57:09.326+0000] {processor.py:208} INFO - Processing /home/airflow/.local/lib/python3.12/site-packages/airflow/example_dags/example_branch_datetime_operator.py took 0.089 seconds
