[2024-12-30T05:45:54.049+0000] {processor.py:186} INFO - Started process (PID=83) to work on /home/airflow/.local/lib/python3.12/site-packages/airflow/example_dags/example_latest_only.py
[2024-12-30T05:45:54.054+0000] {processor.py:914} INFO - Processing file /home/airflow/.local/lib/python3.12/site-packages/airflow/example_dags/example_latest_only.py for tasks to queue
[2024-12-30T05:45:54.062+0000] {logging_mixin.py:190} INFO - [2024-12-30T05:45:54.061+0000] {dagbag.py:588} INFO - Filling up the DagBag from /home/airflow/.local/lib/python3.12/site-packages/airflow/example_dags/example_latest_only.py
[2024-12-30T05:45:54.108+0000] {processor.py:925} INFO - DAG(s) 'latest_only' retrieved from /home/airflow/.local/lib/python3.12/site-packages/airflow/example_dags/example_latest_only.py
[2024-12-30T05:45:55.231+0000] {logging_mixin.py:190} INFO - [2024-12-30T05:45:55.229+0000] {override.py:1911} INFO - Created Permission View: can read on DAG:latest_only
[2024-12-30T05:45:55.241+0000] {logging_mixin.py:190} INFO - [2024-12-30T05:45:55.241+0000] {override.py:1911} INFO - Created Permission View: can delete on DAG:latest_only
[2024-12-30T05:45:55.251+0000] {logging_mixin.py:190} INFO - [2024-12-30T05:45:55.251+0000] {override.py:1911} INFO - Created Permission View: can edit on DAG:latest_only
[2024-12-30T05:45:55.264+0000] {logging_mixin.py:190} INFO - [2024-12-30T05:45:55.263+0000] {override.py:1911} INFO - Created Permission View: can read on DAG Run:latest_only
[2024-12-30T05:45:55.271+0000] {logging_mixin.py:190} INFO - [2024-12-30T05:45:55.270+0000] {override.py:1911} INFO - Created Permission View: can create on DAG Run:latest_only
[2024-12-30T05:45:55.276+0000] {logging_mixin.py:190} INFO - [2024-12-30T05:45:55.276+0000] {override.py:1911} INFO - Created Permission View: can delete on DAG Run:latest_only
[2024-12-30T05:45:55.282+0000] {logging_mixin.py:190} INFO - [2024-12-30T05:45:55.282+0000] {override.py:1911} INFO - Created Permission View: menu access on DAG Run:latest_only
[2024-12-30T05:45:55.283+0000] {logging_mixin.py:190} INFO - [2024-12-30T05:45:55.282+0000] {dag.py:3239} INFO - Sync 1 DAGs
[2024-12-30T05:45:55.308+0000] {logging_mixin.py:190} INFO - [2024-12-30T05:45:55.308+0000] {dag.py:3262} INFO - Creating ORM DAG for latest_only
[2024-12-30T05:45:55.332+0000] {logging_mixin.py:190} INFO - [2024-12-30T05:45:55.332+0000] {dag.py:4180} INFO - Setting next_dagrun for latest_only to 2024-12-30 00:00:00+00:00, run_after=2024-12-30 04:00:00+00:00
[2024-12-30T05:45:55.354+0000] {processor.py:208} INFO - Processing /home/airflow/.local/lib/python3.12/site-packages/airflow/example_dags/example_latest_only.py took 1.378 seconds
[2024-12-30T05:46:25.595+0000] {processor.py:186} INFO - Started process (PID=145) to work on /home/airflow/.local/lib/python3.12/site-packages/airflow/example_dags/example_latest_only.py
[2024-12-30T05:46:25.597+0000] {processor.py:914} INFO - Processing file /home/airflow/.local/lib/python3.12/site-packages/airflow/example_dags/example_latest_only.py for tasks to queue
[2024-12-30T05:46:25.602+0000] {logging_mixin.py:190} INFO - [2024-12-30T05:46:25.602+0000] {dagbag.py:588} INFO - Filling up the DagBag from /home/airflow/.local/lib/python3.12/site-packages/airflow/example_dags/example_latest_only.py
[2024-12-30T05:46:25.619+0000] {processor.py:925} INFO - DAG(s) 'latest_only' retrieved from /home/airflow/.local/lib/python3.12/site-packages/airflow/example_dags/example_latest_only.py
[2024-12-30T05:46:25.653+0000] {logging_mixin.py:190} INFO - [2024-12-30T05:46:25.653+0000] {dag.py:3239} INFO - Sync 1 DAGs
[2024-12-30T05:46:25.680+0000] {logging_mixin.py:190} INFO - [2024-12-30T05:46:25.680+0000] {dag.py:4180} INFO - Setting next_dagrun for latest_only to 2024-12-30 00:00:00+00:00, run_after=2024-12-30 04:00:00+00:00
[2024-12-30T05:46:25.699+0000] {processor.py:208} INFO - Processing /home/airflow/.local/lib/python3.12/site-packages/airflow/example_dags/example_latest_only.py took 0.116 seconds
[2024-12-30T05:47:27.260+0000] {processor.py:186} INFO - Started process (PID=176) to work on /home/airflow/.local/lib/python3.12/site-packages/airflow/example_dags/example_latest_only.py
[2024-12-30T05:47:27.318+0000] {processor.py:914} INFO - Processing file /home/airflow/.local/lib/python3.12/site-packages/airflow/example_dags/example_latest_only.py for tasks to queue
[2024-12-30T05:47:27.321+0000] {logging_mixin.py:190} INFO - [2024-12-30T05:47:27.321+0000] {dagbag.py:588} INFO - Filling up the DagBag from /home/airflow/.local/lib/python3.12/site-packages/airflow/example_dags/example_latest_only.py
[2024-12-30T05:47:27.329+0000] {processor.py:925} INFO - DAG(s) 'latest_only' retrieved from /home/airflow/.local/lib/python3.12/site-packages/airflow/example_dags/example_latest_only.py
[2024-12-30T05:47:27.348+0000] {logging_mixin.py:190} INFO - [2024-12-30T05:47:27.348+0000] {dag.py:3239} INFO - Sync 1 DAGs
[2024-12-30T05:47:27.370+0000] {logging_mixin.py:190} INFO - [2024-12-30T05:47:27.370+0000] {dag.py:4180} INFO - Setting next_dagrun for latest_only to 2024-12-30 00:00:00+00:00, run_after=2024-12-30 04:00:00+00:00
[2024-12-30T05:47:27.427+0000] {processor.py:208} INFO - Processing /home/airflow/.local/lib/python3.12/site-packages/airflow/example_dags/example_latest_only.py took 0.171 seconds
[2024-12-30T05:50:30.367+0000] {processor.py:186} INFO - Started process (PID=241) to work on /home/airflow/.local/lib/python3.12/site-packages/airflow/example_dags/example_latest_only.py
[2024-12-30T05:50:30.368+0000] {processor.py:914} INFO - Processing file /home/airflow/.local/lib/python3.12/site-packages/airflow/example_dags/example_latest_only.py for tasks to queue
[2024-12-30T05:50:30.369+0000] {logging_mixin.py:190} INFO - [2024-12-30T05:50:30.369+0000] {dagbag.py:588} INFO - Filling up the DagBag from /home/airflow/.local/lib/python3.12/site-packages/airflow/example_dags/example_latest_only.py
[2024-12-30T05:50:30.377+0000] {processor.py:925} INFO - DAG(s) 'latest_only' retrieved from /home/airflow/.local/lib/python3.12/site-packages/airflow/example_dags/example_latest_only.py
[2024-12-30T05:50:30.396+0000] {logging_mixin.py:190} INFO - [2024-12-30T05:50:30.396+0000] {dag.py:3239} INFO - Sync 1 DAGs
[2024-12-30T05:50:30.415+0000] {logging_mixin.py:190} INFO - [2024-12-30T05:50:30.415+0000] {dag.py:4180} INFO - Setting next_dagrun for latest_only to 2024-12-30 00:00:00+00:00, run_after=2024-12-30 04:00:00+00:00
[2024-12-30T05:50:30.432+0000] {processor.py:208} INFO - Processing /home/airflow/.local/lib/python3.12/site-packages/airflow/example_dags/example_latest_only.py took 0.072 seconds
[2024-12-30T05:51:56.352+0000] {processor.py:186} INFO - Started process (PID=299) to work on /home/airflow/.local/lib/python3.12/site-packages/airflow/example_dags/example_latest_only.py
[2024-12-30T05:51:56.352+0000] {processor.py:914} INFO - Processing file /home/airflow/.local/lib/python3.12/site-packages/airflow/example_dags/example_latest_only.py for tasks to queue
[2024-12-30T05:51:56.353+0000] {logging_mixin.py:190} INFO - [2024-12-30T05:51:56.353+0000] {dagbag.py:588} INFO - Filling up the DagBag from /home/airflow/.local/lib/python3.12/site-packages/airflow/example_dags/example_latest_only.py
[2024-12-30T05:51:56.419+0000] {processor.py:925} INFO - DAG(s) 'latest_only' retrieved from /home/airflow/.local/lib/python3.12/site-packages/airflow/example_dags/example_latest_only.py
[2024-12-30T05:51:56.439+0000] {logging_mixin.py:190} INFO - [2024-12-30T05:51:56.439+0000] {dag.py:3239} INFO - Sync 1 DAGs
[2024-12-30T05:51:56.455+0000] {logging_mixin.py:190} INFO - [2024-12-30T05:51:56.455+0000] {dag.py:4180} INFO - Setting next_dagrun for latest_only to 2024-12-30 00:00:00+00:00, run_after=2024-12-30 04:00:00+00:00
[2024-12-30T05:51:56.504+0000] {processor.py:208} INFO - Processing /home/airflow/.local/lib/python3.12/site-packages/airflow/example_dags/example_latest_only.py took 0.158 seconds
[2024-12-30T05:52:26.872+0000] {processor.py:186} INFO - Started process (PID=361) to work on /home/airflow/.local/lib/python3.12/site-packages/airflow/example_dags/example_latest_only.py
[2024-12-30T05:52:26.873+0000] {processor.py:914} INFO - Processing file /home/airflow/.local/lib/python3.12/site-packages/airflow/example_dags/example_latest_only.py for tasks to queue
[2024-12-30T05:52:26.874+0000] {logging_mixin.py:190} INFO - [2024-12-30T05:52:26.874+0000] {dagbag.py:588} INFO - Filling up the DagBag from /home/airflow/.local/lib/python3.12/site-packages/airflow/example_dags/example_latest_only.py
[2024-12-30T05:52:26.880+0000] {processor.py:925} INFO - DAG(s) 'latest_only' retrieved from /home/airflow/.local/lib/python3.12/site-packages/airflow/example_dags/example_latest_only.py
[2024-12-30T05:52:26.892+0000] {logging_mixin.py:190} INFO - [2024-12-30T05:52:26.892+0000] {dag.py:3239} INFO - Sync 1 DAGs
[2024-12-30T05:52:26.907+0000] {logging_mixin.py:190} INFO - [2024-12-30T05:52:26.907+0000] {dag.py:4180} INFO - Setting next_dagrun for latest_only to 2024-12-30 00:00:00+00:00, run_after=2024-12-30 04:00:00+00:00
[2024-12-30T05:52:26.921+0000] {processor.py:208} INFO - Processing /home/airflow/.local/lib/python3.12/site-packages/airflow/example_dags/example_latest_only.py took 0.053 seconds
[2024-12-30T05:52:57.744+0000] {processor.py:186} INFO - Started process (PID=424) to work on /home/airflow/.local/lib/python3.12/site-packages/airflow/example_dags/example_latest_only.py
[2024-12-30T05:52:57.745+0000] {processor.py:914} INFO - Processing file /home/airflow/.local/lib/python3.12/site-packages/airflow/example_dags/example_latest_only.py for tasks to queue
[2024-12-30T05:52:57.746+0000] {logging_mixin.py:190} INFO - [2024-12-30T05:52:57.745+0000] {dagbag.py:588} INFO - Filling up the DagBag from /home/airflow/.local/lib/python3.12/site-packages/airflow/example_dags/example_latest_only.py
[2024-12-30T05:52:57.754+0000] {processor.py:925} INFO - DAG(s) 'latest_only' retrieved from /home/airflow/.local/lib/python3.12/site-packages/airflow/example_dags/example_latest_only.py
[2024-12-30T05:52:57.768+0000] {logging_mixin.py:190} INFO - [2024-12-30T05:52:57.768+0000] {dag.py:3239} INFO - Sync 1 DAGs
[2024-12-30T05:52:57.785+0000] {logging_mixin.py:190} INFO - [2024-12-30T05:52:57.785+0000] {dag.py:4180} INFO - Setting next_dagrun for latest_only to 2024-12-30 00:00:00+00:00, run_after=2024-12-30 04:00:00+00:00
[2024-12-30T05:52:57.797+0000] {processor.py:208} INFO - Processing /home/airflow/.local/lib/python3.12/site-packages/airflow/example_dags/example_latest_only.py took 0.057 seconds
[2024-12-30T05:53:28.500+0000] {processor.py:186} INFO - Started process (PID=487) to work on /home/airflow/.local/lib/python3.12/site-packages/airflow/example_dags/example_latest_only.py
[2024-12-30T05:53:28.502+0000] {processor.py:914} INFO - Processing file /home/airflow/.local/lib/python3.12/site-packages/airflow/example_dags/example_latest_only.py for tasks to queue
[2024-12-30T05:53:28.503+0000] {logging_mixin.py:190} INFO - [2024-12-30T05:53:28.503+0000] {dagbag.py:588} INFO - Filling up the DagBag from /home/airflow/.local/lib/python3.12/site-packages/airflow/example_dags/example_latest_only.py
[2024-12-30T05:53:28.513+0000] {processor.py:925} INFO - DAG(s) 'latest_only' retrieved from /home/airflow/.local/lib/python3.12/site-packages/airflow/example_dags/example_latest_only.py
[2024-12-30T05:53:28.533+0000] {logging_mixin.py:190} INFO - [2024-12-30T05:53:28.533+0000] {dag.py:3239} INFO - Sync 1 DAGs
[2024-12-30T05:53:28.551+0000] {logging_mixin.py:190} INFO - [2024-12-30T05:53:28.551+0000] {dag.py:4180} INFO - Setting next_dagrun for latest_only to 2024-12-30 00:00:00+00:00, run_after=2024-12-30 04:00:00+00:00
[2024-12-30T05:53:28.567+0000] {processor.py:208} INFO - Processing /home/airflow/.local/lib/python3.12/site-packages/airflow/example_dags/example_latest_only.py took 0.072 seconds
[2024-12-30T06:07:21.991+0000] {processor.py:186} INFO - Started process (PID=530) to work on /home/airflow/.local/lib/python3.12/site-packages/airflow/example_dags/example_latest_only.py
[2024-12-30T06:07:22.054+0000] {processor.py:914} INFO - Processing file /home/airflow/.local/lib/python3.12/site-packages/airflow/example_dags/example_latest_only.py for tasks to queue
[2024-12-30T06:07:22.056+0000] {logging_mixin.py:190} INFO - [2024-12-30T06:07:22.055+0000] {dagbag.py:588} INFO - Filling up the DagBag from /home/airflow/.local/lib/python3.12/site-packages/airflow/example_dags/example_latest_only.py
[2024-12-30T06:07:22.067+0000] {processor.py:925} INFO - DAG(s) 'latest_only' retrieved from /home/airflow/.local/lib/python3.12/site-packages/airflow/example_dags/example_latest_only.py
[2024-12-30T06:07:22.081+0000] {logging_mixin.py:190} INFO - [2024-12-30T06:07:22.081+0000] {dag.py:3239} INFO - Sync 1 DAGs
[2024-12-30T06:07:22.096+0000] {logging_mixin.py:190} INFO - [2024-12-30T06:07:22.096+0000] {dag.py:4180} INFO - Setting next_dagrun for latest_only to 2024-12-30 00:00:00+00:00, run_after=2024-12-30 04:00:00+00:00
[2024-12-30T06:07:22.145+0000] {processor.py:208} INFO - Processing /home/airflow/.local/lib/python3.12/site-packages/airflow/example_dags/example_latest_only.py took 0.158 seconds
[2024-12-30T06:40:35.241+0000] {processor.py:186} INFO - Started process (PID=84) to work on /home/airflow/.local/lib/python3.12/site-packages/airflow/example_dags/example_latest_only.py
[2024-12-30T06:40:35.243+0000] {processor.py:914} INFO - Processing file /home/airflow/.local/lib/python3.12/site-packages/airflow/example_dags/example_latest_only.py for tasks to queue
[2024-12-30T06:40:35.245+0000] {logging_mixin.py:190} INFO - [2024-12-30T06:40:35.245+0000] {dagbag.py:588} INFO - Filling up the DagBag from /home/airflow/.local/lib/python3.12/site-packages/airflow/example_dags/example_latest_only.py
[2024-12-30T06:40:35.265+0000] {processor.py:925} INFO - DAG(s) 'latest_only' retrieved from /home/airflow/.local/lib/python3.12/site-packages/airflow/example_dags/example_latest_only.py
[2024-12-30T06:40:35.477+0000] {logging_mixin.py:190} INFO - [2024-12-30T06:40:35.477+0000] {override.py:1911} INFO - Created Permission View: can delete on DAG:latest_only
[2024-12-30T06:40:35.489+0000] {logging_mixin.py:190} INFO - [2024-12-30T06:40:35.488+0000] {override.py:1911} INFO - Created Permission View: can edit on DAG:latest_only
[2024-12-30T06:40:35.495+0000] {logging_mixin.py:190} INFO - [2024-12-30T06:40:35.495+0000] {override.py:1911} INFO - Created Permission View: can read on DAG:latest_only
[2024-12-30T06:40:35.504+0000] {logging_mixin.py:190} INFO - [2024-12-30T06:40:35.504+0000] {override.py:1911} INFO - Created Permission View: can delete on DAG Run:latest_only
[2024-12-30T06:40:35.510+0000] {logging_mixin.py:190} INFO - [2024-12-30T06:40:35.510+0000] {override.py:1911} INFO - Created Permission View: can create on DAG Run:latest_only
[2024-12-30T06:40:35.515+0000] {logging_mixin.py:190} INFO - [2024-12-30T06:40:35.515+0000] {override.py:1911} INFO - Created Permission View: menu access on DAG Run:latest_only
[2024-12-30T06:40:35.520+0000] {logging_mixin.py:190} INFO - [2024-12-30T06:40:35.520+0000] {override.py:1911} INFO - Created Permission View: can read on DAG Run:latest_only
[2024-12-30T06:40:35.521+0000] {logging_mixin.py:190} INFO - [2024-12-30T06:40:35.521+0000] {dag.py:3239} INFO - Sync 1 DAGs
[2024-12-30T06:40:35.532+0000] {logging_mixin.py:190} INFO - [2024-12-30T06:40:35.532+0000] {dag.py:3262} INFO - Creating ORM DAG for latest_only
[2024-12-30T06:40:35.541+0000] {logging_mixin.py:190} INFO - [2024-12-30T06:40:35.541+0000] {dag.py:4180} INFO - Setting next_dagrun for latest_only to 2024-12-30 00:00:00+00:00, run_after=2024-12-30 04:00:00+00:00
[2024-12-30T06:40:35.565+0000] {processor.py:208} INFO - Processing /home/airflow/.local/lib/python3.12/site-packages/airflow/example_dags/example_latest_only.py took 0.330 seconds
[2024-12-30T06:41:06.961+0000] {processor.py:186} INFO - Started process (PID=147) to work on /home/airflow/.local/lib/python3.12/site-packages/airflow/example_dags/example_latest_only.py
[2024-12-30T06:41:06.962+0000] {processor.py:914} INFO - Processing file /home/airflow/.local/lib/python3.12/site-packages/airflow/example_dags/example_latest_only.py for tasks to queue
[2024-12-30T06:41:06.966+0000] {logging_mixin.py:190} INFO - [2024-12-30T06:41:06.965+0000] {dagbag.py:588} INFO - Filling up the DagBag from /home/airflow/.local/lib/python3.12/site-packages/airflow/example_dags/example_latest_only.py
[2024-12-30T06:41:06.973+0000] {processor.py:925} INFO - DAG(s) 'latest_only' retrieved from /home/airflow/.local/lib/python3.12/site-packages/airflow/example_dags/example_latest_only.py
[2024-12-30T06:41:06.989+0000] {logging_mixin.py:190} INFO - [2024-12-30T06:41:06.989+0000] {dag.py:3239} INFO - Sync 1 DAGs
[2024-12-30T06:41:07.009+0000] {logging_mixin.py:190} INFO - [2024-12-30T06:41:07.009+0000] {dag.py:4180} INFO - Setting next_dagrun for latest_only to 2024-12-30 00:00:00+00:00, run_after=2024-12-30 04:00:00+00:00
[2024-12-30T06:41:07.023+0000] {processor.py:208} INFO - Processing /home/airflow/.local/lib/python3.12/site-packages/airflow/example_dags/example_latest_only.py took 0.068 seconds
[2024-12-30T06:41:37.860+0000] {processor.py:186} INFO - Started process (PID=209) to work on /home/airflow/.local/lib/python3.12/site-packages/airflow/example_dags/example_latest_only.py
[2024-12-30T06:41:37.860+0000] {processor.py:914} INFO - Processing file /home/airflow/.local/lib/python3.12/site-packages/airflow/example_dags/example_latest_only.py for tasks to queue
[2024-12-30T06:41:37.862+0000] {logging_mixin.py:190} INFO - [2024-12-30T06:41:37.862+0000] {dagbag.py:588} INFO - Filling up the DagBag from /home/airflow/.local/lib/python3.12/site-packages/airflow/example_dags/example_latest_only.py
[2024-12-30T06:41:37.867+0000] {processor.py:925} INFO - DAG(s) 'latest_only' retrieved from /home/airflow/.local/lib/python3.12/site-packages/airflow/example_dags/example_latest_only.py
[2024-12-30T06:41:37.880+0000] {logging_mixin.py:190} INFO - [2024-12-30T06:41:37.879+0000] {dag.py:3239} INFO - Sync 1 DAGs
[2024-12-30T06:41:37.894+0000] {logging_mixin.py:190} INFO - [2024-12-30T06:41:37.894+0000] {dag.py:4180} INFO - Setting next_dagrun for latest_only to 2024-12-30 00:00:00+00:00, run_after=2024-12-30 04:00:00+00:00
[2024-12-30T06:41:37.906+0000] {processor.py:208} INFO - Processing /home/airflow/.local/lib/python3.12/site-packages/airflow/example_dags/example_latest_only.py took 0.051 seconds
[2024-12-30T06:42:08.000+0000] {processor.py:186} INFO - Started process (PID=273) to work on /home/airflow/.local/lib/python3.12/site-packages/airflow/example_dags/example_latest_only.py
[2024-12-30T06:42:08.009+0000] {processor.py:914} INFO - Processing file /home/airflow/.local/lib/python3.12/site-packages/airflow/example_dags/example_latest_only.py for tasks to queue
[2024-12-30T06:42:08.013+0000] {logging_mixin.py:190} INFO - [2024-12-30T06:42:08.011+0000] {dagbag.py:588} INFO - Filling up the DagBag from /home/airflow/.local/lib/python3.12/site-packages/airflow/example_dags/example_latest_only.py
[2024-12-30T06:42:08.053+0000] {processor.py:925} INFO - DAG(s) 'latest_only' retrieved from /home/airflow/.local/lib/python3.12/site-packages/airflow/example_dags/example_latest_only.py
[2024-12-30T06:42:08.534+0000] {logging_mixin.py:190} INFO - [2024-12-30T06:42:08.511+0000] {dag.py:3239} INFO - Sync 1 DAGs
[2024-12-30T06:42:08.624+0000] {logging_mixin.py:190} INFO - [2024-12-30T06:42:08.624+0000] {dag.py:4180} INFO - Setting next_dagrun for latest_only to 2024-12-30 00:00:00+00:00, run_after=2024-12-30 04:00:00+00:00
[2024-12-30T06:42:08.658+0000] {processor.py:208} INFO - Processing /home/airflow/.local/lib/python3.12/site-packages/airflow/example_dags/example_latest_only.py took 0.668 seconds
[2024-12-30T06:56:37.478+0000] {processor.py:186} INFO - Started process (PID=81) to work on /home/airflow/.local/lib/python3.12/site-packages/airflow/example_dags/example_latest_only.py
[2024-12-30T06:56:37.481+0000] {processor.py:914} INFO - Processing file /home/airflow/.local/lib/python3.12/site-packages/airflow/example_dags/example_latest_only.py for tasks to queue
[2024-12-30T06:56:37.489+0000] {logging_mixin.py:190} INFO - [2024-12-30T06:56:37.488+0000] {dagbag.py:588} INFO - Filling up the DagBag from /home/airflow/.local/lib/python3.12/site-packages/airflow/example_dags/example_latest_only.py
[2024-12-30T06:56:37.504+0000] {processor.py:925} INFO - DAG(s) 'latest_only' retrieved from /home/airflow/.local/lib/python3.12/site-packages/airflow/example_dags/example_latest_only.py
[2024-12-30T06:56:37.565+0000] {logging_mixin.py:190} INFO - [2024-12-30T06:56:37.564+0000] {dag.py:3239} INFO - Sync 1 DAGs
[2024-12-30T06:56:37.685+0000] {logging_mixin.py:190} INFO - [2024-12-30T06:56:37.684+0000] {dag.py:4180} INFO - Setting next_dagrun for latest_only to 2024-12-30 00:00:00+00:00, run_after=2024-12-30 04:00:00+00:00
[2024-12-30T06:56:37.710+0000] {processor.py:208} INFO - Processing /home/airflow/.local/lib/python3.12/site-packages/airflow/example_dags/example_latest_only.py took 0.249 seconds
[2024-12-30T06:57:08.086+0000] {processor.py:186} INFO - Started process (PID=144) to work on /home/airflow/.local/lib/python3.12/site-packages/airflow/example_dags/example_latest_only.py
[2024-12-30T06:57:08.087+0000] {processor.py:914} INFO - Processing file /home/airflow/.local/lib/python3.12/site-packages/airflow/example_dags/example_latest_only.py for tasks to queue
[2024-12-30T06:57:08.090+0000] {logging_mixin.py:190} INFO - [2024-12-30T06:57:08.088+0000] {dagbag.py:588} INFO - Filling up the DagBag from /home/airflow/.local/lib/python3.12/site-packages/airflow/example_dags/example_latest_only.py
[2024-12-30T06:57:08.099+0000] {processor.py:925} INFO - DAG(s) 'latest_only' retrieved from /home/airflow/.local/lib/python3.12/site-packages/airflow/example_dags/example_latest_only.py
[2024-12-30T06:57:08.226+0000] {logging_mixin.py:190} INFO - [2024-12-30T06:57:08.225+0000] {dag.py:3239} INFO - Sync 1 DAGs
[2024-12-30T06:57:08.292+0000] {logging_mixin.py:190} INFO - [2024-12-30T06:57:08.292+0000] {dag.py:4180} INFO - Setting next_dagrun for latest_only to 2024-12-30 00:00:00+00:00, run_after=2024-12-30 04:00:00+00:00
[2024-12-30T06:57:08.322+0000] {processor.py:208} INFO - Processing /home/airflow/.local/lib/python3.12/site-packages/airflow/example_dags/example_latest_only.py took 0.245 seconds
