[2024-12-30T05:46:01.312+0000] {processor.py:186} INFO - Started process (PID=110) to work on /home/airflow/.local/lib/python3.12/site-packages/airflow/example_dags/example_branch_labels.py
[2024-12-30T05:46:01.313+0000] {processor.py:914} INFO - Processing file /home/airflow/.local/lib/python3.12/site-packages/airflow/example_dags/example_branch_labels.py for tasks to queue
[2024-12-30T05:46:01.315+0000] {logging_mixin.py:190} INFO - [2024-12-30T05:46:01.314+0000] {dagbag.py:588} INFO - Filling up the DagBag from /home/airflow/.local/lib/python3.12/site-packages/airflow/example_dags/example_branch_labels.py
[2024-12-30T05:46:01.327+0000] {processor.py:925} INFO - DAG(s) 'example_branch_labels' retrieved from /home/airflow/.local/lib/python3.12/site-packages/airflow/example_dags/example_branch_labels.py
[2024-12-30T05:46:01.440+0000] {logging_mixin.py:190} INFO - [2024-12-30T05:46:01.439+0000] {override.py:1911} INFO - Created Permission View: can read on DAG:example_branch_labels
[2024-12-30T05:46:01.463+0000] {logging_mixin.py:190} INFO - [2024-12-30T05:46:01.462+0000] {override.py:1911} INFO - Created Permission View: can delete on DAG:example_branch_labels
[2024-12-30T05:46:01.527+0000] {logging_mixin.py:190} INFO - [2024-12-30T05:46:01.526+0000] {override.py:1911} INFO - Created Permission View: can edit on DAG:example_branch_labels
[2024-12-30T05:46:01.557+0000] {logging_mixin.py:190} INFO - [2024-12-30T05:46:01.556+0000] {override.py:1911} INFO - Created Permission View: can read on DAG Run:example_branch_labels
[2024-12-30T05:46:01.576+0000] {logging_mixin.py:190} INFO - [2024-12-30T05:46:01.575+0000] {override.py:1911} INFO - Created Permission View: can create on DAG Run:example_branch_labels
[2024-12-30T05:46:01.592+0000] {logging_mixin.py:190} INFO - [2024-12-30T05:46:01.591+0000] {override.py:1911} INFO - Created Permission View: can delete on DAG Run:example_branch_labels
[2024-12-30T05:46:01.607+0000] {logging_mixin.py:190} INFO - [2024-12-30T05:46:01.607+0000] {override.py:1911} INFO - Created Permission View: menu access on DAG Run:example_branch_labels
[2024-12-30T05:46:01.608+0000] {logging_mixin.py:190} INFO - [2024-12-30T05:46:01.608+0000] {dag.py:3239} INFO - Sync 1 DAGs
[2024-12-30T05:46:01.620+0000] {logging_mixin.py:190} INFO - [2024-12-30T05:46:01.620+0000] {dag.py:3262} INFO - Creating ORM DAG for example_branch_labels
[2024-12-30T05:46:01.628+0000] {logging_mixin.py:190} INFO - [2024-12-30T05:46:01.627+0000] {dag.py:4180} INFO - Setting next_dagrun for example_branch_labels to 2024-12-29 00:00:00+00:00, run_after=2024-12-30 00:00:00+00:00
[2024-12-30T05:46:01.638+0000] {processor.py:208} INFO - Processing /home/airflow/.local/lib/python3.12/site-packages/airflow/example_dags/example_branch_labels.py took 0.331 seconds
[2024-12-30T05:49:55.969+0000] {processor.py:186} INFO - Started process (PID=199) to work on /home/airflow/.local/lib/python3.12/site-packages/airflow/example_dags/example_branch_labels.py
[2024-12-30T05:49:56.029+0000] {processor.py:914} INFO - Processing file /home/airflow/.local/lib/python3.12/site-packages/airflow/example_dags/example_branch_labels.py for tasks to queue
[2024-12-30T05:49:56.032+0000] {logging_mixin.py:190} INFO - [2024-12-30T05:49:56.031+0000] {dagbag.py:588} INFO - Filling up the DagBag from /home/airflow/.local/lib/python3.12/site-packages/airflow/example_dags/example_branch_labels.py
[2024-12-30T05:49:56.047+0000] {processor.py:925} INFO - DAG(s) 'example_branch_labels' retrieved from /home/airflow/.local/lib/python3.12/site-packages/airflow/example_dags/example_branch_labels.py
[2024-12-30T05:49:56.148+0000] {logging_mixin.py:190} INFO - [2024-12-30T05:49:56.148+0000] {dag.py:3239} INFO - Sync 1 DAGs
[2024-12-30T05:49:56.166+0000] {logging_mixin.py:190} INFO - [2024-12-30T05:49:56.166+0000] {dag.py:4180} INFO - Setting next_dagrun for example_branch_labels to 2024-12-29 00:00:00+00:00, run_after=2024-12-30 00:00:00+00:00
[2024-12-30T05:49:56.218+0000] {processor.py:208} INFO - Processing /home/airflow/.local/lib/python3.12/site-packages/airflow/example_dags/example_branch_labels.py took 0.254 seconds
[2024-12-30T05:51:49.837+0000] {processor.py:186} INFO - Started process (PID=270) to work on /home/airflow/.local/lib/python3.12/site-packages/airflow/example_dags/example_branch_labels.py
[2024-12-30T05:51:49.838+0000] {processor.py:914} INFO - Processing file /home/airflow/.local/lib/python3.12/site-packages/airflow/example_dags/example_branch_labels.py for tasks to queue
[2024-12-30T05:51:49.839+0000] {logging_mixin.py:190} INFO - [2024-12-30T05:51:49.839+0000] {dagbag.py:588} INFO - Filling up the DagBag from /home/airflow/.local/lib/python3.12/site-packages/airflow/example_dags/example_branch_labels.py
[2024-12-30T05:51:49.903+0000] {processor.py:925} INFO - DAG(s) 'example_branch_labels' retrieved from /home/airflow/.local/lib/python3.12/site-packages/airflow/example_dags/example_branch_labels.py
[2024-12-30T05:51:49.920+0000] {logging_mixin.py:190} INFO - [2024-12-30T05:51:49.919+0000] {dag.py:3239} INFO - Sync 1 DAGs
[2024-12-30T05:51:49.937+0000] {logging_mixin.py:190} INFO - [2024-12-30T05:51:49.937+0000] {dag.py:4180} INFO - Setting next_dagrun for example_branch_labels to 2024-12-29 00:00:00+00:00, run_after=2024-12-30 00:00:00+00:00
[2024-12-30T05:51:49.983+0000] {processor.py:208} INFO - Processing /home/airflow/.local/lib/python3.12/site-packages/airflow/example_dags/example_branch_labels.py took 0.151 seconds
[2024-12-30T05:52:20.812+0000] {processor.py:186} INFO - Started process (PID=333) to work on /home/airflow/.local/lib/python3.12/site-packages/airflow/example_dags/example_branch_labels.py
[2024-12-30T05:52:20.813+0000] {processor.py:914} INFO - Processing file /home/airflow/.local/lib/python3.12/site-packages/airflow/example_dags/example_branch_labels.py for tasks to queue
[2024-12-30T05:52:20.814+0000] {logging_mixin.py:190} INFO - [2024-12-30T05:52:20.814+0000] {dagbag.py:588} INFO - Filling up the DagBag from /home/airflow/.local/lib/python3.12/site-packages/airflow/example_dags/example_branch_labels.py
[2024-12-30T05:52:20.888+0000] {processor.py:925} INFO - DAG(s) 'example_branch_labels' retrieved from /home/airflow/.local/lib/python3.12/site-packages/airflow/example_dags/example_branch_labels.py
[2024-12-30T05:52:20.915+0000] {logging_mixin.py:190} INFO - [2024-12-30T05:52:20.915+0000] {dag.py:3239} INFO - Sync 1 DAGs
[2024-12-30T05:52:20.933+0000] {logging_mixin.py:190} INFO - [2024-12-30T05:52:20.933+0000] {dag.py:4180} INFO - Setting next_dagrun for example_branch_labels to 2024-12-29 00:00:00+00:00, run_after=2024-12-30 00:00:00+00:00
[2024-12-30T05:52:20.976+0000] {processor.py:208} INFO - Processing /home/airflow/.local/lib/python3.12/site-packages/airflow/example_dags/example_branch_labels.py took 0.170 seconds
[2024-12-30T05:52:51.583+0000] {processor.py:186} INFO - Started process (PID=396) to work on /home/airflow/.local/lib/python3.12/site-packages/airflow/example_dags/example_branch_labels.py
[2024-12-30T05:52:51.584+0000] {processor.py:914} INFO - Processing file /home/airflow/.local/lib/python3.12/site-packages/airflow/example_dags/example_branch_labels.py for tasks to queue
[2024-12-30T05:52:51.585+0000] {logging_mixin.py:190} INFO - [2024-12-30T05:52:51.585+0000] {dagbag.py:588} INFO - Filling up the DagBag from /home/airflow/.local/lib/python3.12/site-packages/airflow/example_dags/example_branch_labels.py
[2024-12-30T05:52:51.595+0000] {processor.py:925} INFO - DAG(s) 'example_branch_labels' retrieved from /home/airflow/.local/lib/python3.12/site-packages/airflow/example_dags/example_branch_labels.py
[2024-12-30T05:52:51.612+0000] {logging_mixin.py:190} INFO - [2024-12-30T05:52:51.612+0000] {dag.py:3239} INFO - Sync 1 DAGs
[2024-12-30T05:52:51.633+0000] {logging_mixin.py:190} INFO - [2024-12-30T05:52:51.633+0000] {dag.py:4180} INFO - Setting next_dagrun for example_branch_labels to 2024-12-29 00:00:00+00:00, run_after=2024-12-30 00:00:00+00:00
[2024-12-30T05:52:51.649+0000] {processor.py:208} INFO - Processing /home/airflow/.local/lib/python3.12/site-packages/airflow/example_dags/example_branch_labels.py took 0.072 seconds
[2024-12-30T05:53:23.173+0000] {processor.py:186} INFO - Started process (PID=459) to work on /home/airflow/.local/lib/python3.12/site-packages/airflow/example_dags/example_branch_labels.py
[2024-12-30T05:53:23.174+0000] {processor.py:914} INFO - Processing file /home/airflow/.local/lib/python3.12/site-packages/airflow/example_dags/example_branch_labels.py for tasks to queue
[2024-12-30T05:53:23.175+0000] {logging_mixin.py:190} INFO - [2024-12-30T05:53:23.174+0000] {dagbag.py:588} INFO - Filling up the DagBag from /home/airflow/.local/lib/python3.12/site-packages/airflow/example_dags/example_branch_labels.py
[2024-12-30T05:53:23.182+0000] {processor.py:925} INFO - DAG(s) 'example_branch_labels' retrieved from /home/airflow/.local/lib/python3.12/site-packages/airflow/example_dags/example_branch_labels.py
[2024-12-30T05:53:23.198+0000] {logging_mixin.py:190} INFO - [2024-12-30T05:53:23.198+0000] {dag.py:3239} INFO - Sync 1 DAGs
[2024-12-30T05:53:23.214+0000] {logging_mixin.py:190} INFO - [2024-12-30T05:53:23.214+0000] {dag.py:4180} INFO - Setting next_dagrun for example_branch_labels to 2024-12-29 00:00:00+00:00, run_after=2024-12-30 00:00:00+00:00
[2024-12-30T05:53:23.228+0000] {processor.py:208} INFO - Processing /home/airflow/.local/lib/python3.12/site-packages/airflow/example_dags/example_branch_labels.py took 0.059 seconds
[2024-12-30T06:07:30.514+0000] {processor.py:186} INFO - Started process (PID=556) to work on /home/airflow/.local/lib/python3.12/site-packages/airflow/example_dags/example_branch_labels.py
[2024-12-30T06:07:30.516+0000] {processor.py:914} INFO - Processing file /home/airflow/.local/lib/python3.12/site-packages/airflow/example_dags/example_branch_labels.py for tasks to queue
[2024-12-30T06:07:30.517+0000] {logging_mixin.py:190} INFO - [2024-12-30T06:07:30.517+0000] {dagbag.py:588} INFO - Filling up the DagBag from /home/airflow/.local/lib/python3.12/site-packages/airflow/example_dags/example_branch_labels.py
[2024-12-30T06:07:30.525+0000] {processor.py:925} INFO - DAG(s) 'example_branch_labels' retrieved from /home/airflow/.local/lib/python3.12/site-packages/airflow/example_dags/example_branch_labels.py
[2024-12-30T06:07:30.539+0000] {logging_mixin.py:190} INFO - [2024-12-30T06:07:30.539+0000] {dag.py:3239} INFO - Sync 1 DAGs
[2024-12-30T06:07:30.557+0000] {logging_mixin.py:190} INFO - [2024-12-30T06:07:30.557+0000] {dag.py:4180} INFO - Setting next_dagrun for example_branch_labels to 2024-12-29 00:00:00+00:00, run_after=2024-12-30 00:00:00+00:00
[2024-12-30T06:07:30.617+0000] {processor.py:208} INFO - Processing /home/airflow/.local/lib/python3.12/site-packages/airflow/example_dags/example_branch_labels.py took 0.107 seconds
[2024-12-30T06:40:42.734+0000] {processor.py:186} INFO - Started process (PID=111) to work on /home/airflow/.local/lib/python3.12/site-packages/airflow/example_dags/example_branch_labels.py
[2024-12-30T06:40:42.735+0000] {processor.py:914} INFO - Processing file /home/airflow/.local/lib/python3.12/site-packages/airflow/example_dags/example_branch_labels.py for tasks to queue
[2024-12-30T06:40:42.738+0000] {logging_mixin.py:190} INFO - [2024-12-30T06:40:42.737+0000] {dagbag.py:588} INFO - Filling up the DagBag from /home/airflow/.local/lib/python3.12/site-packages/airflow/example_dags/example_branch_labels.py
[2024-12-30T06:40:42.745+0000] {processor.py:925} INFO - DAG(s) 'example_branch_labels' retrieved from /home/airflow/.local/lib/python3.12/site-packages/airflow/example_dags/example_branch_labels.py
[2024-12-30T06:40:42.818+0000] {logging_mixin.py:190} INFO - [2024-12-30T06:40:42.818+0000] {override.py:1911} INFO - Created Permission View: can delete on DAG:example_branch_labels
[2024-12-30T06:40:42.826+0000] {logging_mixin.py:190} INFO - [2024-12-30T06:40:42.826+0000] {override.py:1911} INFO - Created Permission View: can edit on DAG:example_branch_labels
[2024-12-30T06:40:42.832+0000] {logging_mixin.py:190} INFO - [2024-12-30T06:40:42.832+0000] {override.py:1911} INFO - Created Permission View: can read on DAG:example_branch_labels
[2024-12-30T06:40:42.839+0000] {logging_mixin.py:190} INFO - [2024-12-30T06:40:42.839+0000] {override.py:1911} INFO - Created Permission View: can delete on DAG Run:example_branch_labels
[2024-12-30T06:40:42.844+0000] {logging_mixin.py:190} INFO - [2024-12-30T06:40:42.844+0000] {override.py:1911} INFO - Created Permission View: can create on DAG Run:example_branch_labels
[2024-12-30T06:40:42.850+0000] {logging_mixin.py:190} INFO - [2024-12-30T06:40:42.850+0000] {override.py:1911} INFO - Created Permission View: menu access on DAG Run:example_branch_labels
[2024-12-30T06:40:42.855+0000] {logging_mixin.py:190} INFO - [2024-12-30T06:40:42.855+0000] {override.py:1911} INFO - Created Permission View: can read on DAG Run:example_branch_labels
[2024-12-30T06:40:42.856+0000] {logging_mixin.py:190} INFO - [2024-12-30T06:40:42.856+0000] {dag.py:3239} INFO - Sync 1 DAGs
[2024-12-30T06:40:42.866+0000] {logging_mixin.py:190} INFO - [2024-12-30T06:40:42.866+0000] {dag.py:3262} INFO - Creating ORM DAG for example_branch_labels
[2024-12-30T06:40:42.875+0000] {logging_mixin.py:190} INFO - [2024-12-30T06:40:42.875+0000] {dag.py:4180} INFO - Setting next_dagrun for example_branch_labels to 2024-12-29 00:00:00+00:00, run_after=2024-12-30 00:00:00+00:00
[2024-12-30T06:40:42.886+0000] {processor.py:208} INFO - Processing /home/airflow/.local/lib/python3.12/site-packages/airflow/example_dags/example_branch_labels.py took 0.157 seconds
[2024-12-30T06:41:13.016+0000] {processor.py:186} INFO - Started process (PID=174) to work on /home/airflow/.local/lib/python3.12/site-packages/airflow/example_dags/example_branch_labels.py
[2024-12-30T06:41:13.017+0000] {processor.py:914} INFO - Processing file /home/airflow/.local/lib/python3.12/site-packages/airflow/example_dags/example_branch_labels.py for tasks to queue
[2024-12-30T06:41:13.019+0000] {logging_mixin.py:190} INFO - [2024-12-30T06:41:13.019+0000] {dagbag.py:588} INFO - Filling up the DagBag from /home/airflow/.local/lib/python3.12/site-packages/airflow/example_dags/example_branch_labels.py
[2024-12-30T06:41:13.027+0000] {processor.py:925} INFO - DAG(s) 'example_branch_labels' retrieved from /home/airflow/.local/lib/python3.12/site-packages/airflow/example_dags/example_branch_labels.py
[2024-12-30T06:41:13.041+0000] {logging_mixin.py:190} INFO - [2024-12-30T06:41:13.041+0000] {dag.py:3239} INFO - Sync 1 DAGs
[2024-12-30T06:41:13.059+0000] {logging_mixin.py:190} INFO - [2024-12-30T06:41:13.058+0000] {dag.py:4180} INFO - Setting next_dagrun for example_branch_labels to 2024-12-29 00:00:00+00:00, run_after=2024-12-30 00:00:00+00:00
[2024-12-30T06:41:13.071+0000] {processor.py:208} INFO - Processing /home/airflow/.local/lib/python3.12/site-packages/airflow/example_dags/example_branch_labels.py took 0.059 seconds
[2024-12-30T06:41:43.439+0000] {processor.py:186} INFO - Started process (PID=237) to work on /home/airflow/.local/lib/python3.12/site-packages/airflow/example_dags/example_branch_labels.py
[2024-12-30T06:41:43.440+0000] {processor.py:914} INFO - Processing file /home/airflow/.local/lib/python3.12/site-packages/airflow/example_dags/example_branch_labels.py for tasks to queue
[2024-12-30T06:41:43.442+0000] {logging_mixin.py:190} INFO - [2024-12-30T06:41:43.441+0000] {dagbag.py:588} INFO - Filling up the DagBag from /home/airflow/.local/lib/python3.12/site-packages/airflow/example_dags/example_branch_labels.py
[2024-12-30T06:41:43.448+0000] {processor.py:925} INFO - DAG(s) 'example_branch_labels' retrieved from /home/airflow/.local/lib/python3.12/site-packages/airflow/example_dags/example_branch_labels.py
[2024-12-30T06:41:43.461+0000] {logging_mixin.py:190} INFO - [2024-12-30T06:41:43.461+0000] {dag.py:3239} INFO - Sync 1 DAGs
[2024-12-30T06:41:43.478+0000] {logging_mixin.py:190} INFO - [2024-12-30T06:41:43.478+0000] {dag.py:4180} INFO - Setting next_dagrun for example_branch_labels to 2024-12-29 00:00:00+00:00, run_after=2024-12-30 00:00:00+00:00
[2024-12-30T06:41:43.489+0000] {processor.py:208} INFO - Processing /home/airflow/.local/lib/python3.12/site-packages/airflow/example_dags/example_branch_labels.py took 0.055 seconds
[2024-12-30T06:56:42.373+0000] {processor.py:186} INFO - Started process (PID=108) to work on /home/airflow/.local/lib/python3.12/site-packages/airflow/example_dags/example_branch_labels.py
[2024-12-30T06:56:42.374+0000] {processor.py:914} INFO - Processing file /home/airflow/.local/lib/python3.12/site-packages/airflow/example_dags/example_branch_labels.py for tasks to queue
[2024-12-30T06:56:42.376+0000] {logging_mixin.py:190} INFO - [2024-12-30T06:56:42.376+0000] {dagbag.py:588} INFO - Filling up the DagBag from /home/airflow/.local/lib/python3.12/site-packages/airflow/example_dags/example_branch_labels.py
[2024-12-30T06:56:42.382+0000] {processor.py:925} INFO - DAG(s) 'example_branch_labels' retrieved from /home/airflow/.local/lib/python3.12/site-packages/airflow/example_dags/example_branch_labels.py
[2024-12-30T06:56:42.395+0000] {logging_mixin.py:190} INFO - [2024-12-30T06:56:42.395+0000] {dag.py:3239} INFO - Sync 1 DAGs
[2024-12-30T06:56:42.414+0000] {logging_mixin.py:190} INFO - [2024-12-30T06:56:42.414+0000] {dag.py:4180} INFO - Setting next_dagrun for example_branch_labels to 2024-12-29 00:00:00+00:00, run_after=2024-12-30 00:00:00+00:00
[2024-12-30T06:56:42.428+0000] {processor.py:208} INFO - Processing /home/airflow/.local/lib/python3.12/site-packages/airflow/example_dags/example_branch_labels.py took 0.059 seconds
