[2024-12-30T05:46:00.904+0000] {processor.py:186} INFO - Started process (PID=108) to work on /home/airflow/.local/lib/python3.12/site-packages/airflow/example_dags/example_external_task_marker_dag.py
[2024-12-30T05:46:00.905+0000] {processor.py:914} INFO - Processing file /home/airflow/.local/lib/python3.12/site-packages/airflow/example_dags/example_external_task_marker_dag.py for tasks to queue
[2024-12-30T05:46:00.907+0000] {logging_mixin.py:190} INFO - [2024-12-30T05:46:00.907+0000] {dagbag.py:588} INFO - Filling up the DagBag from /home/airflow/.local/lib/python3.12/site-packages/airflow/example_dags/example_external_task_marker_dag.py
[2024-12-30T05:46:00.920+0000] {processor.py:925} INFO - DAG(s) 'example_external_task_marker_child', 'example_external_task_marker_parent' retrieved from /home/airflow/.local/lib/python3.12/site-packages/airflow/example_dags/example_external_task_marker_dag.py
[2024-12-30T05:46:01.041+0000] {logging_mixin.py:190} INFO - [2024-12-30T05:46:01.040+0000] {override.py:1911} INFO - Created Permission View: can read on DAG:example_external_task_marker_child
[2024-12-30T05:46:01.071+0000] {logging_mixin.py:190} INFO - [2024-12-30T05:46:01.070+0000] {override.py:1911} INFO - Created Permission View: can delete on DAG:example_external_task_marker_child
[2024-12-30T05:46:01.100+0000] {logging_mixin.py:190} INFO - [2024-12-30T05:46:01.100+0000] {override.py:1911} INFO - Created Permission View: can edit on DAG:example_external_task_marker_child
[2024-12-30T05:46:01.189+0000] {logging_mixin.py:190} INFO - [2024-12-30T05:46:01.188+0000] {override.py:1911} INFO - Created Permission View: can read on DAG Run:example_external_task_marker_child
[2024-12-30T05:46:01.224+0000] {logging_mixin.py:190} INFO - [2024-12-30T05:46:01.223+0000] {override.py:1911} INFO - Created Permission View: can create on DAG Run:example_external_task_marker_child
[2024-12-30T05:46:01.250+0000] {logging_mixin.py:190} INFO - [2024-12-30T05:46:01.249+0000] {override.py:1911} INFO - Created Permission View: can delete on DAG Run:example_external_task_marker_child
[2024-12-30T05:46:01.265+0000] {logging_mixin.py:190} INFO - [2024-12-30T05:46:01.265+0000] {override.py:1911} INFO - Created Permission View: menu access on DAG Run:example_external_task_marker_child
[2024-12-30T05:46:01.304+0000] {logging_mixin.py:190} INFO - [2024-12-30T05:46:01.304+0000] {override.py:1911} INFO - Created Permission View: can read on DAG:example_external_task_marker_parent
[2024-12-30T05:46:01.325+0000] {logging_mixin.py:190} INFO - [2024-12-30T05:46:01.325+0000] {override.py:1911} INFO - Created Permission View: can delete on DAG:example_external_task_marker_parent
[2024-12-30T05:46:01.341+0000] {logging_mixin.py:190} INFO - [2024-12-30T05:46:01.340+0000] {override.py:1911} INFO - Created Permission View: can edit on DAG:example_external_task_marker_parent
[2024-12-30T05:46:01.368+0000] {logging_mixin.py:190} INFO - [2024-12-30T05:46:01.367+0000] {override.py:1911} INFO - Created Permission View: can read on DAG Run:example_external_task_marker_parent
[2024-12-30T05:46:01.388+0000] {logging_mixin.py:190} INFO - [2024-12-30T05:46:01.388+0000] {override.py:1911} INFO - Created Permission View: can create on DAG Run:example_external_task_marker_parent
[2024-12-30T05:46:01.405+0000] {logging_mixin.py:190} INFO - [2024-12-30T05:46:01.405+0000] {override.py:1911} INFO - Created Permission View: can delete on DAG Run:example_external_task_marker_parent
[2024-12-30T05:46:01.431+0000] {logging_mixin.py:190} INFO - [2024-12-30T05:46:01.431+0000] {override.py:1911} INFO - Created Permission View: menu access on DAG Run:example_external_task_marker_parent
[2024-12-30T05:46:01.432+0000] {logging_mixin.py:190} INFO - [2024-12-30T05:46:01.432+0000] {dag.py:3239} INFO - Sync 2 DAGs
[2024-12-30T05:46:01.446+0000] {logging_mixin.py:190} INFO - [2024-12-30T05:46:01.446+0000] {dag.py:3262} INFO - Creating ORM DAG for example_external_task_marker_child
[2024-12-30T05:46:01.447+0000] {logging_mixin.py:190} INFO - [2024-12-30T05:46:01.447+0000] {dag.py:3262} INFO - Creating ORM DAG for example_external_task_marker_parent
[2024-12-30T05:46:01.448+0000] {logging_mixin.py:190} INFO - [2024-12-30T05:46:01.448+0000] {dag.py:4180} INFO - Setting next_dagrun for example_external_task_marker_child to None, run_after=None
[2024-12-30T05:46:01.449+0000] {logging_mixin.py:190} INFO - [2024-12-30T05:46:01.449+0000] {dag.py:4180} INFO - Setting next_dagrun for example_external_task_marker_parent to None, run_after=None
[2024-12-30T05:46:01.518+0000] {processor.py:208} INFO - Processing /home/airflow/.local/lib/python3.12/site-packages/airflow/example_dags/example_external_task_marker_dag.py took 0.618 seconds
[2024-12-30T05:49:55.725+0000] {processor.py:186} INFO - Started process (PID=197) to work on /home/airflow/.local/lib/python3.12/site-packages/airflow/example_dags/example_external_task_marker_dag.py
[2024-12-30T05:49:55.781+0000] {processor.py:914} INFO - Processing file /home/airflow/.local/lib/python3.12/site-packages/airflow/example_dags/example_external_task_marker_dag.py for tasks to queue
[2024-12-30T05:49:55.783+0000] {logging_mixin.py:190} INFO - [2024-12-30T05:49:55.783+0000] {dagbag.py:588} INFO - Filling up the DagBag from /home/airflow/.local/lib/python3.12/site-packages/airflow/example_dags/example_external_task_marker_dag.py
[2024-12-30T05:49:55.792+0000] {processor.py:925} INFO - DAG(s) 'example_external_task_marker_child', 'example_external_task_marker_parent' retrieved from /home/airflow/.local/lib/python3.12/site-packages/airflow/example_dags/example_external_task_marker_dag.py
[2024-12-30T05:49:55.812+0000] {logging_mixin.py:190} INFO - [2024-12-30T05:49:55.812+0000] {dag.py:3239} INFO - Sync 2 DAGs
[2024-12-30T05:49:55.824+0000] {logging_mixin.py:190} INFO - [2024-12-30T05:49:55.823+0000] {dag.py:4180} INFO - Setting next_dagrun for example_external_task_marker_child to None, run_after=None
[2024-12-30T05:49:55.826+0000] {logging_mixin.py:190} INFO - [2024-12-30T05:49:55.826+0000] {dag.py:4180} INFO - Setting next_dagrun for example_external_task_marker_parent to None, run_after=None
[2024-12-30T05:49:55.873+0000] {processor.py:208} INFO - Processing /home/airflow/.local/lib/python3.12/site-packages/airflow/example_dags/example_external_task_marker_dag.py took 0.154 seconds
[2024-12-30T05:51:49.616+0000] {processor.py:186} INFO - Started process (PID=268) to work on /home/airflow/.local/lib/python3.12/site-packages/airflow/example_dags/example_external_task_marker_dag.py
[2024-12-30T05:51:49.617+0000] {processor.py:914} INFO - Processing file /home/airflow/.local/lib/python3.12/site-packages/airflow/example_dags/example_external_task_marker_dag.py for tasks to queue
[2024-12-30T05:51:49.618+0000] {logging_mixin.py:190} INFO - [2024-12-30T05:51:49.618+0000] {dagbag.py:588} INFO - Filling up the DagBag from /home/airflow/.local/lib/python3.12/site-packages/airflow/example_dags/example_external_task_marker_dag.py
[2024-12-30T05:51:49.669+0000] {processor.py:925} INFO - DAG(s) 'example_external_task_marker_child', 'example_external_task_marker_parent' retrieved from /home/airflow/.local/lib/python3.12/site-packages/airflow/example_dags/example_external_task_marker_dag.py
[2024-12-30T05:51:49.689+0000] {logging_mixin.py:190} INFO - [2024-12-30T05:51:49.689+0000] {dag.py:3239} INFO - Sync 2 DAGs
[2024-12-30T05:51:49.701+0000] {logging_mixin.py:190} INFO - [2024-12-30T05:51:49.701+0000] {dag.py:4180} INFO - Setting next_dagrun for example_external_task_marker_child to None, run_after=None
[2024-12-30T05:51:49.705+0000] {logging_mixin.py:190} INFO - [2024-12-30T05:51:49.705+0000] {dag.py:4180} INFO - Setting next_dagrun for example_external_task_marker_parent to None, run_after=None
[2024-12-30T05:51:49.748+0000] {processor.py:208} INFO - Processing /home/airflow/.local/lib/python3.12/site-packages/airflow/example_dags/example_external_task_marker_dag.py took 0.138 seconds
[2024-12-30T05:52:20.662+0000] {processor.py:186} INFO - Started process (PID=331) to work on /home/airflow/.local/lib/python3.12/site-packages/airflow/example_dags/example_external_task_marker_dag.py
[2024-12-30T05:52:20.662+0000] {processor.py:914} INFO - Processing file /home/airflow/.local/lib/python3.12/site-packages/airflow/example_dags/example_external_task_marker_dag.py for tasks to queue
[2024-12-30T05:52:20.664+0000] {logging_mixin.py:190} INFO - [2024-12-30T05:52:20.663+0000] {dagbag.py:588} INFO - Filling up the DagBag from /home/airflow/.local/lib/python3.12/site-packages/airflow/example_dags/example_external_task_marker_dag.py
[2024-12-30T05:52:20.671+0000] {processor.py:925} INFO - DAG(s) 'example_external_task_marker_child', 'example_external_task_marker_parent' retrieved from /home/airflow/.local/lib/python3.12/site-packages/airflow/example_dags/example_external_task_marker_dag.py
[2024-12-30T05:52:20.687+0000] {logging_mixin.py:190} INFO - [2024-12-30T05:52:20.686+0000] {dag.py:3239} INFO - Sync 2 DAGs
[2024-12-30T05:52:20.697+0000] {logging_mixin.py:190} INFO - [2024-12-30T05:52:20.697+0000] {dag.py:4180} INFO - Setting next_dagrun for example_external_task_marker_child to None, run_after=None
[2024-12-30T05:52:20.699+0000] {logging_mixin.py:190} INFO - [2024-12-30T05:52:20.699+0000] {dag.py:4180} INFO - Setting next_dagrun for example_external_task_marker_parent to None, run_after=None
[2024-12-30T05:52:20.710+0000] {processor.py:208} INFO - Processing /home/airflow/.local/lib/python3.12/site-packages/airflow/example_dags/example_external_task_marker_dag.py took 0.053 seconds
[2024-12-30T05:52:51.483+0000] {processor.py:186} INFO - Started process (PID=394) to work on /home/airflow/.local/lib/python3.12/site-packages/airflow/example_dags/example_external_task_marker_dag.py
[2024-12-30T05:52:51.484+0000] {processor.py:914} INFO - Processing file /home/airflow/.local/lib/python3.12/site-packages/airflow/example_dags/example_external_task_marker_dag.py for tasks to queue
[2024-12-30T05:52:51.485+0000] {logging_mixin.py:190} INFO - [2024-12-30T05:52:51.485+0000] {dagbag.py:588} INFO - Filling up the DagBag from /home/airflow/.local/lib/python3.12/site-packages/airflow/example_dags/example_external_task_marker_dag.py
[2024-12-30T05:52:51.494+0000] {processor.py:925} INFO - DAG(s) 'example_external_task_marker_child', 'example_external_task_marker_parent' retrieved from /home/airflow/.local/lib/python3.12/site-packages/airflow/example_dags/example_external_task_marker_dag.py
[2024-12-30T05:52:51.514+0000] {logging_mixin.py:190} INFO - [2024-12-30T05:52:51.514+0000] {dag.py:3239} INFO - Sync 2 DAGs
[2024-12-30T05:52:51.529+0000] {logging_mixin.py:190} INFO - [2024-12-30T05:52:51.529+0000] {dag.py:4180} INFO - Setting next_dagrun for example_external_task_marker_child to None, run_after=None
[2024-12-30T05:52:51.533+0000] {logging_mixin.py:190} INFO - [2024-12-30T05:52:51.532+0000] {dag.py:4180} INFO - Setting next_dagrun for example_external_task_marker_parent to None, run_after=None
[2024-12-30T05:52:51.548+0000] {processor.py:208} INFO - Processing /home/airflow/.local/lib/python3.12/site-packages/airflow/example_dags/example_external_task_marker_dag.py took 0.071 seconds
[2024-12-30T05:53:23.087+0000] {processor.py:186} INFO - Started process (PID=457) to work on /home/airflow/.local/lib/python3.12/site-packages/airflow/example_dags/example_external_task_marker_dag.py
[2024-12-30T05:53:23.088+0000] {processor.py:914} INFO - Processing file /home/airflow/.local/lib/python3.12/site-packages/airflow/example_dags/example_external_task_marker_dag.py for tasks to queue
[2024-12-30T05:53:23.089+0000] {logging_mixin.py:190} INFO - [2024-12-30T05:53:23.088+0000] {dagbag.py:588} INFO - Filling up the DagBag from /home/airflow/.local/lib/python3.12/site-packages/airflow/example_dags/example_external_task_marker_dag.py
[2024-12-30T05:53:23.095+0000] {processor.py:925} INFO - DAG(s) 'example_external_task_marker_parent', 'example_external_task_marker_child' retrieved from /home/airflow/.local/lib/python3.12/site-packages/airflow/example_dags/example_external_task_marker_dag.py
[2024-12-30T05:53:23.112+0000] {logging_mixin.py:190} INFO - [2024-12-30T05:53:23.111+0000] {dag.py:3239} INFO - Sync 2 DAGs
[2024-12-30T05:53:23.123+0000] {logging_mixin.py:190} INFO - [2024-12-30T05:53:23.123+0000] {dag.py:4180} INFO - Setting next_dagrun for example_external_task_marker_child to None, run_after=None
[2024-12-30T05:53:23.125+0000] {logging_mixin.py:190} INFO - [2024-12-30T05:53:23.125+0000] {dag.py:4180} INFO - Setting next_dagrun for example_external_task_marker_parent to None, run_after=None
[2024-12-30T05:53:23.138+0000] {processor.py:208} INFO - Processing /home/airflow/.local/lib/python3.12/site-packages/airflow/example_dags/example_external_task_marker_dag.py took 0.057 seconds
[2024-12-30T06:07:30.216+0000] {processor.py:186} INFO - Started process (PID=554) to work on /home/airflow/.local/lib/python3.12/site-packages/airflow/example_dags/example_external_task_marker_dag.py
[2024-12-30T06:07:30.221+0000] {processor.py:914} INFO - Processing file /home/airflow/.local/lib/python3.12/site-packages/airflow/example_dags/example_external_task_marker_dag.py for tasks to queue
[2024-12-30T06:07:30.222+0000] {logging_mixin.py:190} INFO - [2024-12-30T06:07:30.221+0000] {dagbag.py:588} INFO - Filling up the DagBag from /home/airflow/.local/lib/python3.12/site-packages/airflow/example_dags/example_external_task_marker_dag.py
[2024-12-30T06:07:30.231+0000] {processor.py:925} INFO - DAG(s) 'example_external_task_marker_child', 'example_external_task_marker_parent' retrieved from /home/airflow/.local/lib/python3.12/site-packages/airflow/example_dags/example_external_task_marker_dag.py
[2024-12-30T06:07:30.246+0000] {logging_mixin.py:190} INFO - [2024-12-30T06:07:30.246+0000] {dag.py:3239} INFO - Sync 2 DAGs
[2024-12-30T06:07:30.256+0000] {logging_mixin.py:190} INFO - [2024-12-30T06:07:30.256+0000] {dag.py:4180} INFO - Setting next_dagrun for example_external_task_marker_child to None, run_after=None
[2024-12-30T06:07:30.258+0000] {logging_mixin.py:190} INFO - [2024-12-30T06:07:30.258+0000] {dag.py:4180} INFO - Setting next_dagrun for example_external_task_marker_parent to None, run_after=None
[2024-12-30T06:07:30.306+0000] {processor.py:208} INFO - Processing /home/airflow/.local/lib/python3.12/site-packages/airflow/example_dags/example_external_task_marker_dag.py took 0.093 seconds
[2024-12-30T06:40:42.434+0000] {processor.py:186} INFO - Started process (PID=109) to work on /home/airflow/.local/lib/python3.12/site-packages/airflow/example_dags/example_external_task_marker_dag.py
[2024-12-30T06:40:42.436+0000] {processor.py:914} INFO - Processing file /home/airflow/.local/lib/python3.12/site-packages/airflow/example_dags/example_external_task_marker_dag.py for tasks to queue
[2024-12-30T06:40:42.440+0000] {logging_mixin.py:190} INFO - [2024-12-30T06:40:42.440+0000] {dagbag.py:588} INFO - Filling up the DagBag from /home/airflow/.local/lib/python3.12/site-packages/airflow/example_dags/example_external_task_marker_dag.py
[2024-12-30T06:40:42.451+0000] {processor.py:925} INFO - DAG(s) 'example_external_task_marker_parent', 'example_external_task_marker_child' retrieved from /home/airflow/.local/lib/python3.12/site-packages/airflow/example_dags/example_external_task_marker_dag.py
[2024-12-30T06:40:42.543+0000] {logging_mixin.py:190} INFO - [2024-12-30T06:40:42.543+0000] {override.py:1911} INFO - Created Permission View: can delete on DAG:example_external_task_marker_parent
[2024-12-30T06:40:42.553+0000] {logging_mixin.py:190} INFO - [2024-12-30T06:40:42.553+0000] {override.py:1911} INFO - Created Permission View: can edit on DAG:example_external_task_marker_parent
[2024-12-30T06:40:42.560+0000] {logging_mixin.py:190} INFO - [2024-12-30T06:40:42.560+0000] {override.py:1911} INFO - Created Permission View: can read on DAG:example_external_task_marker_parent
[2024-12-30T06:40:42.606+0000] {logging_mixin.py:190} INFO - [2024-12-30T06:40:42.605+0000] {override.py:1911} INFO - Created Permission View: can delete on DAG Run:example_external_task_marker_parent
[2024-12-30T06:40:42.636+0000] {logging_mixin.py:190} INFO - [2024-12-30T06:40:42.636+0000] {override.py:1911} INFO - Created Permission View: can create on DAG Run:example_external_task_marker_parent
[2024-12-30T06:40:42.660+0000] {logging_mixin.py:190} INFO - [2024-12-30T06:40:42.660+0000] {override.py:1911} INFO - Created Permission View: menu access on DAG Run:example_external_task_marker_parent
[2024-12-30T06:40:42.669+0000] {logging_mixin.py:190} INFO - [2024-12-30T06:40:42.669+0000] {override.py:1911} INFO - Created Permission View: can read on DAG Run:example_external_task_marker_parent
[2024-12-30T06:40:42.682+0000] {logging_mixin.py:190} INFO - [2024-12-30T06:40:42.682+0000] {override.py:1911} INFO - Created Permission View: can delete on DAG:example_external_task_marker_child
[2024-12-30T06:40:42.687+0000] {logging_mixin.py:190} INFO - [2024-12-30T06:40:42.687+0000] {override.py:1911} INFO - Created Permission View: can edit on DAG:example_external_task_marker_child
[2024-12-30T06:40:42.693+0000] {logging_mixin.py:190} INFO - [2024-12-30T06:40:42.693+0000] {override.py:1911} INFO - Created Permission View: can read on DAG:example_external_task_marker_child
[2024-12-30T06:40:42.700+0000] {logging_mixin.py:190} INFO - [2024-12-30T06:40:42.699+0000] {override.py:1911} INFO - Created Permission View: can delete on DAG Run:example_external_task_marker_child
[2024-12-30T06:40:42.705+0000] {logging_mixin.py:190} INFO - [2024-12-30T06:40:42.705+0000] {override.py:1911} INFO - Created Permission View: can create on DAG Run:example_external_task_marker_child
[2024-12-30T06:40:42.711+0000] {logging_mixin.py:190} INFO - [2024-12-30T06:40:42.711+0000] {override.py:1911} INFO - Created Permission View: menu access on DAG Run:example_external_task_marker_child
[2024-12-30T06:40:42.717+0000] {logging_mixin.py:190} INFO - [2024-12-30T06:40:42.717+0000] {override.py:1911} INFO - Created Permission View: can read on DAG Run:example_external_task_marker_child
[2024-12-30T06:40:42.718+0000] {logging_mixin.py:190} INFO - [2024-12-30T06:40:42.717+0000] {dag.py:3239} INFO - Sync 2 DAGs
[2024-12-30T06:40:42.730+0000] {logging_mixin.py:190} INFO - [2024-12-30T06:40:42.729+0000] {dag.py:3262} INFO - Creating ORM DAG for example_external_task_marker_child
[2024-12-30T06:40:42.730+0000] {logging_mixin.py:190} INFO - [2024-12-30T06:40:42.730+0000] {dag.py:3262} INFO - Creating ORM DAG for example_external_task_marker_parent
[2024-12-30T06:40:42.731+0000] {logging_mixin.py:190} INFO - [2024-12-30T06:40:42.731+0000] {dag.py:4180} INFO - Setting next_dagrun for example_external_task_marker_child to None, run_after=None
[2024-12-30T06:40:42.731+0000] {logging_mixin.py:190} INFO - [2024-12-30T06:40:42.731+0000] {dag.py:4180} INFO - Setting next_dagrun for example_external_task_marker_parent to None, run_after=None
[2024-12-30T06:40:42.744+0000] {processor.py:208} INFO - Processing /home/airflow/.local/lib/python3.12/site-packages/airflow/example_dags/example_external_task_marker_dag.py took 0.319 seconds
[2024-12-30T06:41:12.950+0000] {processor.py:186} INFO - Started process (PID=172) to work on /home/airflow/.local/lib/python3.12/site-packages/airflow/example_dags/example_external_task_marker_dag.py
[2024-12-30T06:41:12.951+0000] {processor.py:914} INFO - Processing file /home/airflow/.local/lib/python3.12/site-packages/airflow/example_dags/example_external_task_marker_dag.py for tasks to queue
[2024-12-30T06:41:12.952+0000] {logging_mixin.py:190} INFO - [2024-12-30T06:41:12.952+0000] {dagbag.py:588} INFO - Filling up the DagBag from /home/airflow/.local/lib/python3.12/site-packages/airflow/example_dags/example_external_task_marker_dag.py
[2024-12-30T06:41:12.958+0000] {processor.py:925} INFO - DAG(s) 'example_external_task_marker_child', 'example_external_task_marker_parent' retrieved from /home/airflow/.local/lib/python3.12/site-packages/airflow/example_dags/example_external_task_marker_dag.py
[2024-12-30T06:41:12.972+0000] {logging_mixin.py:190} INFO - [2024-12-30T06:41:12.972+0000] {dag.py:3239} INFO - Sync 2 DAGs
[2024-12-30T06:41:12.981+0000] {logging_mixin.py:190} INFO - [2024-12-30T06:41:12.981+0000] {dag.py:4180} INFO - Setting next_dagrun for example_external_task_marker_child to None, run_after=None
[2024-12-30T06:41:12.983+0000] {logging_mixin.py:190} INFO - [2024-12-30T06:41:12.983+0000] {dag.py:4180} INFO - Setting next_dagrun for example_external_task_marker_parent to None, run_after=None
[2024-12-30T06:41:12.994+0000] {processor.py:208} INFO - Processing /home/airflow/.local/lib/python3.12/site-packages/airflow/example_dags/example_external_task_marker_dag.py took 0.048 seconds
[2024-12-30T06:41:43.370+0000] {processor.py:186} INFO - Started process (PID=235) to work on /home/airflow/.local/lib/python3.12/site-packages/airflow/example_dags/example_external_task_marker_dag.py
[2024-12-30T06:41:43.371+0000] {processor.py:914} INFO - Processing file /home/airflow/.local/lib/python3.12/site-packages/airflow/example_dags/example_external_task_marker_dag.py for tasks to queue
[2024-12-30T06:41:43.373+0000] {logging_mixin.py:190} INFO - [2024-12-30T06:41:43.372+0000] {dagbag.py:588} INFO - Filling up the DagBag from /home/airflow/.local/lib/python3.12/site-packages/airflow/example_dags/example_external_task_marker_dag.py
[2024-12-30T06:41:43.378+0000] {processor.py:925} INFO - DAG(s) 'example_external_task_marker_parent', 'example_external_task_marker_child' retrieved from /home/airflow/.local/lib/python3.12/site-packages/airflow/example_dags/example_external_task_marker_dag.py
[2024-12-30T06:41:43.392+0000] {logging_mixin.py:190} INFO - [2024-12-30T06:41:43.392+0000] {dag.py:3239} INFO - Sync 2 DAGs
[2024-12-30T06:41:43.402+0000] {logging_mixin.py:190} INFO - [2024-12-30T06:41:43.402+0000] {dag.py:4180} INFO - Setting next_dagrun for example_external_task_marker_child to None, run_after=None
[2024-12-30T06:41:43.405+0000] {logging_mixin.py:190} INFO - [2024-12-30T06:41:43.405+0000] {dag.py:4180} INFO - Setting next_dagrun for example_external_task_marker_parent to None, run_after=None
[2024-12-30T06:41:43.416+0000] {processor.py:208} INFO - Processing /home/airflow/.local/lib/python3.12/site-packages/airflow/example_dags/example_external_task_marker_dag.py took 0.050 seconds
[2024-12-30T06:56:42.238+0000] {processor.py:186} INFO - Started process (PID=106) to work on /home/airflow/.local/lib/python3.12/site-packages/airflow/example_dags/example_external_task_marker_dag.py
[2024-12-30T06:56:42.239+0000] {processor.py:914} INFO - Processing file /home/airflow/.local/lib/python3.12/site-packages/airflow/example_dags/example_external_task_marker_dag.py for tasks to queue
[2024-12-30T06:56:42.242+0000] {logging_mixin.py:190} INFO - [2024-12-30T06:56:42.242+0000] {dagbag.py:588} INFO - Filling up the DagBag from /home/airflow/.local/lib/python3.12/site-packages/airflow/example_dags/example_external_task_marker_dag.py
[2024-12-30T06:56:42.249+0000] {processor.py:925} INFO - DAG(s) 'example_external_task_marker_parent', 'example_external_task_marker_child' retrieved from /home/airflow/.local/lib/python3.12/site-packages/airflow/example_dags/example_external_task_marker_dag.py
[2024-12-30T06:56:42.266+0000] {logging_mixin.py:190} INFO - [2024-12-30T06:56:42.266+0000] {dag.py:3239} INFO - Sync 2 DAGs
[2024-12-30T06:56:42.277+0000] {logging_mixin.py:190} INFO - [2024-12-30T06:56:42.277+0000] {dag.py:4180} INFO - Setting next_dagrun for example_external_task_marker_child to None, run_after=None
[2024-12-30T06:56:42.280+0000] {logging_mixin.py:190} INFO - [2024-12-30T06:56:42.280+0000] {dag.py:4180} INFO - Setting next_dagrun for example_external_task_marker_parent to None, run_after=None
[2024-12-30T06:56:42.291+0000] {processor.py:208} INFO - Processing /home/airflow/.local/lib/python3.12/site-packages/airflow/example_dags/example_external_task_marker_dag.py took 0.057 seconds
