[2024-12-30T05:45:59.879+0000] {processor.py:186} INFO - Started process (PID=103) to work on /home/airflow/.local/lib/python3.12/site-packages/airflow/example_dags/example_setup_teardown.py
[2024-12-30T05:45:59.880+0000] {processor.py:914} INFO - Processing file /home/airflow/.local/lib/python3.12/site-packages/airflow/example_dags/example_setup_teardown.py for tasks to queue
[2024-12-30T05:45:59.881+0000] {logging_mixin.py:190} INFO - [2024-12-30T05:45:59.881+0000] {dagbag.py:588} INFO - Filling up the DagBag from /home/airflow/.local/lib/python3.12/site-packages/airflow/example_dags/example_setup_teardown.py
[2024-12-30T05:45:59.889+0000] {processor.py:925} INFO - DAG(s) 'example_setup_teardown' retrieved from /home/airflow/.local/lib/python3.12/site-packages/airflow/example_dags/example_setup_teardown.py
[2024-12-30T05:45:59.960+0000] {logging_mixin.py:190} INFO - [2024-12-30T05:45:59.959+0000] {override.py:1911} INFO - Created Permission View: can read on DAG:example_setup_teardown
[2024-12-30T05:45:59.967+0000] {logging_mixin.py:190} INFO - [2024-12-30T05:45:59.967+0000] {override.py:1911} INFO - Created Permission View: can delete on DAG:example_setup_teardown
[2024-12-30T05:45:59.971+0000] {logging_mixin.py:190} INFO - [2024-12-30T05:45:59.971+0000] {override.py:1911} INFO - Created Permission View: can edit on DAG:example_setup_teardown
[2024-12-30T05:45:59.976+0000] {logging_mixin.py:190} INFO - [2024-12-30T05:45:59.976+0000] {override.py:1911} INFO - Created Permission View: can read on DAG Run:example_setup_teardown
[2024-12-30T05:45:59.980+0000] {logging_mixin.py:190} INFO - [2024-12-30T05:45:59.979+0000] {override.py:1911} INFO - Created Permission View: can create on DAG Run:example_setup_teardown
[2024-12-30T05:45:59.985+0000] {logging_mixin.py:190} INFO - [2024-12-30T05:45:59.985+0000] {override.py:1911} INFO - Created Permission View: can delete on DAG Run:example_setup_teardown
[2024-12-30T05:45:59.991+0000] {logging_mixin.py:190} INFO - [2024-12-30T05:45:59.991+0000] {override.py:1911} INFO - Created Permission View: menu access on DAG Run:example_setup_teardown
[2024-12-30T05:45:59.992+0000] {logging_mixin.py:190} INFO - [2024-12-30T05:45:59.992+0000] {dag.py:3239} INFO - Sync 1 DAGs
[2024-12-30T05:46:00.002+0000] {logging_mixin.py:190} INFO - [2024-12-30T05:46:00.002+0000] {dag.py:3262} INFO - Creating ORM DAG for example_setup_teardown
[2024-12-30T05:46:00.003+0000] {logging_mixin.py:190} INFO - [2024-12-30T05:46:00.003+0000] {dag.py:4180} INFO - Setting next_dagrun for example_setup_teardown to None, run_after=None
[2024-12-30T05:46:00.022+0000] {processor.py:208} INFO - Processing /home/airflow/.local/lib/python3.12/site-packages/airflow/example_dags/example_setup_teardown.py took 0.147 seconds
[2024-12-30T05:49:50.411+0000] {processor.py:186} INFO - Started process (PID=192) to work on /home/airflow/.local/lib/python3.12/site-packages/airflow/example_dags/example_setup_teardown.py
[2024-12-30T05:49:50.414+0000] {processor.py:914} INFO - Processing file /home/airflow/.local/lib/python3.12/site-packages/airflow/example_dags/example_setup_teardown.py for tasks to queue
[2024-12-30T05:49:50.481+0000] {logging_mixin.py:190} INFO - [2024-12-30T05:49:50.478+0000] {dagbag.py:588} INFO - Filling up the DagBag from /home/airflow/.local/lib/python3.12/site-packages/airflow/example_dags/example_setup_teardown.py
[2024-12-30T05:49:50.797+0000] {processor.py:925} INFO - DAG(s) 'example_setup_teardown' retrieved from /home/airflow/.local/lib/python3.12/site-packages/airflow/example_dags/example_setup_teardown.py
[2024-12-30T05:49:54.422+0000] {logging_mixin.py:190} INFO - [2024-12-30T05:49:54.422+0000] {dag.py:3239} INFO - Sync 1 DAGs
[2024-12-30T05:49:54.887+0000] {logging_mixin.py:190} INFO - [2024-12-30T05:49:54.887+0000] {dag.py:4180} INFO - Setting next_dagrun for example_setup_teardown to None, run_after=None
[2024-12-30T05:49:54.981+0000] {processor.py:208} INFO - Processing /home/airflow/.local/lib/python3.12/site-packages/airflow/example_dags/example_setup_teardown.py took 4.716 seconds
[2024-12-30T05:51:46.258+0000] {processor.py:186} INFO - Started process (PID=263) to work on /home/airflow/.local/lib/python3.12/site-packages/airflow/example_dags/example_setup_teardown.py
[2024-12-30T05:51:46.259+0000] {processor.py:914} INFO - Processing file /home/airflow/.local/lib/python3.12/site-packages/airflow/example_dags/example_setup_teardown.py for tasks to queue
[2024-12-30T05:51:46.260+0000] {logging_mixin.py:190} INFO - [2024-12-30T05:51:46.259+0000] {dagbag.py:588} INFO - Filling up the DagBag from /home/airflow/.local/lib/python3.12/site-packages/airflow/example_dags/example_setup_teardown.py
[2024-12-30T05:51:46.379+0000] {processor.py:925} INFO - DAG(s) 'example_setup_teardown' retrieved from /home/airflow/.local/lib/python3.12/site-packages/airflow/example_dags/example_setup_teardown.py
[2024-12-30T05:51:49.052+0000] {logging_mixin.py:190} INFO - [2024-12-30T05:51:49.052+0000] {dag.py:3239} INFO - Sync 1 DAGs
[2024-12-30T05:51:49.064+0000] {logging_mixin.py:190} INFO - [2024-12-30T05:51:49.064+0000] {dag.py:4180} INFO - Setting next_dagrun for example_setup_teardown to None, run_after=None
[2024-12-30T05:51:49.125+0000] {processor.py:208} INFO - Processing /home/airflow/.local/lib/python3.12/site-packages/airflow/example_dags/example_setup_teardown.py took 3.044 seconds
[2024-12-30T05:52:20.228+0000] {processor.py:186} INFO - Started process (PID=326) to work on /home/airflow/.local/lib/python3.12/site-packages/airflow/example_dags/example_setup_teardown.py
[2024-12-30T05:52:20.229+0000] {processor.py:914} INFO - Processing file /home/airflow/.local/lib/python3.12/site-packages/airflow/example_dags/example_setup_teardown.py for tasks to queue
[2024-12-30T05:52:20.230+0000] {logging_mixin.py:190} INFO - [2024-12-30T05:52:20.230+0000] {dagbag.py:588} INFO - Filling up the DagBag from /home/airflow/.local/lib/python3.12/site-packages/airflow/example_dags/example_setup_teardown.py
[2024-12-30T05:52:20.241+0000] {processor.py:925} INFO - DAG(s) 'example_setup_teardown' retrieved from /home/airflow/.local/lib/python3.12/site-packages/airflow/example_dags/example_setup_teardown.py
[2024-12-30T05:52:20.257+0000] {logging_mixin.py:190} INFO - [2024-12-30T05:52:20.257+0000] {dag.py:3239} INFO - Sync 1 DAGs
[2024-12-30T05:52:20.268+0000] {logging_mixin.py:190} INFO - [2024-12-30T05:52:20.268+0000] {dag.py:4180} INFO - Setting next_dagrun for example_setup_teardown to None, run_after=None
[2024-12-30T05:52:20.330+0000] {processor.py:208} INFO - Processing /home/airflow/.local/lib/python3.12/site-packages/airflow/example_dags/example_setup_teardown.py took 0.106 seconds
[2024-12-30T05:52:51.193+0000] {processor.py:186} INFO - Started process (PID=389) to work on /home/airflow/.local/lib/python3.12/site-packages/airflow/example_dags/example_setup_teardown.py
[2024-12-30T05:52:51.194+0000] {processor.py:914} INFO - Processing file /home/airflow/.local/lib/python3.12/site-packages/airflow/example_dags/example_setup_teardown.py for tasks to queue
[2024-12-30T05:52:51.195+0000] {logging_mixin.py:190} INFO - [2024-12-30T05:52:51.194+0000] {dagbag.py:588} INFO - Filling up the DagBag from /home/airflow/.local/lib/python3.12/site-packages/airflow/example_dags/example_setup_teardown.py
[2024-12-30T05:52:51.201+0000] {processor.py:925} INFO - DAG(s) 'example_setup_teardown' retrieved from /home/airflow/.local/lib/python3.12/site-packages/airflow/example_dags/example_setup_teardown.py
[2024-12-30T05:52:51.217+0000] {logging_mixin.py:190} INFO - [2024-12-30T05:52:51.216+0000] {dag.py:3239} INFO - Sync 1 DAGs
[2024-12-30T05:52:51.228+0000] {logging_mixin.py:190} INFO - [2024-12-30T05:52:51.228+0000] {dag.py:4180} INFO - Setting next_dagrun for example_setup_teardown to None, run_after=None
[2024-12-30T05:52:51.242+0000] {processor.py:208} INFO - Processing /home/airflow/.local/lib/python3.12/site-packages/airflow/example_dags/example_setup_teardown.py took 0.056 seconds
[2024-12-30T05:53:22.899+0000] {processor.py:186} INFO - Started process (PID=452) to work on /home/airflow/.local/lib/python3.12/site-packages/airflow/example_dags/example_setup_teardown.py
[2024-12-30T05:53:22.901+0000] {processor.py:914} INFO - Processing file /home/airflow/.local/lib/python3.12/site-packages/airflow/example_dags/example_setup_teardown.py for tasks to queue
[2024-12-30T05:53:22.902+0000] {logging_mixin.py:190} INFO - [2024-12-30T05:53:22.902+0000] {dagbag.py:588} INFO - Filling up the DagBag from /home/airflow/.local/lib/python3.12/site-packages/airflow/example_dags/example_setup_teardown.py
[2024-12-30T05:53:22.908+0000] {processor.py:925} INFO - DAG(s) 'example_setup_teardown' retrieved from /home/airflow/.local/lib/python3.12/site-packages/airflow/example_dags/example_setup_teardown.py
[2024-12-30T05:53:22.927+0000] {logging_mixin.py:190} INFO - [2024-12-30T05:53:22.926+0000] {dag.py:3239} INFO - Sync 1 DAGs
[2024-12-30T05:53:22.937+0000] {logging_mixin.py:190} INFO - [2024-12-30T05:53:22.937+0000] {dag.py:4180} INFO - Setting next_dagrun for example_setup_teardown to None, run_after=None
[2024-12-30T05:53:22.950+0000] {processor.py:208} INFO - Processing /home/airflow/.local/lib/python3.12/site-packages/airflow/example_dags/example_setup_teardown.py took 0.057 seconds
[2024-12-30T06:07:29.257+0000] {processor.py:186} INFO - Started process (PID=549) to work on /home/airflow/.local/lib/python3.12/site-packages/airflow/example_dags/example_setup_teardown.py
[2024-12-30T06:07:29.316+0000] {processor.py:914} INFO - Processing file /home/airflow/.local/lib/python3.12/site-packages/airflow/example_dags/example_setup_teardown.py for tasks to queue
[2024-12-30T06:07:29.320+0000] {logging_mixin.py:190} INFO - [2024-12-30T06:07:29.319+0000] {dagbag.py:588} INFO - Filling up the DagBag from /home/airflow/.local/lib/python3.12/site-packages/airflow/example_dags/example_setup_teardown.py
[2024-12-30T06:07:29.330+0000] {processor.py:925} INFO - DAG(s) 'example_setup_teardown' retrieved from /home/airflow/.local/lib/python3.12/site-packages/airflow/example_dags/example_setup_teardown.py
[2024-12-30T06:07:29.345+0000] {logging_mixin.py:190} INFO - [2024-12-30T06:07:29.345+0000] {dag.py:3239} INFO - Sync 1 DAGs
[2024-12-30T06:07:29.355+0000] {logging_mixin.py:190} INFO - [2024-12-30T06:07:29.355+0000] {dag.py:4180} INFO - Setting next_dagrun for example_setup_teardown to None, run_after=None
[2024-12-30T06:07:29.401+0000] {processor.py:208} INFO - Processing /home/airflow/.local/lib/python3.12/site-packages/airflow/example_dags/example_setup_teardown.py took 0.148 seconds
[2024-12-30T06:40:41.279+0000] {processor.py:186} INFO - Started process (PID=104) to work on /home/airflow/.local/lib/python3.12/site-packages/airflow/example_dags/example_setup_teardown.py
[2024-12-30T06:40:41.280+0000] {processor.py:914} INFO - Processing file /home/airflow/.local/lib/python3.12/site-packages/airflow/example_dags/example_setup_teardown.py for tasks to queue
[2024-12-30T06:40:41.283+0000] {logging_mixin.py:190} INFO - [2024-12-30T06:40:41.283+0000] {dagbag.py:588} INFO - Filling up the DagBag from /home/airflow/.local/lib/python3.12/site-packages/airflow/example_dags/example_setup_teardown.py
[2024-12-30T06:40:41.293+0000] {processor.py:925} INFO - DAG(s) 'example_setup_teardown' retrieved from /home/airflow/.local/lib/python3.12/site-packages/airflow/example_dags/example_setup_teardown.py
[2024-12-30T06:40:41.395+0000] {logging_mixin.py:190} INFO - [2024-12-30T06:40:41.395+0000] {override.py:1911} INFO - Created Permission View: can delete on DAG:example_setup_teardown
[2024-12-30T06:40:41.404+0000] {logging_mixin.py:190} INFO - [2024-12-30T06:40:41.404+0000] {override.py:1911} INFO - Created Permission View: can edit on DAG:example_setup_teardown
[2024-12-30T06:40:41.410+0000] {logging_mixin.py:190} INFO - [2024-12-30T06:40:41.409+0000] {override.py:1911} INFO - Created Permission View: can read on DAG:example_setup_teardown
[2024-12-30T06:40:41.417+0000] {logging_mixin.py:190} INFO - [2024-12-30T06:40:41.416+0000] {override.py:1911} INFO - Created Permission View: can delete on DAG Run:example_setup_teardown
[2024-12-30T06:40:41.425+0000] {logging_mixin.py:190} INFO - [2024-12-30T06:40:41.424+0000] {override.py:1911} INFO - Created Permission View: can create on DAG Run:example_setup_teardown
[2024-12-30T06:40:41.433+0000] {logging_mixin.py:190} INFO - [2024-12-30T06:40:41.432+0000] {override.py:1911} INFO - Created Permission View: menu access on DAG Run:example_setup_teardown
[2024-12-30T06:40:41.438+0000] {logging_mixin.py:190} INFO - [2024-12-30T06:40:41.438+0000] {override.py:1911} INFO - Created Permission View: can read on DAG Run:example_setup_teardown
[2024-12-30T06:40:41.439+0000] {logging_mixin.py:190} INFO - [2024-12-30T06:40:41.439+0000] {dag.py:3239} INFO - Sync 1 DAGs
[2024-12-30T06:40:41.447+0000] {logging_mixin.py:190} INFO - [2024-12-30T06:40:41.446+0000] {dag.py:3262} INFO - Creating ORM DAG for example_setup_teardown
[2024-12-30T06:40:41.447+0000] {logging_mixin.py:190} INFO - [2024-12-30T06:40:41.447+0000] {dag.py:4180} INFO - Setting next_dagrun for example_setup_teardown to None, run_after=None
[2024-12-30T06:40:41.460+0000] {processor.py:208} INFO - Processing /home/airflow/.local/lib/python3.12/site-packages/airflow/example_dags/example_setup_teardown.py took 0.186 seconds
[2024-12-30T06:41:11.699+0000] {processor.py:186} INFO - Started process (PID=167) to work on /home/airflow/.local/lib/python3.12/site-packages/airflow/example_dags/example_setup_teardown.py
[2024-12-30T06:41:11.700+0000] {processor.py:914} INFO - Processing file /home/airflow/.local/lib/python3.12/site-packages/airflow/example_dags/example_setup_teardown.py for tasks to queue
[2024-12-30T06:41:11.702+0000] {logging_mixin.py:190} INFO - [2024-12-30T06:41:11.702+0000] {dagbag.py:588} INFO - Filling up the DagBag from /home/airflow/.local/lib/python3.12/site-packages/airflow/example_dags/example_setup_teardown.py
[2024-12-30T06:41:11.708+0000] {processor.py:925} INFO - DAG(s) 'example_setup_teardown' retrieved from /home/airflow/.local/lib/python3.12/site-packages/airflow/example_dags/example_setup_teardown.py
[2024-12-30T06:41:11.721+0000] {logging_mixin.py:190} INFO - [2024-12-30T06:41:11.720+0000] {dag.py:3239} INFO - Sync 1 DAGs
[2024-12-30T06:41:11.730+0000] {logging_mixin.py:190} INFO - [2024-12-30T06:41:11.729+0000] {dag.py:4180} INFO - Setting next_dagrun for example_setup_teardown to None, run_after=None
[2024-12-30T06:41:11.741+0000] {processor.py:208} INFO - Processing /home/airflow/.local/lib/python3.12/site-packages/airflow/example_dags/example_setup_teardown.py took 0.045 seconds
[2024-12-30T06:41:41.847+0000] {processor.py:186} INFO - Started process (PID=229) to work on /home/airflow/.local/lib/python3.12/site-packages/airflow/example_dags/example_setup_teardown.py
[2024-12-30T06:41:41.847+0000] {processor.py:914} INFO - Processing file /home/airflow/.local/lib/python3.12/site-packages/airflow/example_dags/example_setup_teardown.py for tasks to queue
[2024-12-30T06:41:41.849+0000] {logging_mixin.py:190} INFO - [2024-12-30T06:41:41.848+0000] {dagbag.py:588} INFO - Filling up the DagBag from /home/airflow/.local/lib/python3.12/site-packages/airflow/example_dags/example_setup_teardown.py
[2024-12-30T06:41:41.854+0000] {processor.py:925} INFO - DAG(s) 'example_setup_teardown' retrieved from /home/airflow/.local/lib/python3.12/site-packages/airflow/example_dags/example_setup_teardown.py
[2024-12-30T06:41:41.867+0000] {logging_mixin.py:190} INFO - [2024-12-30T06:41:41.867+0000] {dag.py:3239} INFO - Sync 1 DAGs
[2024-12-30T06:41:41.876+0000] {logging_mixin.py:190} INFO - [2024-12-30T06:41:41.876+0000] {dag.py:4180} INFO - Setting next_dagrun for example_setup_teardown to None, run_after=None
[2024-12-30T06:41:41.888+0000] {processor.py:208} INFO - Processing /home/airflow/.local/lib/python3.12/site-packages/airflow/example_dags/example_setup_teardown.py took 0.046 seconds
[2024-12-30T06:56:41.711+0000] {processor.py:186} INFO - Started process (PID=101) to work on /home/airflow/.local/lib/python3.12/site-packages/airflow/example_dags/example_setup_teardown.py
[2024-12-30T06:56:41.712+0000] {processor.py:914} INFO - Processing file /home/airflow/.local/lib/python3.12/site-packages/airflow/example_dags/example_setup_teardown.py for tasks to queue
[2024-12-30T06:56:41.716+0000] {logging_mixin.py:190} INFO - [2024-12-30T06:56:41.715+0000] {dagbag.py:588} INFO - Filling up the DagBag from /home/airflow/.local/lib/python3.12/site-packages/airflow/example_dags/example_setup_teardown.py
[2024-12-30T06:56:41.741+0000] {processor.py:925} INFO - DAG(s) 'example_setup_teardown' retrieved from /home/airflow/.local/lib/python3.12/site-packages/airflow/example_dags/example_setup_teardown.py
[2024-12-30T06:56:41.764+0000] {logging_mixin.py:190} INFO - [2024-12-30T06:56:41.763+0000] {dag.py:3239} INFO - Sync 1 DAGs
[2024-12-30T06:56:41.788+0000] {logging_mixin.py:190} INFO - [2024-12-30T06:56:41.788+0000] {dag.py:4180} INFO - Setting next_dagrun for example_setup_teardown to None, run_after=None
[2024-12-30T06:56:41.817+0000] {processor.py:208} INFO - Processing /home/airflow/.local/lib/python3.12/site-packages/airflow/example_dags/example_setup_teardown.py took 0.111 seconds
