[2024-12-30T05:46:03.501+0000] {processor.py:186} INFO - Started process (PID=123) to work on /home/airflow/.local/lib/python3.12/site-packages/airflow/example_dags/example_short_circuit_decorator.py
[2024-12-30T05:46:03.502+0000] {processor.py:914} INFO - Processing file /home/airflow/.local/lib/python3.12/site-packages/airflow/example_dags/example_short_circuit_decorator.py for tasks to queue
[2024-12-30T05:46:03.504+0000] {logging_mixin.py:190} INFO - [2024-12-30T05:46:03.504+0000] {dagbag.py:588} INFO - Filling up the DagBag from /home/airflow/.local/lib/python3.12/site-packages/airflow/example_dags/example_short_circuit_decorator.py
[2024-12-30T05:46:03.513+0000] {processor.py:925} INFO - DAG(s) 'example_short_circuit_decorator' retrieved from /home/airflow/.local/lib/python3.12/site-packages/airflow/example_dags/example_short_circuit_decorator.py
[2024-12-30T05:46:03.581+0000] {logging_mixin.py:190} INFO - [2024-12-30T05:46:03.581+0000] {override.py:1911} INFO - Created Permission View: can read on DAG:example_short_circuit_decorator
[2024-12-30T05:46:03.589+0000] {logging_mixin.py:190} INFO - [2024-12-30T05:46:03.589+0000] {override.py:1911} INFO - Created Permission View: can delete on DAG:example_short_circuit_decorator
[2024-12-30T05:46:03.593+0000] {logging_mixin.py:190} INFO - [2024-12-30T05:46:03.593+0000] {override.py:1911} INFO - Created Permission View: can edit on DAG:example_short_circuit_decorator
[2024-12-30T05:46:03.600+0000] {logging_mixin.py:190} INFO - [2024-12-30T05:46:03.599+0000] {override.py:1911} INFO - Created Permission View: can read on DAG Run:example_short_circuit_decorator
[2024-12-30T05:46:03.605+0000] {logging_mixin.py:190} INFO - [2024-12-30T05:46:03.605+0000] {override.py:1911} INFO - Created Permission View: can create on DAG Run:example_short_circuit_decorator
[2024-12-30T05:46:03.610+0000] {logging_mixin.py:190} INFO - [2024-12-30T05:46:03.609+0000] {override.py:1911} INFO - Created Permission View: can delete on DAG Run:example_short_circuit_decorator
[2024-12-30T05:46:03.613+0000] {logging_mixin.py:190} INFO - [2024-12-30T05:46:03.613+0000] {override.py:1911} INFO - Created Permission View: menu access on DAG Run:example_short_circuit_decorator
[2024-12-30T05:46:03.614+0000] {logging_mixin.py:190} INFO - [2024-12-30T05:46:03.614+0000] {dag.py:3239} INFO - Sync 1 DAGs
[2024-12-30T05:46:03.623+0000] {logging_mixin.py:190} INFO - [2024-12-30T05:46:03.623+0000] {dag.py:3262} INFO - Creating ORM DAG for example_short_circuit_decorator
[2024-12-30T05:46:03.624+0000] {logging_mixin.py:190} INFO - [2024-12-30T05:46:03.624+0000] {dag.py:4180} INFO - Setting next_dagrun for example_short_circuit_decorator to None, run_after=None
[2024-12-30T05:46:03.638+0000] {processor.py:208} INFO - Processing /home/airflow/.local/lib/python3.12/site-packages/airflow/example_dags/example_short_circuit_decorator.py took 0.141 seconds
[2024-12-30T05:49:59.524+0000] {processor.py:186} INFO - Started process (PID=218) to work on /home/airflow/.local/lib/python3.12/site-packages/airflow/example_dags/example_short_circuit_decorator.py
[2024-12-30T05:49:59.588+0000] {processor.py:914} INFO - Processing file /home/airflow/.local/lib/python3.12/site-packages/airflow/example_dags/example_short_circuit_decorator.py for tasks to queue
[2024-12-30T05:49:59.589+0000] {logging_mixin.py:190} INFO - [2024-12-30T05:49:59.589+0000] {dagbag.py:588} INFO - Filling up the DagBag from /home/airflow/.local/lib/python3.12/site-packages/airflow/example_dags/example_short_circuit_decorator.py
[2024-12-30T05:49:59.599+0000] {processor.py:925} INFO - DAG(s) 'example_short_circuit_decorator' retrieved from /home/airflow/.local/lib/python3.12/site-packages/airflow/example_dags/example_short_circuit_decorator.py
[2024-12-30T05:49:59.851+0000] {logging_mixin.py:190} INFO - [2024-12-30T05:49:59.850+0000] {dag.py:3239} INFO - Sync 1 DAGs
[2024-12-30T05:49:59.862+0000] {logging_mixin.py:190} INFO - [2024-12-30T05:49:59.862+0000] {dag.py:4180} INFO - Setting next_dagrun for example_short_circuit_decorator to None, run_after=None
[2024-12-30T05:49:59.924+0000] {processor.py:208} INFO - Processing /home/airflow/.local/lib/python3.12/site-packages/airflow/example_dags/example_short_circuit_decorator.py took 0.405 seconds
[2024-12-30T05:51:52.413+0000] {processor.py:186} INFO - Started process (PID=282) to work on /home/airflow/.local/lib/python3.12/site-packages/airflow/example_dags/example_short_circuit_decorator.py
[2024-12-30T05:51:52.414+0000] {processor.py:914} INFO - Processing file /home/airflow/.local/lib/python3.12/site-packages/airflow/example_dags/example_short_circuit_decorator.py for tasks to queue
[2024-12-30T05:51:52.415+0000] {logging_mixin.py:190} INFO - [2024-12-30T05:51:52.415+0000] {dagbag.py:588} INFO - Filling up the DagBag from /home/airflow/.local/lib/python3.12/site-packages/airflow/example_dags/example_short_circuit_decorator.py
[2024-12-30T05:51:52.483+0000] {processor.py:925} INFO - DAG(s) 'example_short_circuit_decorator' retrieved from /home/airflow/.local/lib/python3.12/site-packages/airflow/example_dags/example_short_circuit_decorator.py
[2024-12-30T05:51:52.505+0000] {logging_mixin.py:190} INFO - [2024-12-30T05:51:52.505+0000] {dag.py:3239} INFO - Sync 1 DAGs
[2024-12-30T05:51:52.515+0000] {logging_mixin.py:190} INFO - [2024-12-30T05:51:52.515+0000] {dag.py:4180} INFO - Setting next_dagrun for example_short_circuit_decorator to None, run_after=None
[2024-12-30T05:51:52.564+0000] {processor.py:208} INFO - Processing /home/airflow/.local/lib/python3.12/site-packages/airflow/example_dags/example_short_circuit_decorator.py took 0.156 seconds
[2024-12-30T05:52:22.918+0000] {processor.py:186} INFO - Started process (PID=345) to work on /home/airflow/.local/lib/python3.12/site-packages/airflow/example_dags/example_short_circuit_decorator.py
[2024-12-30T05:52:22.918+0000] {processor.py:914} INFO - Processing file /home/airflow/.local/lib/python3.12/site-packages/airflow/example_dags/example_short_circuit_decorator.py for tasks to queue
[2024-12-30T05:52:22.919+0000] {logging_mixin.py:190} INFO - [2024-12-30T05:52:22.919+0000] {dagbag.py:588} INFO - Filling up the DagBag from /home/airflow/.local/lib/python3.12/site-packages/airflow/example_dags/example_short_circuit_decorator.py
[2024-12-30T05:52:22.935+0000] {processor.py:925} INFO - DAG(s) 'example_short_circuit_decorator' retrieved from /home/airflow/.local/lib/python3.12/site-packages/airflow/example_dags/example_short_circuit_decorator.py
[2024-12-30T05:52:22.954+0000] {logging_mixin.py:190} INFO - [2024-12-30T05:52:22.954+0000] {dag.py:3239} INFO - Sync 1 DAGs
[2024-12-30T05:52:22.966+0000] {logging_mixin.py:190} INFO - [2024-12-30T05:52:22.966+0000] {dag.py:4180} INFO - Setting next_dagrun for example_short_circuit_decorator to None, run_after=None
[2024-12-30T05:52:22.978+0000] {processor.py:208} INFO - Processing /home/airflow/.local/lib/python3.12/site-packages/airflow/example_dags/example_short_circuit_decorator.py took 0.065 seconds
[2024-12-30T05:52:53.138+0000] {processor.py:186} INFO - Started process (PID=408) to work on /home/airflow/.local/lib/python3.12/site-packages/airflow/example_dags/example_short_circuit_decorator.py
[2024-12-30T05:52:53.139+0000] {processor.py:914} INFO - Processing file /home/airflow/.local/lib/python3.12/site-packages/airflow/example_dags/example_short_circuit_decorator.py for tasks to queue
[2024-12-30T05:52:53.140+0000] {logging_mixin.py:190} INFO - [2024-12-30T05:52:53.140+0000] {dagbag.py:588} INFO - Filling up the DagBag from /home/airflow/.local/lib/python3.12/site-packages/airflow/example_dags/example_short_circuit_decorator.py
[2024-12-30T05:52:53.151+0000] {processor.py:925} INFO - DAG(s) 'example_short_circuit_decorator' retrieved from /home/airflow/.local/lib/python3.12/site-packages/airflow/example_dags/example_short_circuit_decorator.py
[2024-12-30T05:52:53.167+0000] {logging_mixin.py:190} INFO - [2024-12-30T05:52:53.167+0000] {dag.py:3239} INFO - Sync 1 DAGs
[2024-12-30T05:52:53.180+0000] {logging_mixin.py:190} INFO - [2024-12-30T05:52:53.179+0000] {dag.py:4180} INFO - Setting next_dagrun for example_short_circuit_decorator to None, run_after=None
[2024-12-30T05:52:53.194+0000] {processor.py:208} INFO - Processing /home/airflow/.local/lib/python3.12/site-packages/airflow/example_dags/example_short_circuit_decorator.py took 0.060 seconds
[2024-12-30T05:53:23.848+0000] {processor.py:186} INFO - Started process (PID=472) to work on /home/airflow/.local/lib/python3.12/site-packages/airflow/example_dags/example_short_circuit_decorator.py
[2024-12-30T05:53:23.849+0000] {processor.py:914} INFO - Processing file /home/airflow/.local/lib/python3.12/site-packages/airflow/example_dags/example_short_circuit_decorator.py for tasks to queue
[2024-12-30T05:53:23.850+0000] {logging_mixin.py:190} INFO - [2024-12-30T05:53:23.849+0000] {dagbag.py:588} INFO - Filling up the DagBag from /home/airflow/.local/lib/python3.12/site-packages/airflow/example_dags/example_short_circuit_decorator.py
[2024-12-30T05:53:23.859+0000] {processor.py:925} INFO - DAG(s) 'example_short_circuit_decorator' retrieved from /home/airflow/.local/lib/python3.12/site-packages/airflow/example_dags/example_short_circuit_decorator.py
[2024-12-30T05:53:23.875+0000] {logging_mixin.py:190} INFO - [2024-12-30T05:53:23.875+0000] {dag.py:3239} INFO - Sync 1 DAGs
[2024-12-30T05:53:23.885+0000] {logging_mixin.py:190} INFO - [2024-12-30T05:53:23.885+0000] {dag.py:4180} INFO - Setting next_dagrun for example_short_circuit_decorator to None, run_after=None
[2024-12-30T05:53:23.898+0000] {processor.py:208} INFO - Processing /home/airflow/.local/lib/python3.12/site-packages/airflow/example_dags/example_short_circuit_decorator.py took 0.054 seconds
[2024-12-30T06:07:31.393+0000] {processor.py:186} INFO - Started process (PID=568) to work on /home/airflow/.local/lib/python3.12/site-packages/airflow/example_dags/example_short_circuit_decorator.py
[2024-12-30T06:07:31.394+0000] {processor.py:914} INFO - Processing file /home/airflow/.local/lib/python3.12/site-packages/airflow/example_dags/example_short_circuit_decorator.py for tasks to queue
[2024-12-30T06:07:31.395+0000] {logging_mixin.py:190} INFO - [2024-12-30T06:07:31.395+0000] {dagbag.py:588} INFO - Filling up the DagBag from /home/airflow/.local/lib/python3.12/site-packages/airflow/example_dags/example_short_circuit_decorator.py
[2024-12-30T06:07:31.403+0000] {processor.py:925} INFO - DAG(s) 'example_short_circuit_decorator' retrieved from /home/airflow/.local/lib/python3.12/site-packages/airflow/example_dags/example_short_circuit_decorator.py
[2024-12-30T06:07:31.419+0000] {logging_mixin.py:190} INFO - [2024-12-30T06:07:31.418+0000] {dag.py:3239} INFO - Sync 1 DAGs
[2024-12-30T06:07:31.428+0000] {logging_mixin.py:190} INFO - [2024-12-30T06:07:31.428+0000] {dag.py:4180} INFO - Setting next_dagrun for example_short_circuit_decorator to None, run_after=None
[2024-12-30T06:07:31.474+0000] {processor.py:208} INFO - Processing /home/airflow/.local/lib/python3.12/site-packages/airflow/example_dags/example_short_circuit_decorator.py took 0.085 seconds
[2024-12-30T06:40:44.284+0000] {processor.py:186} INFO - Started process (PID=124) to work on /home/airflow/.local/lib/python3.12/site-packages/airflow/example_dags/example_short_circuit_decorator.py
[2024-12-30T06:40:44.291+0000] {processor.py:914} INFO - Processing file /home/airflow/.local/lib/python3.12/site-packages/airflow/example_dags/example_short_circuit_decorator.py for tasks to queue
[2024-12-30T06:40:44.293+0000] {logging_mixin.py:190} INFO - [2024-12-30T06:40:44.293+0000] {dagbag.py:588} INFO - Filling up the DagBag from /home/airflow/.local/lib/python3.12/site-packages/airflow/example_dags/example_short_circuit_decorator.py
[2024-12-30T06:40:44.301+0000] {processor.py:925} INFO - DAG(s) 'example_short_circuit_decorator' retrieved from /home/airflow/.local/lib/python3.12/site-packages/airflow/example_dags/example_short_circuit_decorator.py
[2024-12-30T06:40:44.405+0000] {logging_mixin.py:190} INFO - [2024-12-30T06:40:44.405+0000] {override.py:1911} INFO - Created Permission View: can delete on DAG:example_short_circuit_decorator
[2024-12-30T06:40:44.426+0000] {logging_mixin.py:190} INFO - [2024-12-30T06:40:44.425+0000] {override.py:1911} INFO - Created Permission View: can edit on DAG:example_short_circuit_decorator
[2024-12-30T06:40:44.450+0000] {logging_mixin.py:190} INFO - [2024-12-30T06:40:44.449+0000] {override.py:1911} INFO - Created Permission View: can read on DAG:example_short_circuit_decorator
[2024-12-30T06:40:44.479+0000] {logging_mixin.py:190} INFO - [2024-12-30T06:40:44.479+0000] {override.py:1911} INFO - Created Permission View: can delete on DAG Run:example_short_circuit_decorator
[2024-12-30T06:40:44.496+0000] {logging_mixin.py:190} INFO - [2024-12-30T06:40:44.496+0000] {override.py:1911} INFO - Created Permission View: can create on DAG Run:example_short_circuit_decorator
[2024-12-30T06:40:44.549+0000] {logging_mixin.py:190} INFO - [2024-12-30T06:40:44.548+0000] {override.py:1911} INFO - Created Permission View: menu access on DAG Run:example_short_circuit_decorator
[2024-12-30T06:40:44.571+0000] {logging_mixin.py:190} INFO - [2024-12-30T06:40:44.571+0000] {override.py:1911} INFO - Created Permission View: can read on DAG Run:example_short_circuit_decorator
[2024-12-30T06:40:44.572+0000] {logging_mixin.py:190} INFO - [2024-12-30T06:40:44.571+0000] {dag.py:3239} INFO - Sync 1 DAGs
[2024-12-30T06:40:44.580+0000] {logging_mixin.py:190} INFO - [2024-12-30T06:40:44.580+0000] {dag.py:3262} INFO - Creating ORM DAG for example_short_circuit_decorator
[2024-12-30T06:40:44.580+0000] {logging_mixin.py:190} INFO - [2024-12-30T06:40:44.580+0000] {dag.py:4180} INFO - Setting next_dagrun for example_short_circuit_decorator to None, run_after=None
[2024-12-30T06:40:44.603+0000] {processor.py:208} INFO - Processing /home/airflow/.local/lib/python3.12/site-packages/airflow/example_dags/example_short_circuit_decorator.py took 0.323 seconds
[2024-12-30T06:41:14.663+0000] {processor.py:186} INFO - Started process (PID=186) to work on /home/airflow/.local/lib/python3.12/site-packages/airflow/example_dags/example_short_circuit_decorator.py
[2024-12-30T06:41:14.664+0000] {processor.py:914} INFO - Processing file /home/airflow/.local/lib/python3.12/site-packages/airflow/example_dags/example_short_circuit_decorator.py for tasks to queue
[2024-12-30T06:41:14.666+0000] {logging_mixin.py:190} INFO - [2024-12-30T06:41:14.666+0000] {dagbag.py:588} INFO - Filling up the DagBag from /home/airflow/.local/lib/python3.12/site-packages/airflow/example_dags/example_short_circuit_decorator.py
[2024-12-30T06:41:14.673+0000] {processor.py:925} INFO - DAG(s) 'example_short_circuit_decorator' retrieved from /home/airflow/.local/lib/python3.12/site-packages/airflow/example_dags/example_short_circuit_decorator.py
[2024-12-30T06:41:14.687+0000] {logging_mixin.py:190} INFO - [2024-12-30T06:41:14.687+0000] {dag.py:3239} INFO - Sync 1 DAGs
[2024-12-30T06:41:14.697+0000] {logging_mixin.py:190} INFO - [2024-12-30T06:41:14.697+0000] {dag.py:4180} INFO - Setting next_dagrun for example_short_circuit_decorator to None, run_after=None
[2024-12-30T06:41:14.709+0000] {processor.py:208} INFO - Processing /home/airflow/.local/lib/python3.12/site-packages/airflow/example_dags/example_short_circuit_decorator.py took 0.050 seconds
[2024-12-30T06:41:44.930+0000] {processor.py:186} INFO - Started process (PID=249) to work on /home/airflow/.local/lib/python3.12/site-packages/airflow/example_dags/example_short_circuit_decorator.py
[2024-12-30T06:41:44.931+0000] {processor.py:914} INFO - Processing file /home/airflow/.local/lib/python3.12/site-packages/airflow/example_dags/example_short_circuit_decorator.py for tasks to queue
[2024-12-30T06:41:44.933+0000] {logging_mixin.py:190} INFO - [2024-12-30T06:41:44.933+0000] {dagbag.py:588} INFO - Filling up the DagBag from /home/airflow/.local/lib/python3.12/site-packages/airflow/example_dags/example_short_circuit_decorator.py
[2024-12-30T06:41:44.939+0000] {processor.py:925} INFO - DAG(s) 'example_short_circuit_decorator' retrieved from /home/airflow/.local/lib/python3.12/site-packages/airflow/example_dags/example_short_circuit_decorator.py
[2024-12-30T06:41:44.954+0000] {logging_mixin.py:190} INFO - [2024-12-30T06:41:44.954+0000] {dag.py:3239} INFO - Sync 1 DAGs
[2024-12-30T06:41:44.963+0000] {logging_mixin.py:190} INFO - [2024-12-30T06:41:44.963+0000] {dag.py:4180} INFO - Setting next_dagrun for example_short_circuit_decorator to None, run_after=None
[2024-12-30T06:41:44.978+0000] {processor.py:208} INFO - Processing /home/airflow/.local/lib/python3.12/site-packages/airflow/example_dags/example_short_circuit_decorator.py took 0.052 seconds
[2024-12-30T06:56:43.050+0000] {processor.py:186} INFO - Started process (PID=121) to work on /home/airflow/.local/lib/python3.12/site-packages/airflow/example_dags/example_short_circuit_decorator.py
[2024-12-30T06:56:43.051+0000] {processor.py:914} INFO - Processing file /home/airflow/.local/lib/python3.12/site-packages/airflow/example_dags/example_short_circuit_decorator.py for tasks to queue
[2024-12-30T06:56:43.053+0000] {logging_mixin.py:190} INFO - [2024-12-30T06:56:43.053+0000] {dagbag.py:588} INFO - Filling up the DagBag from /home/airflow/.local/lib/python3.12/site-packages/airflow/example_dags/example_short_circuit_decorator.py
[2024-12-30T06:56:43.062+0000] {processor.py:925} INFO - DAG(s) 'example_short_circuit_decorator' retrieved from /home/airflow/.local/lib/python3.12/site-packages/airflow/example_dags/example_short_circuit_decorator.py
[2024-12-30T06:56:43.079+0000] {logging_mixin.py:190} INFO - [2024-12-30T06:56:43.079+0000] {dag.py:3239} INFO - Sync 1 DAGs
[2024-12-30T06:56:43.091+0000] {logging_mixin.py:190} INFO - [2024-12-30T06:56:43.091+0000] {dag.py:4180} INFO - Setting next_dagrun for example_short_circuit_decorator to None, run_after=None
[2024-12-30T06:56:43.108+0000] {processor.py:208} INFO - Processing /home/airflow/.local/lib/python3.12/site-packages/airflow/example_dags/example_short_circuit_decorator.py took 0.063 seconds
