[2024-12-30T05:45:58.511+0000] {processor.py:186} INFO - Started process (PID=96) to work on /home/airflow/.local/lib/python3.12/site-packages/airflow/example_dags/example_branch_python_dop_operator_3.py
[2024-12-30T05:45:58.511+0000] {processor.py:914} INFO - Processing file /home/airflow/.local/lib/python3.12/site-packages/airflow/example_dags/example_branch_python_dop_operator_3.py for tasks to queue
[2024-12-30T05:45:58.513+0000] {logging_mixin.py:190} INFO - [2024-12-30T05:45:58.513+0000] {dagbag.py:588} INFO - Filling up the DagBag from /home/airflow/.local/lib/python3.12/site-packages/airflow/example_dags/example_branch_python_dop_operator_3.py
[2024-12-30T05:45:58.523+0000] {processor.py:925} INFO - DAG(s) 'example_branch_dop_operator_v3' retrieved from /home/airflow/.local/lib/python3.12/site-packages/airflow/example_dags/example_branch_python_dop_operator_3.py
[2024-12-30T05:45:58.599+0000] {logging_mixin.py:190} INFO - [2024-12-30T05:45:58.598+0000] {override.py:1911} INFO - Created Permission View: can read on DAG:example_branch_dop_operator_v3
[2024-12-30T05:45:58.606+0000] {logging_mixin.py:190} INFO - [2024-12-30T05:45:58.605+0000] {override.py:1911} INFO - Created Permission View: can delete on DAG:example_branch_dop_operator_v3
[2024-12-30T05:45:58.610+0000] {logging_mixin.py:190} INFO - [2024-12-30T05:45:58.610+0000] {override.py:1911} INFO - Created Permission View: can edit on DAG:example_branch_dop_operator_v3
[2024-12-30T05:45:58.615+0000] {logging_mixin.py:190} INFO - [2024-12-30T05:45:58.615+0000] {override.py:1911} INFO - Created Permission View: can read on DAG Run:example_branch_dop_operator_v3
[2024-12-30T05:45:58.620+0000] {logging_mixin.py:190} INFO - [2024-12-30T05:45:58.620+0000] {override.py:1911} INFO - Created Permission View: can create on DAG Run:example_branch_dop_operator_v3
[2024-12-30T05:45:58.624+0000] {logging_mixin.py:190} INFO - [2024-12-30T05:45:58.623+0000] {override.py:1911} INFO - Created Permission View: can delete on DAG Run:example_branch_dop_operator_v3
[2024-12-30T05:45:58.627+0000] {logging_mixin.py:190} INFO - [2024-12-30T05:45:58.627+0000] {override.py:1911} INFO - Created Permission View: menu access on DAG Run:example_branch_dop_operator_v3
[2024-12-30T05:45:58.628+0000] {logging_mixin.py:190} INFO - [2024-12-30T05:45:58.628+0000] {dag.py:3239} INFO - Sync 1 DAGs
[2024-12-30T05:45:58.639+0000] {logging_mixin.py:190} INFO - [2024-12-30T05:45:58.638+0000] {dag.py:3262} INFO - Creating ORM DAG for example_branch_dop_operator_v3
[2024-12-30T05:45:58.650+0000] {logging_mixin.py:190} INFO - [2024-12-30T05:45:58.649+0000] {dag.py:4180} INFO - Setting next_dagrun for example_branch_dop_operator_v3 to 2024-12-30 05:44:00+00:00, run_after=2024-12-30 05:45:00+00:00
[2024-12-30T05:45:58.664+0000] {processor.py:208} INFO - Processing /home/airflow/.local/lib/python3.12/site-packages/airflow/example_dags/example_branch_python_dop_operator_3.py took 0.158 seconds
[2024-12-30T05:47:28.813+0000] {processor.py:186} INFO - Started process (PID=185) to work on /home/airflow/.local/lib/python3.12/site-packages/airflow/example_dags/example_branch_python_dop_operator_3.py
[2024-12-30T05:47:28.816+0000] {processor.py:914} INFO - Processing file /home/airflow/.local/lib/python3.12/site-packages/airflow/example_dags/example_branch_python_dop_operator_3.py for tasks to queue
[2024-12-30T05:47:28.817+0000] {logging_mixin.py:190} INFO - [2024-12-30T05:47:28.817+0000] {dagbag.py:588} INFO - Filling up the DagBag from /home/airflow/.local/lib/python3.12/site-packages/airflow/example_dags/example_branch_python_dop_operator_3.py
[2024-12-30T05:47:28.829+0000] {processor.py:925} INFO - DAG(s) 'example_branch_dop_operator_v3' retrieved from /home/airflow/.local/lib/python3.12/site-packages/airflow/example_dags/example_branch_python_dop_operator_3.py
[2024-12-30T05:47:28.845+0000] {logging_mixin.py:190} INFO - [2024-12-30T05:47:28.845+0000] {dag.py:3239} INFO - Sync 1 DAGs
[2024-12-30T05:47:28.863+0000] {logging_mixin.py:190} INFO - [2024-12-30T05:47:28.863+0000] {dag.py:4180} INFO - Setting next_dagrun for example_branch_dop_operator_v3 to 2024-12-30 05:46:00+00:00, run_after=2024-12-30 05:47:00+00:00
[2024-12-30T05:47:28.898+0000] {processor.py:208} INFO - Processing /home/airflow/.local/lib/python3.12/site-packages/airflow/example_dags/example_branch_python_dop_operator_3.py took 0.096 seconds
[2024-12-30T05:50:31.366+0000] {processor.py:186} INFO - Started process (PID=254) to work on /home/airflow/.local/lib/python3.12/site-packages/airflow/example_dags/example_branch_python_dop_operator_3.py
[2024-12-30T05:50:31.366+0000] {processor.py:914} INFO - Processing file /home/airflow/.local/lib/python3.12/site-packages/airflow/example_dags/example_branch_python_dop_operator_3.py for tasks to queue
[2024-12-30T05:50:31.367+0000] {logging_mixin.py:190} INFO - [2024-12-30T05:50:31.367+0000] {dagbag.py:588} INFO - Filling up the DagBag from /home/airflow/.local/lib/python3.12/site-packages/airflow/example_dags/example_branch_python_dop_operator_3.py
[2024-12-30T05:50:31.377+0000] {processor.py:925} INFO - DAG(s) 'example_branch_dop_operator_v3' retrieved from /home/airflow/.local/lib/python3.12/site-packages/airflow/example_dags/example_branch_python_dop_operator_3.py
[2024-12-30T05:50:31.394+0000] {logging_mixin.py:190} INFO - [2024-12-30T05:50:31.393+0000] {dag.py:3239} INFO - Sync 1 DAGs
[2024-12-30T05:50:31.413+0000] {logging_mixin.py:190} INFO - [2024-12-30T05:50:31.413+0000] {dag.py:4180} INFO - Setting next_dagrun for example_branch_dop_operator_v3 to 2024-12-30 05:49:00+00:00, run_after=2024-12-30 05:50:00+00:00
[2024-12-30T05:50:31.429+0000] {processor.py:208} INFO - Processing /home/airflow/.local/lib/python3.12/site-packages/airflow/example_dags/example_branch_python_dop_operator_3.py took 0.069 seconds
[2024-12-30T05:52:06.121+0000] {processor.py:186} INFO - Started process (PID=312) to work on /home/airflow/.local/lib/python3.12/site-packages/airflow/example_dags/example_branch_python_dop_operator_3.py
[2024-12-30T05:52:06.122+0000] {processor.py:914} INFO - Processing file /home/airflow/.local/lib/python3.12/site-packages/airflow/example_dags/example_branch_python_dop_operator_3.py for tasks to queue
[2024-12-30T05:52:06.123+0000] {logging_mixin.py:190} INFO - [2024-12-30T05:52:06.123+0000] {dagbag.py:588} INFO - Filling up the DagBag from /home/airflow/.local/lib/python3.12/site-packages/airflow/example_dags/example_branch_python_dop_operator_3.py
[2024-12-30T05:52:06.184+0000] {processor.py:925} INFO - DAG(s) 'example_branch_dop_operator_v3' retrieved from /home/airflow/.local/lib/python3.12/site-packages/airflow/example_dags/example_branch_python_dop_operator_3.py
[2024-12-30T05:52:06.199+0000] {logging_mixin.py:190} INFO - [2024-12-30T05:52:06.198+0000] {dag.py:3239} INFO - Sync 1 DAGs
[2024-12-30T05:52:06.247+0000] {logging_mixin.py:190} INFO - [2024-12-30T05:52:06.247+0000] {dag.py:4180} INFO - Setting next_dagrun for example_branch_dop_operator_v3 to 2024-12-30 05:51:00+00:00, run_after=2024-12-30 05:52:00+00:00
[2024-12-30T05:52:06.267+0000] {processor.py:208} INFO - Processing /home/airflow/.local/lib/python3.12/site-packages/airflow/example_dags/example_branch_python_dop_operator_3.py took 0.150 seconds
[2024-12-30T05:52:36.643+0000] {processor.py:186} INFO - Started process (PID=374) to work on /home/airflow/.local/lib/python3.12/site-packages/airflow/example_dags/example_branch_python_dop_operator_3.py
[2024-12-30T05:52:36.644+0000] {processor.py:914} INFO - Processing file /home/airflow/.local/lib/python3.12/site-packages/airflow/example_dags/example_branch_python_dop_operator_3.py for tasks to queue
[2024-12-30T05:52:36.646+0000] {logging_mixin.py:190} INFO - [2024-12-30T05:52:36.646+0000] {dagbag.py:588} INFO - Filling up the DagBag from /home/airflow/.local/lib/python3.12/site-packages/airflow/example_dags/example_branch_python_dop_operator_3.py
[2024-12-30T05:52:36.717+0000] {processor.py:925} INFO - DAG(s) 'example_branch_dop_operator_v3' retrieved from /home/airflow/.local/lib/python3.12/site-packages/airflow/example_dags/example_branch_python_dop_operator_3.py
[2024-12-30T05:52:36.731+0000] {logging_mixin.py:190} INFO - [2024-12-30T05:52:36.731+0000] {dag.py:3239} INFO - Sync 1 DAGs
[2024-12-30T05:52:36.787+0000] {logging_mixin.py:190} INFO - [2024-12-30T05:52:36.787+0000] {dag.py:4180} INFO - Setting next_dagrun for example_branch_dop_operator_v3 to 2024-12-30 05:51:00+00:00, run_after=2024-12-30 05:52:00+00:00
[2024-12-30T05:52:36.804+0000] {processor.py:208} INFO - Processing /home/airflow/.local/lib/python3.12/site-packages/airflow/example_dags/example_branch_python_dop_operator_3.py took 0.165 seconds
[2024-12-30T05:53:07.245+0000] {processor.py:186} INFO - Started process (PID=436) to work on /home/airflow/.local/lib/python3.12/site-packages/airflow/example_dags/example_branch_python_dop_operator_3.py
[2024-12-30T05:53:07.245+0000] {processor.py:914} INFO - Processing file /home/airflow/.local/lib/python3.12/site-packages/airflow/example_dags/example_branch_python_dop_operator_3.py for tasks to queue
[2024-12-30T05:53:07.246+0000] {logging_mixin.py:190} INFO - [2024-12-30T05:53:07.246+0000] {dagbag.py:588} INFO - Filling up the DagBag from /home/airflow/.local/lib/python3.12/site-packages/airflow/example_dags/example_branch_python_dop_operator_3.py
[2024-12-30T05:53:07.254+0000] {processor.py:925} INFO - DAG(s) 'example_branch_dop_operator_v3' retrieved from /home/airflow/.local/lib/python3.12/site-packages/airflow/example_dags/example_branch_python_dop_operator_3.py
[2024-12-30T05:53:07.269+0000] {logging_mixin.py:190} INFO - [2024-12-30T05:53:07.269+0000] {dag.py:3239} INFO - Sync 1 DAGs
[2024-12-30T05:53:07.287+0000] {logging_mixin.py:190} INFO - [2024-12-30T05:53:07.287+0000] {dag.py:4180} INFO - Setting next_dagrun for example_branch_dop_operator_v3 to 2024-12-30 05:52:00+00:00, run_after=2024-12-30 05:53:00+00:00
[2024-12-30T05:53:07.300+0000] {processor.py:208} INFO - Processing /home/airflow/.local/lib/python3.12/site-packages/airflow/example_dags/example_branch_python_dop_operator_3.py took 0.061 seconds
[2024-12-30T05:53:38.099+0000] {processor.py:186} INFO - Started process (PID=499) to work on /home/airflow/.local/lib/python3.12/site-packages/airflow/example_dags/example_branch_python_dop_operator_3.py
[2024-12-30T05:53:38.101+0000] {processor.py:914} INFO - Processing file /home/airflow/.local/lib/python3.12/site-packages/airflow/example_dags/example_branch_python_dop_operator_3.py for tasks to queue
[2024-12-30T05:53:38.101+0000] {logging_mixin.py:190} INFO - [2024-12-30T05:53:38.101+0000] {dagbag.py:588} INFO - Filling up the DagBag from /home/airflow/.local/lib/python3.12/site-packages/airflow/example_dags/example_branch_python_dop_operator_3.py
[2024-12-30T05:53:38.109+0000] {processor.py:925} INFO - DAG(s) 'example_branch_dop_operator_v3' retrieved from /home/airflow/.local/lib/python3.12/site-packages/airflow/example_dags/example_branch_python_dop_operator_3.py
[2024-12-30T05:53:38.124+0000] {logging_mixin.py:190} INFO - [2024-12-30T05:53:38.123+0000] {dag.py:3239} INFO - Sync 1 DAGs
[2024-12-30T05:53:38.143+0000] {logging_mixin.py:190} INFO - [2024-12-30T05:53:38.143+0000] {dag.py:4180} INFO - Setting next_dagrun for example_branch_dop_operator_v3 to 2024-12-30 05:52:00+00:00, run_after=2024-12-30 05:53:00+00:00
[2024-12-30T05:53:38.157+0000] {processor.py:208} INFO - Processing /home/airflow/.local/lib/python3.12/site-packages/airflow/example_dags/example_branch_python_dop_operator_3.py took 0.062 seconds
[2024-12-30T06:07:25.411+0000] {processor.py:186} INFO - Started process (PID=542) to work on /home/airflow/.local/lib/python3.12/site-packages/airflow/example_dags/example_branch_python_dop_operator_3.py
[2024-12-30T06:07:25.464+0000] {processor.py:914} INFO - Processing file /home/airflow/.local/lib/python3.12/site-packages/airflow/example_dags/example_branch_python_dop_operator_3.py for tasks to queue
[2024-12-30T06:07:25.467+0000] {logging_mixin.py:190} INFO - [2024-12-30T06:07:25.466+0000] {dagbag.py:588} INFO - Filling up the DagBag from /home/airflow/.local/lib/python3.12/site-packages/airflow/example_dags/example_branch_python_dop_operator_3.py
[2024-12-30T06:07:25.479+0000] {processor.py:925} INFO - DAG(s) 'example_branch_dop_operator_v3' retrieved from /home/airflow/.local/lib/python3.12/site-packages/airflow/example_dags/example_branch_python_dop_operator_3.py
[2024-12-30T06:07:25.491+0000] {logging_mixin.py:190} INFO - [2024-12-30T06:07:25.491+0000] {dag.py:3239} INFO - Sync 1 DAGs
[2024-12-30T06:07:25.509+0000] {logging_mixin.py:190} INFO - [2024-12-30T06:07:25.508+0000] {dag.py:4180} INFO - Setting next_dagrun for example_branch_dop_operator_v3 to 2024-12-30 06:06:00+00:00, run_after=2024-12-30 06:07:00+00:00
[2024-12-30T06:07:25.590+0000] {processor.py:208} INFO - Processing /home/airflow/.local/lib/python3.12/site-packages/airflow/example_dags/example_branch_python_dop_operator_3.py took 0.183 seconds
[2024-12-30T06:40:38.156+0000] {processor.py:186} INFO - Started process (PID=97) to work on /home/airflow/.local/lib/python3.12/site-packages/airflow/example_dags/example_branch_python_dop_operator_3.py
[2024-12-30T06:40:38.159+0000] {processor.py:914} INFO - Processing file /home/airflow/.local/lib/python3.12/site-packages/airflow/example_dags/example_branch_python_dop_operator_3.py for tasks to queue
[2024-12-30T06:40:38.161+0000] {logging_mixin.py:190} INFO - [2024-12-30T06:40:38.161+0000] {dagbag.py:588} INFO - Filling up the DagBag from /home/airflow/.local/lib/python3.12/site-packages/airflow/example_dags/example_branch_python_dop_operator_3.py
[2024-12-30T06:40:38.172+0000] {processor.py:925} INFO - DAG(s) 'example_branch_dop_operator_v3' retrieved from /home/airflow/.local/lib/python3.12/site-packages/airflow/example_dags/example_branch_python_dop_operator_3.py
[2024-12-30T06:40:38.310+0000] {logging_mixin.py:190} INFO - [2024-12-30T06:40:38.309+0000] {override.py:1911} INFO - Created Permission View: can delete on DAG:example_branch_dop_operator_v3
[2024-12-30T06:40:38.323+0000] {logging_mixin.py:190} INFO - [2024-12-30T06:40:38.323+0000] {override.py:1911} INFO - Created Permission View: can edit on DAG:example_branch_dop_operator_v3
[2024-12-30T06:40:38.331+0000] {logging_mixin.py:190} INFO - [2024-12-30T06:40:38.331+0000] {override.py:1911} INFO - Created Permission View: can read on DAG:example_branch_dop_operator_v3
[2024-12-30T06:40:38.338+0000] {logging_mixin.py:190} INFO - [2024-12-30T06:40:38.338+0000] {override.py:1911} INFO - Created Permission View: can delete on DAG Run:example_branch_dop_operator_v3
[2024-12-30T06:40:38.348+0000] {logging_mixin.py:190} INFO - [2024-12-30T06:40:38.347+0000] {override.py:1911} INFO - Created Permission View: can create on DAG Run:example_branch_dop_operator_v3
[2024-12-30T06:40:38.355+0000] {logging_mixin.py:190} INFO - [2024-12-30T06:40:38.354+0000] {override.py:1911} INFO - Created Permission View: menu access on DAG Run:example_branch_dop_operator_v3
[2024-12-30T06:40:38.361+0000] {logging_mixin.py:190} INFO - [2024-12-30T06:40:38.361+0000] {override.py:1911} INFO - Created Permission View: can read on DAG Run:example_branch_dop_operator_v3
[2024-12-30T06:40:38.362+0000] {logging_mixin.py:190} INFO - [2024-12-30T06:40:38.362+0000] {dag.py:3239} INFO - Sync 1 DAGs
[2024-12-30T06:40:38.376+0000] {logging_mixin.py:190} INFO - [2024-12-30T06:40:38.376+0000] {dag.py:3262} INFO - Creating ORM DAG for example_branch_dop_operator_v3
[2024-12-30T06:40:38.391+0000] {logging_mixin.py:190} INFO - [2024-12-30T06:40:38.391+0000] {dag.py:4180} INFO - Setting next_dagrun for example_branch_dop_operator_v3 to 2024-12-30 06:39:00+00:00, run_after=2024-12-30 06:40:00+00:00
[2024-12-30T06:40:38.407+0000] {processor.py:208} INFO - Processing /home/airflow/.local/lib/python3.12/site-packages/airflow/example_dags/example_branch_python_dop_operator_3.py took 0.256 seconds
[2024-12-30T06:41:08.633+0000] {processor.py:186} INFO - Started process (PID=159) to work on /home/airflow/.local/lib/python3.12/site-packages/airflow/example_dags/example_branch_python_dop_operator_3.py
[2024-12-30T06:41:08.633+0000] {processor.py:914} INFO - Processing file /home/airflow/.local/lib/python3.12/site-packages/airflow/example_dags/example_branch_python_dop_operator_3.py for tasks to queue
[2024-12-30T06:41:08.636+0000] {logging_mixin.py:190} INFO - [2024-12-30T06:41:08.635+0000] {dagbag.py:588} INFO - Filling up the DagBag from /home/airflow/.local/lib/python3.12/site-packages/airflow/example_dags/example_branch_python_dop_operator_3.py
[2024-12-30T06:41:08.643+0000] {processor.py:925} INFO - DAG(s) 'example_branch_dop_operator_v3' retrieved from /home/airflow/.local/lib/python3.12/site-packages/airflow/example_dags/example_branch_python_dop_operator_3.py
[2024-12-30T06:41:08.656+0000] {logging_mixin.py:190} INFO - [2024-12-30T06:41:08.656+0000] {dag.py:3239} INFO - Sync 1 DAGs
[2024-12-30T06:41:08.674+0000] {logging_mixin.py:190} INFO - [2024-12-30T06:41:08.674+0000] {dag.py:4180} INFO - Setting next_dagrun for example_branch_dop_operator_v3 to 2024-12-30 06:40:00+00:00, run_after=2024-12-30 06:41:00+00:00
[2024-12-30T06:41:08.686+0000] {processor.py:208} INFO - Processing /home/airflow/.local/lib/python3.12/site-packages/airflow/example_dags/example_branch_python_dop_operator_3.py took 0.057 seconds
[2024-12-30T06:41:39.533+0000] {processor.py:186} INFO - Started process (PID=222) to work on /home/airflow/.local/lib/python3.12/site-packages/airflow/example_dags/example_branch_python_dop_operator_3.py
[2024-12-30T06:41:39.533+0000] {processor.py:914} INFO - Processing file /home/airflow/.local/lib/python3.12/site-packages/airflow/example_dags/example_branch_python_dop_operator_3.py for tasks to queue
[2024-12-30T06:41:39.535+0000] {logging_mixin.py:190} INFO - [2024-12-30T06:41:39.535+0000] {dagbag.py:588} INFO - Filling up the DagBag from /home/airflow/.local/lib/python3.12/site-packages/airflow/example_dags/example_branch_python_dop_operator_3.py
[2024-12-30T06:41:39.542+0000] {processor.py:925} INFO - DAG(s) 'example_branch_dop_operator_v3' retrieved from /home/airflow/.local/lib/python3.12/site-packages/airflow/example_dags/example_branch_python_dop_operator_3.py
[2024-12-30T06:41:39.553+0000] {logging_mixin.py:190} INFO - [2024-12-30T06:41:39.553+0000] {dag.py:3239} INFO - Sync 1 DAGs
[2024-12-30T06:41:39.568+0000] {logging_mixin.py:190} INFO - [2024-12-30T06:41:39.568+0000] {dag.py:4180} INFO - Setting next_dagrun for example_branch_dop_operator_v3 to 2024-12-30 06:40:00+00:00, run_after=2024-12-30 06:41:00+00:00
[2024-12-30T06:41:39.579+0000] {processor.py:208} INFO - Processing /home/airflow/.local/lib/python3.12/site-packages/airflow/example_dags/example_branch_python_dop_operator_3.py took 0.051 seconds
[2024-12-30T06:56:39.330+0000] {processor.py:186} INFO - Started process (PID=94) to work on /home/airflow/.local/lib/python3.12/site-packages/airflow/example_dags/example_branch_python_dop_operator_3.py
[2024-12-30T06:56:39.335+0000] {processor.py:914} INFO - Processing file /home/airflow/.local/lib/python3.12/site-packages/airflow/example_dags/example_branch_python_dop_operator_3.py for tasks to queue
[2024-12-30T06:56:39.336+0000] {logging_mixin.py:190} INFO - [2024-12-30T06:56:39.336+0000] {dagbag.py:588} INFO - Filling up the DagBag from /home/airflow/.local/lib/python3.12/site-packages/airflow/example_dags/example_branch_python_dop_operator_3.py
[2024-12-30T06:56:39.353+0000] {processor.py:925} INFO - DAG(s) 'example_branch_dop_operator_v3' retrieved from /home/airflow/.local/lib/python3.12/site-packages/airflow/example_dags/example_branch_python_dop_operator_3.py
[2024-12-30T06:56:39.473+0000] {logging_mixin.py:190} INFO - [2024-12-30T06:56:39.473+0000] {dag.py:3239} INFO - Sync 1 DAGs
[2024-12-30T06:56:39.490+0000] {logging_mixin.py:190} INFO - [2024-12-30T06:56:39.490+0000] {dag.py:4180} INFO - Setting next_dagrun for example_branch_dop_operator_v3 to 2024-12-30 06:55:00+00:00, run_after=2024-12-30 06:56:00+00:00
[2024-12-30T06:56:39.503+0000] {processor.py:208} INFO - Processing /home/airflow/.local/lib/python3.12/site-packages/airflow/example_dags/example_branch_python_dop_operator_3.py took 0.180 seconds
[2024-12-30T06:57:09.934+0000] {processor.py:186} INFO - Started process (PID=156) to work on /home/airflow/.local/lib/python3.12/site-packages/airflow/example_dags/example_branch_python_dop_operator_3.py
[2024-12-30T06:57:09.937+0000] {processor.py:914} INFO - Processing file /home/airflow/.local/lib/python3.12/site-packages/airflow/example_dags/example_branch_python_dop_operator_3.py for tasks to queue
[2024-12-30T06:57:09.940+0000] {logging_mixin.py:190} INFO - [2024-12-30T06:57:09.940+0000] {dagbag.py:588} INFO - Filling up the DagBag from /home/airflow/.local/lib/python3.12/site-packages/airflow/example_dags/example_branch_python_dop_operator_3.py
[2024-12-30T06:57:09.950+0000] {processor.py:925} INFO - DAG(s) 'example_branch_dop_operator_v3' retrieved from /home/airflow/.local/lib/python3.12/site-packages/airflow/example_dags/example_branch_python_dop_operator_3.py
[2024-12-30T06:57:09.968+0000] {logging_mixin.py:190} INFO - [2024-12-30T06:57:09.968+0000] {dag.py:3239} INFO - Sync 1 DAGs
[2024-12-30T06:57:09.987+0000] {logging_mixin.py:190} INFO - [2024-12-30T06:57:09.987+0000] {dag.py:4180} INFO - Setting next_dagrun for example_branch_dop_operator_v3 to 2024-12-30 06:56:00+00:00, run_after=2024-12-30 06:57:00+00:00
[2024-12-30T06:57:10.002+0000] {processor.py:208} INFO - Processing /home/airflow/.local/lib/python3.12/site-packages/airflow/example_dags/example_branch_python_dop_operator_3.py took 0.073 seconds
