[2024-12-30T05:46:01.970+0000] {processor.py:186} INFO - Started process (PID=115) to work on /home/airflow/.local/lib/python3.12/site-packages/airflow/example_dags/example_complex.py
[2024-12-30T05:46:01.971+0000] {processor.py:914} INFO - Processing file /home/airflow/.local/lib/python3.12/site-packages/airflow/example_dags/example_complex.py for tasks to queue
[2024-12-30T05:46:01.973+0000] {logging_mixin.py:190} INFO - [2024-12-30T05:46:01.973+0000] {dagbag.py:588} INFO - Filling up the DagBag from /home/airflow/.local/lib/python3.12/site-packages/airflow/example_dags/example_complex.py
[2024-12-30T05:46:01.984+0000] {processor.py:925} INFO - DAG(s) 'example_complex' retrieved from /home/airflow/.local/lib/python3.12/site-packages/airflow/example_dags/example_complex.py
[2024-12-30T05:46:02.063+0000] {logging_mixin.py:190} INFO - [2024-12-30T05:46:02.062+0000] {override.py:1911} INFO - Created Permission View: can read on DAG:example_complex
[2024-12-30T05:46:02.070+0000] {logging_mixin.py:190} INFO - [2024-12-30T05:46:02.070+0000] {override.py:1911} INFO - Created Permission View: can delete on DAG:example_complex
[2024-12-30T05:46:02.076+0000] {logging_mixin.py:190} INFO - [2024-12-30T05:46:02.076+0000] {override.py:1911} INFO - Created Permission View: can edit on DAG:example_complex
[2024-12-30T05:46:02.083+0000] {logging_mixin.py:190} INFO - [2024-12-30T05:46:02.083+0000] {override.py:1911} INFO - Created Permission View: can read on DAG Run:example_complex
[2024-12-30T05:46:02.088+0000] {logging_mixin.py:190} INFO - [2024-12-30T05:46:02.088+0000] {override.py:1911} INFO - Created Permission View: can create on DAG Run:example_complex
[2024-12-30T05:46:02.093+0000] {logging_mixin.py:190} INFO - [2024-12-30T05:46:02.093+0000] {override.py:1911} INFO - Created Permission View: can delete on DAG Run:example_complex
[2024-12-30T05:46:02.098+0000] {logging_mixin.py:190} INFO - [2024-12-30T05:46:02.098+0000] {override.py:1911} INFO - Created Permission View: menu access on DAG Run:example_complex
[2024-12-30T05:46:02.099+0000] {logging_mixin.py:190} INFO - [2024-12-30T05:46:02.099+0000] {dag.py:3239} INFO - Sync 1 DAGs
[2024-12-30T05:46:02.108+0000] {logging_mixin.py:190} INFO - [2024-12-30T05:46:02.108+0000] {dag.py:3262} INFO - Creating ORM DAG for example_complex
[2024-12-30T05:46:02.109+0000] {logging_mixin.py:190} INFO - [2024-12-30T05:46:02.109+0000] {dag.py:4180} INFO - Setting next_dagrun for example_complex to None, run_after=None
[2024-12-30T05:46:02.120+0000] {processor.py:208} INFO - Processing /home/airflow/.local/lib/python3.12/site-packages/airflow/example_dags/example_complex.py took 0.155 seconds
[2024-12-30T05:49:56.969+0000] {processor.py:186} INFO - Started process (PID=204) to work on /home/airflow/.local/lib/python3.12/site-packages/airflow/example_dags/example_complex.py
[2024-12-30T05:49:57.016+0000] {processor.py:914} INFO - Processing file /home/airflow/.local/lib/python3.12/site-packages/airflow/example_dags/example_complex.py for tasks to queue
[2024-12-30T05:49:57.018+0000] {logging_mixin.py:190} INFO - [2024-12-30T05:49:57.018+0000] {dagbag.py:588} INFO - Filling up the DagBag from /home/airflow/.local/lib/python3.12/site-packages/airflow/example_dags/example_complex.py
[2024-12-30T05:49:57.033+0000] {processor.py:925} INFO - DAG(s) 'example_complex' retrieved from /home/airflow/.local/lib/python3.12/site-packages/airflow/example_dags/example_complex.py
[2024-12-30T05:49:57.056+0000] {logging_mixin.py:190} INFO - [2024-12-30T05:49:57.056+0000] {dag.py:3239} INFO - Sync 1 DAGs
[2024-12-30T05:49:57.067+0000] {logging_mixin.py:190} INFO - [2024-12-30T05:49:57.067+0000] {dag.py:4180} INFO - Setting next_dagrun for example_complex to None, run_after=None
[2024-12-30T05:49:57.104+0000] {processor.py:208} INFO - Processing /home/airflow/.local/lib/python3.12/site-packages/airflow/example_dags/example_complex.py took 0.139 seconds
[2024-12-30T05:51:50.619+0000] {processor.py:186} INFO - Started process (PID=275) to work on /home/airflow/.local/lib/python3.12/site-packages/airflow/example_dags/example_complex.py
[2024-12-30T05:51:50.620+0000] {processor.py:914} INFO - Processing file /home/airflow/.local/lib/python3.12/site-packages/airflow/example_dags/example_complex.py for tasks to queue
[2024-12-30T05:51:50.621+0000] {logging_mixin.py:190} INFO - [2024-12-30T05:51:50.621+0000] {dagbag.py:588} INFO - Filling up the DagBag from /home/airflow/.local/lib/python3.12/site-packages/airflow/example_dags/example_complex.py
[2024-12-30T05:51:50.681+0000] {processor.py:925} INFO - DAG(s) 'example_complex' retrieved from /home/airflow/.local/lib/python3.12/site-packages/airflow/example_dags/example_complex.py
[2024-12-30T05:51:51.005+0000] {logging_mixin.py:190} INFO - [2024-12-30T05:51:51.005+0000] {dag.py:3239} INFO - Sync 1 DAGs
[2024-12-30T05:51:51.017+0000] {logging_mixin.py:190} INFO - [2024-12-30T05:51:51.016+0000] {dag.py:4180} INFO - Setting next_dagrun for example_complex to None, run_after=None
[2024-12-30T05:51:51.085+0000] {processor.py:208} INFO - Processing /home/airflow/.local/lib/python3.12/site-packages/airflow/example_dags/example_complex.py took 0.470 seconds
[2024-12-30T05:52:21.360+0000] {processor.py:186} INFO - Started process (PID=338) to work on /home/airflow/.local/lib/python3.12/site-packages/airflow/example_dags/example_complex.py
[2024-12-30T05:52:21.361+0000] {processor.py:914} INFO - Processing file /home/airflow/.local/lib/python3.12/site-packages/airflow/example_dags/example_complex.py for tasks to queue
[2024-12-30T05:52:21.361+0000] {logging_mixin.py:190} INFO - [2024-12-30T05:52:21.361+0000] {dagbag.py:588} INFO - Filling up the DagBag from /home/airflow/.local/lib/python3.12/site-packages/airflow/example_dags/example_complex.py
[2024-12-30T05:52:21.437+0000] {processor.py:925} INFO - DAG(s) 'example_complex' retrieved from /home/airflow/.local/lib/python3.12/site-packages/airflow/example_dags/example_complex.py
[2024-12-30T05:52:21.458+0000] {logging_mixin.py:190} INFO - [2024-12-30T05:52:21.458+0000] {dag.py:3239} INFO - Sync 1 DAGs
[2024-12-30T05:52:21.468+0000] {logging_mixin.py:190} INFO - [2024-12-30T05:52:21.468+0000] {dag.py:4180} INFO - Setting next_dagrun for example_complex to None, run_after=None
[2024-12-30T05:52:21.482+0000] {processor.py:208} INFO - Processing /home/airflow/.local/lib/python3.12/site-packages/airflow/example_dags/example_complex.py took 0.127 seconds
[2024-12-30T05:52:51.814+0000] {processor.py:186} INFO - Started process (PID=401) to work on /home/airflow/.local/lib/python3.12/site-packages/airflow/example_dags/example_complex.py
[2024-12-30T05:52:51.815+0000] {processor.py:914} INFO - Processing file /home/airflow/.local/lib/python3.12/site-packages/airflow/example_dags/example_complex.py for tasks to queue
[2024-12-30T05:52:51.815+0000] {logging_mixin.py:190} INFO - [2024-12-30T05:52:51.815+0000] {dagbag.py:588} INFO - Filling up the DagBag from /home/airflow/.local/lib/python3.12/site-packages/airflow/example_dags/example_complex.py
[2024-12-30T05:52:51.826+0000] {processor.py:925} INFO - DAG(s) 'example_complex' retrieved from /home/airflow/.local/lib/python3.12/site-packages/airflow/example_dags/example_complex.py
[2024-12-30T05:52:51.847+0000] {logging_mixin.py:190} INFO - [2024-12-30T05:52:51.846+0000] {dag.py:3239} INFO - Sync 1 DAGs
[2024-12-30T05:52:51.860+0000] {logging_mixin.py:190} INFO - [2024-12-30T05:52:51.860+0000] {dag.py:4180} INFO - Setting next_dagrun for example_complex to None, run_after=None
[2024-12-30T05:52:51.874+0000] {processor.py:208} INFO - Processing /home/airflow/.local/lib/python3.12/site-packages/airflow/example_dags/example_complex.py took 0.064 seconds
[2024-12-30T05:53:23.430+0000] {processor.py:186} INFO - Started process (PID=464) to work on /home/airflow/.local/lib/python3.12/site-packages/airflow/example_dags/example_complex.py
[2024-12-30T05:53:23.431+0000] {processor.py:914} INFO - Processing file /home/airflow/.local/lib/python3.12/site-packages/airflow/example_dags/example_complex.py for tasks to queue
[2024-12-30T05:53:23.432+0000] {logging_mixin.py:190} INFO - [2024-12-30T05:53:23.431+0000] {dagbag.py:588} INFO - Filling up the DagBag from /home/airflow/.local/lib/python3.12/site-packages/airflow/example_dags/example_complex.py
[2024-12-30T05:53:23.442+0000] {processor.py:925} INFO - DAG(s) 'example_complex' retrieved from /home/airflow/.local/lib/python3.12/site-packages/airflow/example_dags/example_complex.py
[2024-12-30T05:53:23.463+0000] {logging_mixin.py:190} INFO - [2024-12-30T05:53:23.463+0000] {dag.py:3239} INFO - Sync 1 DAGs
[2024-12-30T05:53:23.475+0000] {logging_mixin.py:190} INFO - [2024-12-30T05:53:23.475+0000] {dag.py:4180} INFO - Setting next_dagrun for example_complex to None, run_after=None
[2024-12-30T05:53:23.488+0000] {processor.py:208} INFO - Processing /home/airflow/.local/lib/python3.12/site-packages/airflow/example_dags/example_complex.py took 0.063 seconds
[2024-12-30T06:07:31.003+0000] {processor.py:186} INFO - Started process (PID=561) to work on /home/airflow/.local/lib/python3.12/site-packages/airflow/example_dags/example_complex.py
[2024-12-30T06:07:31.005+0000] {processor.py:914} INFO - Processing file /home/airflow/.local/lib/python3.12/site-packages/airflow/example_dags/example_complex.py for tasks to queue
[2024-12-30T06:07:31.006+0000] {logging_mixin.py:190} INFO - [2024-12-30T06:07:31.006+0000] {dagbag.py:588} INFO - Filling up the DagBag from /home/airflow/.local/lib/python3.12/site-packages/airflow/example_dags/example_complex.py
[2024-12-30T06:07:31.079+0000] {processor.py:925} INFO - DAG(s) 'example_complex' retrieved from /home/airflow/.local/lib/python3.12/site-packages/airflow/example_dags/example_complex.py
[2024-12-30T06:07:31.102+0000] {logging_mixin.py:190} INFO - [2024-12-30T06:07:31.102+0000] {dag.py:3239} INFO - Sync 1 DAGs
[2024-12-30T06:07:31.112+0000] {logging_mixin.py:190} INFO - [2024-12-30T06:07:31.112+0000] {dag.py:4180} INFO - Setting next_dagrun for example_complex to None, run_after=None
[2024-12-30T06:07:31.124+0000] {processor.py:208} INFO - Processing /home/airflow/.local/lib/python3.12/site-packages/airflow/example_dags/example_complex.py took 0.125 seconds
[2024-12-30T06:40:43.181+0000] {processor.py:186} INFO - Started process (PID=116) to work on /home/airflow/.local/lib/python3.12/site-packages/airflow/example_dags/example_complex.py
[2024-12-30T06:40:43.182+0000] {processor.py:914} INFO - Processing file /home/airflow/.local/lib/python3.12/site-packages/airflow/example_dags/example_complex.py for tasks to queue
[2024-12-30T06:40:43.184+0000] {logging_mixin.py:190} INFO - [2024-12-30T06:40:43.183+0000] {dagbag.py:588} INFO - Filling up the DagBag from /home/airflow/.local/lib/python3.12/site-packages/airflow/example_dags/example_complex.py
[2024-12-30T06:40:43.194+0000] {processor.py:925} INFO - DAG(s) 'example_complex' retrieved from /home/airflow/.local/lib/python3.12/site-packages/airflow/example_dags/example_complex.py
[2024-12-30T06:40:43.278+0000] {logging_mixin.py:190} INFO - [2024-12-30T06:40:43.277+0000] {override.py:1911} INFO - Created Permission View: can delete on DAG:example_complex
[2024-12-30T06:40:43.285+0000] {logging_mixin.py:190} INFO - [2024-12-30T06:40:43.285+0000] {override.py:1911} INFO - Created Permission View: can edit on DAG:example_complex
[2024-12-30T06:40:43.291+0000] {logging_mixin.py:190} INFO - [2024-12-30T06:40:43.291+0000] {override.py:1911} INFO - Created Permission View: can read on DAG:example_complex
[2024-12-30T06:40:43.297+0000] {logging_mixin.py:190} INFO - [2024-12-30T06:40:43.297+0000] {override.py:1911} INFO - Created Permission View: can delete on DAG Run:example_complex
[2024-12-30T06:40:43.303+0000] {logging_mixin.py:190} INFO - [2024-12-30T06:40:43.303+0000] {override.py:1911} INFO - Created Permission View: can create on DAG Run:example_complex
[2024-12-30T06:40:43.308+0000] {logging_mixin.py:190} INFO - [2024-12-30T06:40:43.308+0000] {override.py:1911} INFO - Created Permission View: menu access on DAG Run:example_complex
[2024-12-30T06:40:43.318+0000] {logging_mixin.py:190} INFO - [2024-12-30T06:40:43.318+0000] {override.py:1911} INFO - Created Permission View: can read on DAG Run:example_complex
[2024-12-30T06:40:43.318+0000] {logging_mixin.py:190} INFO - [2024-12-30T06:40:43.318+0000] {dag.py:3239} INFO - Sync 1 DAGs
[2024-12-30T06:40:43.329+0000] {logging_mixin.py:190} INFO - [2024-12-30T06:40:43.329+0000] {dag.py:3262} INFO - Creating ORM DAG for example_complex
[2024-12-30T06:40:43.330+0000] {logging_mixin.py:190} INFO - [2024-12-30T06:40:43.330+0000] {dag.py:4180} INFO - Setting next_dagrun for example_complex to None, run_after=None
[2024-12-30T06:40:43.343+0000] {processor.py:208} INFO - Processing /home/airflow/.local/lib/python3.12/site-packages/airflow/example_dags/example_complex.py took 0.167 seconds
[2024-12-30T06:41:13.392+0000] {processor.py:186} INFO - Started process (PID=179) to work on /home/airflow/.local/lib/python3.12/site-packages/airflow/example_dags/example_complex.py
[2024-12-30T06:41:13.393+0000] {processor.py:914} INFO - Processing file /home/airflow/.local/lib/python3.12/site-packages/airflow/example_dags/example_complex.py for tasks to queue
[2024-12-30T06:41:13.395+0000] {logging_mixin.py:190} INFO - [2024-12-30T06:41:13.394+0000] {dagbag.py:588} INFO - Filling up the DagBag from /home/airflow/.local/lib/python3.12/site-packages/airflow/example_dags/example_complex.py
[2024-12-30T06:41:13.402+0000] {processor.py:925} INFO - DAG(s) 'example_complex' retrieved from /home/airflow/.local/lib/python3.12/site-packages/airflow/example_dags/example_complex.py
[2024-12-30T06:41:13.421+0000] {logging_mixin.py:190} INFO - [2024-12-30T06:41:13.421+0000] {dag.py:3239} INFO - Sync 1 DAGs
[2024-12-30T06:41:13.431+0000] {logging_mixin.py:190} INFO - [2024-12-30T06:41:13.431+0000] {dag.py:4180} INFO - Setting next_dagrun for example_complex to None, run_after=None
[2024-12-30T06:41:13.441+0000] {processor.py:208} INFO - Processing /home/airflow/.local/lib/python3.12/site-packages/airflow/example_dags/example_complex.py took 0.053 seconds
[2024-12-30T06:41:43.632+0000] {processor.py:186} INFO - Started process (PID=242) to work on /home/airflow/.local/lib/python3.12/site-packages/airflow/example_dags/example_complex.py
[2024-12-30T06:41:43.633+0000] {processor.py:914} INFO - Processing file /home/airflow/.local/lib/python3.12/site-packages/airflow/example_dags/example_complex.py for tasks to queue
[2024-12-30T06:41:43.635+0000] {logging_mixin.py:190} INFO - [2024-12-30T06:41:43.634+0000] {dagbag.py:588} INFO - Filling up the DagBag from /home/airflow/.local/lib/python3.12/site-packages/airflow/example_dags/example_complex.py
[2024-12-30T06:41:43.642+0000] {processor.py:925} INFO - DAG(s) 'example_complex' retrieved from /home/airflow/.local/lib/python3.12/site-packages/airflow/example_dags/example_complex.py
[2024-12-30T06:41:43.660+0000] {logging_mixin.py:190} INFO - [2024-12-30T06:41:43.660+0000] {dag.py:3239} INFO - Sync 1 DAGs
[2024-12-30T06:41:43.669+0000] {logging_mixin.py:190} INFO - [2024-12-30T06:41:43.669+0000] {dag.py:4180} INFO - Setting next_dagrun for example_complex to None, run_after=None
[2024-12-30T06:41:43.680+0000] {processor.py:208} INFO - Processing /home/airflow/.local/lib/python3.12/site-packages/airflow/example_dags/example_complex.py took 0.052 seconds
[2024-12-30T06:56:42.622+0000] {processor.py:186} INFO - Started process (PID=113) to work on /home/airflow/.local/lib/python3.12/site-packages/airflow/example_dags/example_complex.py
[2024-12-30T06:56:42.623+0000] {processor.py:914} INFO - Processing file /home/airflow/.local/lib/python3.12/site-packages/airflow/example_dags/example_complex.py for tasks to queue
[2024-12-30T06:56:42.625+0000] {logging_mixin.py:190} INFO - [2024-12-30T06:56:42.624+0000] {dagbag.py:588} INFO - Filling up the DagBag from /home/airflow/.local/lib/python3.12/site-packages/airflow/example_dags/example_complex.py
[2024-12-30T06:56:42.633+0000] {processor.py:925} INFO - DAG(s) 'example_complex' retrieved from /home/airflow/.local/lib/python3.12/site-packages/airflow/example_dags/example_complex.py
[2024-12-30T06:56:42.657+0000] {logging_mixin.py:190} INFO - [2024-12-30T06:56:42.657+0000] {dag.py:3239} INFO - Sync 1 DAGs
[2024-12-30T06:56:42.666+0000] {logging_mixin.py:190} INFO - [2024-12-30T06:56:42.666+0000] {dag.py:4180} INFO - Setting next_dagrun for example_complex to None, run_after=None
[2024-12-30T06:56:42.679+0000] {processor.py:208} INFO - Processing /home/airflow/.local/lib/python3.12/site-packages/airflow/example_dags/example_complex.py took 0.061 seconds
