[2024-12-30T05:46:00.517+0000] {processor.py:186} INFO - Started process (PID=107) to work on /home/airflow/.local/lib/python3.12/site-packages/airflow/example_dags/example_short_circuit_operator.py
[2024-12-30T05:46:00.518+0000] {processor.py:914} INFO - Processing file /home/airflow/.local/lib/python3.12/site-packages/airflow/example_dags/example_short_circuit_operator.py for tasks to queue
[2024-12-30T05:46:00.520+0000] {logging_mixin.py:190} INFO - [2024-12-30T05:46:00.520+0000] {dagbag.py:588} INFO - Filling up the DagBag from /home/airflow/.local/lib/python3.12/site-packages/airflow/example_dags/example_short_circuit_operator.py
[2024-12-30T05:46:00.537+0000] {processor.py:925} INFO - DAG(s) 'example_short_circuit_operator' retrieved from /home/airflow/.local/lib/python3.12/site-packages/airflow/example_dags/example_short_circuit_operator.py
[2024-12-30T05:46:00.701+0000] {logging_mixin.py:190} INFO - [2024-12-30T05:46:00.700+0000] {override.py:1911} INFO - Created Permission View: can read on DAG:example_short_circuit_operator
[2024-12-30T05:46:00.725+0000] {logging_mixin.py:190} INFO - [2024-12-30T05:46:00.725+0000] {override.py:1911} INFO - Created Permission View: can delete on DAG:example_short_circuit_operator
[2024-12-30T05:46:00.747+0000] {logging_mixin.py:190} INFO - [2024-12-30T05:46:00.747+0000] {override.py:1911} INFO - Created Permission View: can edit on DAG:example_short_circuit_operator
[2024-12-30T05:46:00.779+0000] {logging_mixin.py:190} INFO - [2024-12-30T05:46:00.779+0000] {override.py:1911} INFO - Created Permission View: can read on DAG Run:example_short_circuit_operator
[2024-12-30T05:46:00.795+0000] {logging_mixin.py:190} INFO - [2024-12-30T05:46:00.795+0000] {override.py:1911} INFO - Created Permission View: can create on DAG Run:example_short_circuit_operator
[2024-12-30T05:46:00.806+0000] {logging_mixin.py:190} INFO - [2024-12-30T05:46:00.806+0000] {override.py:1911} INFO - Created Permission View: can delete on DAG Run:example_short_circuit_operator
[2024-12-30T05:46:00.822+0000] {logging_mixin.py:190} INFO - [2024-12-30T05:46:00.821+0000] {override.py:1911} INFO - Created Permission View: menu access on DAG Run:example_short_circuit_operator
[2024-12-30T05:46:00.822+0000] {logging_mixin.py:190} INFO - [2024-12-30T05:46:00.822+0000] {dag.py:3239} INFO - Sync 1 DAGs
[2024-12-30T05:46:00.832+0000] {logging_mixin.py:190} INFO - [2024-12-30T05:46:00.832+0000] {dag.py:3262} INFO - Creating ORM DAG for example_short_circuit_operator
[2024-12-30T05:46:00.833+0000] {logging_mixin.py:190} INFO - [2024-12-30T05:46:00.833+0000] {dag.py:4180} INFO - Setting next_dagrun for example_short_circuit_operator to None, run_after=None
[2024-12-30T05:46:00.862+0000] {processor.py:208} INFO - Processing /home/airflow/.local/lib/python3.12/site-packages/airflow/example_dags/example_short_circuit_operator.py took 0.351 seconds
[2024-12-30T05:49:55.487+0000] {processor.py:186} INFO - Started process (PID=196) to work on /home/airflow/.local/lib/python3.12/site-packages/airflow/example_dags/example_short_circuit_operator.py
[2024-12-30T05:49:55.536+0000] {processor.py:914} INFO - Processing file /home/airflow/.local/lib/python3.12/site-packages/airflow/example_dags/example_short_circuit_operator.py for tasks to queue
[2024-12-30T05:49:55.541+0000] {logging_mixin.py:190} INFO - [2024-12-30T05:49:55.540+0000] {dagbag.py:588} INFO - Filling up the DagBag from /home/airflow/.local/lib/python3.12/site-packages/airflow/example_dags/example_short_circuit_operator.py
[2024-12-30T05:49:55.549+0000] {processor.py:925} INFO - DAG(s) 'example_short_circuit_operator' retrieved from /home/airflow/.local/lib/python3.12/site-packages/airflow/example_dags/example_short_circuit_operator.py
[2024-12-30T05:49:55.567+0000] {logging_mixin.py:190} INFO - [2024-12-30T05:49:55.567+0000] {dag.py:3239} INFO - Sync 1 DAGs
[2024-12-30T05:49:55.578+0000] {logging_mixin.py:190} INFO - [2024-12-30T05:49:55.578+0000] {dag.py:4180} INFO - Setting next_dagrun for example_short_circuit_operator to None, run_after=None
[2024-12-30T05:49:55.626+0000] {processor.py:208} INFO - Processing /home/airflow/.local/lib/python3.12/site-packages/airflow/example_dags/example_short_circuit_operator.py took 0.145 seconds
[2024-12-30T05:51:49.534+0000] {processor.py:186} INFO - Started process (PID=267) to work on /home/airflow/.local/lib/python3.12/site-packages/airflow/example_dags/example_short_circuit_operator.py
[2024-12-30T05:51:49.534+0000] {processor.py:914} INFO - Processing file /home/airflow/.local/lib/python3.12/site-packages/airflow/example_dags/example_short_circuit_operator.py for tasks to queue
[2024-12-30T05:51:49.535+0000] {logging_mixin.py:190} INFO - [2024-12-30T05:51:49.535+0000] {dagbag.py:588} INFO - Filling up the DagBag from /home/airflow/.local/lib/python3.12/site-packages/airflow/example_dags/example_short_circuit_operator.py
[2024-12-30T05:51:49.602+0000] {processor.py:925} INFO - DAG(s) 'example_short_circuit_operator' retrieved from /home/airflow/.local/lib/python3.12/site-packages/airflow/example_dags/example_short_circuit_operator.py
[2024-12-30T05:51:49.622+0000] {logging_mixin.py:190} INFO - [2024-12-30T05:51:49.622+0000] {dag.py:3239} INFO - Sync 1 DAGs
[2024-12-30T05:51:49.634+0000] {logging_mixin.py:190} INFO - [2024-12-30T05:51:49.633+0000] {dag.py:4180} INFO - Setting next_dagrun for example_short_circuit_operator to None, run_after=None
[2024-12-30T05:51:49.674+0000] {processor.py:208} INFO - Processing /home/airflow/.local/lib/python3.12/site-packages/airflow/example_dags/example_short_circuit_operator.py took 0.145 seconds
[2024-12-30T05:52:20.524+0000] {processor.py:186} INFO - Started process (PID=330) to work on /home/airflow/.local/lib/python3.12/site-packages/airflow/example_dags/example_short_circuit_operator.py
[2024-12-30T05:52:20.525+0000] {processor.py:914} INFO - Processing file /home/airflow/.local/lib/python3.12/site-packages/airflow/example_dags/example_short_circuit_operator.py for tasks to queue
[2024-12-30T05:52:20.526+0000] {logging_mixin.py:190} INFO - [2024-12-30T05:52:20.526+0000] {dagbag.py:588} INFO - Filling up the DagBag from /home/airflow/.local/lib/python3.12/site-packages/airflow/example_dags/example_short_circuit_operator.py
[2024-12-30T05:52:20.533+0000] {processor.py:925} INFO - DAG(s) 'example_short_circuit_operator' retrieved from /home/airflow/.local/lib/python3.12/site-packages/airflow/example_dags/example_short_circuit_operator.py
[2024-12-30T05:52:20.548+0000] {logging_mixin.py:190} INFO - [2024-12-30T05:52:20.548+0000] {dag.py:3239} INFO - Sync 1 DAGs
[2024-12-30T05:52:20.559+0000] {logging_mixin.py:190} INFO - [2024-12-30T05:52:20.559+0000] {dag.py:4180} INFO - Setting next_dagrun for example_short_circuit_operator to None, run_after=None
[2024-12-30T05:52:20.571+0000] {processor.py:208} INFO - Processing /home/airflow/.local/lib/python3.12/site-packages/airflow/example_dags/example_short_circuit_operator.py took 0.051 seconds
[2024-12-30T05:52:51.463+0000] {processor.py:186} INFO - Started process (PID=393) to work on /home/airflow/.local/lib/python3.12/site-packages/airflow/example_dags/example_short_circuit_operator.py
[2024-12-30T05:52:51.464+0000] {processor.py:914} INFO - Processing file /home/airflow/.local/lib/python3.12/site-packages/airflow/example_dags/example_short_circuit_operator.py for tasks to queue
[2024-12-30T05:52:51.465+0000] {logging_mixin.py:190} INFO - [2024-12-30T05:52:51.465+0000] {dagbag.py:588} INFO - Filling up the DagBag from /home/airflow/.local/lib/python3.12/site-packages/airflow/example_dags/example_short_circuit_operator.py
[2024-12-30T05:52:51.475+0000] {processor.py:925} INFO - DAG(s) 'example_short_circuit_operator' retrieved from /home/airflow/.local/lib/python3.12/site-packages/airflow/example_dags/example_short_circuit_operator.py
[2024-12-30T05:52:51.494+0000] {logging_mixin.py:190} INFO - [2024-12-30T05:52:51.494+0000] {dag.py:3239} INFO - Sync 1 DAGs
[2024-12-30T05:52:51.508+0000] {logging_mixin.py:190} INFO - [2024-12-30T05:52:51.507+0000] {dag.py:4180} INFO - Setting next_dagrun for example_short_circuit_operator to None, run_after=None
[2024-12-30T05:52:51.525+0000] {processor.py:208} INFO - Processing /home/airflow/.local/lib/python3.12/site-packages/airflow/example_dags/example_short_circuit_operator.py took 0.067 seconds
[2024-12-30T05:53:23.077+0000] {processor.py:186} INFO - Started process (PID=456) to work on /home/airflow/.local/lib/python3.12/site-packages/airflow/example_dags/example_short_circuit_operator.py
[2024-12-30T05:53:23.078+0000] {processor.py:914} INFO - Processing file /home/airflow/.local/lib/python3.12/site-packages/airflow/example_dags/example_short_circuit_operator.py for tasks to queue
[2024-12-30T05:53:23.079+0000] {logging_mixin.py:190} INFO - [2024-12-30T05:53:23.079+0000] {dagbag.py:588} INFO - Filling up the DagBag from /home/airflow/.local/lib/python3.12/site-packages/airflow/example_dags/example_short_circuit_operator.py
[2024-12-30T05:53:23.088+0000] {processor.py:925} INFO - DAG(s) 'example_short_circuit_operator' retrieved from /home/airflow/.local/lib/python3.12/site-packages/airflow/example_dags/example_short_circuit_operator.py
[2024-12-30T05:53:23.104+0000] {logging_mixin.py:190} INFO - [2024-12-30T05:53:23.104+0000] {dag.py:3239} INFO - Sync 1 DAGs
[2024-12-30T05:53:23.114+0000] {logging_mixin.py:190} INFO - [2024-12-30T05:53:23.114+0000] {dag.py:4180} INFO - Setting next_dagrun for example_short_circuit_operator to None, run_after=None
[2024-12-30T05:53:23.127+0000] {processor.py:208} INFO - Processing /home/airflow/.local/lib/python3.12/site-packages/airflow/example_dags/example_short_circuit_operator.py took 0.053 seconds
[2024-12-30T06:07:30.052+0000] {processor.py:186} INFO - Started process (PID=553) to work on /home/airflow/.local/lib/python3.12/site-packages/airflow/example_dags/example_short_circuit_operator.py
[2024-12-30T06:07:30.056+0000] {processor.py:914} INFO - Processing file /home/airflow/.local/lib/python3.12/site-packages/airflow/example_dags/example_short_circuit_operator.py for tasks to queue
[2024-12-30T06:07:30.057+0000] {logging_mixin.py:190} INFO - [2024-12-30T06:07:30.057+0000] {dagbag.py:588} INFO - Filling up the DagBag from /home/airflow/.local/lib/python3.12/site-packages/airflow/example_dags/example_short_circuit_operator.py
[2024-12-30T06:07:30.073+0000] {processor.py:925} INFO - DAG(s) 'example_short_circuit_operator' retrieved from /home/airflow/.local/lib/python3.12/site-packages/airflow/example_dags/example_short_circuit_operator.py
[2024-12-30T06:07:30.089+0000] {logging_mixin.py:190} INFO - [2024-12-30T06:07:30.089+0000] {dag.py:3239} INFO - Sync 1 DAGs
[2024-12-30T06:07:30.099+0000] {logging_mixin.py:190} INFO - [2024-12-30T06:07:30.099+0000] {dag.py:4180} INFO - Setting next_dagrun for example_short_circuit_operator to None, run_after=None
[2024-12-30T06:07:30.191+0000] {processor.py:208} INFO - Processing /home/airflow/.local/lib/python3.12/site-packages/airflow/example_dags/example_short_circuit_operator.py took 0.143 seconds
[2024-12-30T06:40:42.235+0000] {processor.py:186} INFO - Started process (PID=108) to work on /home/airflow/.local/lib/python3.12/site-packages/airflow/example_dags/example_short_circuit_operator.py
[2024-12-30T06:40:42.236+0000] {processor.py:914} INFO - Processing file /home/airflow/.local/lib/python3.12/site-packages/airflow/example_dags/example_short_circuit_operator.py for tasks to queue
[2024-12-30T06:40:42.238+0000] {logging_mixin.py:190} INFO - [2024-12-30T06:40:42.237+0000] {dagbag.py:588} INFO - Filling up the DagBag from /home/airflow/.local/lib/python3.12/site-packages/airflow/example_dags/example_short_circuit_operator.py
[2024-12-30T06:40:42.245+0000] {processor.py:925} INFO - DAG(s) 'example_short_circuit_operator' retrieved from /home/airflow/.local/lib/python3.12/site-packages/airflow/example_dags/example_short_circuit_operator.py
[2024-12-30T06:40:42.326+0000] {logging_mixin.py:190} INFO - [2024-12-30T06:40:42.325+0000] {override.py:1911} INFO - Created Permission View: can delete on DAG:example_short_circuit_operator
[2024-12-30T06:40:42.334+0000] {logging_mixin.py:190} INFO - [2024-12-30T06:40:42.333+0000] {override.py:1911} INFO - Created Permission View: can edit on DAG:example_short_circuit_operator
[2024-12-30T06:40:42.340+0000] {logging_mixin.py:190} INFO - [2024-12-30T06:40:42.339+0000] {override.py:1911} INFO - Created Permission View: can read on DAG:example_short_circuit_operator
[2024-12-30T06:40:42.346+0000] {logging_mixin.py:190} INFO - [2024-12-30T06:40:42.346+0000] {override.py:1911} INFO - Created Permission View: can delete on DAG Run:example_short_circuit_operator
[2024-12-30T06:40:42.352+0000] {logging_mixin.py:190} INFO - [2024-12-30T06:40:42.352+0000] {override.py:1911} INFO - Created Permission View: can create on DAG Run:example_short_circuit_operator
[2024-12-30T06:40:42.359+0000] {logging_mixin.py:190} INFO - [2024-12-30T06:40:42.359+0000] {override.py:1911} INFO - Created Permission View: menu access on DAG Run:example_short_circuit_operator
[2024-12-30T06:40:42.364+0000] {logging_mixin.py:190} INFO - [2024-12-30T06:40:42.364+0000] {override.py:1911} INFO - Created Permission View: can read on DAG Run:example_short_circuit_operator
[2024-12-30T06:40:42.365+0000] {logging_mixin.py:190} INFO - [2024-12-30T06:40:42.364+0000] {dag.py:3239} INFO - Sync 1 DAGs
[2024-12-30T06:40:42.374+0000] {logging_mixin.py:190} INFO - [2024-12-30T06:40:42.374+0000] {dag.py:3262} INFO - Creating ORM DAG for example_short_circuit_operator
[2024-12-30T06:40:42.375+0000] {logging_mixin.py:190} INFO - [2024-12-30T06:40:42.375+0000] {dag.py:4180} INFO - Setting next_dagrun for example_short_circuit_operator to None, run_after=None
[2024-12-30T06:40:42.389+0000] {processor.py:208} INFO - Processing /home/airflow/.local/lib/python3.12/site-packages/airflow/example_dags/example_short_circuit_operator.py took 0.159 seconds
[2024-12-30T06:41:12.936+0000] {processor.py:186} INFO - Started process (PID=171) to work on /home/airflow/.local/lib/python3.12/site-packages/airflow/example_dags/example_short_circuit_operator.py
[2024-12-30T06:41:12.937+0000] {processor.py:914} INFO - Processing file /home/airflow/.local/lib/python3.12/site-packages/airflow/example_dags/example_short_circuit_operator.py for tasks to queue
[2024-12-30T06:41:12.939+0000] {logging_mixin.py:190} INFO - [2024-12-30T06:41:12.939+0000] {dagbag.py:588} INFO - Filling up the DagBag from /home/airflow/.local/lib/python3.12/site-packages/airflow/example_dags/example_short_circuit_operator.py
[2024-12-30T06:41:12.946+0000] {processor.py:925} INFO - DAG(s) 'example_short_circuit_operator' retrieved from /home/airflow/.local/lib/python3.12/site-packages/airflow/example_dags/example_short_circuit_operator.py
[2024-12-30T06:41:12.960+0000] {logging_mixin.py:190} INFO - [2024-12-30T06:41:12.959+0000] {dag.py:3239} INFO - Sync 1 DAGs
[2024-12-30T06:41:12.969+0000] {logging_mixin.py:190} INFO - [2024-12-30T06:41:12.968+0000] {dag.py:4180} INFO - Setting next_dagrun for example_short_circuit_operator to None, run_after=None
[2024-12-30T06:41:12.979+0000] {processor.py:208} INFO - Processing /home/airflow/.local/lib/python3.12/site-packages/airflow/example_dags/example_short_circuit_operator.py took 0.048 seconds
[2024-12-30T06:41:43.352+0000] {processor.py:186} INFO - Started process (PID=234) to work on /home/airflow/.local/lib/python3.12/site-packages/airflow/example_dags/example_short_circuit_operator.py
[2024-12-30T06:41:43.353+0000] {processor.py:914} INFO - Processing file /home/airflow/.local/lib/python3.12/site-packages/airflow/example_dags/example_short_circuit_operator.py for tasks to queue
[2024-12-30T06:41:43.355+0000] {logging_mixin.py:190} INFO - [2024-12-30T06:41:43.354+0000] {dagbag.py:588} INFO - Filling up the DagBag from /home/airflow/.local/lib/python3.12/site-packages/airflow/example_dags/example_short_circuit_operator.py
[2024-12-30T06:41:43.361+0000] {processor.py:925} INFO - DAG(s) 'example_short_circuit_operator' retrieved from /home/airflow/.local/lib/python3.12/site-packages/airflow/example_dags/example_short_circuit_operator.py
[2024-12-30T06:41:43.375+0000] {logging_mixin.py:190} INFO - [2024-12-30T06:41:43.375+0000] {dag.py:3239} INFO - Sync 1 DAGs
[2024-12-30T06:41:43.384+0000] {logging_mixin.py:190} INFO - [2024-12-30T06:41:43.384+0000] {dag.py:4180} INFO - Setting next_dagrun for example_short_circuit_operator to None, run_after=None
[2024-12-30T06:41:43.396+0000] {processor.py:208} INFO - Processing /home/airflow/.local/lib/python3.12/site-packages/airflow/example_dags/example_short_circuit_operator.py took 0.048 seconds
[2024-12-30T06:56:42.150+0000] {processor.py:186} INFO - Started process (PID=105) to work on /home/airflow/.local/lib/python3.12/site-packages/airflow/example_dags/example_short_circuit_operator.py
[2024-12-30T06:56:42.151+0000] {processor.py:914} INFO - Processing file /home/airflow/.local/lib/python3.12/site-packages/airflow/example_dags/example_short_circuit_operator.py for tasks to queue
[2024-12-30T06:56:42.153+0000] {logging_mixin.py:190} INFO - [2024-12-30T06:56:42.152+0000] {dagbag.py:588} INFO - Filling up the DagBag from /home/airflow/.local/lib/python3.12/site-packages/airflow/example_dags/example_short_circuit_operator.py
[2024-12-30T06:56:42.160+0000] {processor.py:925} INFO - DAG(s) 'example_short_circuit_operator' retrieved from /home/airflow/.local/lib/python3.12/site-packages/airflow/example_dags/example_short_circuit_operator.py
[2024-12-30T06:56:42.180+0000] {logging_mixin.py:190} INFO - [2024-12-30T06:56:42.180+0000] {dag.py:3239} INFO - Sync 1 DAGs
[2024-12-30T06:56:42.190+0000] {logging_mixin.py:190} INFO - [2024-12-30T06:56:42.189+0000] {dag.py:4180} INFO - Setting next_dagrun for example_short_circuit_operator to None, run_after=None
[2024-12-30T06:56:42.202+0000] {processor.py:208} INFO - Processing /home/airflow/.local/lib/python3.12/site-packages/airflow/example_dags/example_short_circuit_operator.py took 0.055 seconds
