[2024-12-30T05:45:48.746+0000] {processor.py:186} INFO - Started process (PID=75) to work on /home/airflow/.local/lib/python3.12/site-packages/airflow/example_dags/example_trigger_controller_dag.py
[2024-12-30T05:45:48.747+0000] {processor.py:914} INFO - Processing file /home/airflow/.local/lib/python3.12/site-packages/airflow/example_dags/example_trigger_controller_dag.py for tasks to queue
[2024-12-30T05:45:48.753+0000] {logging_mixin.py:190} INFO - [2024-12-30T05:45:48.752+0000] {dagbag.py:588} INFO - Filling up the DagBag from /home/airflow/.local/lib/python3.12/site-packages/airflow/example_dags/example_trigger_controller_dag.py
[2024-12-30T05:45:48.789+0000] {processor.py:925} INFO - DAG(s) 'example_trigger_controller_dag' retrieved from /home/airflow/.local/lib/python3.12/site-packages/airflow/example_dags/example_trigger_controller_dag.py
[2024-12-30T05:45:49.308+0000] {logging_mixin.py:190} INFO - [2024-12-30T05:45:49.307+0000] {override.py:1911} INFO - Created Permission View: can read on DAG:example_trigger_controller_dag
[2024-12-30T05:45:49.321+0000] {logging_mixin.py:190} INFO - [2024-12-30T05:45:49.320+0000] {override.py:1911} INFO - Created Permission View: can delete on DAG:example_trigger_controller_dag
[2024-12-30T05:45:49.328+0000] {logging_mixin.py:190} INFO - [2024-12-30T05:45:49.328+0000] {override.py:1911} INFO - Created Permission View: can edit on DAG:example_trigger_controller_dag
[2024-12-30T05:45:49.339+0000] {logging_mixin.py:190} INFO - [2024-12-30T05:45:49.339+0000] {override.py:1911} INFO - Created Permission View: can read on DAG Run:example_trigger_controller_dag
[2024-12-30T05:45:49.347+0000] {logging_mixin.py:190} INFO - [2024-12-30T05:45:49.346+0000] {override.py:1911} INFO - Created Permission View: can create on DAG Run:example_trigger_controller_dag
[2024-12-30T05:45:49.355+0000] {logging_mixin.py:190} INFO - [2024-12-30T05:45:49.354+0000] {override.py:1911} INFO - Created Permission View: can delete on DAG Run:example_trigger_controller_dag
[2024-12-30T05:45:49.360+0000] {logging_mixin.py:190} INFO - [2024-12-30T05:45:49.360+0000] {override.py:1911} INFO - Created Permission View: menu access on DAG Run:example_trigger_controller_dag
[2024-12-30T05:45:49.361+0000] {logging_mixin.py:190} INFO - [2024-12-30T05:45:49.361+0000] {dag.py:3239} INFO - Sync 1 DAGs
[2024-12-30T05:45:49.414+0000] {logging_mixin.py:190} INFO - [2024-12-30T05:45:49.414+0000] {dag.py:3262} INFO - Creating ORM DAG for example_trigger_controller_dag
[2024-12-30T05:45:49.451+0000] {logging_mixin.py:190} INFO - [2024-12-30T05:45:49.451+0000] {dag.py:4180} INFO - Setting next_dagrun for example_trigger_controller_dag to 2021-01-01 00:00:00+00:00, run_after=2021-01-01 00:00:00+00:00
[2024-12-30T05:45:49.476+0000] {processor.py:208} INFO - Processing /home/airflow/.local/lib/python3.12/site-packages/airflow/example_dags/example_trigger_controller_dag.py took 0.744 seconds
[2024-12-30T05:46:20.177+0000] {processor.py:186} INFO - Started process (PID=138) to work on /home/airflow/.local/lib/python3.12/site-packages/airflow/example_dags/example_trigger_controller_dag.py
[2024-12-30T05:46:20.181+0000] {processor.py:914} INFO - Processing file /home/airflow/.local/lib/python3.12/site-packages/airflow/example_dags/example_trigger_controller_dag.py for tasks to queue
[2024-12-30T05:46:20.184+0000] {logging_mixin.py:190} INFO - [2024-12-30T05:46:20.184+0000] {dagbag.py:588} INFO - Filling up the DagBag from /home/airflow/.local/lib/python3.12/site-packages/airflow/example_dags/example_trigger_controller_dag.py
[2024-12-30T05:46:20.195+0000] {processor.py:925} INFO - DAG(s) 'example_trigger_controller_dag' retrieved from /home/airflow/.local/lib/python3.12/site-packages/airflow/example_dags/example_trigger_controller_dag.py
[2024-12-30T05:46:20.299+0000] {logging_mixin.py:190} INFO - [2024-12-30T05:46:20.299+0000] {dag.py:3239} INFO - Sync 1 DAGs
[2024-12-30T05:46:20.330+0000] {logging_mixin.py:190} INFO - [2024-12-30T05:46:20.330+0000] {dag.py:4180} INFO - Setting next_dagrun for example_trigger_controller_dag to 2021-01-01 00:00:00+00:00, run_after=2021-01-01 00:00:00+00:00
[2024-12-30T05:46:20.353+0000] {processor.py:208} INFO - Processing /home/airflow/.local/lib/python3.12/site-packages/airflow/example_dags/example_trigger_controller_dag.py took 0.186 seconds
[2024-12-30T05:47:24.361+0000] {processor.py:186} INFO - Started process (PID=162) to work on /home/airflow/.local/lib/python3.12/site-packages/airflow/example_dags/example_trigger_controller_dag.py
[2024-12-30T05:47:24.411+0000] {processor.py:914} INFO - Processing file /home/airflow/.local/lib/python3.12/site-packages/airflow/example_dags/example_trigger_controller_dag.py for tasks to queue
[2024-12-30T05:47:24.414+0000] {logging_mixin.py:190} INFO - [2024-12-30T05:47:24.413+0000] {dagbag.py:588} INFO - Filling up the DagBag from /home/airflow/.local/lib/python3.12/site-packages/airflow/example_dags/example_trigger_controller_dag.py
[2024-12-30T05:47:24.423+0000] {processor.py:925} INFO - DAG(s) 'example_trigger_controller_dag' retrieved from /home/airflow/.local/lib/python3.12/site-packages/airflow/example_dags/example_trigger_controller_dag.py
[2024-12-30T05:47:24.442+0000] {logging_mixin.py:190} INFO - [2024-12-30T05:47:24.442+0000] {dag.py:3239} INFO - Sync 1 DAGs
[2024-12-30T05:47:24.460+0000] {logging_mixin.py:190} INFO - [2024-12-30T05:47:24.459+0000] {dag.py:4180} INFO - Setting next_dagrun for example_trigger_controller_dag to 2021-01-01 00:00:00+00:00, run_after=2021-01-01 00:00:00+00:00
[2024-12-30T05:47:24.513+0000] {processor.py:208} INFO - Processing /home/airflow/.local/lib/python3.12/site-packages/airflow/example_dags/example_trigger_controller_dag.py took 0.158 seconds
[2024-12-30T05:50:01.994+0000] {processor.py:186} INFO - Started process (PID=227) to work on /home/airflow/.local/lib/python3.12/site-packages/airflow/example_dags/example_trigger_controller_dag.py
[2024-12-30T05:50:01.995+0000] {processor.py:914} INFO - Processing file /home/airflow/.local/lib/python3.12/site-packages/airflow/example_dags/example_trigger_controller_dag.py for tasks to queue
[2024-12-30T05:50:01.996+0000] {logging_mixin.py:190} INFO - [2024-12-30T05:50:01.996+0000] {dagbag.py:588} INFO - Filling up the DagBag from /home/airflow/.local/lib/python3.12/site-packages/airflow/example_dags/example_trigger_controller_dag.py
[2024-12-30T05:50:02.064+0000] {processor.py:925} INFO - DAG(s) 'example_trigger_controller_dag' retrieved from /home/airflow/.local/lib/python3.12/site-packages/airflow/example_dags/example_trigger_controller_dag.py
[2024-12-30T05:50:02.079+0000] {logging_mixin.py:190} INFO - [2024-12-30T05:50:02.079+0000] {dag.py:3239} INFO - Sync 1 DAGs
[2024-12-30T05:50:02.095+0000] {logging_mixin.py:190} INFO - [2024-12-30T05:50:02.095+0000] {dag.py:4180} INFO - Setting next_dagrun for example_trigger_controller_dag to 2021-01-01 00:00:00+00:00, run_after=2021-01-01 00:00:00+00:00
[2024-12-30T05:50:02.144+0000] {processor.py:208} INFO - Processing /home/airflow/.local/lib/python3.12/site-packages/airflow/example_dags/example_trigger_controller_dag.py took 0.154 seconds
[2024-12-30T05:51:53.227+0000] {processor.py:186} INFO - Started process (PID=291) to work on /home/airflow/.local/lib/python3.12/site-packages/airflow/example_dags/example_trigger_controller_dag.py
[2024-12-30T05:51:53.228+0000] {processor.py:914} INFO - Processing file /home/airflow/.local/lib/python3.12/site-packages/airflow/example_dags/example_trigger_controller_dag.py for tasks to queue
[2024-12-30T05:51:53.231+0000] {logging_mixin.py:190} INFO - [2024-12-30T05:51:53.231+0000] {dagbag.py:588} INFO - Filling up the DagBag from /home/airflow/.local/lib/python3.12/site-packages/airflow/example_dags/example_trigger_controller_dag.py
[2024-12-30T05:51:53.288+0000] {processor.py:925} INFO - DAG(s) 'example_trigger_controller_dag' retrieved from /home/airflow/.local/lib/python3.12/site-packages/airflow/example_dags/example_trigger_controller_dag.py
[2024-12-30T05:51:53.304+0000] {logging_mixin.py:190} INFO - [2024-12-30T05:51:53.304+0000] {dag.py:3239} INFO - Sync 1 DAGs
[2024-12-30T05:51:53.319+0000] {logging_mixin.py:190} INFO - [2024-12-30T05:51:53.319+0000] {dag.py:4180} INFO - Setting next_dagrun for example_trigger_controller_dag to 2021-01-01 00:00:00+00:00, run_after=2021-01-01 00:00:00+00:00
[2024-12-30T05:51:53.377+0000] {processor.py:208} INFO - Processing /home/airflow/.local/lib/python3.12/site-packages/airflow/example_dags/example_trigger_controller_dag.py took 0.154 seconds
[2024-12-30T05:52:24.373+0000] {processor.py:186} INFO - Started process (PID=354) to work on /home/airflow/.local/lib/python3.12/site-packages/airflow/example_dags/example_trigger_controller_dag.py
[2024-12-30T05:52:24.374+0000] {processor.py:914} INFO - Processing file /home/airflow/.local/lib/python3.12/site-packages/airflow/example_dags/example_trigger_controller_dag.py for tasks to queue
[2024-12-30T05:52:24.375+0000] {logging_mixin.py:190} INFO - [2024-12-30T05:52:24.374+0000] {dagbag.py:588} INFO - Filling up the DagBag from /home/airflow/.local/lib/python3.12/site-packages/airflow/example_dags/example_trigger_controller_dag.py
[2024-12-30T05:52:24.380+0000] {processor.py:925} INFO - DAG(s) 'example_trigger_controller_dag' retrieved from /home/airflow/.local/lib/python3.12/site-packages/airflow/example_dags/example_trigger_controller_dag.py
[2024-12-30T05:52:24.394+0000] {logging_mixin.py:190} INFO - [2024-12-30T05:52:24.394+0000] {dag.py:3239} INFO - Sync 1 DAGs
[2024-12-30T05:52:24.410+0000] {logging_mixin.py:190} INFO - [2024-12-30T05:52:24.410+0000] {dag.py:4180} INFO - Setting next_dagrun for example_trigger_controller_dag to 2021-01-01 00:00:00+00:00, run_after=2021-01-01 00:00:00+00:00
[2024-12-30T05:52:24.422+0000] {processor.py:208} INFO - Processing /home/airflow/.local/lib/python3.12/site-packages/airflow/example_dags/example_trigger_controller_dag.py took 0.053 seconds
[2024-12-30T05:52:55.437+0000] {processor.py:186} INFO - Started process (PID=417) to work on /home/airflow/.local/lib/python3.12/site-packages/airflow/example_dags/example_trigger_controller_dag.py
[2024-12-30T05:52:55.438+0000] {processor.py:914} INFO - Processing file /home/airflow/.local/lib/python3.12/site-packages/airflow/example_dags/example_trigger_controller_dag.py for tasks to queue
[2024-12-30T05:52:55.441+0000] {logging_mixin.py:190} INFO - [2024-12-30T05:52:55.440+0000] {dagbag.py:588} INFO - Filling up the DagBag from /home/airflow/.local/lib/python3.12/site-packages/airflow/example_dags/example_trigger_controller_dag.py
[2024-12-30T05:52:55.446+0000] {processor.py:925} INFO - DAG(s) 'example_trigger_controller_dag' retrieved from /home/airflow/.local/lib/python3.12/site-packages/airflow/example_dags/example_trigger_controller_dag.py
[2024-12-30T05:52:55.461+0000] {logging_mixin.py:190} INFO - [2024-12-30T05:52:55.461+0000] {dag.py:3239} INFO - Sync 1 DAGs
[2024-12-30T05:52:55.478+0000] {logging_mixin.py:190} INFO - [2024-12-30T05:52:55.478+0000] {dag.py:4180} INFO - Setting next_dagrun for example_trigger_controller_dag to 2021-01-01 00:00:00+00:00, run_after=2021-01-01 00:00:00+00:00
[2024-12-30T05:52:55.491+0000] {processor.py:208} INFO - Processing /home/airflow/.local/lib/python3.12/site-packages/airflow/example_dags/example_trigger_controller_dag.py took 0.058 seconds
[2024-12-30T05:53:26.128+0000] {processor.py:186} INFO - Started process (PID=480) to work on /home/airflow/.local/lib/python3.12/site-packages/airflow/example_dags/example_trigger_controller_dag.py
[2024-12-30T05:53:26.130+0000] {processor.py:914} INFO - Processing file /home/airflow/.local/lib/python3.12/site-packages/airflow/example_dags/example_trigger_controller_dag.py for tasks to queue
[2024-12-30T05:53:26.132+0000] {logging_mixin.py:190} INFO - [2024-12-30T05:53:26.132+0000] {dagbag.py:588} INFO - Filling up the DagBag from /home/airflow/.local/lib/python3.12/site-packages/airflow/example_dags/example_trigger_controller_dag.py
[2024-12-30T05:53:26.140+0000] {processor.py:925} INFO - DAG(s) 'example_trigger_controller_dag' retrieved from /home/airflow/.local/lib/python3.12/site-packages/airflow/example_dags/example_trigger_controller_dag.py
[2024-12-30T05:53:26.155+0000] {logging_mixin.py:190} INFO - [2024-12-30T05:53:26.155+0000] {dag.py:3239} INFO - Sync 1 DAGs
[2024-12-30T05:53:26.173+0000] {logging_mixin.py:190} INFO - [2024-12-30T05:53:26.173+0000] {dag.py:4180} INFO - Setting next_dagrun for example_trigger_controller_dag to 2021-01-01 00:00:00+00:00, run_after=2021-01-01 00:00:00+00:00
[2024-12-30T05:53:26.189+0000] {processor.py:208} INFO - Processing /home/airflow/.local/lib/python3.12/site-packages/airflow/example_dags/example_trigger_controller_dag.py took 0.065 seconds
[2024-12-30T06:07:06.648+0000] {processor.py:186} INFO - Started process (PID=516) to work on /home/airflow/.local/lib/python3.12/site-packages/airflow/example_dags/example_trigger_controller_dag.py
[2024-12-30T06:07:06.648+0000] {processor.py:914} INFO - Processing file /home/airflow/.local/lib/python3.12/site-packages/airflow/example_dags/example_trigger_controller_dag.py for tasks to queue
[2024-12-30T06:07:06.649+0000] {logging_mixin.py:190} INFO - [2024-12-30T06:07:06.649+0000] {dagbag.py:588} INFO - Filling up the DagBag from /home/airflow/.local/lib/python3.12/site-packages/airflow/example_dags/example_trigger_controller_dag.py
[2024-12-30T06:07:06.711+0000] {processor.py:925} INFO - DAG(s) 'example_trigger_controller_dag' retrieved from /home/airflow/.local/lib/python3.12/site-packages/airflow/example_dags/example_trigger_controller_dag.py
[2024-12-30T06:07:06.864+0000] {logging_mixin.py:190} INFO - [2024-12-30T06:07:06.864+0000] {dag.py:3239} INFO - Sync 1 DAGs
[2024-12-30T06:07:06.883+0000] {logging_mixin.py:190} INFO - [2024-12-30T06:07:06.882+0000] {dag.py:4180} INFO - Setting next_dagrun for example_trigger_controller_dag to 2021-01-01 00:00:00+00:00, run_after=2021-01-01 00:00:00+00:00
[2024-12-30T06:07:06.947+0000] {processor.py:208} INFO - Processing /home/airflow/.local/lib/python3.12/site-packages/airflow/example_dags/example_trigger_controller_dag.py took 0.303 seconds
[2024-12-30T06:07:38.026+0000] {processor.py:186} INFO - Started process (PID=579) to work on /home/airflow/.local/lib/python3.12/site-packages/airflow/example_dags/example_trigger_controller_dag.py
[2024-12-30T06:07:38.070+0000] {processor.py:914} INFO - Processing file /home/airflow/.local/lib/python3.12/site-packages/airflow/example_dags/example_trigger_controller_dag.py for tasks to queue
[2024-12-30T06:07:38.080+0000] {logging_mixin.py:190} INFO - [2024-12-30T06:07:38.079+0000] {dagbag.py:588} INFO - Filling up the DagBag from /home/airflow/.local/lib/python3.12/site-packages/airflow/example_dags/example_trigger_controller_dag.py
[2024-12-30T06:07:38.157+0000] {processor.py:925} INFO - DAG(s) 'example_trigger_controller_dag' retrieved from /home/airflow/.local/lib/python3.12/site-packages/airflow/example_dags/example_trigger_controller_dag.py
[2024-12-30T06:07:38.186+0000] {logging_mixin.py:190} INFO - [2024-12-30T06:07:38.186+0000] {dag.py:3239} INFO - Sync 1 DAGs
[2024-12-30T06:07:38.202+0000] {logging_mixin.py:190} INFO - [2024-12-30T06:07:38.202+0000] {dag.py:4180} INFO - Setting next_dagrun for example_trigger_controller_dag to 2021-01-01 00:00:00+00:00, run_after=2021-01-01 00:00:00+00:00
[2024-12-30T06:07:38.240+0000] {processor.py:208} INFO - Processing /home/airflow/.local/lib/python3.12/site-packages/airflow/example_dags/example_trigger_controller_dag.py took 0.218 seconds
[2024-12-30T06:40:32.762+0000] {processor.py:186} INFO - Started process (PID=76) to work on /home/airflow/.local/lib/python3.12/site-packages/airflow/example_dags/example_trigger_controller_dag.py
[2024-12-30T06:40:32.768+0000] {processor.py:914} INFO - Processing file /home/airflow/.local/lib/python3.12/site-packages/airflow/example_dags/example_trigger_controller_dag.py for tasks to queue
[2024-12-30T06:40:32.770+0000] {logging_mixin.py:190} INFO - [2024-12-30T06:40:32.770+0000] {dagbag.py:588} INFO - Filling up the DagBag from /home/airflow/.local/lib/python3.12/site-packages/airflow/example_dags/example_trigger_controller_dag.py
[2024-12-30T06:40:32.776+0000] {processor.py:925} INFO - DAG(s) 'example_trigger_controller_dag' retrieved from /home/airflow/.local/lib/python3.12/site-packages/airflow/example_dags/example_trigger_controller_dag.py
[2024-12-30T06:40:32.948+0000] {logging_mixin.py:190} INFO - [2024-12-30T06:40:32.948+0000] {override.py:1911} INFO - Created Permission View: can delete on DAG:example_trigger_controller_dag
[2024-12-30T06:40:32.956+0000] {logging_mixin.py:190} INFO - [2024-12-30T06:40:32.956+0000] {override.py:1911} INFO - Created Permission View: can edit on DAG:example_trigger_controller_dag
[2024-12-30T06:40:32.961+0000] {logging_mixin.py:190} INFO - [2024-12-30T06:40:32.961+0000] {override.py:1911} INFO - Created Permission View: can read on DAG:example_trigger_controller_dag
[2024-12-30T06:40:32.967+0000] {logging_mixin.py:190} INFO - [2024-12-30T06:40:32.966+0000] {override.py:1911} INFO - Created Permission View: can delete on DAG Run:example_trigger_controller_dag
[2024-12-30T06:40:32.991+0000] {logging_mixin.py:190} INFO - [2024-12-30T06:40:32.990+0000] {override.py:1911} INFO - Created Permission View: can create on DAG Run:example_trigger_controller_dag
[2024-12-30T06:40:33.001+0000] {logging_mixin.py:190} INFO - [2024-12-30T06:40:33.001+0000] {override.py:1911} INFO - Created Permission View: menu access on DAG Run:example_trigger_controller_dag
[2024-12-30T06:40:33.006+0000] {logging_mixin.py:190} INFO - [2024-12-30T06:40:33.005+0000] {override.py:1911} INFO - Created Permission View: can read on DAG Run:example_trigger_controller_dag
[2024-12-30T06:40:33.006+0000] {logging_mixin.py:190} INFO - [2024-12-30T06:40:33.006+0000] {dag.py:3239} INFO - Sync 1 DAGs
[2024-12-30T06:40:33.019+0000] {logging_mixin.py:190} INFO - [2024-12-30T06:40:33.019+0000] {dag.py:3262} INFO - Creating ORM DAG for example_trigger_controller_dag
[2024-12-30T06:40:33.036+0000] {logging_mixin.py:190} INFO - [2024-12-30T06:40:33.035+0000] {dag.py:4180} INFO - Setting next_dagrun for example_trigger_controller_dag to 2021-01-01 00:00:00+00:00, run_after=2021-01-01 00:00:00+00:00
[2024-12-30T06:40:33.046+0000] {processor.py:208} INFO - Processing /home/airflow/.local/lib/python3.12/site-packages/airflow/example_dags/example_trigger_controller_dag.py took 0.292 seconds
[2024-12-30T06:41:03.113+0000] {processor.py:186} INFO - Started process (PID=139) to work on /home/airflow/.local/lib/python3.12/site-packages/airflow/example_dags/example_trigger_controller_dag.py
[2024-12-30T06:41:03.114+0000] {processor.py:914} INFO - Processing file /home/airflow/.local/lib/python3.12/site-packages/airflow/example_dags/example_trigger_controller_dag.py for tasks to queue
[2024-12-30T06:41:03.116+0000] {logging_mixin.py:190} INFO - [2024-12-30T06:41:03.116+0000] {dagbag.py:588} INFO - Filling up the DagBag from /home/airflow/.local/lib/python3.12/site-packages/airflow/example_dags/example_trigger_controller_dag.py
[2024-12-30T06:41:03.121+0000] {processor.py:925} INFO - DAG(s) 'example_trigger_controller_dag' retrieved from /home/airflow/.local/lib/python3.12/site-packages/airflow/example_dags/example_trigger_controller_dag.py
[2024-12-30T06:41:03.132+0000] {logging_mixin.py:190} INFO - [2024-12-30T06:41:03.132+0000] {dag.py:3239} INFO - Sync 1 DAGs
[2024-12-30T06:41:03.146+0000] {logging_mixin.py:190} INFO - [2024-12-30T06:41:03.146+0000] {dag.py:4180} INFO - Setting next_dagrun for example_trigger_controller_dag to 2021-01-01 00:00:00+00:00, run_after=2021-01-01 00:00:00+00:00
[2024-12-30T06:41:03.160+0000] {processor.py:208} INFO - Processing /home/airflow/.local/lib/python3.12/site-packages/airflow/example_dags/example_trigger_controller_dag.py took 0.050 seconds
[2024-12-30T06:41:33.497+0000] {processor.py:186} INFO - Started process (PID=202) to work on /home/airflow/.local/lib/python3.12/site-packages/airflow/example_dags/example_trigger_controller_dag.py
[2024-12-30T06:41:33.498+0000] {processor.py:914} INFO - Processing file /home/airflow/.local/lib/python3.12/site-packages/airflow/example_dags/example_trigger_controller_dag.py for tasks to queue
[2024-12-30T06:41:33.500+0000] {logging_mixin.py:190} INFO - [2024-12-30T06:41:33.500+0000] {dagbag.py:588} INFO - Filling up the DagBag from /home/airflow/.local/lib/python3.12/site-packages/airflow/example_dags/example_trigger_controller_dag.py
[2024-12-30T06:41:33.504+0000] {processor.py:925} INFO - DAG(s) 'example_trigger_controller_dag' retrieved from /home/airflow/.local/lib/python3.12/site-packages/airflow/example_dags/example_trigger_controller_dag.py
[2024-12-30T06:41:33.517+0000] {logging_mixin.py:190} INFO - [2024-12-30T06:41:33.517+0000] {dag.py:3239} INFO - Sync 1 DAGs
[2024-12-30T06:41:33.531+0000] {logging_mixin.py:190} INFO - [2024-12-30T06:41:33.531+0000] {dag.py:4180} INFO - Setting next_dagrun for example_trigger_controller_dag to 2021-01-01 00:00:00+00:00, run_after=2021-01-01 00:00:00+00:00
[2024-12-30T06:41:33.543+0000] {processor.py:208} INFO - Processing /home/airflow/.local/lib/python3.12/site-packages/airflow/example_dags/example_trigger_controller_dag.py took 0.050 seconds
[2024-12-30T06:42:04.021+0000] {processor.py:186} INFO - Started process (PID=266) to work on /home/airflow/.local/lib/python3.12/site-packages/airflow/example_dags/example_trigger_controller_dag.py
[2024-12-30T06:42:04.021+0000] {processor.py:914} INFO - Processing file /home/airflow/.local/lib/python3.12/site-packages/airflow/example_dags/example_trigger_controller_dag.py for tasks to queue
[2024-12-30T06:42:04.023+0000] {logging_mixin.py:190} INFO - [2024-12-30T06:42:04.023+0000] {dagbag.py:588} INFO - Filling up the DagBag from /home/airflow/.local/lib/python3.12/site-packages/airflow/example_dags/example_trigger_controller_dag.py
[2024-12-30T06:42:04.029+0000] {processor.py:925} INFO - DAG(s) 'example_trigger_controller_dag' retrieved from /home/airflow/.local/lib/python3.12/site-packages/airflow/example_dags/example_trigger_controller_dag.py
[2024-12-30T06:42:04.042+0000] {logging_mixin.py:190} INFO - [2024-12-30T06:42:04.042+0000] {dag.py:3239} INFO - Sync 1 DAGs
[2024-12-30T06:42:04.057+0000] {logging_mixin.py:190} INFO - [2024-12-30T06:42:04.057+0000] {dag.py:4180} INFO - Setting next_dagrun for example_trigger_controller_dag to 2021-01-01 00:00:00+00:00, run_after=2021-01-01 00:00:00+00:00
[2024-12-30T06:42:04.069+0000] {processor.py:208} INFO - Processing /home/airflow/.local/lib/python3.12/site-packages/airflow/example_dags/example_trigger_controller_dag.py took 0.052 seconds
[2024-12-30T06:56:35.256+0000] {processor.py:186} INFO - Started process (PID=73) to work on /home/airflow/.local/lib/python3.12/site-packages/airflow/example_dags/example_trigger_controller_dag.py
[2024-12-30T06:56:35.257+0000] {processor.py:914} INFO - Processing file /home/airflow/.local/lib/python3.12/site-packages/airflow/example_dags/example_trigger_controller_dag.py for tasks to queue
[2024-12-30T06:56:35.259+0000] {logging_mixin.py:190} INFO - [2024-12-30T06:56:35.259+0000] {dagbag.py:588} INFO - Filling up the DagBag from /home/airflow/.local/lib/python3.12/site-packages/airflow/example_dags/example_trigger_controller_dag.py
[2024-12-30T06:56:35.265+0000] {processor.py:925} INFO - DAG(s) 'example_trigger_controller_dag' retrieved from /home/airflow/.local/lib/python3.12/site-packages/airflow/example_dags/example_trigger_controller_dag.py
[2024-12-30T06:56:35.285+0000] {logging_mixin.py:190} INFO - [2024-12-30T06:56:35.284+0000] {dag.py:3239} INFO - Sync 1 DAGs
[2024-12-30T06:56:35.316+0000] {logging_mixin.py:190} INFO - [2024-12-30T06:56:35.315+0000] {dag.py:4180} INFO - Setting next_dagrun for example_trigger_controller_dag to 2021-01-01 00:00:00+00:00, run_after=2021-01-01 00:00:00+00:00
[2024-12-30T06:56:35.364+0000] {processor.py:208} INFO - Processing /home/airflow/.local/lib/python3.12/site-packages/airflow/example_dags/example_trigger_controller_dag.py took 0.111 seconds
[2024-12-30T06:57:05.644+0000] {processor.py:186} INFO - Started process (PID=136) to work on /home/airflow/.local/lib/python3.12/site-packages/airflow/example_dags/example_trigger_controller_dag.py
[2024-12-30T06:57:05.645+0000] {processor.py:914} INFO - Processing file /home/airflow/.local/lib/python3.12/site-packages/airflow/example_dags/example_trigger_controller_dag.py for tasks to queue
[2024-12-30T06:57:05.646+0000] {logging_mixin.py:190} INFO - [2024-12-30T06:57:05.646+0000] {dagbag.py:588} INFO - Filling up the DagBag from /home/airflow/.local/lib/python3.12/site-packages/airflow/example_dags/example_trigger_controller_dag.py
[2024-12-30T06:57:05.651+0000] {processor.py:925} INFO - DAG(s) 'example_trigger_controller_dag' retrieved from /home/airflow/.local/lib/python3.12/site-packages/airflow/example_dags/example_trigger_controller_dag.py
[2024-12-30T06:57:05.662+0000] {logging_mixin.py:190} INFO - [2024-12-30T06:57:05.662+0000] {dag.py:3239} INFO - Sync 1 DAGs
[2024-12-30T06:57:05.676+0000] {logging_mixin.py:190} INFO - [2024-12-30T06:57:05.675+0000] {dag.py:4180} INFO - Setting next_dagrun for example_trigger_controller_dag to 2021-01-01 00:00:00+00:00, run_after=2021-01-01 00:00:00+00:00
[2024-12-30T06:57:05.688+0000] {processor.py:208} INFO - Processing /home/airflow/.local/lib/python3.12/site-packages/airflow/example_dags/example_trigger_controller_dag.py took 0.047 seconds
