[2024-12-30T05:46:02.589+0000] {processor.py:186} INFO - Started process (PID=121) to work on /home/airflow/.local/lib/python3.12/site-packages/airflow/example_dags/example_trigger_target_dag.py
[2024-12-30T05:46:02.593+0000] {processor.py:914} INFO - Processing file /home/airflow/.local/lib/python3.12/site-packages/airflow/example_dags/example_trigger_target_dag.py for tasks to queue
[2024-12-30T05:46:02.606+0000] {logging_mixin.py:190} INFO - [2024-12-30T05:46:02.605+0000] {dagbag.py:588} INFO - Filling up the DagBag from /home/airflow/.local/lib/python3.12/site-packages/airflow/example_dags/example_trigger_target_dag.py
[2024-12-30T05:46:02.635+0000] {processor.py:925} INFO - DAG(s) 'example_trigger_target_dag' retrieved from /home/airflow/.local/lib/python3.12/site-packages/airflow/example_dags/example_trigger_target_dag.py
[2024-12-30T05:46:02.982+0000] {logging_mixin.py:190} INFO - [2024-12-30T05:46:02.981+0000] {override.py:1911} INFO - Created Permission View: can read on DAG:example_trigger_target_dag
[2024-12-30T05:46:03.011+0000] {logging_mixin.py:190} INFO - [2024-12-30T05:46:03.010+0000] {override.py:1911} INFO - Created Permission View: can delete on DAG:example_trigger_target_dag
[2024-12-30T05:46:03.106+0000] {logging_mixin.py:190} INFO - [2024-12-30T05:46:03.106+0000] {override.py:1911} INFO - Created Permission View: can edit on DAG:example_trigger_target_dag
[2024-12-30T05:46:03.215+0000] {logging_mixin.py:190} INFO - [2024-12-30T05:46:03.215+0000] {override.py:1911} INFO - Created Permission View: can read on DAG Run:example_trigger_target_dag
[2024-12-30T05:46:03.226+0000] {logging_mixin.py:190} INFO - [2024-12-30T05:46:03.226+0000] {override.py:1911} INFO - Created Permission View: can create on DAG Run:example_trigger_target_dag
[2024-12-30T05:46:03.235+0000] {logging_mixin.py:190} INFO - [2024-12-30T05:46:03.235+0000] {override.py:1911} INFO - Created Permission View: can delete on DAG Run:example_trigger_target_dag
[2024-12-30T05:46:03.242+0000] {logging_mixin.py:190} INFO - [2024-12-30T05:46:03.241+0000] {override.py:1911} INFO - Created Permission View: menu access on DAG Run:example_trigger_target_dag
[2024-12-30T05:46:03.242+0000] {logging_mixin.py:190} INFO - [2024-12-30T05:46:03.242+0000] {dag.py:3239} INFO - Sync 1 DAGs
[2024-12-30T05:46:03.253+0000] {logging_mixin.py:190} INFO - [2024-12-30T05:46:03.252+0000] {dag.py:3262} INFO - Creating ORM DAG for example_trigger_target_dag
[2024-12-30T05:46:03.253+0000] {logging_mixin.py:190} INFO - [2024-12-30T05:46:03.253+0000] {dag.py:4180} INFO - Setting next_dagrun for example_trigger_target_dag to None, run_after=None
[2024-12-30T05:46:03.265+0000] {processor.py:208} INFO - Processing /home/airflow/.local/lib/python3.12/site-packages/airflow/example_dags/example_trigger_target_dag.py took 0.694 seconds
[2024-12-30T05:49:58.547+0000] {processor.py:186} INFO - Started process (PID=216) to work on /home/airflow/.local/lib/python3.12/site-packages/airflow/example_dags/example_trigger_target_dag.py
[2024-12-30T05:49:58.552+0000] {processor.py:914} INFO - Processing file /home/airflow/.local/lib/python3.12/site-packages/airflow/example_dags/example_trigger_target_dag.py for tasks to queue
[2024-12-30T05:49:58.554+0000] {logging_mixin.py:190} INFO - [2024-12-30T05:49:58.554+0000] {dagbag.py:588} INFO - Filling up the DagBag from /home/airflow/.local/lib/python3.12/site-packages/airflow/example_dags/example_trigger_target_dag.py
[2024-12-30T05:49:58.628+0000] {processor.py:925} INFO - DAG(s) 'example_trigger_target_dag' retrieved from /home/airflow/.local/lib/python3.12/site-packages/airflow/example_dags/example_trigger_target_dag.py
[2024-12-30T05:49:59.048+0000] {logging_mixin.py:190} INFO - [2024-12-30T05:49:59.048+0000] {dag.py:3239} INFO - Sync 1 DAGs
[2024-12-30T05:49:59.059+0000] {logging_mixin.py:190} INFO - [2024-12-30T05:49:59.059+0000] {dag.py:4180} INFO - Setting next_dagrun for example_trigger_target_dag to None, run_after=None
[2024-12-30T05:49:59.124+0000] {processor.py:208} INFO - Processing /home/airflow/.local/lib/python3.12/site-packages/airflow/example_dags/example_trigger_target_dag.py took 0.642 seconds
[2024-12-30T05:51:52.182+0000] {processor.py:186} INFO - Started process (PID=280) to work on /home/airflow/.local/lib/python3.12/site-packages/airflow/example_dags/example_trigger_target_dag.py
[2024-12-30T05:51:52.182+0000] {processor.py:914} INFO - Processing file /home/airflow/.local/lib/python3.12/site-packages/airflow/example_dags/example_trigger_target_dag.py for tasks to queue
[2024-12-30T05:51:52.183+0000] {logging_mixin.py:190} INFO - [2024-12-30T05:51:52.183+0000] {dagbag.py:588} INFO - Filling up the DagBag from /home/airflow/.local/lib/python3.12/site-packages/airflow/example_dags/example_trigger_target_dag.py
[2024-12-30T05:51:52.245+0000] {processor.py:925} INFO - DAG(s) 'example_trigger_target_dag' retrieved from /home/airflow/.local/lib/python3.12/site-packages/airflow/example_dags/example_trigger_target_dag.py
[2024-12-30T05:51:52.264+0000] {logging_mixin.py:190} INFO - [2024-12-30T05:51:52.264+0000] {dag.py:3239} INFO - Sync 1 DAGs
[2024-12-30T05:51:52.275+0000] {logging_mixin.py:190} INFO - [2024-12-30T05:51:52.275+0000] {dag.py:4180} INFO - Setting next_dagrun for example_trigger_target_dag to None, run_after=None
[2024-12-30T05:51:52.331+0000] {processor.py:208} INFO - Processing /home/airflow/.local/lib/python3.12/site-packages/airflow/example_dags/example_trigger_target_dag.py took 0.153 seconds
[2024-12-30T05:52:22.846+0000] {processor.py:186} INFO - Started process (PID=343) to work on /home/airflow/.local/lib/python3.12/site-packages/airflow/example_dags/example_trigger_target_dag.py
[2024-12-30T05:52:22.847+0000] {processor.py:914} INFO - Processing file /home/airflow/.local/lib/python3.12/site-packages/airflow/example_dags/example_trigger_target_dag.py for tasks to queue
[2024-12-30T05:52:22.848+0000] {logging_mixin.py:190} INFO - [2024-12-30T05:52:22.847+0000] {dagbag.py:588} INFO - Filling up the DagBag from /home/airflow/.local/lib/python3.12/site-packages/airflow/example_dags/example_trigger_target_dag.py
[2024-12-30T05:52:22.854+0000] {processor.py:925} INFO - DAG(s) 'example_trigger_target_dag' retrieved from /home/airflow/.local/lib/python3.12/site-packages/airflow/example_dags/example_trigger_target_dag.py
[2024-12-30T05:52:22.868+0000] {logging_mixin.py:190} INFO - [2024-12-30T05:52:22.868+0000] {dag.py:3239} INFO - Sync 1 DAGs
[2024-12-30T05:52:22.879+0000] {logging_mixin.py:190} INFO - [2024-12-30T05:52:22.879+0000] {dag.py:4180} INFO - Setting next_dagrun for example_trigger_target_dag to None, run_after=None
[2024-12-30T05:52:22.892+0000] {processor.py:208} INFO - Processing /home/airflow/.local/lib/python3.12/site-packages/airflow/example_dags/example_trigger_target_dag.py took 0.050 seconds
[2024-12-30T05:52:53.051+0000] {processor.py:186} INFO - Started process (PID=406) to work on /home/airflow/.local/lib/python3.12/site-packages/airflow/example_dags/example_trigger_target_dag.py
[2024-12-30T05:52:53.053+0000] {processor.py:914} INFO - Processing file /home/airflow/.local/lib/python3.12/site-packages/airflow/example_dags/example_trigger_target_dag.py for tasks to queue
[2024-12-30T05:52:53.054+0000] {logging_mixin.py:190} INFO - [2024-12-30T05:52:53.054+0000] {dagbag.py:588} INFO - Filling up the DagBag from /home/airflow/.local/lib/python3.12/site-packages/airflow/example_dags/example_trigger_target_dag.py
[2024-12-30T05:52:53.063+0000] {processor.py:925} INFO - DAG(s) 'example_trigger_target_dag' retrieved from /home/airflow/.local/lib/python3.12/site-packages/airflow/example_dags/example_trigger_target_dag.py
[2024-12-30T05:52:53.081+0000] {logging_mixin.py:190} INFO - [2024-12-30T05:52:53.080+0000] {dag.py:3239} INFO - Sync 1 DAGs
[2024-12-30T05:52:53.096+0000] {logging_mixin.py:190} INFO - [2024-12-30T05:52:53.095+0000] {dag.py:4180} INFO - Setting next_dagrun for example_trigger_target_dag to None, run_after=None
[2024-12-30T05:52:53.113+0000] {processor.py:208} INFO - Processing /home/airflow/.local/lib/python3.12/site-packages/airflow/example_dags/example_trigger_target_dag.py took 0.069 seconds
[2024-12-30T05:53:23.761+0000] {processor.py:186} INFO - Started process (PID=470) to work on /home/airflow/.local/lib/python3.12/site-packages/airflow/example_dags/example_trigger_target_dag.py
[2024-12-30T05:53:23.762+0000] {processor.py:914} INFO - Processing file /home/airflow/.local/lib/python3.12/site-packages/airflow/example_dags/example_trigger_target_dag.py for tasks to queue
[2024-12-30T05:53:23.763+0000] {logging_mixin.py:190} INFO - [2024-12-30T05:53:23.762+0000] {dagbag.py:588} INFO - Filling up the DagBag from /home/airflow/.local/lib/python3.12/site-packages/airflow/example_dags/example_trigger_target_dag.py
[2024-12-30T05:53:23.770+0000] {processor.py:925} INFO - DAG(s) 'example_trigger_target_dag' retrieved from /home/airflow/.local/lib/python3.12/site-packages/airflow/example_dags/example_trigger_target_dag.py
[2024-12-30T05:53:23.784+0000] {logging_mixin.py:190} INFO - [2024-12-30T05:53:23.784+0000] {dag.py:3239} INFO - Sync 1 DAGs
[2024-12-30T05:53:23.796+0000] {logging_mixin.py:190} INFO - [2024-12-30T05:53:23.796+0000] {dag.py:4180} INFO - Setting next_dagrun for example_trigger_target_dag to None, run_after=None
[2024-12-30T05:53:23.810+0000] {processor.py:208} INFO - Processing /home/airflow/.local/lib/python3.12/site-packages/airflow/example_dags/example_trigger_target_dag.py took 0.053 seconds
[2024-12-30T06:07:31.316+0000] {processor.py:186} INFO - Started process (PID=566) to work on /home/airflow/.local/lib/python3.12/site-packages/airflow/example_dags/example_trigger_target_dag.py
[2024-12-30T06:07:31.317+0000] {processor.py:914} INFO - Processing file /home/airflow/.local/lib/python3.12/site-packages/airflow/example_dags/example_trigger_target_dag.py for tasks to queue
[2024-12-30T06:07:31.319+0000] {logging_mixin.py:190} INFO - [2024-12-30T06:07:31.318+0000] {dagbag.py:588} INFO - Filling up the DagBag from /home/airflow/.local/lib/python3.12/site-packages/airflow/example_dags/example_trigger_target_dag.py
[2024-12-30T06:07:31.325+0000] {processor.py:925} INFO - DAG(s) 'example_trigger_target_dag' retrieved from /home/airflow/.local/lib/python3.12/site-packages/airflow/example_dags/example_trigger_target_dag.py
[2024-12-30T06:07:31.338+0000] {logging_mixin.py:190} INFO - [2024-12-30T06:07:31.338+0000] {dag.py:3239} INFO - Sync 1 DAGs
[2024-12-30T06:07:31.348+0000] {logging_mixin.py:190} INFO - [2024-12-30T06:07:31.348+0000] {dag.py:4180} INFO - Setting next_dagrun for example_trigger_target_dag to None, run_after=None
[2024-12-30T06:07:31.361+0000] {processor.py:208} INFO - Processing /home/airflow/.local/lib/python3.12/site-packages/airflow/example_dags/example_trigger_target_dag.py took 0.048 seconds
[2024-12-30T06:40:43.753+0000] {processor.py:186} INFO - Started process (PID=122) to work on /home/airflow/.local/lib/python3.12/site-packages/airflow/example_dags/example_trigger_target_dag.py
[2024-12-30T06:40:43.754+0000] {processor.py:914} INFO - Processing file /home/airflow/.local/lib/python3.12/site-packages/airflow/example_dags/example_trigger_target_dag.py for tasks to queue
[2024-12-30T06:40:43.756+0000] {logging_mixin.py:190} INFO - [2024-12-30T06:40:43.756+0000] {dagbag.py:588} INFO - Filling up the DagBag from /home/airflow/.local/lib/python3.12/site-packages/airflow/example_dags/example_trigger_target_dag.py
[2024-12-30T06:40:43.762+0000] {processor.py:925} INFO - DAG(s) 'example_trigger_target_dag' retrieved from /home/airflow/.local/lib/python3.12/site-packages/airflow/example_dags/example_trigger_target_dag.py
[2024-12-30T06:40:43.832+0000] {logging_mixin.py:190} INFO - [2024-12-30T06:40:43.832+0000] {override.py:1911} INFO - Created Permission View: can delete on DAG:example_trigger_target_dag
[2024-12-30T06:40:43.840+0000] {logging_mixin.py:190} INFO - [2024-12-30T06:40:43.840+0000] {override.py:1911} INFO - Created Permission View: can edit on DAG:example_trigger_target_dag
[2024-12-30T06:40:43.845+0000] {logging_mixin.py:190} INFO - [2024-12-30T06:40:43.845+0000] {override.py:1911} INFO - Created Permission View: can read on DAG:example_trigger_target_dag
[2024-12-30T06:40:43.853+0000] {logging_mixin.py:190} INFO - [2024-12-30T06:40:43.853+0000] {override.py:1911} INFO - Created Permission View: can delete on DAG Run:example_trigger_target_dag
[2024-12-30T06:40:43.860+0000] {logging_mixin.py:190} INFO - [2024-12-30T06:40:43.860+0000] {override.py:1911} INFO - Created Permission View: can create on DAG Run:example_trigger_target_dag
[2024-12-30T06:40:43.866+0000] {logging_mixin.py:190} INFO - [2024-12-30T06:40:43.865+0000] {override.py:1911} INFO - Created Permission View: menu access on DAG Run:example_trigger_target_dag
[2024-12-30T06:40:43.871+0000] {logging_mixin.py:190} INFO - [2024-12-30T06:40:43.871+0000] {override.py:1911} INFO - Created Permission View: can read on DAG Run:example_trigger_target_dag
[2024-12-30T06:40:43.871+0000] {logging_mixin.py:190} INFO - [2024-12-30T06:40:43.871+0000] {dag.py:3239} INFO - Sync 1 DAGs
[2024-12-30T06:40:43.880+0000] {logging_mixin.py:190} INFO - [2024-12-30T06:40:43.880+0000] {dag.py:3262} INFO - Creating ORM DAG for example_trigger_target_dag
[2024-12-30T06:40:43.881+0000] {logging_mixin.py:190} INFO - [2024-12-30T06:40:43.880+0000] {dag.py:4180} INFO - Setting next_dagrun for example_trigger_target_dag to None, run_after=None
[2024-12-30T06:40:43.892+0000] {processor.py:208} INFO - Processing /home/airflow/.local/lib/python3.12/site-packages/airflow/example_dags/example_trigger_target_dag.py took 0.143 seconds
[2024-12-30T06:41:14.578+0000] {processor.py:186} INFO - Started process (PID=184) to work on /home/airflow/.local/lib/python3.12/site-packages/airflow/example_dags/example_trigger_target_dag.py
[2024-12-30T06:41:14.579+0000] {processor.py:914} INFO - Processing file /home/airflow/.local/lib/python3.12/site-packages/airflow/example_dags/example_trigger_target_dag.py for tasks to queue
[2024-12-30T06:41:14.581+0000] {logging_mixin.py:190} INFO - [2024-12-30T06:41:14.581+0000] {dagbag.py:588} INFO - Filling up the DagBag from /home/airflow/.local/lib/python3.12/site-packages/airflow/example_dags/example_trigger_target_dag.py
[2024-12-30T06:41:14.587+0000] {processor.py:925} INFO - DAG(s) 'example_trigger_target_dag' retrieved from /home/airflow/.local/lib/python3.12/site-packages/airflow/example_dags/example_trigger_target_dag.py
[2024-12-30T06:41:14.601+0000] {logging_mixin.py:190} INFO - [2024-12-30T06:41:14.601+0000] {dag.py:3239} INFO - Sync 1 DAGs
[2024-12-30T06:41:14.612+0000] {logging_mixin.py:190} INFO - [2024-12-30T06:41:14.612+0000] {dag.py:4180} INFO - Setting next_dagrun for example_trigger_target_dag to None, run_after=None
[2024-12-30T06:41:14.624+0000] {processor.py:208} INFO - Processing /home/airflow/.local/lib/python3.12/site-packages/airflow/example_dags/example_trigger_target_dag.py took 0.051 seconds
[2024-12-30T06:41:44.790+0000] {processor.py:186} INFO - Started process (PID=246) to work on /home/airflow/.local/lib/python3.12/site-packages/airflow/example_dags/example_trigger_target_dag.py
[2024-12-30T06:41:44.790+0000] {processor.py:914} INFO - Processing file /home/airflow/.local/lib/python3.12/site-packages/airflow/example_dags/example_trigger_target_dag.py for tasks to queue
[2024-12-30T06:41:44.792+0000] {logging_mixin.py:190} INFO - [2024-12-30T06:41:44.792+0000] {dagbag.py:588} INFO - Filling up the DagBag from /home/airflow/.local/lib/python3.12/site-packages/airflow/example_dags/example_trigger_target_dag.py
[2024-12-30T06:41:44.797+0000] {processor.py:925} INFO - DAG(s) 'example_trigger_target_dag' retrieved from /home/airflow/.local/lib/python3.12/site-packages/airflow/example_dags/example_trigger_target_dag.py
[2024-12-30T06:41:44.809+0000] {logging_mixin.py:190} INFO - [2024-12-30T06:41:44.809+0000] {dag.py:3239} INFO - Sync 1 DAGs
[2024-12-30T06:41:44.818+0000] {logging_mixin.py:190} INFO - [2024-12-30T06:41:44.818+0000] {dag.py:4180} INFO - Setting next_dagrun for example_trigger_target_dag to None, run_after=None
[2024-12-30T06:41:44.830+0000] {processor.py:208} INFO - Processing /home/airflow/.local/lib/python3.12/site-packages/airflow/example_dags/example_trigger_target_dag.py took 0.044 seconds
[2024-12-30T06:56:42.886+0000] {processor.py:186} INFO - Started process (PID=119) to work on /home/airflow/.local/lib/python3.12/site-packages/airflow/example_dags/example_trigger_target_dag.py
[2024-12-30T06:56:42.887+0000] {processor.py:914} INFO - Processing file /home/airflow/.local/lib/python3.12/site-packages/airflow/example_dags/example_trigger_target_dag.py for tasks to queue
[2024-12-30T06:56:42.889+0000] {logging_mixin.py:190} INFO - [2024-12-30T06:56:42.888+0000] {dagbag.py:588} INFO - Filling up the DagBag from /home/airflow/.local/lib/python3.12/site-packages/airflow/example_dags/example_trigger_target_dag.py
[2024-12-30T06:56:42.896+0000] {processor.py:925} INFO - DAG(s) 'example_trigger_target_dag' retrieved from /home/airflow/.local/lib/python3.12/site-packages/airflow/example_dags/example_trigger_target_dag.py
[2024-12-30T06:56:42.911+0000] {logging_mixin.py:190} INFO - [2024-12-30T06:56:42.911+0000] {dag.py:3239} INFO - Sync 1 DAGs
[2024-12-30T06:56:42.923+0000] {logging_mixin.py:190} INFO - [2024-12-30T06:56:42.923+0000] {dag.py:4180} INFO - Setting next_dagrun for example_trigger_target_dag to None, run_after=None
[2024-12-30T06:56:42.938+0000] {processor.py:208} INFO - Processing /home/airflow/.local/lib/python3.12/site-packages/airflow/example_dags/example_trigger_target_dag.py took 0.056 seconds
