[2024-12-30T05:45:50.180+0000] {processor.py:186} INFO - Started process (PID=78) to work on /home/airflow/.local/lib/python3.12/site-packages/airflow/example_dags/example_dataset_alias.py
[2024-12-30T05:45:50.182+0000] {processor.py:914} INFO - Processing file /home/airflow/.local/lib/python3.12/site-packages/airflow/example_dags/example_dataset_alias.py for tasks to queue
[2024-12-30T05:45:50.190+0000] {logging_mixin.py:190} INFO - [2024-12-30T05:45:50.189+0000] {dagbag.py:588} INFO - Filling up the DagBag from /home/airflow/.local/lib/python3.12/site-packages/airflow/example_dags/example_dataset_alias.py
[2024-12-30T05:45:56.345+0000] {processor.py:925} INFO - DAG(s) 'dataset_alias_example_alias_consumer', 'dataset_s3_bucket_consumer', 'dataset_alias_example_alias_producer', 'dataset_s3_bucket_producer' retrieved from /home/airflow/.local/lib/python3.12/site-packages/airflow/example_dags/example_dataset_alias.py
[2024-12-30T05:45:56.410+0000] {logging_mixin.py:190} INFO - [2024-12-30T05:45:56.409+0000] {override.py:1911} INFO - Created Permission View: can read on DAG:dataset_alias_example_alias_consumer
[2024-12-30T05:45:56.418+0000] {logging_mixin.py:190} INFO - [2024-12-30T05:45:56.417+0000] {override.py:1911} INFO - Created Permission View: can delete on DAG:dataset_alias_example_alias_consumer
[2024-12-30T05:45:56.423+0000] {logging_mixin.py:190} INFO - [2024-12-30T05:45:56.423+0000] {override.py:1911} INFO - Created Permission View: can edit on DAG:dataset_alias_example_alias_consumer
[2024-12-30T05:45:56.430+0000] {logging_mixin.py:190} INFO - [2024-12-30T05:45:56.430+0000] {override.py:1911} INFO - Created Permission View: can read on DAG Run:dataset_alias_example_alias_consumer
[2024-12-30T05:45:56.437+0000] {logging_mixin.py:190} INFO - [2024-12-30T05:45:56.436+0000] {override.py:1911} INFO - Created Permission View: can create on DAG Run:dataset_alias_example_alias_consumer
[2024-12-30T05:45:56.443+0000] {logging_mixin.py:190} INFO - [2024-12-30T05:45:56.443+0000] {override.py:1911} INFO - Created Permission View: can delete on DAG Run:dataset_alias_example_alias_consumer
[2024-12-30T05:45:56.449+0000] {logging_mixin.py:190} INFO - [2024-12-30T05:45:56.448+0000] {override.py:1911} INFO - Created Permission View: menu access on DAG Run:dataset_alias_example_alias_consumer
[2024-12-30T05:45:56.462+0000] {logging_mixin.py:190} INFO - [2024-12-30T05:45:56.461+0000] {override.py:1911} INFO - Created Permission View: can read on DAG:dataset_s3_bucket_consumer
[2024-12-30T05:45:56.467+0000] {logging_mixin.py:190} INFO - [2024-12-30T05:45:56.467+0000] {override.py:1911} INFO - Created Permission View: can delete on DAG:dataset_s3_bucket_consumer
[2024-12-30T05:45:56.472+0000] {logging_mixin.py:190} INFO - [2024-12-30T05:45:56.472+0000] {override.py:1911} INFO - Created Permission View: can edit on DAG:dataset_s3_bucket_consumer
[2024-12-30T05:45:56.481+0000] {logging_mixin.py:190} INFO - [2024-12-30T05:45:56.481+0000] {override.py:1911} INFO - Created Permission View: can read on DAG Run:dataset_s3_bucket_consumer
[2024-12-30T05:45:56.486+0000] {logging_mixin.py:190} INFO - [2024-12-30T05:45:56.486+0000] {override.py:1911} INFO - Created Permission View: can create on DAG Run:dataset_s3_bucket_consumer
[2024-12-30T05:45:56.492+0000] {logging_mixin.py:190} INFO - [2024-12-30T05:45:56.491+0000] {override.py:1911} INFO - Created Permission View: can delete on DAG Run:dataset_s3_bucket_consumer
[2024-12-30T05:45:56.497+0000] {logging_mixin.py:190} INFO - [2024-12-30T05:45:56.497+0000] {override.py:1911} INFO - Created Permission View: menu access on DAG Run:dataset_s3_bucket_consumer
[2024-12-30T05:45:56.507+0000] {logging_mixin.py:190} INFO - [2024-12-30T05:45:56.506+0000] {override.py:1911} INFO - Created Permission View: can read on DAG:dataset_alias_example_alias_producer
[2024-12-30T05:45:56.513+0000] {logging_mixin.py:190} INFO - [2024-12-30T05:45:56.513+0000] {override.py:1911} INFO - Created Permission View: can delete on DAG:dataset_alias_example_alias_producer
[2024-12-30T05:45:56.518+0000] {logging_mixin.py:190} INFO - [2024-12-30T05:45:56.518+0000] {override.py:1911} INFO - Created Permission View: can edit on DAG:dataset_alias_example_alias_producer
[2024-12-30T05:45:56.526+0000] {logging_mixin.py:190} INFO - [2024-12-30T05:45:56.526+0000] {override.py:1911} INFO - Created Permission View: can read on DAG Run:dataset_alias_example_alias_producer
[2024-12-30T05:45:56.532+0000] {logging_mixin.py:190} INFO - [2024-12-30T05:45:56.532+0000] {override.py:1911} INFO - Created Permission View: can create on DAG Run:dataset_alias_example_alias_producer
[2024-12-30T05:45:56.538+0000] {logging_mixin.py:190} INFO - [2024-12-30T05:45:56.538+0000] {override.py:1911} INFO - Created Permission View: can delete on DAG Run:dataset_alias_example_alias_producer
[2024-12-30T05:45:56.564+0000] {logging_mixin.py:190} INFO - [2024-12-30T05:45:56.564+0000] {override.py:1911} INFO - Created Permission View: menu access on DAG Run:dataset_alias_example_alias_producer
[2024-12-30T05:45:56.583+0000] {logging_mixin.py:190} INFO - [2024-12-30T05:45:56.583+0000] {override.py:1911} INFO - Created Permission View: can read on DAG:dataset_s3_bucket_producer
[2024-12-30T05:45:56.588+0000] {logging_mixin.py:190} INFO - [2024-12-30T05:45:56.588+0000] {override.py:1911} INFO - Created Permission View: can delete on DAG:dataset_s3_bucket_producer
[2024-12-30T05:45:56.593+0000] {logging_mixin.py:190} INFO - [2024-12-30T05:45:56.593+0000] {override.py:1911} INFO - Created Permission View: can edit on DAG:dataset_s3_bucket_producer
[2024-12-30T05:45:56.599+0000] {logging_mixin.py:190} INFO - [2024-12-30T05:45:56.598+0000] {override.py:1911} INFO - Created Permission View: can read on DAG Run:dataset_s3_bucket_producer
[2024-12-30T05:45:56.603+0000] {logging_mixin.py:190} INFO - [2024-12-30T05:45:56.603+0000] {override.py:1911} INFO - Created Permission View: can create on DAG Run:dataset_s3_bucket_producer
[2024-12-30T05:45:56.610+0000] {logging_mixin.py:190} INFO - [2024-12-30T05:45:56.610+0000] {override.py:1911} INFO - Created Permission View: can delete on DAG Run:dataset_s3_bucket_producer
[2024-12-30T05:45:56.615+0000] {logging_mixin.py:190} INFO - [2024-12-30T05:45:56.615+0000] {override.py:1911} INFO - Created Permission View: menu access on DAG Run:dataset_s3_bucket_producer
[2024-12-30T05:45:56.616+0000] {logging_mixin.py:190} INFO - [2024-12-30T05:45:56.616+0000] {dag.py:3239} INFO - Sync 4 DAGs
[2024-12-30T05:45:56.627+0000] {logging_mixin.py:190} INFO - [2024-12-30T05:45:56.626+0000] {dag.py:3262} INFO - Creating ORM DAG for dataset_alias_example_alias_producer
[2024-12-30T05:45:56.628+0000] {logging_mixin.py:190} INFO - [2024-12-30T05:45:56.628+0000] {dag.py:3262} INFO - Creating ORM DAG for dataset_s3_bucket_consumer
[2024-12-30T05:45:56.628+0000] {logging_mixin.py:190} INFO - [2024-12-30T05:45:56.628+0000] {dag.py:3262} INFO - Creating ORM DAG for dataset_s3_bucket_producer
[2024-12-30T05:45:56.629+0000] {logging_mixin.py:190} INFO - [2024-12-30T05:45:56.629+0000] {dag.py:3262} INFO - Creating ORM DAG for dataset_alias_example_alias_consumer
[2024-12-30T05:45:56.636+0000] {logging_mixin.py:190} INFO - [2024-12-30T05:45:56.636+0000] {dag.py:4180} INFO - Setting next_dagrun for dataset_alias_example_alias_consumer to None, run_after=None
[2024-12-30T05:45:56.636+0000] {logging_mixin.py:190} INFO - [2024-12-30T05:45:56.636+0000] {dag.py:4180} INFO - Setting next_dagrun for dataset_alias_example_alias_producer to None, run_after=None
[2024-12-30T05:45:56.637+0000] {logging_mixin.py:190} INFO - [2024-12-30T05:45:56.637+0000] {dag.py:4180} INFO - Setting next_dagrun for dataset_s3_bucket_consumer to None, run_after=None
[2024-12-30T05:45:56.638+0000] {logging_mixin.py:190} INFO - [2024-12-30T05:45:56.637+0000] {dag.py:4180} INFO - Setting next_dagrun for dataset_s3_bucket_producer to None, run_after=None
[2024-12-30T05:45:56.666+0000] {processor.py:208} INFO - Processing /home/airflow/.local/lib/python3.12/site-packages/airflow/example_dags/example_dataset_alias.py took 6.587 seconds
[2024-12-30T05:46:26.726+0000] {processor.py:186} INFO - Started process (PID=146) to work on /home/airflow/.local/lib/python3.12/site-packages/airflow/example_dags/example_dataset_alias.py
[2024-12-30T05:46:26.727+0000] {processor.py:914} INFO - Processing file /home/airflow/.local/lib/python3.12/site-packages/airflow/example_dags/example_dataset_alias.py for tasks to queue
[2024-12-30T05:46:26.729+0000] {logging_mixin.py:190} INFO - [2024-12-30T05:46:26.729+0000] {dagbag.py:588} INFO - Filling up the DagBag from /home/airflow/.local/lib/python3.12/site-packages/airflow/example_dags/example_dataset_alias.py
[2024-12-30T05:50:04.325+0000] {processor.py:186} INFO - Started process (PID=230) to work on /home/airflow/.local/lib/python3.12/site-packages/airflow/example_dags/example_dataset_alias.py
[2024-12-30T05:50:04.326+0000] {processor.py:914} INFO - Processing file /home/airflow/.local/lib/python3.12/site-packages/airflow/example_dags/example_dataset_alias.py for tasks to queue
[2024-12-30T05:50:04.327+0000] {logging_mixin.py:190} INFO - [2024-12-30T05:50:04.327+0000] {dagbag.py:588} INFO - Filling up the DagBag from /home/airflow/.local/lib/python3.12/site-packages/airflow/example_dags/example_dataset_alias.py
[2024-12-30T05:50:29.759+0000] {processor.py:925} INFO - DAG(s) 'dataset_s3_bucket_consumer', 'dataset_alias_example_alias_consumer', 'dataset_alias_example_alias_producer', 'dataset_s3_bucket_producer' retrieved from /home/airflow/.local/lib/python3.12/site-packages/airflow/example_dags/example_dataset_alias.py
[2024-12-30T05:50:30.145+0000] {logging_mixin.py:190} INFO - [2024-12-30T05:50:30.144+0000] {dag.py:3239} INFO - Sync 4 DAGs
[2024-12-30T05:50:30.171+0000] {logging_mixin.py:190} INFO - [2024-12-30T05:50:30.171+0000] {dag.py:4180} INFO - Setting next_dagrun for dataset_alias_example_alias_consumer to None, run_after=None
[2024-12-30T05:50:30.174+0000] {logging_mixin.py:190} INFO - [2024-12-30T05:50:30.174+0000] {dag.py:4180} INFO - Setting next_dagrun for dataset_alias_example_alias_producer to None, run_after=None
[2024-12-30T05:50:30.177+0000] {logging_mixin.py:190} INFO - [2024-12-30T05:50:30.176+0000] {dag.py:4180} INFO - Setting next_dagrun for dataset_s3_bucket_consumer to None, run_after=None
[2024-12-30T05:50:30.178+0000] {logging_mixin.py:190} INFO - [2024-12-30T05:50:30.178+0000] {dag.py:4180} INFO - Setting next_dagrun for dataset_s3_bucket_producer to None, run_after=None
[2024-12-30T05:50:30.206+0000] {processor.py:208} INFO - Processing /home/airflow/.local/lib/python3.12/site-packages/airflow/example_dags/example_dataset_alias.py took 25.902 seconds
[2024-12-30T05:51:53.551+0000] {processor.py:186} INFO - Started process (PID=294) to work on /home/airflow/.local/lib/python3.12/site-packages/airflow/example_dags/example_dataset_alias.py
[2024-12-30T05:51:53.552+0000] {processor.py:914} INFO - Processing file /home/airflow/.local/lib/python3.12/site-packages/airflow/example_dags/example_dataset_alias.py for tasks to queue
[2024-12-30T05:51:53.553+0000] {logging_mixin.py:190} INFO - [2024-12-30T05:51:53.553+0000] {dagbag.py:588} INFO - Filling up the DagBag from /home/airflow/.local/lib/python3.12/site-packages/airflow/example_dags/example_dataset_alias.py
[2024-12-30T05:52:04.254+0000] {processor.py:925} INFO - DAG(s) 'dataset_alias_example_alias_consumer', 'dataset_s3_bucket_consumer', 'dataset_alias_example_alias_producer', 'dataset_s3_bucket_producer' retrieved from /home/airflow/.local/lib/python3.12/site-packages/airflow/example_dags/example_dataset_alias.py
[2024-12-30T05:52:04.323+0000] {logging_mixin.py:190} INFO - [2024-12-30T05:52:04.273+0000] {dag.py:3239} INFO - Sync 4 DAGs
[2024-12-30T05:52:04.344+0000] {logging_mixin.py:190} INFO - [2024-12-30T05:52:04.344+0000] {dag.py:4180} INFO - Setting next_dagrun for dataset_alias_example_alias_consumer to None, run_after=None
[2024-12-30T05:52:04.401+0000] {logging_mixin.py:190} INFO - [2024-12-30T05:52:04.400+0000] {dag.py:4180} INFO - Setting next_dagrun for dataset_alias_example_alias_producer to None, run_after=None
[2024-12-30T05:52:04.404+0000] {logging_mixin.py:190} INFO - [2024-12-30T05:52:04.404+0000] {dag.py:4180} INFO - Setting next_dagrun for dataset_s3_bucket_consumer to None, run_after=None
[2024-12-30T05:52:04.406+0000] {logging_mixin.py:190} INFO - [2024-12-30T05:52:04.406+0000] {dag.py:4180} INFO - Setting next_dagrun for dataset_s3_bucket_producer to None, run_after=None
[2024-12-30T05:52:04.439+0000] {processor.py:208} INFO - Processing /home/airflow/.local/lib/python3.12/site-packages/airflow/example_dags/example_dataset_alias.py took 10.893 seconds
[2024-12-30T05:52:34.743+0000] {processor.py:186} INFO - Started process (PID=368) to work on /home/airflow/.local/lib/python3.12/site-packages/airflow/example_dags/example_dataset_alias.py
[2024-12-30T05:52:34.743+0000] {processor.py:914} INFO - Processing file /home/airflow/.local/lib/python3.12/site-packages/airflow/example_dags/example_dataset_alias.py for tasks to queue
[2024-12-30T05:52:34.744+0000] {logging_mixin.py:190} INFO - [2024-12-30T05:52:34.744+0000] {dagbag.py:588} INFO - Filling up the DagBag from /home/airflow/.local/lib/python3.12/site-packages/airflow/example_dags/example_dataset_alias.py
[2024-12-30T05:52:37.221+0000] {processor.py:925} INFO - DAG(s) 'dataset_alias_example_alias_consumer', 'dataset_s3_bucket_consumer', 'dataset_alias_example_alias_producer', 'dataset_s3_bucket_producer' retrieved from /home/airflow/.local/lib/python3.12/site-packages/airflow/example_dags/example_dataset_alias.py
[2024-12-30T05:52:37.240+0000] {logging_mixin.py:190} INFO - [2024-12-30T05:52:37.239+0000] {dag.py:3239} INFO - Sync 4 DAGs
[2024-12-30T05:52:37.253+0000] {logging_mixin.py:190} INFO - [2024-12-30T05:52:37.253+0000] {dag.py:4180} INFO - Setting next_dagrun for dataset_alias_example_alias_consumer to None, run_after=None
[2024-12-30T05:52:37.255+0000] {logging_mixin.py:190} INFO - [2024-12-30T05:52:37.255+0000] {dag.py:4180} INFO - Setting next_dagrun for dataset_alias_example_alias_producer to None, run_after=None
[2024-12-30T05:52:37.257+0000] {logging_mixin.py:190} INFO - [2024-12-30T05:52:37.256+0000] {dag.py:4180} INFO - Setting next_dagrun for dataset_s3_bucket_consumer to None, run_after=None
[2024-12-30T05:52:37.258+0000] {logging_mixin.py:190} INFO - [2024-12-30T05:52:37.258+0000] {dag.py:4180} INFO - Setting next_dagrun for dataset_s3_bucket_producer to None, run_after=None
[2024-12-30T05:52:37.290+0000] {processor.py:208} INFO - Processing /home/airflow/.local/lib/python3.12/site-packages/airflow/example_dags/example_dataset_alias.py took 2.551 seconds
[2024-12-30T05:53:07.329+0000] {processor.py:186} INFO - Started process (PID=437) to work on /home/airflow/.local/lib/python3.12/site-packages/airflow/example_dags/example_dataset_alias.py
[2024-12-30T05:53:07.330+0000] {processor.py:914} INFO - Processing file /home/airflow/.local/lib/python3.12/site-packages/airflow/example_dags/example_dataset_alias.py for tasks to queue
[2024-12-30T05:53:07.331+0000] {logging_mixin.py:190} INFO - [2024-12-30T05:53:07.331+0000] {dagbag.py:588} INFO - Filling up the DagBag from /home/airflow/.local/lib/python3.12/site-packages/airflow/example_dags/example_dataset_alias.py
[2024-12-30T05:53:07.941+0000] {processor.py:925} INFO - DAG(s) 'dataset_s3_bucket_consumer', 'dataset_alias_example_alias_consumer', 'dataset_alias_example_alias_producer', 'dataset_s3_bucket_producer' retrieved from /home/airflow/.local/lib/python3.12/site-packages/airflow/example_dags/example_dataset_alias.py
[2024-12-30T05:53:07.955+0000] {logging_mixin.py:190} INFO - [2024-12-30T05:53:07.954+0000] {dag.py:3239} INFO - Sync 4 DAGs
[2024-12-30T05:53:07.969+0000] {logging_mixin.py:190} INFO - [2024-12-30T05:53:07.969+0000] {dag.py:4180} INFO - Setting next_dagrun for dataset_alias_example_alias_consumer to None, run_after=None
[2024-12-30T05:53:07.971+0000] {logging_mixin.py:190} INFO - [2024-12-30T05:53:07.971+0000] {dag.py:4180} INFO - Setting next_dagrun for dataset_alias_example_alias_producer to None, run_after=None
[2024-12-30T05:53:07.972+0000] {logging_mixin.py:190} INFO - [2024-12-30T05:53:07.972+0000] {dag.py:4180} INFO - Setting next_dagrun for dataset_s3_bucket_consumer to None, run_after=None
[2024-12-30T05:53:07.973+0000] {logging_mixin.py:190} INFO - [2024-12-30T05:53:07.973+0000] {dag.py:4180} INFO - Setting next_dagrun for dataset_s3_bucket_producer to None, run_after=None
[2024-12-30T05:53:07.987+0000] {processor.py:208} INFO - Processing /home/airflow/.local/lib/python3.12/site-packages/airflow/example_dags/example_dataset_alias.py took 0.664 seconds
[2024-12-30T05:53:38.245+0000] {processor.py:186} INFO - Started process (PID=502) to work on /home/airflow/.local/lib/python3.12/site-packages/airflow/example_dags/example_dataset_alias.py
[2024-12-30T05:53:38.246+0000] {processor.py:914} INFO - Processing file /home/airflow/.local/lib/python3.12/site-packages/airflow/example_dags/example_dataset_alias.py for tasks to queue
[2024-12-30T05:53:38.247+0000] {logging_mixin.py:190} INFO - [2024-12-30T05:53:38.247+0000] {dagbag.py:588} INFO - Filling up the DagBag from /home/airflow/.local/lib/python3.12/site-packages/airflow/example_dags/example_dataset_alias.py
[2024-12-30T05:53:38.726+0000] {processor.py:925} INFO - DAG(s) 'dataset_s3_bucket_producer', 'dataset_s3_bucket_consumer', 'dataset_alias_example_alias_producer', 'dataset_alias_example_alias_consumer' retrieved from /home/airflow/.local/lib/python3.12/site-packages/airflow/example_dags/example_dataset_alias.py
[2024-12-30T05:53:38.755+0000] {logging_mixin.py:190} INFO - [2024-12-30T05:53:38.754+0000] {dag.py:3239} INFO - Sync 4 DAGs
[2024-12-30T05:53:38.773+0000] {logging_mixin.py:190} INFO - [2024-12-30T05:53:38.773+0000] {dag.py:4180} INFO - Setting next_dagrun for dataset_alias_example_alias_consumer to None, run_after=None
[2024-12-30T05:53:38.775+0000] {logging_mixin.py:190} INFO - [2024-12-30T05:53:38.775+0000] {dag.py:4180} INFO - Setting next_dagrun for dataset_alias_example_alias_producer to None, run_after=None
[2024-12-30T05:53:38.777+0000] {logging_mixin.py:190} INFO - [2024-12-30T05:53:38.777+0000] {dag.py:4180} INFO - Setting next_dagrun for dataset_s3_bucket_consumer to None, run_after=None
[2024-12-30T05:53:38.778+0000] {logging_mixin.py:190} INFO - [2024-12-30T05:53:38.778+0000] {dag.py:4180} INFO - Setting next_dagrun for dataset_s3_bucket_producer to None, run_after=None
[2024-12-30T05:53:38.796+0000] {processor.py:208} INFO - Processing /home/airflow/.local/lib/python3.12/site-packages/airflow/example_dags/example_dataset_alias.py took 0.555 seconds
[2024-12-30T06:07:07.281+0000] {processor.py:186} INFO - Started process (PID=519) to work on /home/airflow/.local/lib/python3.12/site-packages/airflow/example_dags/example_dataset_alias.py
[2024-12-30T06:07:07.282+0000] {processor.py:914} INFO - Processing file /home/airflow/.local/lib/python3.12/site-packages/airflow/example_dags/example_dataset_alias.py for tasks to queue
[2024-12-30T06:07:07.283+0000] {logging_mixin.py:190} INFO - [2024-12-30T06:07:07.283+0000] {dagbag.py:588} INFO - Filling up the DagBag from /home/airflow/.local/lib/python3.12/site-packages/airflow/example_dags/example_dataset_alias.py
[2024-12-30T06:07:28.858+0000] {processor.py:925} INFO - DAG(s) 'dataset_s3_bucket_producer', 'dataset_s3_bucket_consumer', 'dataset_alias_example_alias_producer', 'dataset_alias_example_alias_consumer' retrieved from /home/airflow/.local/lib/python3.12/site-packages/airflow/example_dags/example_dataset_alias.py
[2024-12-30T06:07:28.878+0000] {logging_mixin.py:190} INFO - [2024-12-30T06:07:28.877+0000] {dag.py:3239} INFO - Sync 4 DAGs
[2024-12-30T06:07:28.891+0000] {logging_mixin.py:190} INFO - [2024-12-30T06:07:28.891+0000] {dag.py:4180} INFO - Setting next_dagrun for dataset_alias_example_alias_consumer to None, run_after=None
[2024-12-30T06:07:28.893+0000] {logging_mixin.py:190} INFO - [2024-12-30T06:07:28.892+0000] {dag.py:4180} INFO - Setting next_dagrun for dataset_alias_example_alias_producer to None, run_after=None
[2024-12-30T06:07:28.894+0000] {logging_mixin.py:190} INFO - [2024-12-30T06:07:28.894+0000] {dag.py:4180} INFO - Setting next_dagrun for dataset_s3_bucket_consumer to None, run_after=None
[2024-12-30T06:07:28.894+0000] {logging_mixin.py:190} INFO - [2024-12-30T06:07:28.894+0000] {dag.py:4180} INFO - Setting next_dagrun for dataset_s3_bucket_producer to None, run_after=None
[2024-12-30T06:07:28.949+0000] {processor.py:208} INFO - Processing /home/airflow/.local/lib/python3.12/site-packages/airflow/example_dags/example_dataset_alias.py took 21.672 seconds
[2024-12-30T06:40:33.099+0000] {processor.py:186} INFO - Started process (PID=79) to work on /home/airflow/.local/lib/python3.12/site-packages/airflow/example_dags/example_dataset_alias.py
[2024-12-30T06:40:33.100+0000] {processor.py:914} INFO - Processing file /home/airflow/.local/lib/python3.12/site-packages/airflow/example_dags/example_dataset_alias.py for tasks to queue
[2024-12-30T06:40:33.102+0000] {logging_mixin.py:190} INFO - [2024-12-30T06:40:33.102+0000] {dagbag.py:588} INFO - Filling up the DagBag from /home/airflow/.local/lib/python3.12/site-packages/airflow/example_dags/example_dataset_alias.py
[2024-12-30T06:40:36.026+0000] {processor.py:925} INFO - DAG(s) 'dataset_s3_bucket_consumer', 'dataset_alias_example_alias_producer', 'dataset_alias_example_alias_consumer', 'dataset_s3_bucket_producer' retrieved from /home/airflow/.local/lib/python3.12/site-packages/airflow/example_dags/example_dataset_alias.py
[2024-12-30T06:40:36.093+0000] {logging_mixin.py:190} INFO - [2024-12-30T06:40:36.093+0000] {override.py:1911} INFO - Created Permission View: can delete on DAG:dataset_s3_bucket_consumer
[2024-12-30T06:40:36.101+0000] {logging_mixin.py:190} INFO - [2024-12-30T06:40:36.101+0000] {override.py:1911} INFO - Created Permission View: can edit on DAG:dataset_s3_bucket_consumer
[2024-12-30T06:40:36.107+0000] {logging_mixin.py:190} INFO - [2024-12-30T06:40:36.106+0000] {override.py:1911} INFO - Created Permission View: can read on DAG:dataset_s3_bucket_consumer
[2024-12-30T06:40:36.114+0000] {logging_mixin.py:190} INFO - [2024-12-30T06:40:36.114+0000] {override.py:1911} INFO - Created Permission View: can delete on DAG Run:dataset_s3_bucket_consumer
[2024-12-30T06:40:36.120+0000] {logging_mixin.py:190} INFO - [2024-12-30T06:40:36.120+0000] {override.py:1911} INFO - Created Permission View: can create on DAG Run:dataset_s3_bucket_consumer
[2024-12-30T06:40:36.125+0000] {logging_mixin.py:190} INFO - [2024-12-30T06:40:36.125+0000] {override.py:1911} INFO - Created Permission View: menu access on DAG Run:dataset_s3_bucket_consumer
[2024-12-30T06:40:36.132+0000] {logging_mixin.py:190} INFO - [2024-12-30T06:40:36.132+0000] {override.py:1911} INFO - Created Permission View: can read on DAG Run:dataset_s3_bucket_consumer
[2024-12-30T06:40:36.144+0000] {logging_mixin.py:190} INFO - [2024-12-30T06:40:36.143+0000] {override.py:1911} INFO - Created Permission View: can delete on DAG:dataset_alias_example_alias_producer
[2024-12-30T06:40:36.149+0000] {logging_mixin.py:190} INFO - [2024-12-30T06:40:36.149+0000] {override.py:1911} INFO - Created Permission View: can edit on DAG:dataset_alias_example_alias_producer
[2024-12-30T06:40:36.154+0000] {logging_mixin.py:190} INFO - [2024-12-30T06:40:36.154+0000] {override.py:1911} INFO - Created Permission View: can read on DAG:dataset_alias_example_alias_producer
[2024-12-30T06:40:36.160+0000] {logging_mixin.py:190} INFO - [2024-12-30T06:40:36.160+0000] {override.py:1911} INFO - Created Permission View: can delete on DAG Run:dataset_alias_example_alias_producer
[2024-12-30T06:40:36.165+0000] {logging_mixin.py:190} INFO - [2024-12-30T06:40:36.165+0000] {override.py:1911} INFO - Created Permission View: can create on DAG Run:dataset_alias_example_alias_producer
[2024-12-30T06:40:36.170+0000] {logging_mixin.py:190} INFO - [2024-12-30T06:40:36.169+0000] {override.py:1911} INFO - Created Permission View: menu access on DAG Run:dataset_alias_example_alias_producer
[2024-12-30T06:40:36.174+0000] {logging_mixin.py:190} INFO - [2024-12-30T06:40:36.174+0000] {override.py:1911} INFO - Created Permission View: can read on DAG Run:dataset_alias_example_alias_producer
[2024-12-30T06:40:36.184+0000] {logging_mixin.py:190} INFO - [2024-12-30T06:40:36.184+0000] {override.py:1911} INFO - Created Permission View: can delete on DAG:dataset_alias_example_alias_consumer
[2024-12-30T06:40:36.190+0000] {logging_mixin.py:190} INFO - [2024-12-30T06:40:36.189+0000] {override.py:1911} INFO - Created Permission View: can edit on DAG:dataset_alias_example_alias_consumer
[2024-12-30T06:40:36.197+0000] {logging_mixin.py:190} INFO - [2024-12-30T06:40:36.196+0000] {override.py:1911} INFO - Created Permission View: can read on DAG:dataset_alias_example_alias_consumer
[2024-12-30T06:40:36.233+0000] {logging_mixin.py:190} INFO - [2024-12-30T06:40:36.233+0000] {override.py:1911} INFO - Created Permission View: can delete on DAG Run:dataset_alias_example_alias_consumer
[2024-12-30T06:40:36.243+0000] {logging_mixin.py:190} INFO - [2024-12-30T06:40:36.242+0000] {override.py:1911} INFO - Created Permission View: can create on DAG Run:dataset_alias_example_alias_consumer
[2024-12-30T06:40:36.248+0000] {logging_mixin.py:190} INFO - [2024-12-30T06:40:36.248+0000] {override.py:1911} INFO - Created Permission View: menu access on DAG Run:dataset_alias_example_alias_consumer
[2024-12-30T06:40:36.254+0000] {logging_mixin.py:190} INFO - [2024-12-30T06:40:36.254+0000] {override.py:1911} INFO - Created Permission View: can read on DAG Run:dataset_alias_example_alias_consumer
[2024-12-30T06:40:36.267+0000] {logging_mixin.py:190} INFO - [2024-12-30T06:40:36.266+0000] {override.py:1911} INFO - Created Permission View: can delete on DAG:dataset_s3_bucket_producer
[2024-12-30T06:40:36.273+0000] {logging_mixin.py:190} INFO - [2024-12-30T06:40:36.273+0000] {override.py:1911} INFO - Created Permission View: can edit on DAG:dataset_s3_bucket_producer
[2024-12-30T06:40:36.279+0000] {logging_mixin.py:190} INFO - [2024-12-30T06:40:36.279+0000] {override.py:1911} INFO - Created Permission View: can read on DAG:dataset_s3_bucket_producer
[2024-12-30T06:40:36.286+0000] {logging_mixin.py:190} INFO - [2024-12-30T06:40:36.285+0000] {override.py:1911} INFO - Created Permission View: can delete on DAG Run:dataset_s3_bucket_producer
[2024-12-30T06:40:36.292+0000] {logging_mixin.py:190} INFO - [2024-12-30T06:40:36.292+0000] {override.py:1911} INFO - Created Permission View: can create on DAG Run:dataset_s3_bucket_producer
[2024-12-30T06:40:36.298+0000] {logging_mixin.py:190} INFO - [2024-12-30T06:40:36.298+0000] {override.py:1911} INFO - Created Permission View: menu access on DAG Run:dataset_s3_bucket_producer
[2024-12-30T06:40:36.304+0000] {logging_mixin.py:190} INFO - [2024-12-30T06:40:36.304+0000] {override.py:1911} INFO - Created Permission View: can read on DAG Run:dataset_s3_bucket_producer
[2024-12-30T06:40:36.305+0000] {logging_mixin.py:190} INFO - [2024-12-30T06:40:36.305+0000] {dag.py:3239} INFO - Sync 4 DAGs
[2024-12-30T06:40:36.314+0000] {logging_mixin.py:190} INFO - [2024-12-30T06:40:36.314+0000] {dag.py:3262} INFO - Creating ORM DAG for dataset_s3_bucket_consumer
[2024-12-30T06:40:36.315+0000] {logging_mixin.py:190} INFO - [2024-12-30T06:40:36.314+0000] {dag.py:3262} INFO - Creating ORM DAG for dataset_s3_bucket_producer
[2024-12-30T06:40:36.315+0000] {logging_mixin.py:190} INFO - [2024-12-30T06:40:36.315+0000] {dag.py:3262} INFO - Creating ORM DAG for dataset_alias_example_alias_consumer
[2024-12-30T06:40:36.315+0000] {logging_mixin.py:190} INFO - [2024-12-30T06:40:36.315+0000] {dag.py:3262} INFO - Creating ORM DAG for dataset_alias_example_alias_producer
[2024-12-30T06:40:36.322+0000] {logging_mixin.py:190} INFO - [2024-12-30T06:40:36.322+0000] {dag.py:4180} INFO - Setting next_dagrun for dataset_alias_example_alias_consumer to None, run_after=None
[2024-12-30T06:40:36.323+0000] {logging_mixin.py:190} INFO - [2024-12-30T06:40:36.323+0000] {dag.py:4180} INFO - Setting next_dagrun for dataset_alias_example_alias_producer to None, run_after=None
[2024-12-30T06:40:36.323+0000] {logging_mixin.py:190} INFO - [2024-12-30T06:40:36.323+0000] {dag.py:4180} INFO - Setting next_dagrun for dataset_s3_bucket_consumer to None, run_after=None
[2024-12-30T06:40:36.324+0000] {logging_mixin.py:190} INFO - [2024-12-30T06:40:36.324+0000] {dag.py:4180} INFO - Setting next_dagrun for dataset_s3_bucket_producer to None, run_after=None
[2024-12-30T06:40:36.347+0000] {processor.py:208} INFO - Processing /home/airflow/.local/lib/python3.12/site-packages/airflow/example_dags/example_dataset_alias.py took 3.252 seconds
[2024-12-30T06:41:06.961+0000] {processor.py:186} INFO - Started process (PID=146) to work on /home/airflow/.local/lib/python3.12/site-packages/airflow/example_dags/example_dataset_alias.py
[2024-12-30T06:41:06.962+0000] {processor.py:914} INFO - Processing file /home/airflow/.local/lib/python3.12/site-packages/airflow/example_dags/example_dataset_alias.py for tasks to queue
[2024-12-30T06:41:06.966+0000] {logging_mixin.py:190} INFO - [2024-12-30T06:41:06.965+0000] {dagbag.py:588} INFO - Filling up the DagBag from /home/airflow/.local/lib/python3.12/site-packages/airflow/example_dags/example_dataset_alias.py
[2024-12-30T06:41:08.792+0000] {processor.py:925} INFO - DAG(s) 'dataset_alias_example_alias_consumer', 'dataset_s3_bucket_consumer', 'dataset_s3_bucket_producer', 'dataset_alias_example_alias_producer' retrieved from /home/airflow/.local/lib/python3.12/site-packages/airflow/example_dags/example_dataset_alias.py
[2024-12-30T06:41:08.805+0000] {logging_mixin.py:190} INFO - [2024-12-30T06:41:08.805+0000] {dag.py:3239} INFO - Sync 4 DAGs
[2024-12-30T06:41:08.820+0000] {logging_mixin.py:190} INFO - [2024-12-30T06:41:08.819+0000] {dag.py:4180} INFO - Setting next_dagrun for dataset_alias_example_alias_consumer to None, run_after=None
[2024-12-30T06:41:08.821+0000] {logging_mixin.py:190} INFO - [2024-12-30T06:41:08.821+0000] {dag.py:4180} INFO - Setting next_dagrun for dataset_alias_example_alias_producer to None, run_after=None
[2024-12-30T06:41:08.822+0000] {logging_mixin.py:190} INFO - [2024-12-30T06:41:08.822+0000] {dag.py:4180} INFO - Setting next_dagrun for dataset_s3_bucket_consumer to None, run_after=None
[2024-12-30T06:41:08.823+0000] {logging_mixin.py:190} INFO - [2024-12-30T06:41:08.823+0000] {dag.py:4180} INFO - Setting next_dagrun for dataset_s3_bucket_producer to None, run_after=None
[2024-12-30T06:41:08.836+0000] {processor.py:208} INFO - Processing /home/airflow/.local/lib/python3.12/site-packages/airflow/example_dags/example_dataset_alias.py took 1.880 seconds
[2024-12-30T06:41:39.022+0000] {processor.py:186} INFO - Started process (PID=214) to work on /home/airflow/.local/lib/python3.12/site-packages/airflow/example_dags/example_dataset_alias.py
[2024-12-30T06:41:39.023+0000] {processor.py:914} INFO - Processing file /home/airflow/.local/lib/python3.12/site-packages/airflow/example_dags/example_dataset_alias.py for tasks to queue
[2024-12-30T06:41:39.025+0000] {logging_mixin.py:190} INFO - [2024-12-30T06:41:39.025+0000] {dagbag.py:588} INFO - Filling up the DagBag from /home/airflow/.local/lib/python3.12/site-packages/airflow/example_dags/example_dataset_alias.py
[2024-12-30T06:41:39.545+0000] {processor.py:925} INFO - DAG(s) 'dataset_alias_example_alias_consumer', 'dataset_s3_bucket_producer', 'dataset_alias_example_alias_producer', 'dataset_s3_bucket_consumer' retrieved from /home/airflow/.local/lib/python3.12/site-packages/airflow/example_dags/example_dataset_alias.py
[2024-12-30T06:41:39.558+0000] {logging_mixin.py:190} INFO - [2024-12-30T06:41:39.558+0000] {dag.py:3239} INFO - Sync 4 DAGs
[2024-12-30T06:41:39.570+0000] {logging_mixin.py:190} INFO - [2024-12-30T06:41:39.570+0000] {dag.py:4180} INFO - Setting next_dagrun for dataset_alias_example_alias_consumer to None, run_after=None
[2024-12-30T06:41:39.572+0000] {logging_mixin.py:190} INFO - [2024-12-30T06:41:39.572+0000] {dag.py:4180} INFO - Setting next_dagrun for dataset_alias_example_alias_producer to None, run_after=None
[2024-12-30T06:41:39.574+0000] {logging_mixin.py:190} INFO - [2024-12-30T06:41:39.573+0000] {dag.py:4180} INFO - Setting next_dagrun for dataset_s3_bucket_consumer to None, run_after=None
[2024-12-30T06:41:39.574+0000] {logging_mixin.py:190} INFO - [2024-12-30T06:41:39.574+0000] {dag.py:4180} INFO - Setting next_dagrun for dataset_s3_bucket_producer to None, run_after=None
[2024-12-30T06:41:39.587+0000] {processor.py:208} INFO - Processing /home/airflow/.local/lib/python3.12/site-packages/airflow/example_dags/example_dataset_alias.py took 0.569 seconds
[2024-12-30T06:56:35.760+0000] {processor.py:186} INFO - Started process (PID=76) to work on /home/airflow/.local/lib/python3.12/site-packages/airflow/example_dags/example_dataset_alias.py
[2024-12-30T06:56:35.761+0000] {processor.py:914} INFO - Processing file /home/airflow/.local/lib/python3.12/site-packages/airflow/example_dags/example_dataset_alias.py for tasks to queue
[2024-12-30T06:56:35.767+0000] {logging_mixin.py:190} INFO - [2024-12-30T06:56:35.765+0000] {dagbag.py:588} INFO - Filling up the DagBag from /home/airflow/.local/lib/python3.12/site-packages/airflow/example_dags/example_dataset_alias.py
[2024-12-30T06:56:37.078+0000] {processor.py:925} INFO - DAG(s) 'dataset_s3_bucket_consumer', 'dataset_alias_example_alias_consumer', 'dataset_s3_bucket_producer', 'dataset_alias_example_alias_producer' retrieved from /home/airflow/.local/lib/python3.12/site-packages/airflow/example_dags/example_dataset_alias.py
[2024-12-30T06:56:37.101+0000] {logging_mixin.py:190} INFO - [2024-12-30T06:56:37.100+0000] {dag.py:3239} INFO - Sync 4 DAGs
[2024-12-30T06:56:37.126+0000] {logging_mixin.py:190} INFO - [2024-12-30T06:56:37.126+0000] {dag.py:4180} INFO - Setting next_dagrun for dataset_alias_example_alias_consumer to None, run_after=None
[2024-12-30T06:56:37.129+0000] {logging_mixin.py:190} INFO - [2024-12-30T06:56:37.129+0000] {dag.py:4180} INFO - Setting next_dagrun for dataset_alias_example_alias_producer to None, run_after=None
[2024-12-30T06:56:37.130+0000] {logging_mixin.py:190} INFO - [2024-12-30T06:56:37.130+0000] {dag.py:4180} INFO - Setting next_dagrun for dataset_s3_bucket_consumer to None, run_after=None
[2024-12-30T06:56:37.132+0000] {logging_mixin.py:190} INFO - [2024-12-30T06:56:37.132+0000] {dag.py:4180} INFO - Setting next_dagrun for dataset_s3_bucket_producer to None, run_after=None
[2024-12-30T06:56:37.157+0000] {processor.py:208} INFO - Processing /home/airflow/.local/lib/python3.12/site-packages/airflow/example_dags/example_dataset_alias.py took 1.402 seconds
[2024-12-30T06:57:07.810+0000] {processor.py:186} INFO - Started process (PID=140) to work on /home/airflow/.local/lib/python3.12/site-packages/airflow/example_dags/example_dataset_alias.py
[2024-12-30T06:57:07.811+0000] {processor.py:914} INFO - Processing file /home/airflow/.local/lib/python3.12/site-packages/airflow/example_dags/example_dataset_alias.py for tasks to queue
[2024-12-30T06:57:07.812+0000] {logging_mixin.py:190} INFO - [2024-12-30T06:57:07.812+0000] {dagbag.py:588} INFO - Filling up the DagBag from /home/airflow/.local/lib/python3.12/site-packages/airflow/example_dags/example_dataset_alias.py
[2024-12-30T06:57:08.625+0000] {processor.py:925} INFO - DAG(s) 'dataset_alias_example_alias_consumer', 'dataset_s3_bucket_consumer', 'dataset_s3_bucket_producer', 'dataset_alias_example_alias_producer' retrieved from /home/airflow/.local/lib/python3.12/site-packages/airflow/example_dags/example_dataset_alias.py
[2024-12-30T06:57:08.642+0000] {logging_mixin.py:190} INFO - [2024-12-30T06:57:08.641+0000] {dag.py:3239} INFO - Sync 4 DAGs
[2024-12-30T06:57:08.673+0000] {logging_mixin.py:190} INFO - [2024-12-30T06:57:08.673+0000] {dag.py:4180} INFO - Setting next_dagrun for dataset_alias_example_alias_consumer to None, run_after=None
[2024-12-30T06:57:08.677+0000] {logging_mixin.py:190} INFO - [2024-12-30T06:57:08.676+0000] {dag.py:4180} INFO - Setting next_dagrun for dataset_alias_example_alias_producer to None, run_after=None
[2024-12-30T06:57:08.678+0000] {logging_mixin.py:190} INFO - [2024-12-30T06:57:08.678+0000] {dag.py:4180} INFO - Setting next_dagrun for dataset_s3_bucket_consumer to None, run_after=None
[2024-12-30T06:57:08.679+0000] {logging_mixin.py:190} INFO - [2024-12-30T06:57:08.679+0000] {dag.py:4180} INFO - Setting next_dagrun for dataset_s3_bucket_producer to None, run_after=None
[2024-12-30T06:57:08.846+0000] {processor.py:208} INFO - Processing /home/airflow/.local/lib/python3.12/site-packages/airflow/example_dags/example_dataset_alias.py took 1.040 seconds
