[2024-12-30T05:46:01.859+0000] {processor.py:186} INFO - Started process (PID=114) to work on /home/airflow/.local/lib/python3.12/site-packages/airflow/example_dags/example_display_name.py
[2024-12-30T05:46:01.861+0000] {processor.py:914} INFO - Processing file /home/airflow/.local/lib/python3.12/site-packages/airflow/example_dags/example_display_name.py for tasks to queue
[2024-12-30T05:46:01.863+0000] {logging_mixin.py:190} INFO - [2024-12-30T05:46:01.863+0000] {dagbag.py:588} INFO - Filling up the DagBag from /home/airflow/.local/lib/python3.12/site-packages/airflow/example_dags/example_display_name.py
[2024-12-30T05:46:01.869+0000] {processor.py:925} INFO - DAG(s) 'example_display_name' retrieved from /home/airflow/.local/lib/python3.12/site-packages/airflow/example_dags/example_display_name.py
[2024-12-30T05:46:01.965+0000] {logging_mixin.py:190} INFO - [2024-12-30T05:46:01.964+0000] {override.py:1911} INFO - Created Permission View: can read on DAG:example_display_name
[2024-12-30T05:46:01.972+0000] {logging_mixin.py:190} INFO - [2024-12-30T05:46:01.972+0000] {override.py:1911} INFO - Created Permission View: can delete on DAG:example_display_name
[2024-12-30T05:46:01.977+0000] {logging_mixin.py:190} INFO - [2024-12-30T05:46:01.977+0000] {override.py:1911} INFO - Created Permission View: can edit on DAG:example_display_name
[2024-12-30T05:46:01.984+0000] {logging_mixin.py:190} INFO - [2024-12-30T05:46:01.984+0000] {override.py:1911} INFO - Created Permission View: can read on DAG Run:example_display_name
[2024-12-30T05:46:01.989+0000] {logging_mixin.py:190} INFO - [2024-12-30T05:46:01.989+0000] {override.py:1911} INFO - Created Permission View: can create on DAG Run:example_display_name
[2024-12-30T05:46:01.994+0000] {logging_mixin.py:190} INFO - [2024-12-30T05:46:01.994+0000] {override.py:1911} INFO - Created Permission View: can delete on DAG Run:example_display_name
[2024-12-30T05:46:02.000+0000] {logging_mixin.py:190} INFO - [2024-12-30T05:46:02.000+0000] {override.py:1911} INFO - Created Permission View: menu access on DAG Run:example_display_name
[2024-12-30T05:46:02.001+0000] {logging_mixin.py:190} INFO - [2024-12-30T05:46:02.001+0000] {dag.py:3239} INFO - Sync 1 DAGs
[2024-12-30T05:46:02.011+0000] {logging_mixin.py:190} INFO - [2024-12-30T05:46:02.011+0000] {dag.py:3262} INFO - Creating ORM DAG for example_display_name
[2024-12-30T05:46:02.012+0000] {logging_mixin.py:190} INFO - [2024-12-30T05:46:02.012+0000] {dag.py:4180} INFO - Setting next_dagrun for example_display_name to None, run_after=None
[2024-12-30T05:46:02.024+0000] {processor.py:208} INFO - Processing /home/airflow/.local/lib/python3.12/site-packages/airflow/example_dags/example_display_name.py took 0.169 seconds
[2024-12-30T05:49:56.635+0000] {processor.py:186} INFO - Started process (PID=203) to work on /home/airflow/.local/lib/python3.12/site-packages/airflow/example_dags/example_display_name.py
[2024-12-30T05:49:56.688+0000] {processor.py:914} INFO - Processing file /home/airflow/.local/lib/python3.12/site-packages/airflow/example_dags/example_display_name.py for tasks to queue
[2024-12-30T05:49:56.692+0000] {logging_mixin.py:190} INFO - [2024-12-30T05:49:56.691+0000] {dagbag.py:588} INFO - Filling up the DagBag from /home/airflow/.local/lib/python3.12/site-packages/airflow/example_dags/example_display_name.py
[2024-12-30T05:49:56.702+0000] {processor.py:925} INFO - DAG(s) 'example_display_name' retrieved from /home/airflow/.local/lib/python3.12/site-packages/airflow/example_dags/example_display_name.py
[2024-12-30T05:49:56.782+0000] {logging_mixin.py:190} INFO - [2024-12-30T05:49:56.782+0000] {dag.py:3239} INFO - Sync 1 DAGs
[2024-12-30T05:49:56.794+0000] {logging_mixin.py:190} INFO - [2024-12-30T05:49:56.793+0000] {dag.py:4180} INFO - Setting next_dagrun for example_display_name to None, run_after=None
[2024-12-30T05:49:56.869+0000] {processor.py:208} INFO - Processing /home/airflow/.local/lib/python3.12/site-packages/airflow/example_dags/example_display_name.py took 0.238 seconds
[2024-12-30T05:51:50.532+0000] {processor.py:186} INFO - Started process (PID=274) to work on /home/airflow/.local/lib/python3.12/site-packages/airflow/example_dags/example_display_name.py
[2024-12-30T05:51:50.534+0000] {processor.py:914} INFO - Processing file /home/airflow/.local/lib/python3.12/site-packages/airflow/example_dags/example_display_name.py for tasks to queue
[2024-12-30T05:51:50.540+0000] {logging_mixin.py:190} INFO - [2024-12-30T05:51:50.540+0000] {dagbag.py:588} INFO - Filling up the DagBag from /home/airflow/.local/lib/python3.12/site-packages/airflow/example_dags/example_display_name.py
[2024-12-30T05:51:50.601+0000] {processor.py:925} INFO - DAG(s) 'example_display_name' retrieved from /home/airflow/.local/lib/python3.12/site-packages/airflow/example_dags/example_display_name.py
[2024-12-30T05:51:50.620+0000] {logging_mixin.py:190} INFO - [2024-12-30T05:51:50.620+0000] {dag.py:3239} INFO - Sync 1 DAGs
[2024-12-30T05:51:50.631+0000] {logging_mixin.py:190} INFO - [2024-12-30T05:51:50.631+0000] {dag.py:4180} INFO - Setting next_dagrun for example_display_name to None, run_after=None
[2024-12-30T05:51:50.685+0000] {processor.py:208} INFO - Processing /home/airflow/.local/lib/python3.12/site-packages/airflow/example_dags/example_display_name.py took 0.159 seconds
[2024-12-30T05:52:21.288+0000] {processor.py:186} INFO - Started process (PID=337) to work on /home/airflow/.local/lib/python3.12/site-packages/airflow/example_dags/example_display_name.py
[2024-12-30T05:52:21.289+0000] {processor.py:914} INFO - Processing file /home/airflow/.local/lib/python3.12/site-packages/airflow/example_dags/example_display_name.py for tasks to queue
[2024-12-30T05:52:21.290+0000] {logging_mixin.py:190} INFO - [2024-12-30T05:52:21.290+0000] {dagbag.py:588} INFO - Filling up the DagBag from /home/airflow/.local/lib/python3.12/site-packages/airflow/example_dags/example_display_name.py
[2024-12-30T05:52:21.297+0000] {processor.py:925} INFO - DAG(s) 'example_display_name' retrieved from /home/airflow/.local/lib/python3.12/site-packages/airflow/example_dags/example_display_name.py
[2024-12-30T05:52:21.311+0000] {logging_mixin.py:190} INFO - [2024-12-30T05:52:21.310+0000] {dag.py:3239} INFO - Sync 1 DAGs
[2024-12-30T05:52:21.321+0000] {logging_mixin.py:190} INFO - [2024-12-30T05:52:21.321+0000] {dag.py:4180} INFO - Setting next_dagrun for example_display_name to None, run_after=None
[2024-12-30T05:52:21.332+0000] {processor.py:208} INFO - Processing /home/airflow/.local/lib/python3.12/site-packages/airflow/example_dags/example_display_name.py took 0.050 seconds
[2024-12-30T05:52:51.734+0000] {processor.py:186} INFO - Started process (PID=399) to work on /home/airflow/.local/lib/python3.12/site-packages/airflow/example_dags/example_display_name.py
[2024-12-30T05:52:51.735+0000] {processor.py:914} INFO - Processing file /home/airflow/.local/lib/python3.12/site-packages/airflow/example_dags/example_display_name.py for tasks to queue
[2024-12-30T05:52:51.736+0000] {logging_mixin.py:190} INFO - [2024-12-30T05:52:51.735+0000] {dagbag.py:588} INFO - Filling up the DagBag from /home/airflow/.local/lib/python3.12/site-packages/airflow/example_dags/example_display_name.py
[2024-12-30T05:52:51.744+0000] {processor.py:925} INFO - DAG(s) 'example_display_name' retrieved from /home/airflow/.local/lib/python3.12/site-packages/airflow/example_dags/example_display_name.py
[2024-12-30T05:52:51.759+0000] {logging_mixin.py:190} INFO - [2024-12-30T05:52:51.759+0000] {dag.py:3239} INFO - Sync 1 DAGs
[2024-12-30T05:52:51.771+0000] {logging_mixin.py:190} INFO - [2024-12-30T05:52:51.771+0000] {dag.py:4180} INFO - Setting next_dagrun for example_display_name to None, run_after=None
[2024-12-30T05:52:51.784+0000] {processor.py:208} INFO - Processing /home/airflow/.local/lib/python3.12/site-packages/airflow/example_dags/example_display_name.py took 0.055 seconds
[2024-12-30T05:53:23.346+0000] {processor.py:186} INFO - Started process (PID=463) to work on /home/airflow/.local/lib/python3.12/site-packages/airflow/example_dags/example_display_name.py
[2024-12-30T05:53:23.347+0000] {processor.py:914} INFO - Processing file /home/airflow/.local/lib/python3.12/site-packages/airflow/example_dags/example_display_name.py for tasks to queue
[2024-12-30T05:53:23.348+0000] {logging_mixin.py:190} INFO - [2024-12-30T05:53:23.348+0000] {dagbag.py:588} INFO - Filling up the DagBag from /home/airflow/.local/lib/python3.12/site-packages/airflow/example_dags/example_display_name.py
[2024-12-30T05:53:23.356+0000] {processor.py:925} INFO - DAG(s) 'example_display_name' retrieved from /home/airflow/.local/lib/python3.12/site-packages/airflow/example_dags/example_display_name.py
[2024-12-30T05:53:23.372+0000] {logging_mixin.py:190} INFO - [2024-12-30T05:53:23.371+0000] {dag.py:3239} INFO - Sync 1 DAGs
[2024-12-30T05:53:23.381+0000] {logging_mixin.py:190} INFO - [2024-12-30T05:53:23.381+0000] {dag.py:4180} INFO - Setting next_dagrun for example_display_name to None, run_after=None
[2024-12-30T05:53:23.394+0000] {processor.py:208} INFO - Processing /home/airflow/.local/lib/python3.12/site-packages/airflow/example_dags/example_display_name.py took 0.052 seconds
[2024-12-30T06:07:30.938+0000] {processor.py:186} INFO - Started process (PID=560) to work on /home/airflow/.local/lib/python3.12/site-packages/airflow/example_dags/example_display_name.py
[2024-12-30T06:07:30.939+0000] {processor.py:914} INFO - Processing file /home/airflow/.local/lib/python3.12/site-packages/airflow/example_dags/example_display_name.py for tasks to queue
[2024-12-30T06:07:30.940+0000] {logging_mixin.py:190} INFO - [2024-12-30T06:07:30.940+0000] {dagbag.py:588} INFO - Filling up the DagBag from /home/airflow/.local/lib/python3.12/site-packages/airflow/example_dags/example_display_name.py
[2024-12-30T06:07:30.946+0000] {processor.py:925} INFO - DAG(s) 'example_display_name' retrieved from /home/airflow/.local/lib/python3.12/site-packages/airflow/example_dags/example_display_name.py
[2024-12-30T06:07:30.959+0000] {logging_mixin.py:190} INFO - [2024-12-30T06:07:30.959+0000] {dag.py:3239} INFO - Sync 1 DAGs
[2024-12-30T06:07:30.969+0000] {logging_mixin.py:190} INFO - [2024-12-30T06:07:30.969+0000] {dag.py:4180} INFO - Setting next_dagrun for example_display_name to None, run_after=None
[2024-12-30T06:07:30.981+0000] {processor.py:208} INFO - Processing /home/airflow/.local/lib/python3.12/site-packages/airflow/example_dags/example_display_name.py took 0.047 seconds
[2024-12-30T06:40:43.143+0000] {processor.py:186} INFO - Started process (PID=115) to work on /home/airflow/.local/lib/python3.12/site-packages/airflow/example_dags/example_display_name.py
[2024-12-30T06:40:43.146+0000] {processor.py:914} INFO - Processing file /home/airflow/.local/lib/python3.12/site-packages/airflow/example_dags/example_display_name.py for tasks to queue
[2024-12-30T06:40:43.148+0000] {logging_mixin.py:190} INFO - [2024-12-30T06:40:43.148+0000] {dagbag.py:588} INFO - Filling up the DagBag from /home/airflow/.local/lib/python3.12/site-packages/airflow/example_dags/example_display_name.py
[2024-12-30T06:40:43.156+0000] {processor.py:925} INFO - DAG(s) 'example_display_name' retrieved from /home/airflow/.local/lib/python3.12/site-packages/airflow/example_dags/example_display_name.py
[2024-12-30T06:40:43.233+0000] {logging_mixin.py:190} INFO - [2024-12-30T06:40:43.233+0000] {override.py:1911} INFO - Created Permission View: can delete on DAG:example_display_name
[2024-12-30T06:40:43.242+0000] {logging_mixin.py:190} INFO - [2024-12-30T06:40:43.242+0000] {override.py:1911} INFO - Created Permission View: can edit on DAG:example_display_name
[2024-12-30T06:40:43.248+0000] {logging_mixin.py:190} INFO - [2024-12-30T06:40:43.248+0000] {override.py:1911} INFO - Created Permission View: can read on DAG:example_display_name
[2024-12-30T06:40:43.261+0000] {logging_mixin.py:190} INFO - [2024-12-30T06:40:43.261+0000] {override.py:1911} INFO - Created Permission View: can delete on DAG Run:example_display_name
[2024-12-30T06:40:43.266+0000] {logging_mixin.py:190} INFO - [2024-12-30T06:40:43.265+0000] {override.py:1911} INFO - Created Permission View: can create on DAG Run:example_display_name
[2024-12-30T06:40:43.270+0000] {logging_mixin.py:190} INFO - [2024-12-30T06:40:43.270+0000] {override.py:1911} INFO - Created Permission View: menu access on DAG Run:example_display_name
[2024-12-30T06:40:43.275+0000] {logging_mixin.py:190} INFO - [2024-12-30T06:40:43.275+0000] {override.py:1911} INFO - Created Permission View: can read on DAG Run:example_display_name
[2024-12-30T06:40:43.276+0000] {logging_mixin.py:190} INFO - [2024-12-30T06:40:43.276+0000] {dag.py:3239} INFO - Sync 1 DAGs
[2024-12-30T06:40:43.286+0000] {logging_mixin.py:190} INFO - [2024-12-30T06:40:43.286+0000] {dag.py:3262} INFO - Creating ORM DAG for example_display_name
[2024-12-30T06:40:43.287+0000] {logging_mixin.py:190} INFO - [2024-12-30T06:40:43.287+0000] {dag.py:4180} INFO - Setting next_dagrun for example_display_name to None, run_after=None
[2024-12-30T06:40:43.299+0000] {processor.py:208} INFO - Processing /home/airflow/.local/lib/python3.12/site-packages/airflow/example_dags/example_display_name.py took 0.162 seconds
[2024-12-30T06:41:13.329+0000] {processor.py:186} INFO - Started process (PID=178) to work on /home/airflow/.local/lib/python3.12/site-packages/airflow/example_dags/example_display_name.py
[2024-12-30T06:41:13.330+0000] {processor.py:914} INFO - Processing file /home/airflow/.local/lib/python3.12/site-packages/airflow/example_dags/example_display_name.py for tasks to queue
[2024-12-30T06:41:13.331+0000] {logging_mixin.py:190} INFO - [2024-12-30T06:41:13.331+0000] {dagbag.py:588} INFO - Filling up the DagBag from /home/airflow/.local/lib/python3.12/site-packages/airflow/example_dags/example_display_name.py
[2024-12-30T06:41:13.337+0000] {processor.py:925} INFO - DAG(s) 'example_display_name' retrieved from /home/airflow/.local/lib/python3.12/site-packages/airflow/example_dags/example_display_name.py
[2024-12-30T06:41:13.348+0000] {logging_mixin.py:190} INFO - [2024-12-30T06:41:13.348+0000] {dag.py:3239} INFO - Sync 1 DAGs
[2024-12-30T06:41:13.358+0000] {logging_mixin.py:190} INFO - [2024-12-30T06:41:13.358+0000] {dag.py:4180} INFO - Setting next_dagrun for example_display_name to None, run_after=None
[2024-12-30T06:41:13.369+0000] {processor.py:208} INFO - Processing /home/airflow/.local/lib/python3.12/site-packages/airflow/example_dags/example_display_name.py took 0.044 seconds
[2024-12-30T06:41:43.581+0000] {processor.py:186} INFO - Started process (PID=241) to work on /home/airflow/.local/lib/python3.12/site-packages/airflow/example_dags/example_display_name.py
[2024-12-30T06:41:43.582+0000] {processor.py:914} INFO - Processing file /home/airflow/.local/lib/python3.12/site-packages/airflow/example_dags/example_display_name.py for tasks to queue
[2024-12-30T06:41:43.584+0000] {logging_mixin.py:190} INFO - [2024-12-30T06:41:43.584+0000] {dagbag.py:588} INFO - Filling up the DagBag from /home/airflow/.local/lib/python3.12/site-packages/airflow/example_dags/example_display_name.py
[2024-12-30T06:41:43.589+0000] {processor.py:925} INFO - DAG(s) 'example_display_name' retrieved from /home/airflow/.local/lib/python3.12/site-packages/airflow/example_dags/example_display_name.py
[2024-12-30T06:41:43.601+0000] {logging_mixin.py:190} INFO - [2024-12-30T06:41:43.601+0000] {dag.py:3239} INFO - Sync 1 DAGs
[2024-12-30T06:41:43.610+0000] {logging_mixin.py:190} INFO - [2024-12-30T06:41:43.610+0000] {dag.py:4180} INFO - Setting next_dagrun for example_display_name to None, run_after=None
[2024-12-30T06:41:43.621+0000] {processor.py:208} INFO - Processing /home/airflow/.local/lib/python3.12/site-packages/airflow/example_dags/example_display_name.py took 0.044 seconds
[2024-12-30T06:56:42.535+0000] {processor.py:186} INFO - Started process (PID=112) to work on /home/airflow/.local/lib/python3.12/site-packages/airflow/example_dags/example_display_name.py
[2024-12-30T06:56:42.536+0000] {processor.py:914} INFO - Processing file /home/airflow/.local/lib/python3.12/site-packages/airflow/example_dags/example_display_name.py for tasks to queue
[2024-12-30T06:56:42.538+0000] {logging_mixin.py:190} INFO - [2024-12-30T06:56:42.538+0000] {dagbag.py:588} INFO - Filling up the DagBag from /home/airflow/.local/lib/python3.12/site-packages/airflow/example_dags/example_display_name.py
[2024-12-30T06:56:42.544+0000] {processor.py:925} INFO - DAG(s) 'example_display_name' retrieved from /home/airflow/.local/lib/python3.12/site-packages/airflow/example_dags/example_display_name.py
[2024-12-30T06:56:42.557+0000] {logging_mixin.py:190} INFO - [2024-12-30T06:56:42.557+0000] {dag.py:3239} INFO - Sync 1 DAGs
[2024-12-30T06:56:42.569+0000] {logging_mixin.py:190} INFO - [2024-12-30T06:56:42.569+0000] {dag.py:4180} INFO - Setting next_dagrun for example_display_name to None, run_after=None
[2024-12-30T06:56:42.582+0000] {processor.py:208} INFO - Processing /home/airflow/.local/lib/python3.12/site-packages/airflow/example_dags/example_display_name.py took 0.052 seconds
