[2024-12-30T05:46:01.553+0000] {processor.py:186} INFO - Started process (PID=111) to work on /home/airflow/.local/lib/python3.12/site-packages/airflow/example_dags/example_setup_teardown_taskflow.py
[2024-12-30T05:46:01.554+0000] {processor.py:914} INFO - Processing file /home/airflow/.local/lib/python3.12/site-packages/airflow/example_dags/example_setup_teardown_taskflow.py for tasks to queue
[2024-12-30T05:46:01.556+0000] {logging_mixin.py:190} INFO - [2024-12-30T05:46:01.556+0000] {dagbag.py:588} INFO - Filling up the DagBag from /home/airflow/.local/lib/python3.12/site-packages/airflow/example_dags/example_setup_teardown_taskflow.py
[2024-12-30T05:46:01.570+0000] {processor.py:925} INFO - DAG(s) 'example_setup_teardown_taskflow' retrieved from /home/airflow/.local/lib/python3.12/site-packages/airflow/example_dags/example_setup_teardown_taskflow.py
[2024-12-30T05:46:01.644+0000] {logging_mixin.py:190} INFO - [2024-12-30T05:46:01.643+0000] {override.py:1911} INFO - Created Permission View: can read on DAG:example_setup_teardown_taskflow
[2024-12-30T05:46:01.652+0000] {logging_mixin.py:190} INFO - [2024-12-30T05:46:01.652+0000] {override.py:1911} INFO - Created Permission View: can delete on DAG:example_setup_teardown_taskflow
[2024-12-30T05:46:01.657+0000] {logging_mixin.py:190} INFO - [2024-12-30T05:46:01.657+0000] {override.py:1911} INFO - Created Permission View: can edit on DAG:example_setup_teardown_taskflow
[2024-12-30T05:46:01.664+0000] {logging_mixin.py:190} INFO - [2024-12-30T05:46:01.664+0000] {override.py:1911} INFO - Created Permission View: can read on DAG Run:example_setup_teardown_taskflow
[2024-12-30T05:46:01.670+0000] {logging_mixin.py:190} INFO - [2024-12-30T05:46:01.669+0000] {override.py:1911} INFO - Created Permission View: can create on DAG Run:example_setup_teardown_taskflow
[2024-12-30T05:46:01.674+0000] {logging_mixin.py:190} INFO - [2024-12-30T05:46:01.674+0000] {override.py:1911} INFO - Created Permission View: can delete on DAG Run:example_setup_teardown_taskflow
[2024-12-30T05:46:01.680+0000] {logging_mixin.py:190} INFO - [2024-12-30T05:46:01.680+0000] {override.py:1911} INFO - Created Permission View: menu access on DAG Run:example_setup_teardown_taskflow
[2024-12-30T05:46:01.681+0000] {logging_mixin.py:190} INFO - [2024-12-30T05:46:01.681+0000] {dag.py:3239} INFO - Sync 1 DAGs
[2024-12-30T05:46:01.691+0000] {logging_mixin.py:190} INFO - [2024-12-30T05:46:01.691+0000] {dag.py:3262} INFO - Creating ORM DAG for example_setup_teardown_taskflow
[2024-12-30T05:46:01.692+0000] {logging_mixin.py:190} INFO - [2024-12-30T05:46:01.692+0000] {dag.py:4180} INFO - Setting next_dagrun for example_setup_teardown_taskflow to None, run_after=None
[2024-12-30T05:46:01.705+0000] {processor.py:208} INFO - Processing /home/airflow/.local/lib/python3.12/site-packages/airflow/example_dags/example_setup_teardown_taskflow.py took 0.156 seconds
[2024-12-30T05:49:56.057+0000] {processor.py:186} INFO - Started process (PID=200) to work on /home/airflow/.local/lib/python3.12/site-packages/airflow/example_dags/example_setup_teardown_taskflow.py
[2024-12-30T05:49:56.114+0000] {processor.py:914} INFO - Processing file /home/airflow/.local/lib/python3.12/site-packages/airflow/example_dags/example_setup_teardown_taskflow.py for tasks to queue
[2024-12-30T05:49:56.120+0000] {logging_mixin.py:190} INFO - [2024-12-30T05:49:56.118+0000] {dagbag.py:588} INFO - Filling up the DagBag from /home/airflow/.local/lib/python3.12/site-packages/airflow/example_dags/example_setup_teardown_taskflow.py
[2024-12-30T05:49:56.146+0000] {processor.py:925} INFO - DAG(s) 'example_setup_teardown_taskflow' retrieved from /home/airflow/.local/lib/python3.12/site-packages/airflow/example_dags/example_setup_teardown_taskflow.py
[2024-12-30T05:49:56.163+0000] {logging_mixin.py:190} INFO - [2024-12-30T05:49:56.163+0000] {dag.py:3239} INFO - Sync 1 DAGs
[2024-12-30T05:49:56.176+0000] {logging_mixin.py:190} INFO - [2024-12-30T05:49:56.175+0000] {dag.py:4180} INFO - Setting next_dagrun for example_setup_teardown_taskflow to None, run_after=None
[2024-12-30T05:49:56.218+0000] {processor.py:208} INFO - Processing /home/airflow/.local/lib/python3.12/site-packages/airflow/example_dags/example_setup_teardown_taskflow.py took 0.167 seconds
[2024-12-30T05:51:50.069+0000] {processor.py:186} INFO - Started process (PID=271) to work on /home/airflow/.local/lib/python3.12/site-packages/airflow/example_dags/example_setup_teardown_taskflow.py
[2024-12-30T05:51:50.070+0000] {processor.py:914} INFO - Processing file /home/airflow/.local/lib/python3.12/site-packages/airflow/example_dags/example_setup_teardown_taskflow.py for tasks to queue
[2024-12-30T05:51:50.070+0000] {logging_mixin.py:190} INFO - [2024-12-30T05:51:50.070+0000] {dagbag.py:588} INFO - Filling up the DagBag from /home/airflow/.local/lib/python3.12/site-packages/airflow/example_dags/example_setup_teardown_taskflow.py
[2024-12-30T05:51:50.137+0000] {processor.py:925} INFO - DAG(s) 'example_setup_teardown_taskflow' retrieved from /home/airflow/.local/lib/python3.12/site-packages/airflow/example_dags/example_setup_teardown_taskflow.py
[2024-12-30T05:51:50.154+0000] {logging_mixin.py:190} INFO - [2024-12-30T05:51:50.154+0000] {dag.py:3239} INFO - Sync 1 DAGs
[2024-12-30T05:51:50.165+0000] {logging_mixin.py:190} INFO - [2024-12-30T05:51:50.165+0000] {dag.py:4180} INFO - Setting next_dagrun for example_setup_teardown_taskflow to None, run_after=None
[2024-12-30T05:51:50.215+0000] {processor.py:208} INFO - Processing /home/airflow/.local/lib/python3.12/site-packages/airflow/example_dags/example_setup_teardown_taskflow.py took 0.150 seconds
[2024-12-30T05:52:21.065+0000] {processor.py:186} INFO - Started process (PID=334) to work on /home/airflow/.local/lib/python3.12/site-packages/airflow/example_dags/example_setup_teardown_taskflow.py
[2024-12-30T05:52:21.066+0000] {processor.py:914} INFO - Processing file /home/airflow/.local/lib/python3.12/site-packages/airflow/example_dags/example_setup_teardown_taskflow.py for tasks to queue
[2024-12-30T05:52:21.067+0000] {logging_mixin.py:190} INFO - [2024-12-30T05:52:21.067+0000] {dagbag.py:588} INFO - Filling up the DagBag from /home/airflow/.local/lib/python3.12/site-packages/airflow/example_dags/example_setup_teardown_taskflow.py
[2024-12-30T05:52:21.133+0000] {processor.py:925} INFO - DAG(s) 'example_setup_teardown_taskflow' retrieved from /home/airflow/.local/lib/python3.12/site-packages/airflow/example_dags/example_setup_teardown_taskflow.py
[2024-12-30T05:52:21.149+0000] {logging_mixin.py:190} INFO - [2024-12-30T05:52:21.149+0000] {dag.py:3239} INFO - Sync 1 DAGs
[2024-12-30T05:52:21.160+0000] {logging_mixin.py:190} INFO - [2024-12-30T05:52:21.160+0000] {dag.py:4180} INFO - Setting next_dagrun for example_setup_teardown_taskflow to None, run_after=None
[2024-12-30T05:52:21.173+0000] {processor.py:208} INFO - Processing /home/airflow/.local/lib/python3.12/site-packages/airflow/example_dags/example_setup_teardown_taskflow.py took 0.112 seconds
[2024-12-30T05:52:51.651+0000] {processor.py:186} INFO - Started process (PID=397) to work on /home/airflow/.local/lib/python3.12/site-packages/airflow/example_dags/example_setup_teardown_taskflow.py
[2024-12-30T05:52:51.652+0000] {processor.py:914} INFO - Processing file /home/airflow/.local/lib/python3.12/site-packages/airflow/example_dags/example_setup_teardown_taskflow.py for tasks to queue
[2024-12-30T05:52:51.653+0000] {logging_mixin.py:190} INFO - [2024-12-30T05:52:51.653+0000] {dagbag.py:588} INFO - Filling up the DagBag from /home/airflow/.local/lib/python3.12/site-packages/airflow/example_dags/example_setup_teardown_taskflow.py
[2024-12-30T05:52:51.664+0000] {processor.py:925} INFO - DAG(s) 'example_setup_teardown_taskflow' retrieved from /home/airflow/.local/lib/python3.12/site-packages/airflow/example_dags/example_setup_teardown_taskflow.py
[2024-12-30T05:52:51.683+0000] {logging_mixin.py:190} INFO - [2024-12-30T05:52:51.683+0000] {dag.py:3239} INFO - Sync 1 DAGs
[2024-12-30T05:52:51.695+0000] {logging_mixin.py:190} INFO - [2024-12-30T05:52:51.695+0000] {dag.py:4180} INFO - Setting next_dagrun for example_setup_teardown_taskflow to None, run_after=None
[2024-12-30T05:52:51.709+0000] {processor.py:208} INFO - Processing /home/airflow/.local/lib/python3.12/site-packages/airflow/example_dags/example_setup_teardown_taskflow.py took 0.062 seconds
[2024-12-30T05:53:23.254+0000] {processor.py:186} INFO - Started process (PID=460) to work on /home/airflow/.local/lib/python3.12/site-packages/airflow/example_dags/example_setup_teardown_taskflow.py
[2024-12-30T05:53:23.255+0000] {processor.py:914} INFO - Processing file /home/airflow/.local/lib/python3.12/site-packages/airflow/example_dags/example_setup_teardown_taskflow.py for tasks to queue
[2024-12-30T05:53:23.256+0000] {logging_mixin.py:190} INFO - [2024-12-30T05:53:23.255+0000] {dagbag.py:588} INFO - Filling up the DagBag from /home/airflow/.local/lib/python3.12/site-packages/airflow/example_dags/example_setup_teardown_taskflow.py
[2024-12-30T05:53:23.264+0000] {processor.py:925} INFO - DAG(s) 'example_setup_teardown_taskflow' retrieved from /home/airflow/.local/lib/python3.12/site-packages/airflow/example_dags/example_setup_teardown_taskflow.py
[2024-12-30T05:53:23.280+0000] {logging_mixin.py:190} INFO - [2024-12-30T05:53:23.279+0000] {dag.py:3239} INFO - Sync 1 DAGs
[2024-12-30T05:53:23.291+0000] {logging_mixin.py:190} INFO - [2024-12-30T05:53:23.291+0000] {dag.py:4180} INFO - Setting next_dagrun for example_setup_teardown_taskflow to None, run_after=None
[2024-12-30T05:53:23.304+0000] {processor.py:208} INFO - Processing /home/airflow/.local/lib/python3.12/site-packages/airflow/example_dags/example_setup_teardown_taskflow.py took 0.056 seconds
[2024-12-30T06:07:30.648+0000] {processor.py:186} INFO - Started process (PID=557) to work on /home/airflow/.local/lib/python3.12/site-packages/airflow/example_dags/example_setup_teardown_taskflow.py
[2024-12-30T06:07:30.649+0000] {processor.py:914} INFO - Processing file /home/airflow/.local/lib/python3.12/site-packages/airflow/example_dags/example_setup_teardown_taskflow.py for tasks to queue
[2024-12-30T06:07:30.650+0000] {logging_mixin.py:190} INFO - [2024-12-30T06:07:30.650+0000] {dagbag.py:588} INFO - Filling up the DagBag from /home/airflow/.local/lib/python3.12/site-packages/airflow/example_dags/example_setup_teardown_taskflow.py
[2024-12-30T06:07:30.658+0000] {processor.py:925} INFO - DAG(s) 'example_setup_teardown_taskflow' retrieved from /home/airflow/.local/lib/python3.12/site-packages/airflow/example_dags/example_setup_teardown_taskflow.py
[2024-12-30T06:07:30.672+0000] {logging_mixin.py:190} INFO - [2024-12-30T06:07:30.672+0000] {dag.py:3239} INFO - Sync 1 DAGs
[2024-12-30T06:07:30.683+0000] {logging_mixin.py:190} INFO - [2024-12-30T06:07:30.683+0000] {dag.py:4180} INFO - Setting next_dagrun for example_setup_teardown_taskflow to None, run_after=None
[2024-12-30T06:07:30.730+0000] {processor.py:208} INFO - Processing /home/airflow/.local/lib/python3.12/site-packages/airflow/example_dags/example_setup_teardown_taskflow.py took 0.086 seconds
[2024-12-30T06:40:42.770+0000] {processor.py:186} INFO - Started process (PID=112) to work on /home/airflow/.local/lib/python3.12/site-packages/airflow/example_dags/example_setup_teardown_taskflow.py
[2024-12-30T06:40:42.772+0000] {processor.py:914} INFO - Processing file /home/airflow/.local/lib/python3.12/site-packages/airflow/example_dags/example_setup_teardown_taskflow.py for tasks to queue
[2024-12-30T06:40:42.774+0000] {logging_mixin.py:190} INFO - [2024-12-30T06:40:42.774+0000] {dagbag.py:588} INFO - Filling up the DagBag from /home/airflow/.local/lib/python3.12/site-packages/airflow/example_dags/example_setup_teardown_taskflow.py
[2024-12-30T06:40:42.782+0000] {processor.py:925} INFO - DAG(s) 'example_setup_teardown_taskflow' retrieved from /home/airflow/.local/lib/python3.12/site-packages/airflow/example_dags/example_setup_teardown_taskflow.py
[2024-12-30T06:40:42.857+0000] {logging_mixin.py:190} INFO - [2024-12-30T06:40:42.857+0000] {override.py:1911} INFO - Created Permission View: can delete on DAG:example_setup_teardown_taskflow
[2024-12-30T06:40:42.866+0000] {logging_mixin.py:190} INFO - [2024-12-30T06:40:42.865+0000] {override.py:1911} INFO - Created Permission View: can edit on DAG:example_setup_teardown_taskflow
[2024-12-30T06:40:42.871+0000] {logging_mixin.py:190} INFO - [2024-12-30T06:40:42.871+0000] {override.py:1911} INFO - Created Permission View: can read on DAG:example_setup_teardown_taskflow
[2024-12-30T06:40:42.878+0000] {logging_mixin.py:190} INFO - [2024-12-30T06:40:42.878+0000] {override.py:1911} INFO - Created Permission View: can delete on DAG Run:example_setup_teardown_taskflow
[2024-12-30T06:40:42.883+0000] {logging_mixin.py:190} INFO - [2024-12-30T06:40:42.883+0000] {override.py:1911} INFO - Created Permission View: can create on DAG Run:example_setup_teardown_taskflow
[2024-12-30T06:40:42.888+0000] {logging_mixin.py:190} INFO - [2024-12-30T06:40:42.888+0000] {override.py:1911} INFO - Created Permission View: menu access on DAG Run:example_setup_teardown_taskflow
[2024-12-30T06:40:42.894+0000] {logging_mixin.py:190} INFO - [2024-12-30T06:40:42.894+0000] {override.py:1911} INFO - Created Permission View: can read on DAG Run:example_setup_teardown_taskflow
[2024-12-30T06:40:42.895+0000] {logging_mixin.py:190} INFO - [2024-12-30T06:40:42.895+0000] {dag.py:3239} INFO - Sync 1 DAGs
[2024-12-30T06:40:42.908+0000] {logging_mixin.py:190} INFO - [2024-12-30T06:40:42.908+0000] {dag.py:3262} INFO - Creating ORM DAG for example_setup_teardown_taskflow
[2024-12-30T06:40:42.909+0000] {logging_mixin.py:190} INFO - [2024-12-30T06:40:42.909+0000] {dag.py:4180} INFO - Setting next_dagrun for example_setup_teardown_taskflow to None, run_after=None
[2024-12-30T06:40:42.923+0000] {processor.py:208} INFO - Processing /home/airflow/.local/lib/python3.12/site-packages/airflow/example_dags/example_setup_teardown_taskflow.py took 0.157 seconds
[2024-12-30T06:41:13.072+0000] {processor.py:186} INFO - Started process (PID=175) to work on /home/airflow/.local/lib/python3.12/site-packages/airflow/example_dags/example_setup_teardown_taskflow.py
[2024-12-30T06:41:13.073+0000] {processor.py:914} INFO - Processing file /home/airflow/.local/lib/python3.12/site-packages/airflow/example_dags/example_setup_teardown_taskflow.py for tasks to queue
[2024-12-30T06:41:13.074+0000] {logging_mixin.py:190} INFO - [2024-12-30T06:41:13.074+0000] {dagbag.py:588} INFO - Filling up the DagBag from /home/airflow/.local/lib/python3.12/site-packages/airflow/example_dags/example_setup_teardown_taskflow.py
[2024-12-30T06:41:13.082+0000] {processor.py:925} INFO - DAG(s) 'example_setup_teardown_taskflow' retrieved from /home/airflow/.local/lib/python3.12/site-packages/airflow/example_dags/example_setup_teardown_taskflow.py
[2024-12-30T06:41:13.095+0000] {logging_mixin.py:190} INFO - [2024-12-30T06:41:13.095+0000] {dag.py:3239} INFO - Sync 1 DAGs
[2024-12-30T06:41:13.105+0000] {logging_mixin.py:190} INFO - [2024-12-30T06:41:13.105+0000] {dag.py:4180} INFO - Setting next_dagrun for example_setup_teardown_taskflow to None, run_after=None
[2024-12-30T06:41:13.118+0000] {processor.py:208} INFO - Processing /home/airflow/.local/lib/python3.12/site-packages/airflow/example_dags/example_setup_teardown_taskflow.py took 0.050 seconds
[2024-12-30T06:41:43.484+0000] {processor.py:186} INFO - Started process (PID=238) to work on /home/airflow/.local/lib/python3.12/site-packages/airflow/example_dags/example_setup_teardown_taskflow.py
[2024-12-30T06:41:43.485+0000] {processor.py:914} INFO - Processing file /home/airflow/.local/lib/python3.12/site-packages/airflow/example_dags/example_setup_teardown_taskflow.py for tasks to queue
[2024-12-30T06:41:43.486+0000] {logging_mixin.py:190} INFO - [2024-12-30T06:41:43.486+0000] {dagbag.py:588} INFO - Filling up the DagBag from /home/airflow/.local/lib/python3.12/site-packages/airflow/example_dags/example_setup_teardown_taskflow.py
[2024-12-30T06:41:43.494+0000] {processor.py:925} INFO - DAG(s) 'example_setup_teardown_taskflow' retrieved from /home/airflow/.local/lib/python3.12/site-packages/airflow/example_dags/example_setup_teardown_taskflow.py
[2024-12-30T06:41:43.508+0000] {logging_mixin.py:190} INFO - [2024-12-30T06:41:43.508+0000] {dag.py:3239} INFO - Sync 1 DAGs
[2024-12-30T06:41:43.518+0000] {logging_mixin.py:190} INFO - [2024-12-30T06:41:43.517+0000] {dag.py:4180} INFO - Setting next_dagrun for example_setup_teardown_taskflow to None, run_after=None
[2024-12-30T06:41:43.529+0000] {processor.py:208} INFO - Processing /home/airflow/.local/lib/python3.12/site-packages/airflow/example_dags/example_setup_teardown_taskflow.py took 0.049 seconds
[2024-12-30T06:56:42.425+0000] {processor.py:186} INFO - Started process (PID=109) to work on /home/airflow/.local/lib/python3.12/site-packages/airflow/example_dags/example_setup_teardown_taskflow.py
[2024-12-30T06:56:42.426+0000] {processor.py:914} INFO - Processing file /home/airflow/.local/lib/python3.12/site-packages/airflow/example_dags/example_setup_teardown_taskflow.py for tasks to queue
[2024-12-30T06:56:42.428+0000] {logging_mixin.py:190} INFO - [2024-12-30T06:56:42.428+0000] {dagbag.py:588} INFO - Filling up the DagBag from /home/airflow/.local/lib/python3.12/site-packages/airflow/example_dags/example_setup_teardown_taskflow.py
[2024-12-30T06:56:42.437+0000] {processor.py:925} INFO - DAG(s) 'example_setup_teardown_taskflow' retrieved from /home/airflow/.local/lib/python3.12/site-packages/airflow/example_dags/example_setup_teardown_taskflow.py
[2024-12-30T06:56:42.452+0000] {logging_mixin.py:190} INFO - [2024-12-30T06:56:42.452+0000] {dag.py:3239} INFO - Sync 1 DAGs
[2024-12-30T06:56:42.461+0000] {logging_mixin.py:190} INFO - [2024-12-30T06:56:42.461+0000] {dag.py:4180} INFO - Setting next_dagrun for example_setup_teardown_taskflow to None, run_after=None
[2024-12-30T06:56:42.474+0000] {processor.py:208} INFO - Processing /home/airflow/.local/lib/python3.12/site-packages/airflow/example_dags/example_setup_teardown_taskflow.py took 0.054 seconds
