[2024-12-30T05:45:51.483+0000] {processor.py:186} INFO - Started process (PID=80) to work on /home/airflow/.local/lib/python3.12/site-packages/airflow/example_dags/example_kubernetes_executor.py
[2024-12-30T05:45:51.490+0000] {processor.py:914} INFO - Processing file /home/airflow/.local/lib/python3.12/site-packages/airflow/example_dags/example_kubernetes_executor.py for tasks to queue
[2024-12-30T05:45:51.501+0000] {logging_mixin.py:190} INFO - [2024-12-30T05:45:51.500+0000] {dagbag.py:588} INFO - Filling up the DagBag from /home/airflow/.local/lib/python3.12/site-packages/airflow/example_dags/example_kubernetes_executor.py
[2024-12-30T05:45:51.651+0000] {processor.py:925} INFO - DAG(s) 'example_kubernetes_executor' retrieved from /home/airflow/.local/lib/python3.12/site-packages/airflow/example_dags/example_kubernetes_executor.py
[2024-12-30T05:45:51.834+0000] {logging_mixin.py:190} INFO - [2024-12-30T05:45:51.833+0000] {override.py:1911} INFO - Created Permission View: can read on DAG:example_kubernetes_executor
[2024-12-30T05:45:51.845+0000] {logging_mixin.py:190} INFO - [2024-12-30T05:45:51.844+0000] {override.py:1911} INFO - Created Permission View: can delete on DAG:example_kubernetes_executor
[2024-12-30T05:45:51.856+0000] {logging_mixin.py:190} INFO - [2024-12-30T05:45:51.856+0000] {override.py:1911} INFO - Created Permission View: can edit on DAG:example_kubernetes_executor
[2024-12-30T05:45:51.871+0000] {logging_mixin.py:190} INFO - [2024-12-30T05:45:51.870+0000] {override.py:1911} INFO - Created Permission View: can read on DAG Run:example_kubernetes_executor
[2024-12-30T05:45:51.881+0000] {logging_mixin.py:190} INFO - [2024-12-30T05:45:51.881+0000] {override.py:1911} INFO - Created Permission View: can create on DAG Run:example_kubernetes_executor
[2024-12-30T05:45:51.893+0000] {logging_mixin.py:190} INFO - [2024-12-30T05:45:51.892+0000] {override.py:1911} INFO - Created Permission View: can delete on DAG Run:example_kubernetes_executor
[2024-12-30T05:45:51.909+0000] {logging_mixin.py:190} INFO - [2024-12-30T05:45:51.908+0000] {override.py:1911} INFO - Created Permission View: menu access on DAG Run:example_kubernetes_executor
[2024-12-30T05:45:51.909+0000] {logging_mixin.py:190} INFO - [2024-12-30T05:45:51.909+0000] {dag.py:3239} INFO - Sync 1 DAGs
[2024-12-30T05:45:51.928+0000] {logging_mixin.py:190} INFO - [2024-12-30T05:45:51.928+0000] {dag.py:3262} INFO - Creating ORM DAG for example_kubernetes_executor
[2024-12-30T05:45:51.933+0000] {logging_mixin.py:190} INFO - [2024-12-30T05:45:51.933+0000] {dag.py:4180} INFO - Setting next_dagrun for example_kubernetes_executor to None, run_after=None
[2024-12-30T05:45:51.960+0000] {processor.py:208} INFO - Processing /home/airflow/.local/lib/python3.12/site-packages/airflow/example_dags/example_kubernetes_executor.py took 0.493 seconds
[2024-12-30T05:46:22.908+0000] {processor.py:186} INFO - Started process (PID=142) to work on /home/airflow/.local/lib/python3.12/site-packages/airflow/example_dags/example_kubernetes_executor.py
[2024-12-30T05:46:22.910+0000] {processor.py:914} INFO - Processing file /home/airflow/.local/lib/python3.12/site-packages/airflow/example_dags/example_kubernetes_executor.py for tasks to queue
[2024-12-30T05:46:22.919+0000] {logging_mixin.py:190} INFO - [2024-12-30T05:46:22.914+0000] {dagbag.py:588} INFO - Filling up the DagBag from /home/airflow/.local/lib/python3.12/site-packages/airflow/example_dags/example_kubernetes_executor.py
[2024-12-30T05:46:23.332+0000] {processor.py:925} INFO - DAG(s) 'example_kubernetes_executor' retrieved from /home/airflow/.local/lib/python3.12/site-packages/airflow/example_dags/example_kubernetes_executor.py
[2024-12-30T05:46:23.773+0000] {logging_mixin.py:190} INFO - [2024-12-30T05:46:23.773+0000] {dag.py:3239} INFO - Sync 1 DAGs
[2024-12-30T05:46:23.784+0000] {logging_mixin.py:190} INFO - [2024-12-30T05:46:23.784+0000] {dag.py:4180} INFO - Setting next_dagrun for example_kubernetes_executor to None, run_after=None
[2024-12-30T05:46:23.801+0000] {processor.py:208} INFO - Processing /home/airflow/.local/lib/python3.12/site-packages/airflow/example_dags/example_kubernetes_executor.py took 0.912 seconds
[2024-12-30T05:47:25.950+0000] {processor.py:186} INFO - Started process (PID=173) to work on /home/airflow/.local/lib/python3.12/site-packages/airflow/example_dags/example_kubernetes_executor.py
[2024-12-30T05:47:26.008+0000] {processor.py:914} INFO - Processing file /home/airflow/.local/lib/python3.12/site-packages/airflow/example_dags/example_kubernetes_executor.py for tasks to queue
[2024-12-30T05:47:26.013+0000] {logging_mixin.py:190} INFO - [2024-12-30T05:47:26.012+0000] {dagbag.py:588} INFO - Filling up the DagBag from /home/airflow/.local/lib/python3.12/site-packages/airflow/example_dags/example_kubernetes_executor.py
[2024-12-30T05:47:26.030+0000] {processor.py:925} INFO - DAG(s) 'example_kubernetes_executor' retrieved from /home/airflow/.local/lib/python3.12/site-packages/airflow/example_dags/example_kubernetes_executor.py
[2024-12-30T05:47:26.177+0000] {logging_mixin.py:190} INFO - [2024-12-30T05:47:26.177+0000] {dag.py:3239} INFO - Sync 1 DAGs
[2024-12-30T05:47:26.191+0000] {logging_mixin.py:190} INFO - [2024-12-30T05:47:26.191+0000] {dag.py:4180} INFO - Setting next_dagrun for example_kubernetes_executor to None, run_after=None
[2024-12-30T05:47:26.337+0000] {processor.py:208} INFO - Processing /home/airflow/.local/lib/python3.12/site-packages/airflow/example_dags/example_kubernetes_executor.py took 0.394 seconds
[2024-12-30T05:50:29.958+0000] {processor.py:186} INFO - Started process (PID=232) to work on /home/airflow/.local/lib/python3.12/site-packages/airflow/example_dags/example_kubernetes_executor.py
[2024-12-30T05:50:29.958+0000] {processor.py:914} INFO - Processing file /home/airflow/.local/lib/python3.12/site-packages/airflow/example_dags/example_kubernetes_executor.py for tasks to queue
[2024-12-30T05:50:29.960+0000] {logging_mixin.py:190} INFO - [2024-12-30T05:50:29.959+0000] {dagbag.py:588} INFO - Filling up the DagBag from /home/airflow/.local/lib/python3.12/site-packages/airflow/example_dags/example_kubernetes_executor.py
[2024-12-30T05:50:30.053+0000] {processor.py:925} INFO - DAG(s) 'example_kubernetes_executor' retrieved from /home/airflow/.local/lib/python3.12/site-packages/airflow/example_dags/example_kubernetes_executor.py
[2024-12-30T05:50:30.122+0000] {logging_mixin.py:190} INFO - [2024-12-30T05:50:30.122+0000] {dag.py:3239} INFO - Sync 1 DAGs
[2024-12-30T05:50:30.138+0000] {logging_mixin.py:190} INFO - [2024-12-30T05:50:30.138+0000] {dag.py:4180} INFO - Setting next_dagrun for example_kubernetes_executor to None, run_after=None
[2024-12-30T05:50:30.158+0000] {processor.py:208} INFO - Processing /home/airflow/.local/lib/python3.12/site-packages/airflow/example_dags/example_kubernetes_executor.py took 0.205 seconds
[2024-12-30T05:51:55.423+0000] {processor.py:186} INFO - Started process (PID=296) to work on /home/airflow/.local/lib/python3.12/site-packages/airflow/example_dags/example_kubernetes_executor.py
[2024-12-30T05:51:55.424+0000] {processor.py:914} INFO - Processing file /home/airflow/.local/lib/python3.12/site-packages/airflow/example_dags/example_kubernetes_executor.py for tasks to queue
[2024-12-30T05:51:55.425+0000] {logging_mixin.py:190} INFO - [2024-12-30T05:51:55.425+0000] {dagbag.py:588} INFO - Filling up the DagBag from /home/airflow/.local/lib/python3.12/site-packages/airflow/example_dags/example_kubernetes_executor.py
[2024-12-30T05:51:55.483+0000] {processor.py:925} INFO - DAG(s) 'example_kubernetes_executor' retrieved from /home/airflow/.local/lib/python3.12/site-packages/airflow/example_dags/example_kubernetes_executor.py
[2024-12-30T05:51:55.630+0000] {logging_mixin.py:190} INFO - [2024-12-30T05:51:55.630+0000] {dag.py:3239} INFO - Sync 1 DAGs
[2024-12-30T05:51:55.640+0000] {logging_mixin.py:190} INFO - [2024-12-30T05:51:55.640+0000] {dag.py:4180} INFO - Setting next_dagrun for example_kubernetes_executor to None, run_after=None
[2024-12-30T05:51:55.701+0000] {processor.py:208} INFO - Processing /home/airflow/.local/lib/python3.12/site-packages/airflow/example_dags/example_kubernetes_executor.py took 0.283 seconds
[2024-12-30T05:52:25.777+0000] {processor.py:186} INFO - Started process (PID=358) to work on /home/airflow/.local/lib/python3.12/site-packages/airflow/example_dags/example_kubernetes_executor.py
[2024-12-30T05:52:25.779+0000] {processor.py:914} INFO - Processing file /home/airflow/.local/lib/python3.12/site-packages/airflow/example_dags/example_kubernetes_executor.py for tasks to queue
[2024-12-30T05:52:25.780+0000] {logging_mixin.py:190} INFO - [2024-12-30T05:52:25.780+0000] {dagbag.py:588} INFO - Filling up the DagBag from /home/airflow/.local/lib/python3.12/site-packages/airflow/example_dags/example_kubernetes_executor.py
[2024-12-30T05:52:25.832+0000] {processor.py:925} INFO - DAG(s) 'example_kubernetes_executor' retrieved from /home/airflow/.local/lib/python3.12/site-packages/airflow/example_dags/example_kubernetes_executor.py
[2024-12-30T05:52:25.849+0000] {logging_mixin.py:190} INFO - [2024-12-30T05:52:25.849+0000] {dag.py:3239} INFO - Sync 1 DAGs
[2024-12-30T05:52:25.859+0000] {logging_mixin.py:190} INFO - [2024-12-30T05:52:25.859+0000] {dag.py:4180} INFO - Setting next_dagrun for example_kubernetes_executor to None, run_after=None
[2024-12-30T05:52:25.913+0000] {processor.py:208} INFO - Processing /home/airflow/.local/lib/python3.12/site-packages/airflow/example_dags/example_kubernetes_executor.py took 0.143 seconds
[2024-12-30T05:52:56.551+0000] {processor.py:186} INFO - Started process (PID=421) to work on /home/airflow/.local/lib/python3.12/site-packages/airflow/example_dags/example_kubernetes_executor.py
[2024-12-30T05:52:56.552+0000] {processor.py:914} INFO - Processing file /home/airflow/.local/lib/python3.12/site-packages/airflow/example_dags/example_kubernetes_executor.py for tasks to queue
[2024-12-30T05:52:56.553+0000] {logging_mixin.py:190} INFO - [2024-12-30T05:52:56.553+0000] {dagbag.py:588} INFO - Filling up the DagBag from /home/airflow/.local/lib/python3.12/site-packages/airflow/example_dags/example_kubernetes_executor.py
[2024-12-30T05:52:56.565+0000] {processor.py:925} INFO - DAG(s) 'example_kubernetes_executor' retrieved from /home/airflow/.local/lib/python3.12/site-packages/airflow/example_dags/example_kubernetes_executor.py
[2024-12-30T05:52:56.583+0000] {logging_mixin.py:190} INFO - [2024-12-30T05:52:56.582+0000] {dag.py:3239} INFO - Sync 1 DAGs
[2024-12-30T05:52:56.593+0000] {logging_mixin.py:190} INFO - [2024-12-30T05:52:56.593+0000] {dag.py:4180} INFO - Setting next_dagrun for example_kubernetes_executor to None, run_after=None
[2024-12-30T05:52:56.607+0000] {processor.py:208} INFO - Processing /home/airflow/.local/lib/python3.12/site-packages/airflow/example_dags/example_kubernetes_executor.py took 0.061 seconds
[2024-12-30T05:53:27.268+0000] {processor.py:186} INFO - Started process (PID=484) to work on /home/airflow/.local/lib/python3.12/site-packages/airflow/example_dags/example_kubernetes_executor.py
[2024-12-30T05:53:27.270+0000] {processor.py:914} INFO - Processing file /home/airflow/.local/lib/python3.12/site-packages/airflow/example_dags/example_kubernetes_executor.py for tasks to queue
[2024-12-30T05:53:27.272+0000] {logging_mixin.py:190} INFO - [2024-12-30T05:53:27.271+0000] {dagbag.py:588} INFO - Filling up the DagBag from /home/airflow/.local/lib/python3.12/site-packages/airflow/example_dags/example_kubernetes_executor.py
[2024-12-30T05:53:27.288+0000] {processor.py:925} INFO - DAG(s) 'example_kubernetes_executor' retrieved from /home/airflow/.local/lib/python3.12/site-packages/airflow/example_dags/example_kubernetes_executor.py
[2024-12-30T05:53:27.314+0000] {logging_mixin.py:190} INFO - [2024-12-30T05:53:27.314+0000] {dag.py:3239} INFO - Sync 1 DAGs
[2024-12-30T05:53:27.332+0000] {logging_mixin.py:190} INFO - [2024-12-30T05:53:27.332+0000] {dag.py:4180} INFO - Setting next_dagrun for example_kubernetes_executor to None, run_after=None
[2024-12-30T05:53:27.351+0000] {processor.py:208} INFO - Processing /home/airflow/.local/lib/python3.12/site-packages/airflow/example_dags/example_kubernetes_executor.py took 0.088 seconds
[2024-12-30T06:07:18.053+0000] {processor.py:186} INFO - Started process (PID=527) to work on /home/airflow/.local/lib/python3.12/site-packages/airflow/example_dags/example_kubernetes_executor.py
[2024-12-30T06:07:18.115+0000] {processor.py:914} INFO - Processing file /home/airflow/.local/lib/python3.12/site-packages/airflow/example_dags/example_kubernetes_executor.py for tasks to queue
[2024-12-30T06:07:18.118+0000] {logging_mixin.py:190} INFO - [2024-12-30T06:07:18.117+0000] {dagbag.py:588} INFO - Filling up the DagBag from /home/airflow/.local/lib/python3.12/site-packages/airflow/example_dags/example_kubernetes_executor.py
[2024-12-30T06:07:18.706+0000] {processor.py:925} INFO - DAG(s) 'example_kubernetes_executor' retrieved from /home/airflow/.local/lib/python3.12/site-packages/airflow/example_dags/example_kubernetes_executor.py
[2024-12-30T06:07:21.229+0000] {logging_mixin.py:190} INFO - [2024-12-30T06:07:21.228+0000] {dag.py:3239} INFO - Sync 1 DAGs
[2024-12-30T06:07:21.240+0000] {logging_mixin.py:190} INFO - [2024-12-30T06:07:21.239+0000] {dag.py:4180} INFO - Setting next_dagrun for example_kubernetes_executor to None, run_after=None
[2024-12-30T06:07:21.304+0000] {processor.py:208} INFO - Processing /home/airflow/.local/lib/python3.12/site-packages/airflow/example_dags/example_kubernetes_executor.py took 3.266 seconds
[2024-12-30T06:40:33.548+0000] {processor.py:186} INFO - Started process (PID=81) to work on /home/airflow/.local/lib/python3.12/site-packages/airflow/example_dags/example_kubernetes_executor.py
[2024-12-30T06:40:33.549+0000] {processor.py:914} INFO - Processing file /home/airflow/.local/lib/python3.12/site-packages/airflow/example_dags/example_kubernetes_executor.py for tasks to queue
[2024-12-30T06:40:33.551+0000] {logging_mixin.py:190} INFO - [2024-12-30T06:40:33.551+0000] {dagbag.py:588} INFO - Filling up the DagBag from /home/airflow/.local/lib/python3.12/site-packages/airflow/example_dags/example_kubernetes_executor.py
[2024-12-30T06:40:33.570+0000] {processor.py:925} INFO - DAG(s) 'example_kubernetes_executor' retrieved from /home/airflow/.local/lib/python3.12/site-packages/airflow/example_dags/example_kubernetes_executor.py
[2024-12-30T06:40:33.742+0000] {logging_mixin.py:190} INFO - [2024-12-30T06:40:33.741+0000] {override.py:1911} INFO - Created Permission View: can delete on DAG:example_kubernetes_executor
[2024-12-30T06:40:33.753+0000] {logging_mixin.py:190} INFO - [2024-12-30T06:40:33.753+0000] {override.py:1911} INFO - Created Permission View: can edit on DAG:example_kubernetes_executor
[2024-12-30T06:40:33.760+0000] {logging_mixin.py:190} INFO - [2024-12-30T06:40:33.759+0000] {override.py:1911} INFO - Created Permission View: can read on DAG:example_kubernetes_executor
[2024-12-30T06:40:33.769+0000] {logging_mixin.py:190} INFO - [2024-12-30T06:40:33.769+0000] {override.py:1911} INFO - Created Permission View: can delete on DAG Run:example_kubernetes_executor
[2024-12-30T06:40:33.774+0000] {logging_mixin.py:190} INFO - [2024-12-30T06:40:33.774+0000] {override.py:1911} INFO - Created Permission View: can create on DAG Run:example_kubernetes_executor
[2024-12-30T06:40:33.780+0000] {logging_mixin.py:190} INFO - [2024-12-30T06:40:33.779+0000] {override.py:1911} INFO - Created Permission View: menu access on DAG Run:example_kubernetes_executor
[2024-12-30T06:40:33.786+0000] {logging_mixin.py:190} INFO - [2024-12-30T06:40:33.786+0000] {override.py:1911} INFO - Created Permission View: can read on DAG Run:example_kubernetes_executor
[2024-12-30T06:40:33.786+0000] {logging_mixin.py:190} INFO - [2024-12-30T06:40:33.786+0000] {dag.py:3239} INFO - Sync 1 DAGs
[2024-12-30T06:40:33.801+0000] {logging_mixin.py:190} INFO - [2024-12-30T06:40:33.801+0000] {dag.py:3262} INFO - Creating ORM DAG for example_kubernetes_executor
[2024-12-30T06:40:33.803+0000] {logging_mixin.py:190} INFO - [2024-12-30T06:40:33.802+0000] {dag.py:4180} INFO - Setting next_dagrun for example_kubernetes_executor to None, run_after=None
[2024-12-30T06:40:33.820+0000] {processor.py:208} INFO - Processing /home/airflow/.local/lib/python3.12/site-packages/airflow/example_dags/example_kubernetes_executor.py took 0.275 seconds
[2024-12-30T06:41:04.276+0000] {processor.py:186} INFO - Started process (PID=143) to work on /home/airflow/.local/lib/python3.12/site-packages/airflow/example_dags/example_kubernetes_executor.py
[2024-12-30T06:41:04.278+0000] {processor.py:914} INFO - Processing file /home/airflow/.local/lib/python3.12/site-packages/airflow/example_dags/example_kubernetes_executor.py for tasks to queue
[2024-12-30T06:41:04.279+0000] {logging_mixin.py:190} INFO - [2024-12-30T06:41:04.279+0000] {dagbag.py:588} INFO - Filling up the DagBag from /home/airflow/.local/lib/python3.12/site-packages/airflow/example_dags/example_kubernetes_executor.py
[2024-12-30T06:41:04.297+0000] {processor.py:925} INFO - DAG(s) 'example_kubernetes_executor' retrieved from /home/airflow/.local/lib/python3.12/site-packages/airflow/example_dags/example_kubernetes_executor.py
[2024-12-30T06:41:04.318+0000] {logging_mixin.py:190} INFO - [2024-12-30T06:41:04.317+0000] {dag.py:3239} INFO - Sync 1 DAGs
[2024-12-30T06:41:04.326+0000] {logging_mixin.py:190} INFO - [2024-12-30T06:41:04.326+0000] {dag.py:4180} INFO - Setting next_dagrun for example_kubernetes_executor to None, run_after=None
[2024-12-30T06:41:04.338+0000] {processor.py:208} INFO - Processing /home/airflow/.local/lib/python3.12/site-packages/airflow/example_dags/example_kubernetes_executor.py took 0.066 seconds
[2024-12-30T06:41:34.670+0000] {processor.py:186} INFO - Started process (PID=206) to work on /home/airflow/.local/lib/python3.12/site-packages/airflow/example_dags/example_kubernetes_executor.py
[2024-12-30T06:41:34.671+0000] {processor.py:914} INFO - Processing file /home/airflow/.local/lib/python3.12/site-packages/airflow/example_dags/example_kubernetes_executor.py for tasks to queue
[2024-12-30T06:41:34.673+0000] {logging_mixin.py:190} INFO - [2024-12-30T06:41:34.673+0000] {dagbag.py:588} INFO - Filling up the DagBag from /home/airflow/.local/lib/python3.12/site-packages/airflow/example_dags/example_kubernetes_executor.py
[2024-12-30T06:41:34.685+0000] {processor.py:925} INFO - DAG(s) 'example_kubernetes_executor' retrieved from /home/airflow/.local/lib/python3.12/site-packages/airflow/example_dags/example_kubernetes_executor.py
[2024-12-30T06:41:34.708+0000] {logging_mixin.py:190} INFO - [2024-12-30T06:41:34.708+0000] {dag.py:3239} INFO - Sync 1 DAGs
[2024-12-30T06:41:34.723+0000] {logging_mixin.py:190} INFO - [2024-12-30T06:41:34.722+0000] {dag.py:4180} INFO - Setting next_dagrun for example_kubernetes_executor to None, run_after=None
[2024-12-30T06:41:34.738+0000] {processor.py:208} INFO - Processing /home/airflow/.local/lib/python3.12/site-packages/airflow/example_dags/example_kubernetes_executor.py took 0.072 seconds
[2024-12-30T06:42:05.515+0000] {processor.py:186} INFO - Started process (PID=270) to work on /home/airflow/.local/lib/python3.12/site-packages/airflow/example_dags/example_kubernetes_executor.py
[2024-12-30T06:42:05.516+0000] {processor.py:914} INFO - Processing file /home/airflow/.local/lib/python3.12/site-packages/airflow/example_dags/example_kubernetes_executor.py for tasks to queue
[2024-12-30T06:42:05.519+0000] {logging_mixin.py:190} INFO - [2024-12-30T06:42:05.518+0000] {dagbag.py:588} INFO - Filling up the DagBag from /home/airflow/.local/lib/python3.12/site-packages/airflow/example_dags/example_kubernetes_executor.py
[2024-12-30T06:42:05.539+0000] {processor.py:925} INFO - DAG(s) 'example_kubernetes_executor' retrieved from /home/airflow/.local/lib/python3.12/site-packages/airflow/example_dags/example_kubernetes_executor.py
[2024-12-30T06:42:05.581+0000] {logging_mixin.py:190} INFO - [2024-12-30T06:42:05.581+0000] {dag.py:3239} INFO - Sync 1 DAGs
[2024-12-30T06:42:05.592+0000] {logging_mixin.py:190} INFO - [2024-12-30T06:42:05.592+0000] {dag.py:4180} INFO - Setting next_dagrun for example_kubernetes_executor to None, run_after=None
[2024-12-30T06:42:05.608+0000] {processor.py:208} INFO - Processing /home/airflow/.local/lib/python3.12/site-packages/airflow/example_dags/example_kubernetes_executor.py took 0.097 seconds
[2024-12-30T06:56:36.770+0000] {processor.py:186} INFO - Started process (PID=78) to work on /home/airflow/.local/lib/python3.12/site-packages/airflow/example_dags/example_kubernetes_executor.py
[2024-12-30T06:56:36.776+0000] {processor.py:914} INFO - Processing file /home/airflow/.local/lib/python3.12/site-packages/airflow/example_dags/example_kubernetes_executor.py for tasks to queue
[2024-12-30T06:56:36.784+0000] {logging_mixin.py:190} INFO - [2024-12-30T06:56:36.783+0000] {dagbag.py:588} INFO - Filling up the DagBag from /home/airflow/.local/lib/python3.12/site-packages/airflow/example_dags/example_kubernetes_executor.py
[2024-12-30T06:56:36.822+0000] {processor.py:925} INFO - DAG(s) 'example_kubernetes_executor' retrieved from /home/airflow/.local/lib/python3.12/site-packages/airflow/example_dags/example_kubernetes_executor.py
[2024-12-30T06:56:36.860+0000] {logging_mixin.py:190} INFO - [2024-12-30T06:56:36.860+0000] {dag.py:3239} INFO - Sync 1 DAGs
[2024-12-30T06:56:36.905+0000] {logging_mixin.py:190} INFO - [2024-12-30T06:56:36.905+0000] {dag.py:4180} INFO - Setting next_dagrun for example_kubernetes_executor to None, run_after=None
[2024-12-30T06:56:36.941+0000] {processor.py:208} INFO - Processing /home/airflow/.local/lib/python3.12/site-packages/airflow/example_dags/example_kubernetes_executor.py took 0.190 seconds
[2024-12-30T06:57:07.812+0000] {processor.py:186} INFO - Started process (PID=141) to work on /home/airflow/.local/lib/python3.12/site-packages/airflow/example_dags/example_kubernetes_executor.py
[2024-12-30T06:57:07.813+0000] {processor.py:914} INFO - Processing file /home/airflow/.local/lib/python3.12/site-packages/airflow/example_dags/example_kubernetes_executor.py for tasks to queue
[2024-12-30T06:57:07.815+0000] {logging_mixin.py:190} INFO - [2024-12-30T06:57:07.815+0000] {dagbag.py:588} INFO - Filling up the DagBag from /home/airflow/.local/lib/python3.12/site-packages/airflow/example_dags/example_kubernetes_executor.py
[2024-12-30T06:57:07.827+0000] {processor.py:925} INFO - DAG(s) 'example_kubernetes_executor' retrieved from /home/airflow/.local/lib/python3.12/site-packages/airflow/example_dags/example_kubernetes_executor.py
[2024-12-30T06:57:07.844+0000] {logging_mixin.py:190} INFO - [2024-12-30T06:57:07.844+0000] {dag.py:3239} INFO - Sync 1 DAGs
[2024-12-30T06:57:07.853+0000] {logging_mixin.py:190} INFO - [2024-12-30T06:57:07.853+0000] {dag.py:4180} INFO - Setting next_dagrun for example_kubernetes_executor to None, run_after=None
[2024-12-30T06:57:07.870+0000] {processor.py:208} INFO - Processing /home/airflow/.local/lib/python3.12/site-packages/airflow/example_dags/example_kubernetes_executor.py took 0.061 seconds
