[2024-12-30T05:45:58.397+0000] {processor.py:186} INFO - Started process (PID=95) to work on /home/airflow/.local/lib/python3.12/site-packages/airflow/example_dags/tutorial_taskflow_api.py
[2024-12-30T05:45:58.398+0000] {processor.py:914} INFO - Processing file /home/airflow/.local/lib/python3.12/site-packages/airflow/example_dags/tutorial_taskflow_api.py for tasks to queue
[2024-12-30T05:45:58.400+0000] {logging_mixin.py:190} INFO - [2024-12-30T05:45:58.399+0000] {dagbag.py:588} INFO - Filling up the DagBag from /home/airflow/.local/lib/python3.12/site-packages/airflow/example_dags/tutorial_taskflow_api.py
[2024-12-30T05:45:58.406+0000] {processor.py:925} INFO - DAG(s) 'tutorial_taskflow_api' retrieved from /home/airflow/.local/lib/python3.12/site-packages/airflow/example_dags/tutorial_taskflow_api.py
[2024-12-30T05:45:58.475+0000] {logging_mixin.py:190} INFO - [2024-12-30T05:45:58.474+0000] {override.py:1911} INFO - Created Permission View: can read on DAG:tutorial_taskflow_api
[2024-12-30T05:45:58.483+0000] {logging_mixin.py:190} INFO - [2024-12-30T05:45:58.482+0000] {override.py:1911} INFO - Created Permission View: can delete on DAG:tutorial_taskflow_api
[2024-12-30T05:45:58.488+0000] {logging_mixin.py:190} INFO - [2024-12-30T05:45:58.488+0000] {override.py:1911} INFO - Created Permission View: can edit on DAG:tutorial_taskflow_api
[2024-12-30T05:45:58.495+0000] {logging_mixin.py:190} INFO - [2024-12-30T05:45:58.495+0000] {override.py:1911} INFO - Created Permission View: can read on DAG Run:tutorial_taskflow_api
[2024-12-30T05:45:58.503+0000] {logging_mixin.py:190} INFO - [2024-12-30T05:45:58.503+0000] {override.py:1911} INFO - Created Permission View: can create on DAG Run:tutorial_taskflow_api
[2024-12-30T05:45:58.508+0000] {logging_mixin.py:190} INFO - [2024-12-30T05:45:58.508+0000] {override.py:1911} INFO - Created Permission View: can delete on DAG Run:tutorial_taskflow_api
[2024-12-30T05:45:58.512+0000] {logging_mixin.py:190} INFO - [2024-12-30T05:45:58.512+0000] {override.py:1911} INFO - Created Permission View: menu access on DAG Run:tutorial_taskflow_api
[2024-12-30T05:45:58.513+0000] {logging_mixin.py:190} INFO - [2024-12-30T05:45:58.512+0000] {dag.py:3239} INFO - Sync 1 DAGs
[2024-12-30T05:45:58.523+0000] {logging_mixin.py:190} INFO - [2024-12-30T05:45:58.522+0000] {dag.py:3262} INFO - Creating ORM DAG for tutorial_taskflow_api
[2024-12-30T05:45:58.523+0000] {logging_mixin.py:190} INFO - [2024-12-30T05:45:58.523+0000] {dag.py:4180} INFO - Setting next_dagrun for tutorial_taskflow_api to None, run_after=None
[2024-12-30T05:45:58.537+0000] {processor.py:208} INFO - Processing /home/airflow/.local/lib/python3.12/site-packages/airflow/example_dags/tutorial_taskflow_api.py took 0.144 seconds
[2024-12-30T05:47:23.403+0000] {processor.py:186} INFO - Started process (PID=158) to work on /home/airflow/.local/lib/python3.12/site-packages/airflow/example_dags/tutorial_taskflow_api.py
[2024-12-30T05:47:23.466+0000] {processor.py:914} INFO - Processing file /home/airflow/.local/lib/python3.12/site-packages/airflow/example_dags/tutorial_taskflow_api.py for tasks to queue
[2024-12-30T05:47:23.468+0000] {logging_mixin.py:190} INFO - [2024-12-30T05:47:23.468+0000] {dagbag.py:588} INFO - Filling up the DagBag from /home/airflow/.local/lib/python3.12/site-packages/airflow/example_dags/tutorial_taskflow_api.py
[2024-12-30T05:47:23.478+0000] {processor.py:925} INFO - DAG(s) 'tutorial_taskflow_api' retrieved from /home/airflow/.local/lib/python3.12/site-packages/airflow/example_dags/tutorial_taskflow_api.py
[2024-12-30T05:47:23.492+0000] {logging_mixin.py:190} INFO - [2024-12-30T05:47:23.492+0000] {dag.py:3239} INFO - Sync 1 DAGs
[2024-12-30T05:47:23.503+0000] {logging_mixin.py:190} INFO - [2024-12-30T05:47:23.503+0000] {dag.py:4180} INFO - Setting next_dagrun for tutorial_taskflow_api to None, run_after=None
[2024-12-30T05:47:23.550+0000] {processor.py:208} INFO - Processing /home/airflow/.local/lib/python3.12/site-packages/airflow/example_dags/tutorial_taskflow_api.py took 0.151 seconds
[2024-12-30T05:50:31.266+0000] {processor.py:186} INFO - Started process (PID=253) to work on /home/airflow/.local/lib/python3.12/site-packages/airflow/example_dags/tutorial_taskflow_api.py
[2024-12-30T05:50:31.267+0000] {processor.py:914} INFO - Processing file /home/airflow/.local/lib/python3.12/site-packages/airflow/example_dags/tutorial_taskflow_api.py for tasks to queue
[2024-12-30T05:50:31.268+0000] {logging_mixin.py:190} INFO - [2024-12-30T05:50:31.267+0000] {dagbag.py:588} INFO - Filling up the DagBag from /home/airflow/.local/lib/python3.12/site-packages/airflow/example_dags/tutorial_taskflow_api.py
[2024-12-30T05:50:31.276+0000] {processor.py:925} INFO - DAG(s) 'tutorial_taskflow_api' retrieved from /home/airflow/.local/lib/python3.12/site-packages/airflow/example_dags/tutorial_taskflow_api.py
[2024-12-30T05:50:31.293+0000] {logging_mixin.py:190} INFO - [2024-12-30T05:50:31.293+0000] {dag.py:3239} INFO - Sync 1 DAGs
[2024-12-30T05:50:31.306+0000] {logging_mixin.py:190} INFO - [2024-12-30T05:50:31.306+0000] {dag.py:4180} INFO - Setting next_dagrun for tutorial_taskflow_api to None, run_after=None
[2024-12-30T05:50:31.326+0000] {processor.py:208} INFO - Processing /home/airflow/.local/lib/python3.12/site-packages/airflow/example_dags/tutorial_taskflow_api.py took 0.065 seconds
[2024-12-30T05:52:05.899+0000] {processor.py:186} INFO - Started process (PID=311) to work on /home/airflow/.local/lib/python3.12/site-packages/airflow/example_dags/tutorial_taskflow_api.py
[2024-12-30T05:52:05.900+0000] {processor.py:914} INFO - Processing file /home/airflow/.local/lib/python3.12/site-packages/airflow/example_dags/tutorial_taskflow_api.py for tasks to queue
[2024-12-30T05:52:05.901+0000] {logging_mixin.py:190} INFO - [2024-12-30T05:52:05.901+0000] {dagbag.py:588} INFO - Filling up the DagBag from /home/airflow/.local/lib/python3.12/site-packages/airflow/example_dags/tutorial_taskflow_api.py
[2024-12-30T05:52:05.964+0000] {processor.py:925} INFO - DAG(s) 'tutorial_taskflow_api' retrieved from /home/airflow/.local/lib/python3.12/site-packages/airflow/example_dags/tutorial_taskflow_api.py
[2024-12-30T05:52:05.979+0000] {logging_mixin.py:190} INFO - [2024-12-30T05:52:05.979+0000] {dag.py:3239} INFO - Sync 1 DAGs
[2024-12-30T05:52:05.989+0000] {logging_mixin.py:190} INFO - [2024-12-30T05:52:05.989+0000] {dag.py:4180} INFO - Setting next_dagrun for tutorial_taskflow_api to None, run_after=None
[2024-12-30T05:52:06.039+0000] {processor.py:208} INFO - Processing /home/airflow/.local/lib/python3.12/site-packages/airflow/example_dags/tutorial_taskflow_api.py took 0.145 seconds
[2024-12-30T05:52:36.418+0000] {processor.py:186} INFO - Started process (PID=373) to work on /home/airflow/.local/lib/python3.12/site-packages/airflow/example_dags/tutorial_taskflow_api.py
[2024-12-30T05:52:36.419+0000] {processor.py:914} INFO - Processing file /home/airflow/.local/lib/python3.12/site-packages/airflow/example_dags/tutorial_taskflow_api.py for tasks to queue
[2024-12-30T05:52:36.420+0000] {logging_mixin.py:190} INFO - [2024-12-30T05:52:36.419+0000] {dagbag.py:588} INFO - Filling up the DagBag from /home/airflow/.local/lib/python3.12/site-packages/airflow/example_dags/tutorial_taskflow_api.py
[2024-12-30T05:52:36.480+0000] {processor.py:925} INFO - DAG(s) 'tutorial_taskflow_api' retrieved from /home/airflow/.local/lib/python3.12/site-packages/airflow/example_dags/tutorial_taskflow_api.py
[2024-12-30T05:52:36.494+0000] {logging_mixin.py:190} INFO - [2024-12-30T05:52:36.494+0000] {dag.py:3239} INFO - Sync 1 DAGs
[2024-12-30T05:52:36.504+0000] {logging_mixin.py:190} INFO - [2024-12-30T05:52:36.504+0000] {dag.py:4180} INFO - Setting next_dagrun for tutorial_taskflow_api to None, run_after=None
[2024-12-30T05:52:36.560+0000] {processor.py:208} INFO - Processing /home/airflow/.local/lib/python3.12/site-packages/airflow/example_dags/tutorial_taskflow_api.py took 0.146 seconds
[2024-12-30T05:53:07.150+0000] {processor.py:186} INFO - Started process (PID=435) to work on /home/airflow/.local/lib/python3.12/site-packages/airflow/example_dags/tutorial_taskflow_api.py
[2024-12-30T05:53:07.151+0000] {processor.py:914} INFO - Processing file /home/airflow/.local/lib/python3.12/site-packages/airflow/example_dags/tutorial_taskflow_api.py for tasks to queue
[2024-12-30T05:53:07.152+0000] {logging_mixin.py:190} INFO - [2024-12-30T05:53:07.152+0000] {dagbag.py:588} INFO - Filling up the DagBag from /home/airflow/.local/lib/python3.12/site-packages/airflow/example_dags/tutorial_taskflow_api.py
[2024-12-30T05:53:07.161+0000] {processor.py:925} INFO - DAG(s) 'tutorial_taskflow_api' retrieved from /home/airflow/.local/lib/python3.12/site-packages/airflow/example_dags/tutorial_taskflow_api.py
[2024-12-30T05:53:07.176+0000] {logging_mixin.py:190} INFO - [2024-12-30T05:53:07.176+0000] {dag.py:3239} INFO - Sync 1 DAGs
[2024-12-30T05:53:07.189+0000] {logging_mixin.py:190} INFO - [2024-12-30T05:53:07.189+0000] {dag.py:4180} INFO - Setting next_dagrun for tutorial_taskflow_api to None, run_after=None
[2024-12-30T05:53:07.203+0000] {processor.py:208} INFO - Processing /home/airflow/.local/lib/python3.12/site-packages/airflow/example_dags/tutorial_taskflow_api.py took 0.058 seconds
[2024-12-30T05:53:38.086+0000] {processor.py:186} INFO - Started process (PID=498) to work on /home/airflow/.local/lib/python3.12/site-packages/airflow/example_dags/tutorial_taskflow_api.py
[2024-12-30T05:53:38.086+0000] {processor.py:914} INFO - Processing file /home/airflow/.local/lib/python3.12/site-packages/airflow/example_dags/tutorial_taskflow_api.py for tasks to queue
[2024-12-30T05:53:38.087+0000] {logging_mixin.py:190} INFO - [2024-12-30T05:53:38.087+0000] {dagbag.py:588} INFO - Filling up the DagBag from /home/airflow/.local/lib/python3.12/site-packages/airflow/example_dags/tutorial_taskflow_api.py
[2024-12-30T05:53:38.094+0000] {processor.py:925} INFO - DAG(s) 'tutorial_taskflow_api' retrieved from /home/airflow/.local/lib/python3.12/site-packages/airflow/example_dags/tutorial_taskflow_api.py
[2024-12-30T05:53:38.109+0000] {logging_mixin.py:190} INFO - [2024-12-30T05:53:38.109+0000] {dag.py:3239} INFO - Sync 1 DAGs
[2024-12-30T05:53:38.120+0000] {logging_mixin.py:190} INFO - [2024-12-30T05:53:38.120+0000] {dag.py:4180} INFO - Setting next_dagrun for tutorial_taskflow_api to None, run_after=None
[2024-12-30T05:53:38.131+0000] {processor.py:208} INFO - Processing /home/airflow/.local/lib/python3.12/site-packages/airflow/example_dags/tutorial_taskflow_api.py took 0.052 seconds
[2024-12-30T06:07:25.300+0000] {processor.py:186} INFO - Started process (PID=541) to work on /home/airflow/.local/lib/python3.12/site-packages/airflow/example_dags/tutorial_taskflow_api.py
[2024-12-30T06:07:25.339+0000] {processor.py:914} INFO - Processing file /home/airflow/.local/lib/python3.12/site-packages/airflow/example_dags/tutorial_taskflow_api.py for tasks to queue
[2024-12-30T06:07:25.341+0000] {logging_mixin.py:190} INFO - [2024-12-30T06:07:25.340+0000] {dagbag.py:588} INFO - Filling up the DagBag from /home/airflow/.local/lib/python3.12/site-packages/airflow/example_dags/tutorial_taskflow_api.py
[2024-12-30T06:07:25.350+0000] {processor.py:925} INFO - DAG(s) 'tutorial_taskflow_api' retrieved from /home/airflow/.local/lib/python3.12/site-packages/airflow/example_dags/tutorial_taskflow_api.py
[2024-12-30T06:07:25.367+0000] {logging_mixin.py:190} INFO - [2024-12-30T06:07:25.367+0000] {dag.py:3239} INFO - Sync 1 DAGs
[2024-12-30T06:07:25.379+0000] {logging_mixin.py:190} INFO - [2024-12-30T06:07:25.379+0000] {dag.py:4180} INFO - Setting next_dagrun for tutorial_taskflow_api to None, run_after=None
[2024-12-30T06:07:25.391+0000] {processor.py:208} INFO - Processing /home/airflow/.local/lib/python3.12/site-packages/airflow/example_dags/tutorial_taskflow_api.py took 0.096 seconds
[2024-12-30T06:40:37.938+0000] {processor.py:186} INFO - Started process (PID=96) to work on /home/airflow/.local/lib/python3.12/site-packages/airflow/example_dags/tutorial_taskflow_api.py
[2024-12-30T06:40:37.941+0000] {processor.py:914} INFO - Processing file /home/airflow/.local/lib/python3.12/site-packages/airflow/example_dags/tutorial_taskflow_api.py for tasks to queue
[2024-12-30T06:40:37.944+0000] {logging_mixin.py:190} INFO - [2024-12-30T06:40:37.944+0000] {dagbag.py:588} INFO - Filling up the DagBag from /home/airflow/.local/lib/python3.12/site-packages/airflow/example_dags/tutorial_taskflow_api.py
[2024-12-30T06:40:37.954+0000] {processor.py:925} INFO - DAG(s) 'tutorial_taskflow_api' retrieved from /home/airflow/.local/lib/python3.12/site-packages/airflow/example_dags/tutorial_taskflow_api.py
[2024-12-30T06:40:38.054+0000] {logging_mixin.py:190} INFO - [2024-12-30T06:40:38.054+0000] {override.py:1911} INFO - Created Permission View: can delete on DAG:tutorial_taskflow_api
[2024-12-30T06:40:38.063+0000] {logging_mixin.py:190} INFO - [2024-12-30T06:40:38.063+0000] {override.py:1911} INFO - Created Permission View: can edit on DAG:tutorial_taskflow_api
[2024-12-30T06:40:38.069+0000] {logging_mixin.py:190} INFO - [2024-12-30T06:40:38.069+0000] {override.py:1911} INFO - Created Permission View: can read on DAG:tutorial_taskflow_api
[2024-12-30T06:40:38.078+0000] {logging_mixin.py:190} INFO - [2024-12-30T06:40:38.078+0000] {override.py:1911} INFO - Created Permission View: can delete on DAG Run:tutorial_taskflow_api
[2024-12-30T06:40:38.085+0000] {logging_mixin.py:190} INFO - [2024-12-30T06:40:38.085+0000] {override.py:1911} INFO - Created Permission View: can create on DAG Run:tutorial_taskflow_api
[2024-12-30T06:40:38.094+0000] {logging_mixin.py:190} INFO - [2024-12-30T06:40:38.094+0000] {override.py:1911} INFO - Created Permission View: menu access on DAG Run:tutorial_taskflow_api
[2024-12-30T06:40:38.099+0000] {logging_mixin.py:190} INFO - [2024-12-30T06:40:38.099+0000] {override.py:1911} INFO - Created Permission View: can read on DAG Run:tutorial_taskflow_api
[2024-12-30T06:40:38.100+0000] {logging_mixin.py:190} INFO - [2024-12-30T06:40:38.100+0000] {dag.py:3239} INFO - Sync 1 DAGs
[2024-12-30T06:40:38.111+0000] {logging_mixin.py:190} INFO - [2024-12-30T06:40:38.111+0000] {dag.py:3262} INFO - Creating ORM DAG for tutorial_taskflow_api
[2024-12-30T06:40:38.112+0000] {logging_mixin.py:190} INFO - [2024-12-30T06:40:38.112+0000] {dag.py:4180} INFO - Setting next_dagrun for tutorial_taskflow_api to None, run_after=None
[2024-12-30T06:40:38.124+0000] {processor.py:208} INFO - Processing /home/airflow/.local/lib/python3.12/site-packages/airflow/example_dags/tutorial_taskflow_api.py took 0.193 seconds
[2024-12-30T06:41:08.563+0000] {processor.py:186} INFO - Started process (PID=158) to work on /home/airflow/.local/lib/python3.12/site-packages/airflow/example_dags/tutorial_taskflow_api.py
[2024-12-30T06:41:08.564+0000] {processor.py:914} INFO - Processing file /home/airflow/.local/lib/python3.12/site-packages/airflow/example_dags/tutorial_taskflow_api.py for tasks to queue
[2024-12-30T06:41:08.566+0000] {logging_mixin.py:190} INFO - [2024-12-30T06:41:08.566+0000] {dagbag.py:588} INFO - Filling up the DagBag from /home/airflow/.local/lib/python3.12/site-packages/airflow/example_dags/tutorial_taskflow_api.py
[2024-12-30T06:41:08.573+0000] {processor.py:925} INFO - DAG(s) 'tutorial_taskflow_api' retrieved from /home/airflow/.local/lib/python3.12/site-packages/airflow/example_dags/tutorial_taskflow_api.py
[2024-12-30T06:41:08.589+0000] {logging_mixin.py:190} INFO - [2024-12-30T06:41:08.589+0000] {dag.py:3239} INFO - Sync 1 DAGs
[2024-12-30T06:41:08.599+0000] {logging_mixin.py:190} INFO - [2024-12-30T06:41:08.599+0000] {dag.py:4180} INFO - Setting next_dagrun for tutorial_taskflow_api to None, run_after=None
[2024-12-30T06:41:08.613+0000] {processor.py:208} INFO - Processing /home/airflow/.local/lib/python3.12/site-packages/airflow/example_dags/tutorial_taskflow_api.py took 0.054 seconds
[2024-12-30T06:41:39.469+0000] {processor.py:186} INFO - Started process (PID=221) to work on /home/airflow/.local/lib/python3.12/site-packages/airflow/example_dags/tutorial_taskflow_api.py
[2024-12-30T06:41:39.469+0000] {processor.py:914} INFO - Processing file /home/airflow/.local/lib/python3.12/site-packages/airflow/example_dags/tutorial_taskflow_api.py for tasks to queue
[2024-12-30T06:41:39.471+0000] {logging_mixin.py:190} INFO - [2024-12-30T06:41:39.471+0000] {dagbag.py:588} INFO - Filling up the DagBag from /home/airflow/.local/lib/python3.12/site-packages/airflow/example_dags/tutorial_taskflow_api.py
[2024-12-30T06:41:39.478+0000] {processor.py:925} INFO - DAG(s) 'tutorial_taskflow_api' retrieved from /home/airflow/.local/lib/python3.12/site-packages/airflow/example_dags/tutorial_taskflow_api.py
[2024-12-30T06:41:39.490+0000] {logging_mixin.py:190} INFO - [2024-12-30T06:41:39.490+0000] {dag.py:3239} INFO - Sync 1 DAGs
[2024-12-30T06:41:39.499+0000] {logging_mixin.py:190} INFO - [2024-12-30T06:41:39.499+0000] {dag.py:4180} INFO - Setting next_dagrun for tutorial_taskflow_api to None, run_after=None
[2024-12-30T06:41:39.509+0000] {processor.py:208} INFO - Processing /home/airflow/.local/lib/python3.12/site-packages/airflow/example_dags/tutorial_taskflow_api.py took 0.045 seconds
[2024-12-30T06:56:39.214+0000] {processor.py:186} INFO - Started process (PID=93) to work on /home/airflow/.local/lib/python3.12/site-packages/airflow/example_dags/tutorial_taskflow_api.py
[2024-12-30T06:56:39.218+0000] {processor.py:914} INFO - Processing file /home/airflow/.local/lib/python3.12/site-packages/airflow/example_dags/tutorial_taskflow_api.py for tasks to queue
[2024-12-30T06:56:39.220+0000] {logging_mixin.py:190} INFO - [2024-12-30T06:56:39.219+0000] {dagbag.py:588} INFO - Filling up the DagBag from /home/airflow/.local/lib/python3.12/site-packages/airflow/example_dags/tutorial_taskflow_api.py
[2024-12-30T06:56:39.231+0000] {processor.py:925} INFO - DAG(s) 'tutorial_taskflow_api' retrieved from /home/airflow/.local/lib/python3.12/site-packages/airflow/example_dags/tutorial_taskflow_api.py
[2024-12-30T06:56:39.244+0000] {logging_mixin.py:190} INFO - [2024-12-30T06:56:39.244+0000] {dag.py:3239} INFO - Sync 1 DAGs
[2024-12-30T06:56:39.252+0000] {logging_mixin.py:190} INFO - [2024-12-30T06:56:39.252+0000] {dag.py:4180} INFO - Setting next_dagrun for tutorial_taskflow_api to None, run_after=None
[2024-12-30T06:56:39.280+0000] {processor.py:208} INFO - Processing /home/airflow/.local/lib/python3.12/site-packages/airflow/example_dags/tutorial_taskflow_api.py took 0.070 seconds
[2024-12-30T06:57:09.881+0000] {processor.py:186} INFO - Started process (PID=155) to work on /home/airflow/.local/lib/python3.12/site-packages/airflow/example_dags/tutorial_taskflow_api.py
[2024-12-30T06:57:09.883+0000] {processor.py:914} INFO - Processing file /home/airflow/.local/lib/python3.12/site-packages/airflow/example_dags/tutorial_taskflow_api.py for tasks to queue
[2024-12-30T06:57:09.885+0000] {logging_mixin.py:190} INFO - [2024-12-30T06:57:09.885+0000] {dagbag.py:588} INFO - Filling up the DagBag from /home/airflow/.local/lib/python3.12/site-packages/airflow/example_dags/tutorial_taskflow_api.py
[2024-12-30T06:57:09.893+0000] {processor.py:925} INFO - DAG(s) 'tutorial_taskflow_api' retrieved from /home/airflow/.local/lib/python3.12/site-packages/airflow/example_dags/tutorial_taskflow_api.py
[2024-12-30T06:57:09.912+0000] {logging_mixin.py:190} INFO - [2024-12-30T06:57:09.912+0000] {dag.py:3239} INFO - Sync 1 DAGs
[2024-12-30T06:57:09.929+0000] {logging_mixin.py:190} INFO - [2024-12-30T06:57:09.929+0000] {dag.py:4180} INFO - Setting next_dagrun for tutorial_taskflow_api to None, run_after=None
[2024-12-30T06:57:09.948+0000] {processor.py:208} INFO - Processing /home/airflow/.local/lib/python3.12/site-packages/airflow/example_dags/tutorial_taskflow_api.py took 0.071 seconds
