[2024-12-30T05:46:01.668+0000] {processor.py:186} INFO - Started process (PID=112) to work on /home/airflow/.local/lib/python3.12/site-packages/airflow/example_dags/tutorial_taskflow_templates.py
[2024-12-30T05:46:01.669+0000] {processor.py:914} INFO - Processing file /home/airflow/.local/lib/python3.12/site-packages/airflow/example_dags/tutorial_taskflow_templates.py for tasks to queue
[2024-12-30T05:46:01.671+0000] {logging_mixin.py:190} INFO - [2024-12-30T05:46:01.671+0000] {dagbag.py:588} INFO - Filling up the DagBag from /home/airflow/.local/lib/python3.12/site-packages/airflow/example_dags/tutorial_taskflow_templates.py
[2024-12-30T05:46:01.682+0000] {processor.py:925} INFO - DAG(s) 'tutorial_taskflow_templates' retrieved from /home/airflow/.local/lib/python3.12/site-packages/airflow/example_dags/tutorial_taskflow_templates.py
[2024-12-30T05:46:01.758+0000] {logging_mixin.py:190} INFO - [2024-12-30T05:46:01.758+0000] {override.py:1911} INFO - Created Permission View: can read on DAG:tutorial_taskflow_templates
[2024-12-30T05:46:01.767+0000] {logging_mixin.py:190} INFO - [2024-12-30T05:46:01.767+0000] {override.py:1911} INFO - Created Permission View: can delete on DAG:tutorial_taskflow_templates
[2024-12-30T05:46:01.771+0000] {logging_mixin.py:190} INFO - [2024-12-30T05:46:01.771+0000] {override.py:1911} INFO - Created Permission View: can edit on DAG:tutorial_taskflow_templates
[2024-12-30T05:46:01.778+0000] {logging_mixin.py:190} INFO - [2024-12-30T05:46:01.778+0000] {override.py:1911} INFO - Created Permission View: can read on DAG Run:tutorial_taskflow_templates
[2024-12-30T05:46:01.783+0000] {logging_mixin.py:190} INFO - [2024-12-30T05:46:01.783+0000] {override.py:1911} INFO - Created Permission View: can create on DAG Run:tutorial_taskflow_templates
[2024-12-30T05:46:01.789+0000] {logging_mixin.py:190} INFO - [2024-12-30T05:46:01.788+0000] {override.py:1911} INFO - Created Permission View: can delete on DAG Run:tutorial_taskflow_templates
[2024-12-30T05:46:01.795+0000] {logging_mixin.py:190} INFO - [2024-12-30T05:46:01.794+0000] {override.py:1911} INFO - Created Permission View: menu access on DAG Run:tutorial_taskflow_templates
[2024-12-30T05:46:01.796+0000] {logging_mixin.py:190} INFO - [2024-12-30T05:46:01.795+0000] {dag.py:3239} INFO - Sync 1 DAGs
[2024-12-30T05:46:01.807+0000] {logging_mixin.py:190} INFO - [2024-12-30T05:46:01.807+0000] {dag.py:3262} INFO - Creating ORM DAG for tutorial_taskflow_templates
[2024-12-30T05:46:01.816+0000] {logging_mixin.py:190} INFO - [2024-12-30T05:46:01.816+0000] {dag.py:4180} INFO - Setting next_dagrun for tutorial_taskflow_templates to 2024-12-29 00:00:00+00:00, run_after=2024-12-30 00:00:00+00:00
[2024-12-30T05:46:01.830+0000] {processor.py:208} INFO - Processing /home/airflow/.local/lib/python3.12/site-packages/airflow/example_dags/tutorial_taskflow_templates.py took 0.166 seconds
[2024-12-30T05:49:56.316+0000] {processor.py:186} INFO - Started process (PID=201) to work on /home/airflow/.local/lib/python3.12/site-packages/airflow/example_dags/tutorial_taskflow_templates.py
[2024-12-30T05:49:56.373+0000] {processor.py:914} INFO - Processing file /home/airflow/.local/lib/python3.12/site-packages/airflow/example_dags/tutorial_taskflow_templates.py for tasks to queue
[2024-12-30T05:49:56.377+0000] {logging_mixin.py:190} INFO - [2024-12-30T05:49:56.376+0000] {dagbag.py:588} INFO - Filling up the DagBag from /home/airflow/.local/lib/python3.12/site-packages/airflow/example_dags/tutorial_taskflow_templates.py
[2024-12-30T05:49:56.394+0000] {processor.py:925} INFO - DAG(s) 'tutorial_taskflow_templates' retrieved from /home/airflow/.local/lib/python3.12/site-packages/airflow/example_dags/tutorial_taskflow_templates.py
[2024-12-30T05:49:56.479+0000] {logging_mixin.py:190} INFO - [2024-12-30T05:49:56.478+0000] {dag.py:3239} INFO - Sync 1 DAGs
[2024-12-30T05:49:56.497+0000] {logging_mixin.py:190} INFO - [2024-12-30T05:49:56.497+0000] {dag.py:4180} INFO - Setting next_dagrun for tutorial_taskflow_templates to 2024-12-29 00:00:00+00:00, run_after=2024-12-30 00:00:00+00:00
[2024-12-30T05:49:56.548+0000] {processor.py:208} INFO - Processing /home/airflow/.local/lib/python3.12/site-packages/airflow/example_dags/tutorial_taskflow_templates.py took 0.236 seconds
[2024-12-30T05:51:50.314+0000] {processor.py:186} INFO - Started process (PID=272) to work on /home/airflow/.local/lib/python3.12/site-packages/airflow/example_dags/tutorial_taskflow_templates.py
[2024-12-30T05:51:50.315+0000] {processor.py:914} INFO - Processing file /home/airflow/.local/lib/python3.12/site-packages/airflow/example_dags/tutorial_taskflow_templates.py for tasks to queue
[2024-12-30T05:51:50.317+0000] {logging_mixin.py:190} INFO - [2024-12-30T05:51:50.316+0000] {dagbag.py:588} INFO - Filling up the DagBag from /home/airflow/.local/lib/python3.12/site-packages/airflow/example_dags/tutorial_taskflow_templates.py
[2024-12-30T05:51:50.376+0000] {processor.py:925} INFO - DAG(s) 'tutorial_taskflow_templates' retrieved from /home/airflow/.local/lib/python3.12/site-packages/airflow/example_dags/tutorial_taskflow_templates.py
[2024-12-30T05:51:50.391+0000] {logging_mixin.py:190} INFO - [2024-12-30T05:51:50.391+0000] {dag.py:3239} INFO - Sync 1 DAGs
[2024-12-30T05:51:50.408+0000] {logging_mixin.py:190} INFO - [2024-12-30T05:51:50.408+0000] {dag.py:4180} INFO - Setting next_dagrun for tutorial_taskflow_templates to 2024-12-29 00:00:00+00:00, run_after=2024-12-30 00:00:00+00:00
[2024-12-30T05:51:50.446+0000] {processor.py:208} INFO - Processing /home/airflow/.local/lib/python3.12/site-packages/airflow/example_dags/tutorial_taskflow_templates.py took 0.137 seconds
[2024-12-30T05:52:21.143+0000] {processor.py:186} INFO - Started process (PID=335) to work on /home/airflow/.local/lib/python3.12/site-packages/airflow/example_dags/tutorial_taskflow_templates.py
[2024-12-30T05:52:21.144+0000] {processor.py:914} INFO - Processing file /home/airflow/.local/lib/python3.12/site-packages/airflow/example_dags/tutorial_taskflow_templates.py for tasks to queue
[2024-12-30T05:52:21.145+0000] {logging_mixin.py:190} INFO - [2024-12-30T05:52:21.145+0000] {dagbag.py:588} INFO - Filling up the DagBag from /home/airflow/.local/lib/python3.12/site-packages/airflow/example_dags/tutorial_taskflow_templates.py
[2024-12-30T05:52:21.156+0000] {processor.py:925} INFO - DAG(s) 'tutorial_taskflow_templates' retrieved from /home/airflow/.local/lib/python3.12/site-packages/airflow/example_dags/tutorial_taskflow_templates.py
[2024-12-30T05:52:21.170+0000] {logging_mixin.py:190} INFO - [2024-12-30T05:52:21.170+0000] {dag.py:3239} INFO - Sync 1 DAGs
[2024-12-30T05:52:21.189+0000] {logging_mixin.py:190} INFO - [2024-12-30T05:52:21.189+0000] {dag.py:4180} INFO - Setting next_dagrun for tutorial_taskflow_templates to 2024-12-29 00:00:00+00:00, run_after=2024-12-30 00:00:00+00:00
[2024-12-30T05:52:21.200+0000] {processor.py:208} INFO - Processing /home/airflow/.local/lib/python3.12/site-packages/airflow/example_dags/tutorial_taskflow_templates.py took 0.062 seconds
[2024-12-30T05:52:51.682+0000] {processor.py:186} INFO - Started process (PID=398) to work on /home/airflow/.local/lib/python3.12/site-packages/airflow/example_dags/tutorial_taskflow_templates.py
[2024-12-30T05:52:51.683+0000] {processor.py:914} INFO - Processing file /home/airflow/.local/lib/python3.12/site-packages/airflow/example_dags/tutorial_taskflow_templates.py for tasks to queue
[2024-12-30T05:52:51.684+0000] {logging_mixin.py:190} INFO - [2024-12-30T05:52:51.684+0000] {dagbag.py:588} INFO - Filling up the DagBag from /home/airflow/.local/lib/python3.12/site-packages/airflow/example_dags/tutorial_taskflow_templates.py
[2024-12-30T05:52:51.696+0000] {processor.py:925} INFO - DAG(s) 'tutorial_taskflow_templates' retrieved from /home/airflow/.local/lib/python3.12/site-packages/airflow/example_dags/tutorial_taskflow_templates.py
[2024-12-30T05:52:51.712+0000] {logging_mixin.py:190} INFO - [2024-12-30T05:52:51.712+0000] {dag.py:3239} INFO - Sync 1 DAGs
[2024-12-30T05:52:51.731+0000] {logging_mixin.py:190} INFO - [2024-12-30T05:52:51.731+0000] {dag.py:4180} INFO - Setting next_dagrun for tutorial_taskflow_templates to 2024-12-29 00:00:00+00:00, run_after=2024-12-30 00:00:00+00:00
[2024-12-30T05:52:51.745+0000] {processor.py:208} INFO - Processing /home/airflow/.local/lib/python3.12/site-packages/airflow/example_dags/tutorial_taskflow_templates.py took 0.067 seconds
[2024-12-30T05:53:23.261+0000] {processor.py:186} INFO - Started process (PID=461) to work on /home/airflow/.local/lib/python3.12/site-packages/airflow/example_dags/tutorial_taskflow_templates.py
[2024-12-30T05:53:23.262+0000] {processor.py:914} INFO - Processing file /home/airflow/.local/lib/python3.12/site-packages/airflow/example_dags/tutorial_taskflow_templates.py for tasks to queue
[2024-12-30T05:53:23.263+0000] {logging_mixin.py:190} INFO - [2024-12-30T05:53:23.263+0000] {dagbag.py:588} INFO - Filling up the DagBag from /home/airflow/.local/lib/python3.12/site-packages/airflow/example_dags/tutorial_taskflow_templates.py
[2024-12-30T05:53:23.275+0000] {processor.py:925} INFO - DAG(s) 'tutorial_taskflow_templates' retrieved from /home/airflow/.local/lib/python3.12/site-packages/airflow/example_dags/tutorial_taskflow_templates.py
[2024-12-30T05:53:23.290+0000] {logging_mixin.py:190} INFO - [2024-12-30T05:53:23.290+0000] {dag.py:3239} INFO - Sync 1 DAGs
[2024-12-30T05:53:23.307+0000] {logging_mixin.py:190} INFO - [2024-12-30T05:53:23.307+0000] {dag.py:4180} INFO - Setting next_dagrun for tutorial_taskflow_templates to 2024-12-29 00:00:00+00:00, run_after=2024-12-30 00:00:00+00:00
[2024-12-30T05:53:23.321+0000] {processor.py:208} INFO - Processing /home/airflow/.local/lib/python3.12/site-packages/airflow/example_dags/tutorial_taskflow_templates.py took 0.064 seconds
[2024-12-30T06:07:30.758+0000] {processor.py:186} INFO - Started process (PID=558) to work on /home/airflow/.local/lib/python3.12/site-packages/airflow/example_dags/tutorial_taskflow_templates.py
[2024-12-30T06:07:30.760+0000] {processor.py:914} INFO - Processing file /home/airflow/.local/lib/python3.12/site-packages/airflow/example_dags/tutorial_taskflow_templates.py for tasks to queue
[2024-12-30T06:07:30.761+0000] {logging_mixin.py:190} INFO - [2024-12-30T06:07:30.761+0000] {dagbag.py:588} INFO - Filling up the DagBag from /home/airflow/.local/lib/python3.12/site-packages/airflow/example_dags/tutorial_taskflow_templates.py
[2024-12-30T06:07:30.771+0000] {processor.py:925} INFO - DAG(s) 'tutorial_taskflow_templates' retrieved from /home/airflow/.local/lib/python3.12/site-packages/airflow/example_dags/tutorial_taskflow_templates.py
[2024-12-30T06:07:30.787+0000] {logging_mixin.py:190} INFO - [2024-12-30T06:07:30.787+0000] {dag.py:3239} INFO - Sync 1 DAGs
[2024-12-30T06:07:30.805+0000] {logging_mixin.py:190} INFO - [2024-12-30T06:07:30.805+0000] {dag.py:4180} INFO - Setting next_dagrun for tutorial_taskflow_templates to 2024-12-29 00:00:00+00:00, run_after=2024-12-30 00:00:00+00:00
[2024-12-30T06:07:30.817+0000] {processor.py:208} INFO - Processing /home/airflow/.local/lib/python3.12/site-packages/airflow/example_dags/tutorial_taskflow_templates.py took 0.063 seconds
[2024-12-30T06:40:42.923+0000] {processor.py:186} INFO - Started process (PID=113) to work on /home/airflow/.local/lib/python3.12/site-packages/airflow/example_dags/tutorial_taskflow_templates.py
[2024-12-30T06:40:42.924+0000] {processor.py:914} INFO - Processing file /home/airflow/.local/lib/python3.12/site-packages/airflow/example_dags/tutorial_taskflow_templates.py for tasks to queue
[2024-12-30T06:40:42.930+0000] {logging_mixin.py:190} INFO - [2024-12-30T06:40:42.929+0000] {dagbag.py:588} INFO - Filling up the DagBag from /home/airflow/.local/lib/python3.12/site-packages/airflow/example_dags/tutorial_taskflow_templates.py
[2024-12-30T06:40:42.945+0000] {processor.py:925} INFO - DAG(s) 'tutorial_taskflow_templates' retrieved from /home/airflow/.local/lib/python3.12/site-packages/airflow/example_dags/tutorial_taskflow_templates.py
[2024-12-30T06:40:43.030+0000] {logging_mixin.py:190} INFO - [2024-12-30T06:40:43.030+0000] {override.py:1911} INFO - Created Permission View: can delete on DAG:tutorial_taskflow_templates
[2024-12-30T06:40:43.039+0000] {logging_mixin.py:190} INFO - [2024-12-30T06:40:43.039+0000] {override.py:1911} INFO - Created Permission View: can edit on DAG:tutorial_taskflow_templates
[2024-12-30T06:40:43.044+0000] {logging_mixin.py:190} INFO - [2024-12-30T06:40:43.044+0000] {override.py:1911} INFO - Created Permission View: can read on DAG:tutorial_taskflow_templates
[2024-12-30T06:40:43.051+0000] {logging_mixin.py:190} INFO - [2024-12-30T06:40:43.051+0000] {override.py:1911} INFO - Created Permission View: can delete on DAG Run:tutorial_taskflow_templates
[2024-12-30T06:40:43.057+0000] {logging_mixin.py:190} INFO - [2024-12-30T06:40:43.057+0000] {override.py:1911} INFO - Created Permission View: can create on DAG Run:tutorial_taskflow_templates
[2024-12-30T06:40:43.064+0000] {logging_mixin.py:190} INFO - [2024-12-30T06:40:43.063+0000] {override.py:1911} INFO - Created Permission View: menu access on DAG Run:tutorial_taskflow_templates
[2024-12-30T06:40:43.070+0000] {logging_mixin.py:190} INFO - [2024-12-30T06:40:43.070+0000] {override.py:1911} INFO - Created Permission View: can read on DAG Run:tutorial_taskflow_templates
[2024-12-30T06:40:43.071+0000] {logging_mixin.py:190} INFO - [2024-12-30T06:40:43.070+0000] {dag.py:3239} INFO - Sync 1 DAGs
[2024-12-30T06:40:43.081+0000] {logging_mixin.py:190} INFO - [2024-12-30T06:40:43.081+0000] {dag.py:3262} INFO - Creating ORM DAG for tutorial_taskflow_templates
[2024-12-30T06:40:43.091+0000] {logging_mixin.py:190} INFO - [2024-12-30T06:40:43.091+0000] {dag.py:4180} INFO - Setting next_dagrun for tutorial_taskflow_templates to 2024-12-29 00:00:00+00:00, run_after=2024-12-30 00:00:00+00:00
[2024-12-30T06:40:43.106+0000] {processor.py:208} INFO - Processing /home/airflow/.local/lib/python3.12/site-packages/airflow/example_dags/tutorial_taskflow_templates.py took 0.188 seconds
[2024-12-30T06:41:13.147+0000] {processor.py:186} INFO - Started process (PID=176) to work on /home/airflow/.local/lib/python3.12/site-packages/airflow/example_dags/tutorial_taskflow_templates.py
[2024-12-30T06:41:13.148+0000] {processor.py:914} INFO - Processing file /home/airflow/.local/lib/python3.12/site-packages/airflow/example_dags/tutorial_taskflow_templates.py for tasks to queue
[2024-12-30T06:41:13.150+0000] {logging_mixin.py:190} INFO - [2024-12-30T06:41:13.150+0000] {dagbag.py:588} INFO - Filling up the DagBag from /home/airflow/.local/lib/python3.12/site-packages/airflow/example_dags/tutorial_taskflow_templates.py
[2024-12-30T06:41:13.161+0000] {processor.py:925} INFO - DAG(s) 'tutorial_taskflow_templates' retrieved from /home/airflow/.local/lib/python3.12/site-packages/airflow/example_dags/tutorial_taskflow_templates.py
[2024-12-30T06:41:13.176+0000] {logging_mixin.py:190} INFO - [2024-12-30T06:41:13.176+0000] {dag.py:3239} INFO - Sync 1 DAGs
[2024-12-30T06:41:13.195+0000] {logging_mixin.py:190} INFO - [2024-12-30T06:41:13.195+0000] {dag.py:4180} INFO - Setting next_dagrun for tutorial_taskflow_templates to 2024-12-29 00:00:00+00:00, run_after=2024-12-30 00:00:00+00:00
[2024-12-30T06:41:13.211+0000] {processor.py:208} INFO - Processing /home/airflow/.local/lib/python3.12/site-packages/airflow/example_dags/tutorial_taskflow_templates.py took 0.069 seconds
[2024-12-30T06:41:43.510+0000] {processor.py:186} INFO - Started process (PID=239) to work on /home/airflow/.local/lib/python3.12/site-packages/airflow/example_dags/tutorial_taskflow_templates.py
[2024-12-30T06:41:43.511+0000] {processor.py:914} INFO - Processing file /home/airflow/.local/lib/python3.12/site-packages/airflow/example_dags/tutorial_taskflow_templates.py for tasks to queue
[2024-12-30T06:41:43.513+0000] {logging_mixin.py:190} INFO - [2024-12-30T06:41:43.512+0000] {dagbag.py:588} INFO - Filling up the DagBag from /home/airflow/.local/lib/python3.12/site-packages/airflow/example_dags/tutorial_taskflow_templates.py
[2024-12-30T06:41:43.522+0000] {processor.py:925} INFO - DAG(s) 'tutorial_taskflow_templates' retrieved from /home/airflow/.local/lib/python3.12/site-packages/airflow/example_dags/tutorial_taskflow_templates.py
[2024-12-30T06:41:43.535+0000] {logging_mixin.py:190} INFO - [2024-12-30T06:41:43.534+0000] {dag.py:3239} INFO - Sync 1 DAGs
[2024-12-30T06:41:43.550+0000] {logging_mixin.py:190} INFO - [2024-12-30T06:41:43.550+0000] {dag.py:4180} INFO - Setting next_dagrun for tutorial_taskflow_templates to 2024-12-29 00:00:00+00:00, run_after=2024-12-30 00:00:00+00:00
[2024-12-30T06:41:43.561+0000] {processor.py:208} INFO - Processing /home/airflow/.local/lib/python3.12/site-packages/airflow/example_dags/tutorial_taskflow_templates.py took 0.055 seconds
[2024-12-30T06:56:42.452+0000] {processor.py:186} INFO - Started process (PID=110) to work on /home/airflow/.local/lib/python3.12/site-packages/airflow/example_dags/tutorial_taskflow_templates.py
[2024-12-30T06:56:42.453+0000] {processor.py:914} INFO - Processing file /home/airflow/.local/lib/python3.12/site-packages/airflow/example_dags/tutorial_taskflow_templates.py for tasks to queue
[2024-12-30T06:56:42.454+0000] {logging_mixin.py:190} INFO - [2024-12-30T06:56:42.454+0000] {dagbag.py:588} INFO - Filling up the DagBag from /home/airflow/.local/lib/python3.12/site-packages/airflow/example_dags/tutorial_taskflow_templates.py
[2024-12-30T06:56:42.464+0000] {processor.py:925} INFO - DAG(s) 'tutorial_taskflow_templates' retrieved from /home/airflow/.local/lib/python3.12/site-packages/airflow/example_dags/tutorial_taskflow_templates.py
[2024-12-30T06:56:42.479+0000] {logging_mixin.py:190} INFO - [2024-12-30T06:56:42.478+0000] {dag.py:3239} INFO - Sync 1 DAGs
[2024-12-30T06:56:42.496+0000] {logging_mixin.py:190} INFO - [2024-12-30T06:56:42.496+0000] {dag.py:4180} INFO - Setting next_dagrun for tutorial_taskflow_templates to 2024-12-29 00:00:00+00:00, run_after=2024-12-30 00:00:00+00:00
[2024-12-30T06:56:42.507+0000] {processor.py:208} INFO - Processing /home/airflow/.local/lib/python3.12/site-packages/airflow/example_dags/tutorial_taskflow_templates.py took 0.059 seconds
