[2024-12-30T05:45:58.889+0000] {processor.py:186} INFO - Started process (PID=100) to work on /home/airflow/.local/lib/python3.12/site-packages/airflow/example_dags/tutorial.py
[2024-12-30T05:45:58.889+0000] {processor.py:914} INFO - Processing file /home/airflow/.local/lib/python3.12/site-packages/airflow/example_dags/tutorial.py for tasks to queue
[2024-12-30T05:45:58.892+0000] {logging_mixin.py:190} INFO - [2024-12-30T05:45:58.891+0000] {dagbag.py:588} INFO - Filling up the DagBag from /home/airflow/.local/lib/python3.12/site-packages/airflow/example_dags/tutorial.py
[2024-12-30T05:45:58.900+0000] {processor.py:925} INFO - DAG(s) 'tutorial' retrieved from /home/airflow/.local/lib/python3.12/site-packages/airflow/example_dags/tutorial.py
[2024-12-30T05:45:58.979+0000] {logging_mixin.py:190} INFO - [2024-12-30T05:45:58.978+0000] {override.py:1911} INFO - Created Permission View: can read on DAG:tutorial
[2024-12-30T05:45:58.989+0000] {logging_mixin.py:190} INFO - [2024-12-30T05:45:58.989+0000] {override.py:1911} INFO - Created Permission View: can delete on DAG:tutorial
[2024-12-30T05:45:58.994+0000] {logging_mixin.py:190} INFO - [2024-12-30T05:45:58.993+0000] {override.py:1911} INFO - Created Permission View: can edit on DAG:tutorial
[2024-12-30T05:45:59.000+0000] {logging_mixin.py:190} INFO - [2024-12-30T05:45:59.000+0000] {override.py:1911} INFO - Created Permission View: can read on DAG Run:tutorial
[2024-12-30T05:45:59.006+0000] {logging_mixin.py:190} INFO - [2024-12-30T05:45:59.005+0000] {override.py:1911} INFO - Created Permission View: can create on DAG Run:tutorial
[2024-12-30T05:45:59.011+0000] {logging_mixin.py:190} INFO - [2024-12-30T05:45:59.011+0000] {override.py:1911} INFO - Created Permission View: can delete on DAG Run:tutorial
[2024-12-30T05:45:59.017+0000] {logging_mixin.py:190} INFO - [2024-12-30T05:45:59.016+0000] {override.py:1911} INFO - Created Permission View: menu access on DAG Run:tutorial
[2024-12-30T05:45:59.017+0000] {logging_mixin.py:190} INFO - [2024-12-30T05:45:59.017+0000] {dag.py:3239} INFO - Sync 1 DAGs
[2024-12-30T05:45:59.028+0000] {logging_mixin.py:190} INFO - [2024-12-30T05:45:59.027+0000] {dag.py:3262} INFO - Creating ORM DAG for tutorial
[2024-12-30T05:45:59.036+0000] {logging_mixin.py:190} INFO - [2024-12-30T05:45:59.036+0000] {dag.py:4180} INFO - Setting next_dagrun for tutorial to 2024-12-29 00:00:00+00:00, run_after=2024-12-30 00:00:00+00:00
[2024-12-30T05:45:59.047+0000] {processor.py:208} INFO - Processing /home/airflow/.local/lib/python3.12/site-packages/airflow/example_dags/tutorial.py took 0.165 seconds
[2024-12-30T05:47:29.145+0000] {processor.py:186} INFO - Started process (PID=189) to work on /home/airflow/.local/lib/python3.12/site-packages/airflow/example_dags/tutorial.py
[2024-12-30T05:47:29.201+0000] {processor.py:914} INFO - Processing file /home/airflow/.local/lib/python3.12/site-packages/airflow/example_dags/tutorial.py for tasks to queue
[2024-12-30T05:47:29.203+0000] {logging_mixin.py:190} INFO - [2024-12-30T05:47:29.203+0000] {dagbag.py:588} INFO - Filling up the DagBag from /home/airflow/.local/lib/python3.12/site-packages/airflow/example_dags/tutorial.py
[2024-12-30T05:47:29.214+0000] {processor.py:925} INFO - DAG(s) 'tutorial' retrieved from /home/airflow/.local/lib/python3.12/site-packages/airflow/example_dags/tutorial.py
[2024-12-30T05:47:29.230+0000] {logging_mixin.py:190} INFO - [2024-12-30T05:47:29.230+0000] {dag.py:3239} INFO - Sync 1 DAGs
[2024-12-30T05:47:29.248+0000] {logging_mixin.py:190} INFO - [2024-12-30T05:47:29.248+0000] {dag.py:4180} INFO - Setting next_dagrun for tutorial to 2024-12-29 00:00:00+00:00, run_after=2024-12-30 00:00:00+00:00
[2024-12-30T05:47:29.329+0000] {processor.py:208} INFO - Processing /home/airflow/.local/lib/python3.12/site-packages/airflow/example_dags/tutorial.py took 0.191 seconds
[2024-12-30T05:50:31.735+0000] {processor.py:186} INFO - Started process (PID=258) to work on /home/airflow/.local/lib/python3.12/site-packages/airflow/example_dags/tutorial.py
[2024-12-30T05:50:31.736+0000] {processor.py:914} INFO - Processing file /home/airflow/.local/lib/python3.12/site-packages/airflow/example_dags/tutorial.py for tasks to queue
[2024-12-30T05:50:31.737+0000] {logging_mixin.py:190} INFO - [2024-12-30T05:50:31.737+0000] {dagbag.py:588} INFO - Filling up the DagBag from /home/airflow/.local/lib/python3.12/site-packages/airflow/example_dags/tutorial.py
[2024-12-30T05:50:31.748+0000] {processor.py:925} INFO - DAG(s) 'tutorial' retrieved from /home/airflow/.local/lib/python3.12/site-packages/airflow/example_dags/tutorial.py
[2024-12-30T05:50:31.765+0000] {logging_mixin.py:190} INFO - [2024-12-30T05:50:31.765+0000] {dag.py:3239} INFO - Sync 1 DAGs
[2024-12-30T05:50:31.786+0000] {logging_mixin.py:190} INFO - [2024-12-30T05:50:31.786+0000] {dag.py:4180} INFO - Setting next_dagrun for tutorial to 2024-12-29 00:00:00+00:00, run_after=2024-12-30 00:00:00+00:00
[2024-12-30T05:50:31.802+0000] {processor.py:208} INFO - Processing /home/airflow/.local/lib/python3.12/site-packages/airflow/example_dags/tutorial.py took 0.072 seconds
[2024-12-30T05:52:07.219+0000] {processor.py:186} INFO - Started process (PID=316) to work on /home/airflow/.local/lib/python3.12/site-packages/airflow/example_dags/tutorial.py
[2024-12-30T05:52:07.220+0000] {processor.py:914} INFO - Processing file /home/airflow/.local/lib/python3.12/site-packages/airflow/example_dags/tutorial.py for tasks to queue
[2024-12-30T05:52:07.221+0000] {logging_mixin.py:190} INFO - [2024-12-30T05:52:07.221+0000] {dagbag.py:588} INFO - Filling up the DagBag from /home/airflow/.local/lib/python3.12/site-packages/airflow/example_dags/tutorial.py
[2024-12-30T05:52:07.295+0000] {processor.py:925} INFO - DAG(s) 'tutorial' retrieved from /home/airflow/.local/lib/python3.12/site-packages/airflow/example_dags/tutorial.py
[2024-12-30T05:52:07.308+0000] {logging_mixin.py:190} INFO - [2024-12-30T05:52:07.308+0000] {dag.py:3239} INFO - Sync 1 DAGs
[2024-12-30T05:52:07.359+0000] {logging_mixin.py:190} INFO - [2024-12-30T05:52:07.359+0000] {dag.py:4180} INFO - Setting next_dagrun for tutorial to 2024-12-29 00:00:00+00:00, run_after=2024-12-30 00:00:00+00:00
[2024-12-30T05:52:07.379+0000] {processor.py:208} INFO - Processing /home/airflow/.local/lib/python3.12/site-packages/airflow/example_dags/tutorial.py took 0.165 seconds
[2024-12-30T05:52:37.533+0000] {processor.py:186} INFO - Started process (PID=378) to work on /home/airflow/.local/lib/python3.12/site-packages/airflow/example_dags/tutorial.py
[2024-12-30T05:52:37.534+0000] {processor.py:914} INFO - Processing file /home/airflow/.local/lib/python3.12/site-packages/airflow/example_dags/tutorial.py for tasks to queue
[2024-12-30T05:52:37.535+0000] {logging_mixin.py:190} INFO - [2024-12-30T05:52:37.534+0000] {dagbag.py:588} INFO - Filling up the DagBag from /home/airflow/.local/lib/python3.12/site-packages/airflow/example_dags/tutorial.py
[2024-12-30T05:52:37.543+0000] {processor.py:925} INFO - DAG(s) 'tutorial' retrieved from /home/airflow/.local/lib/python3.12/site-packages/airflow/example_dags/tutorial.py
[2024-12-30T05:52:37.557+0000] {logging_mixin.py:190} INFO - [2024-12-30T05:52:37.557+0000] {dag.py:3239} INFO - Sync 1 DAGs
[2024-12-30T05:52:37.609+0000] {logging_mixin.py:190} INFO - [2024-12-30T05:52:37.609+0000] {dag.py:4180} INFO - Setting next_dagrun for tutorial to 2024-12-29 00:00:00+00:00, run_after=2024-12-30 00:00:00+00:00
[2024-12-30T05:52:37.623+0000] {processor.py:208} INFO - Processing /home/airflow/.local/lib/python3.12/site-packages/airflow/example_dags/tutorial.py took 0.094 seconds
[2024-12-30T05:53:08.031+0000] {processor.py:186} INFO - Started process (PID=441) to work on /home/airflow/.local/lib/python3.12/site-packages/airflow/example_dags/tutorial.py
[2024-12-30T05:53:08.031+0000] {processor.py:914} INFO - Processing file /home/airflow/.local/lib/python3.12/site-packages/airflow/example_dags/tutorial.py for tasks to queue
[2024-12-30T05:53:08.033+0000] {logging_mixin.py:190} INFO - [2024-12-30T05:53:08.032+0000] {dagbag.py:588} INFO - Filling up the DagBag from /home/airflow/.local/lib/python3.12/site-packages/airflow/example_dags/tutorial.py
[2024-12-30T05:53:08.040+0000] {processor.py:925} INFO - DAG(s) 'tutorial' retrieved from /home/airflow/.local/lib/python3.12/site-packages/airflow/example_dags/tutorial.py
[2024-12-30T05:53:08.054+0000] {logging_mixin.py:190} INFO - [2024-12-30T05:53:08.054+0000] {dag.py:3239} INFO - Sync 1 DAGs
[2024-12-30T05:53:08.070+0000] {logging_mixin.py:190} INFO - [2024-12-30T05:53:08.070+0000] {dag.py:4180} INFO - Setting next_dagrun for tutorial to 2024-12-29 00:00:00+00:00, run_after=2024-12-30 00:00:00+00:00
[2024-12-30T05:53:08.085+0000] {processor.py:208} INFO - Processing /home/airflow/.local/lib/python3.12/site-packages/airflow/example_dags/tutorial.py took 0.060 seconds
[2024-12-30T05:53:38.349+0000] {processor.py:186} INFO - Started process (PID=504) to work on /home/airflow/.local/lib/python3.12/site-packages/airflow/example_dags/tutorial.py
[2024-12-30T05:53:38.350+0000] {processor.py:914} INFO - Processing file /home/airflow/.local/lib/python3.12/site-packages/airflow/example_dags/tutorial.py for tasks to queue
[2024-12-30T05:53:38.351+0000] {logging_mixin.py:190} INFO - [2024-12-30T05:53:38.351+0000] {dagbag.py:588} INFO - Filling up the DagBag from /home/airflow/.local/lib/python3.12/site-packages/airflow/example_dags/tutorial.py
[2024-12-30T05:53:38.358+0000] {processor.py:925} INFO - DAG(s) 'tutorial' retrieved from /home/airflow/.local/lib/python3.12/site-packages/airflow/example_dags/tutorial.py
[2024-12-30T05:53:38.373+0000] {logging_mixin.py:190} INFO - [2024-12-30T05:53:38.373+0000] {dag.py:3239} INFO - Sync 1 DAGs
[2024-12-30T05:53:38.390+0000] {logging_mixin.py:190} INFO - [2024-12-30T05:53:38.390+0000] {dag.py:4180} INFO - Setting next_dagrun for tutorial to 2024-12-29 00:00:00+00:00, run_after=2024-12-30 00:00:00+00:00
[2024-12-30T05:53:38.403+0000] {processor.py:208} INFO - Processing /home/airflow/.local/lib/python3.12/site-packages/airflow/example_dags/tutorial.py took 0.059 seconds
[2024-12-30T06:07:26.004+0000] {processor.py:186} INFO - Started process (PID=546) to work on /home/airflow/.local/lib/python3.12/site-packages/airflow/example_dags/tutorial.py
[2024-12-30T06:07:26.057+0000] {processor.py:914} INFO - Processing file /home/airflow/.local/lib/python3.12/site-packages/airflow/example_dags/tutorial.py for tasks to queue
[2024-12-30T06:07:26.061+0000] {logging_mixin.py:190} INFO - [2024-12-30T06:07:26.060+0000] {dagbag.py:588} INFO - Filling up the DagBag from /home/airflow/.local/lib/python3.12/site-packages/airflow/example_dags/tutorial.py
[2024-12-30T06:07:26.072+0000] {processor.py:925} INFO - DAG(s) 'tutorial' retrieved from /home/airflow/.local/lib/python3.12/site-packages/airflow/example_dags/tutorial.py
[2024-12-30T06:07:26.086+0000] {logging_mixin.py:190} INFO - [2024-12-30T06:07:26.086+0000] {dag.py:3239} INFO - Sync 1 DAGs
[2024-12-30T06:07:26.101+0000] {logging_mixin.py:190} INFO - [2024-12-30T06:07:26.100+0000] {dag.py:4180} INFO - Setting next_dagrun for tutorial to 2024-12-29 00:00:00+00:00, run_after=2024-12-30 00:00:00+00:00
[2024-12-30T06:07:26.160+0000] {processor.py:208} INFO - Processing /home/airflow/.local/lib/python3.12/site-packages/airflow/example_dags/tutorial.py took 0.160 seconds
[2024-12-30T06:40:38.815+0000] {processor.py:186} INFO - Started process (PID=101) to work on /home/airflow/.local/lib/python3.12/site-packages/airflow/example_dags/tutorial.py
[2024-12-30T06:40:38.816+0000] {processor.py:914} INFO - Processing file /home/airflow/.local/lib/python3.12/site-packages/airflow/example_dags/tutorial.py for tasks to queue
[2024-12-30T06:40:38.818+0000] {logging_mixin.py:190} INFO - [2024-12-30T06:40:38.818+0000] {dagbag.py:588} INFO - Filling up the DagBag from /home/airflow/.local/lib/python3.12/site-packages/airflow/example_dags/tutorial.py
[2024-12-30T06:40:38.825+0000] {processor.py:925} INFO - DAG(s) 'tutorial' retrieved from /home/airflow/.local/lib/python3.12/site-packages/airflow/example_dags/tutorial.py
[2024-12-30T06:40:38.905+0000] {logging_mixin.py:190} INFO - [2024-12-30T06:40:38.904+0000] {override.py:1911} INFO - Created Permission View: can delete on DAG:tutorial
[2024-12-30T06:40:38.913+0000] {logging_mixin.py:190} INFO - [2024-12-30T06:40:38.913+0000] {override.py:1911} INFO - Created Permission View: can edit on DAG:tutorial
[2024-12-30T06:40:38.922+0000] {logging_mixin.py:190} INFO - [2024-12-30T06:40:38.922+0000] {override.py:1911} INFO - Created Permission View: can read on DAG:tutorial
[2024-12-30T06:40:38.935+0000] {logging_mixin.py:190} INFO - [2024-12-30T06:40:38.935+0000] {override.py:1911} INFO - Created Permission View: can delete on DAG Run:tutorial
[2024-12-30T06:40:38.941+0000] {logging_mixin.py:190} INFO - [2024-12-30T06:40:38.941+0000] {override.py:1911} INFO - Created Permission View: can create on DAG Run:tutorial
[2024-12-30T06:40:38.948+0000] {logging_mixin.py:190} INFO - [2024-12-30T06:40:38.947+0000] {override.py:1911} INFO - Created Permission View: menu access on DAG Run:tutorial
[2024-12-30T06:40:38.955+0000] {logging_mixin.py:190} INFO - [2024-12-30T06:40:38.954+0000] {override.py:1911} INFO - Created Permission View: can read on DAG Run:tutorial
[2024-12-30T06:40:38.955+0000] {logging_mixin.py:190} INFO - [2024-12-30T06:40:38.955+0000] {dag.py:3239} INFO - Sync 1 DAGs
[2024-12-30T06:40:38.967+0000] {logging_mixin.py:190} INFO - [2024-12-30T06:40:38.967+0000] {dag.py:3262} INFO - Creating ORM DAG for tutorial
[2024-12-30T06:40:38.977+0000] {logging_mixin.py:190} INFO - [2024-12-30T06:40:38.977+0000] {dag.py:4180} INFO - Setting next_dagrun for tutorial to 2024-12-29 00:00:00+00:00, run_after=2024-12-30 00:00:00+00:00
[2024-12-30T06:40:39.000+0000] {processor.py:208} INFO - Processing /home/airflow/.local/lib/python3.12/site-packages/airflow/example_dags/tutorial.py took 0.189 seconds
[2024-12-30T06:41:09.080+0000] {processor.py:186} INFO - Started process (PID=164) to work on /home/airflow/.local/lib/python3.12/site-packages/airflow/example_dags/tutorial.py
[2024-12-30T06:41:09.082+0000] {processor.py:914} INFO - Processing file /home/airflow/.local/lib/python3.12/site-packages/airflow/example_dags/tutorial.py for tasks to queue
[2024-12-30T06:41:09.083+0000] {logging_mixin.py:190} INFO - [2024-12-30T06:41:09.083+0000] {dagbag.py:588} INFO - Filling up the DagBag from /home/airflow/.local/lib/python3.12/site-packages/airflow/example_dags/tutorial.py
[2024-12-30T06:41:09.090+0000] {processor.py:925} INFO - DAG(s) 'tutorial' retrieved from /home/airflow/.local/lib/python3.12/site-packages/airflow/example_dags/tutorial.py
[2024-12-30T06:41:09.103+0000] {logging_mixin.py:190} INFO - [2024-12-30T06:41:09.103+0000] {dag.py:3239} INFO - Sync 1 DAGs
[2024-12-30T06:41:09.117+0000] {logging_mixin.py:190} INFO - [2024-12-30T06:41:09.117+0000] {dag.py:4180} INFO - Setting next_dagrun for tutorial to 2024-12-29 00:00:00+00:00, run_after=2024-12-30 00:00:00+00:00
[2024-12-30T06:41:09.131+0000] {processor.py:208} INFO - Processing /home/airflow/.local/lib/python3.12/site-packages/airflow/example_dags/tutorial.py took 0.055 seconds
[2024-12-30T06:41:39.746+0000] {processor.py:186} INFO - Started process (PID=227) to work on /home/airflow/.local/lib/python3.12/site-packages/airflow/example_dags/tutorial.py
[2024-12-30T06:41:39.746+0000] {processor.py:914} INFO - Processing file /home/airflow/.local/lib/python3.12/site-packages/airflow/example_dags/tutorial.py for tasks to queue
[2024-12-30T06:41:39.748+0000] {logging_mixin.py:190} INFO - [2024-12-30T06:41:39.748+0000] {dagbag.py:588} INFO - Filling up the DagBag from /home/airflow/.local/lib/python3.12/site-packages/airflow/example_dags/tutorial.py
[2024-12-30T06:41:39.754+0000] {processor.py:925} INFO - DAG(s) 'tutorial' retrieved from /home/airflow/.local/lib/python3.12/site-packages/airflow/example_dags/tutorial.py
[2024-12-30T06:41:39.766+0000] {logging_mixin.py:190} INFO - [2024-12-30T06:41:39.766+0000] {dag.py:3239} INFO - Sync 1 DAGs
[2024-12-30T06:41:39.780+0000] {logging_mixin.py:190} INFO - [2024-12-30T06:41:39.780+0000] {dag.py:4180} INFO - Setting next_dagrun for tutorial to 2024-12-29 00:00:00+00:00, run_after=2024-12-30 00:00:00+00:00
[2024-12-30T06:41:39.791+0000] {processor.py:208} INFO - Processing /home/airflow/.local/lib/python3.12/site-packages/airflow/example_dags/tutorial.py took 0.049 seconds
[2024-12-30T06:56:39.891+0000] {processor.py:186} INFO - Started process (PID=98) to work on /home/airflow/.local/lib/python3.12/site-packages/airflow/example_dags/tutorial.py
[2024-12-30T06:56:39.893+0000] {processor.py:914} INFO - Processing file /home/airflow/.local/lib/python3.12/site-packages/airflow/example_dags/tutorial.py for tasks to queue
[2024-12-30T06:56:39.894+0000] {logging_mixin.py:190} INFO - [2024-12-30T06:56:39.894+0000] {dagbag.py:588} INFO - Filling up the DagBag from /home/airflow/.local/lib/python3.12/site-packages/airflow/example_dags/tutorial.py
[2024-12-30T06:56:39.901+0000] {processor.py:925} INFO - DAG(s) 'tutorial' retrieved from /home/airflow/.local/lib/python3.12/site-packages/airflow/example_dags/tutorial.py
[2024-12-30T06:56:39.921+0000] {logging_mixin.py:190} INFO - [2024-12-30T06:56:39.921+0000] {dag.py:3239} INFO - Sync 1 DAGs
[2024-12-30T06:56:39.947+0000] {logging_mixin.py:190} INFO - [2024-12-30T06:56:39.947+0000] {dag.py:4180} INFO - Setting next_dagrun for tutorial to 2024-12-29 00:00:00+00:00, run_after=2024-12-30 00:00:00+00:00
[2024-12-30T06:56:39.974+0000] {processor.py:208} INFO - Processing /home/airflow/.local/lib/python3.12/site-packages/airflow/example_dags/tutorial.py took 0.087 seconds
[2024-12-30T06:57:10.124+0000] {processor.py:186} INFO - Started process (PID=160) to work on /home/airflow/.local/lib/python3.12/site-packages/airflow/example_dags/tutorial.py
[2024-12-30T06:57:10.126+0000] {processor.py:914} INFO - Processing file /home/airflow/.local/lib/python3.12/site-packages/airflow/example_dags/tutorial.py for tasks to queue
[2024-12-30T06:57:10.127+0000] {logging_mixin.py:190} INFO - [2024-12-30T06:57:10.127+0000] {dagbag.py:588} INFO - Filling up the DagBag from /home/airflow/.local/lib/python3.12/site-packages/airflow/example_dags/tutorial.py
[2024-12-30T06:57:10.132+0000] {processor.py:925} INFO - DAG(s) 'tutorial' retrieved from /home/airflow/.local/lib/python3.12/site-packages/airflow/example_dags/tutorial.py
[2024-12-30T06:57:10.146+0000] {logging_mixin.py:190} INFO - [2024-12-30T06:57:10.145+0000] {dag.py:3239} INFO - Sync 1 DAGs
[2024-12-30T06:57:10.161+0000] {logging_mixin.py:190} INFO - [2024-12-30T06:57:10.161+0000] {dag.py:4180} INFO - Setting next_dagrun for tutorial to 2024-12-29 00:00:00+00:00, run_after=2024-12-30 00:00:00+00:00
[2024-12-30T06:57:10.173+0000] {processor.py:208} INFO - Processing /home/airflow/.local/lib/python3.12/site-packages/airflow/example_dags/tutorial.py took 0.052 seconds
