[2024-12-31T04:35:51.182+0000] {local_task_job_runner.py:123} INFO - ::group::Pre task execution logs
[2024-12-31T04:35:51.195+0000] {taskinstance.py:2613} INFO - Dependencies all met for dep_context=non-requeueable deps ti=<TaskInstance: data_sharing_via_xcoms_v2.get_student scheduled__2024-12-30T00:00:00+00:00 [queued]>
[2024-12-31T04:35:51.201+0000] {taskinstance.py:2613} INFO - Dependencies all met for dep_context=requeueable deps ti=<TaskInstance: data_sharing_via_xcoms_v2.get_student scheduled__2024-12-30T00:00:00+00:00 [queued]>
[2024-12-31T04:35:51.201+0000] {taskinstance.py:2866} INFO - Starting attempt 3 of 8
[2024-12-31T04:35:51.210+0000] {taskinstance.py:2889} INFO - Executing <Task(PythonOperator): get_student> on 2024-12-30 00:00:00+00:00
[2024-12-31T04:35:51.217+0000] {warnings.py:112} WARNING - /home/***/.local/lib/python3.12/site-packages/***/task/task_runner/standard_task_runner.py:70: DeprecationWarning: This process (pid=880) is multi-threaded, use of fork() may lead to deadlocks in the child.
  pid = os.fork()

[2024-12-31T04:35:51.218+0000] {standard_task_runner.py:104} INFO - Running: ['***', 'tasks', 'run', 'data_sharing_via_xcoms_v2', 'get_student', 'scheduled__2024-12-30T00:00:00+00:00', '--job-id', '29', '--raw', '--subdir', 'DAGS_FOLDER/data_sharing_via_xcoms.py', '--cfg-path', '/tmp/tmp20ct217t']
[2024-12-31T04:35:51.218+0000] {standard_task_runner.py:72} INFO - Started process 881 to run task
[2024-12-31T04:35:51.219+0000] {standard_task_runner.py:105} INFO - Job 29: Subtask get_student
[2024-12-31T04:35:51.251+0000] {task_command.py:467} INFO - Running <TaskInstance: data_sharing_via_xcoms_v2.get_student scheduled__2024-12-30T00:00:00+00:00 [running]> on host b0ef9544b3b5
[2024-12-31T04:35:51.297+0000] {taskinstance.py:3132} INFO - Exporting env vars: AIRFLOW_CTX_DAG_OWNER='tanzid' AIRFLOW_CTX_DAG_ID='data_sharing_via_xcoms_v2' AIRFLOW_CTX_TASK_ID='get_student' AIRFLOW_CTX_EXECUTION_DATE='2024-12-30T00:00:00+00:00' AIRFLOW_CTX_TRY_NUMBER='3' AIRFLOW_CTX_DAG_RUN_ID='scheduled__2024-12-30T00:00:00+00:00'
[2024-12-31T04:35:51.298+0000] {taskinstance.py:731} INFO - ::endgroup::
[2024-12-31T04:35:51.335+0000] {logging_mixin.py:190} INFO - Student Name is Tanzid with id 2405016. He/she is 26 years old. 
[2024-12-31T04:35:51.335+0000] {python.py:240} INFO - Done. Returned value was: None
[2024-12-31T04:35:51.341+0000] {taskinstance.py:340} INFO - ::group::Post task execution logs
[2024-12-31T04:35:51.341+0000] {taskinstance.py:352} INFO - Marking task as SUCCESS. dag_id=data_sharing_via_xcoms_v2, task_id=get_student, run_id=scheduled__2024-12-30T00:00:00+00:00, execution_date=20241230T000000, start_date=20241231T043551, end_date=20241231T043551
[2024-12-31T04:35:51.393+0000] {local_task_job_runner.py:266} INFO - Task exited with return code 0
[2024-12-31T04:35:51.404+0000] {taskinstance.py:3895} INFO - 0 downstream tasks scheduled from follow-on schedule check
[2024-12-31T04:35:51.405+0000] {local_task_job_runner.py:245} INFO - ::endgroup::
