[2024-12-31T09:02:58.986+0000] {local_task_job_runner.py:123} INFO - ::group::Pre task execution logs
[2024-12-31T09:02:58.998+0000] {taskinstance.py:2613} INFO - Dependencies all met for dep_context=non-requeueable deps ti=<TaskInstance: task_flow_api_dag_v1.student scheduled__2024-12-30T00:00:00+00:00 [queued]>
[2024-12-31T09:02:59.003+0000] {taskinstance.py:2613} INFO - Dependencies all met for dep_context=requeueable deps ti=<TaskInstance: task_flow_api_dag_v1.student scheduled__2024-12-30T00:00:00+00:00 [queued]>
[2024-12-31T09:02:59.004+0000] {taskinstance.py:2866} INFO - Starting attempt 1 of 1
[2024-12-31T09:02:59.012+0000] {taskinstance.py:2889} INFO - Executing <Task(_PythonDecoratedOperator): student> on 2024-12-30 00:00:00+00:00
[2024-12-31T09:02:59.017+0000] {warnings.py:112} WARNING - /home/***/.local/lib/python3.12/site-packages/***/task/task_runner/standard_task_runner.py:70: DeprecationWarning: This process (pid=477) is multi-threaded, use of fork() may lead to deadlocks in the child.
  pid = os.fork()

[2024-12-31T09:02:59.018+0000] {standard_task_runner.py:72} INFO - Started process 478 to run task
[2024-12-31T09:02:59.019+0000] {standard_task_runner.py:104} INFO - Running: ['***', 'tasks', 'run', 'task_flow_api_dag_v1', 'student', 'scheduled__2024-12-30T00:00:00+00:00', '--job-id', '46', '--raw', '--subdir', 'DAGS_FOLDER/task_flow_api_dag.py', '--cfg-path', '/tmp/tmpo1cpllv9']
[2024-12-31T09:02:59.020+0000] {standard_task_runner.py:105} INFO - Job 46: Subtask student
[2024-12-31T09:02:59.068+0000] {task_command.py:467} INFO - Running <TaskInstance: task_flow_api_dag_v1.student scheduled__2024-12-30T00:00:00+00:00 [running]> on host b0ef9544b3b5
[2024-12-31T09:02:59.158+0000] {taskinstance.py:3132} INFO - Exporting env vars: AIRFLOW_CTX_DAG_OWNER='tanzid' AIRFLOW_CTX_DAG_ID='task_flow_api_dag_v1' AIRFLOW_CTX_TASK_ID='student' AIRFLOW_CTX_EXECUTION_DATE='2024-12-30T00:00:00+00:00' AIRFLOW_CTX_TRY_NUMBER='1' AIRFLOW_CTX_DAG_RUN_ID='scheduled__2024-12-30T00:00:00+00:00'
[2024-12-31T09:02:59.158+0000] {taskinstance.py:731} INFO - ::endgroup::
[2024-12-31T09:02:59.160+0000] {logging_mixin.py:190} INFO - Student Name is Tanzid Hasanwith id 2405016. 
[2024-12-31T09:02:59.161+0000] {python.py:240} INFO - Done. Returned value was: None
[2024-12-31T09:02:59.169+0000] {taskinstance.py:340} INFO - ::group::Post task execution logs
[2024-12-31T09:02:59.170+0000] {taskinstance.py:352} INFO - Marking task as SUCCESS. dag_id=task_flow_api_dag_v1, task_id=student, run_id=scheduled__2024-12-30T00:00:00+00:00, execution_date=20241230T000000, start_date=20241231T090258, end_date=20241231T090259
[2024-12-31T09:02:59.193+0000] {local_task_job_runner.py:266} INFO - Task exited with return code 0
[2024-12-31T09:02:59.205+0000] {taskinstance.py:3895} INFO - 0 downstream tasks scheduled from follow-on schedule check
[2024-12-31T09:02:59.207+0000] {local_task_job_runner.py:245} INFO - ::endgroup::
