[2024-12-31T04:04:54.052+0000] {local_task_job_runner.py:123} INFO - ::group::Pre task execution logs
[2024-12-31T04:04:54.066+0000] {taskinstance.py:2613} INFO - Dependencies all met for dep_context=non-requeueable deps ti=<TaskInstance: python_operator_dag_v2.name scheduled__2024-12-30T00:00:00+00:00 [queued]>
[2024-12-31T04:04:54.072+0000] {taskinstance.py:2613} INFO - Dependencies all met for dep_context=requeueable deps ti=<TaskInstance: python_operator_dag_v2.name scheduled__2024-12-30T00:00:00+00:00 [queued]>
[2024-12-31T04:04:54.073+0000] {taskinstance.py:2866} INFO - Starting attempt 1 of 6
[2024-12-31T04:04:54.083+0000] {taskinstance.py:2889} INFO - Executing <Task(PythonOperator): name> on 2024-12-30 00:00:00+00:00
[2024-12-31T04:04:54.089+0000] {warnings.py:112} WARNING - /home/***/.local/lib/python3.12/site-packages/***/task/task_runner/standard_task_runner.py:70: DeprecationWarning: This process (pid=473) is multi-threaded, use of fork() may lead to deadlocks in the child.
  pid = os.fork()

[2024-12-31T04:04:54.090+0000] {standard_task_runner.py:104} INFO - Running: ['***', 'tasks', 'run', 'python_operator_dag_v2', 'name', 'scheduled__2024-12-30T00:00:00+00:00', '--job-id', '20', '--raw', '--subdir', 'DAGS_FOLDER/python_operator_dag.py', '--cfg-path', '/tmp/tmplxe_17w2']
[2024-12-31T04:04:54.091+0000] {standard_task_runner.py:72} INFO - Started process 474 to run task
[2024-12-31T04:04:54.094+0000] {standard_task_runner.py:105} INFO - Job 20: Subtask name
[2024-12-31T04:04:54.135+0000] {task_command.py:467} INFO - Running <TaskInstance: python_operator_dag_v2.name scheduled__2024-12-30T00:00:00+00:00 [running]> on host b0ef9544b3b5
[2024-12-31T04:04:54.192+0000] {taskinstance.py:3132} INFO - Exporting env vars: AIRFLOW_CTX_DAG_OWNER='tanzid' AIRFLOW_CTX_DAG_ID='python_operator_dag_v2' AIRFLOW_CTX_TASK_ID='name' AIRFLOW_CTX_EXECUTION_DATE='2024-12-30T00:00:00+00:00' AIRFLOW_CTX_TRY_NUMBER='1' AIRFLOW_CTX_DAG_RUN_ID='scheduled__2024-12-30T00:00:00+00:00'
[2024-12-31T04:04:54.193+0000] {taskinstance.py:731} INFO - ::endgroup::
[2024-12-31T04:04:54.210+0000] {logging_mixin.py:190} INFO - My name is Tanzid.I am 26 years old.
[2024-12-31T04:04:54.211+0000] {python.py:240} INFO - Done. Returned value was: None
[2024-12-31T04:04:54.220+0000] {taskinstance.py:340} INFO - ::group::Post task execution logs
[2024-12-31T04:04:54.221+0000] {taskinstance.py:352} INFO - Marking task as SUCCESS. dag_id=python_operator_dag_v2, task_id=name, run_id=scheduled__2024-12-30T00:00:00+00:00, execution_date=20241230T000000, start_date=20241231T040454, end_date=20241231T040454
[2024-12-31T04:04:54.270+0000] {local_task_job_runner.py:266} INFO - Task exited with return code 0
[2024-12-31T04:04:54.285+0000] {taskinstance.py:3895} INFO - 0 downstream tasks scheduled from follow-on schedule check
[2024-12-31T04:04:54.287+0000] {local_task_job_runner.py:245} INFO - ::endgroup::
