[2025-01-01T03:48:54.400+0000] {local_task_job_runner.py:123} INFO - ::group::Pre task execution logs
[2025-01-01T03:48:54.592+0000] {taskinstance.py:2613} INFO - Dependencies all met for dep_context=non-requeueable deps ti=<TaskInstance: scheduler_dag_with_cron_exp_v1.my_name scheduled__2024-12-22T00:00:00+00:00 [queued]>
[2025-01-01T03:48:54.628+0000] {taskinstance.py:2613} INFO - Dependencies all met for dep_context=requeueable deps ti=<TaskInstance: scheduler_dag_with_cron_exp_v1.my_name scheduled__2024-12-22T00:00:00+00:00 [queued]>
[2025-01-01T03:48:54.628+0000] {taskinstance.py:2866} INFO - Starting attempt 1 of 6
[2025-01-01T03:48:54.658+0000] {taskinstance.py:2889} INFO - Executing <Task(BashOperator): my_name> on 2024-12-22 00:00:00+00:00
[2025-01-01T03:48:54.670+0000] {standard_task_runner.py:104} INFO - Running: ['***', 'tasks', 'run', 'scheduler_dag_with_cron_exp_v1', 'my_name', 'scheduled__2024-12-22T00:00:00+00:00', '--job-id', '60', '--raw', '--subdir', 'DAGS_FOLDER/scheduler_dag_with_cron_exp.py', '--cfg-path', '/tmp/tmpde8c69ci']
[2025-01-01T03:48:54.681+0000] {standard_task_runner.py:105} INFO - Job 60: Subtask my_name
[2025-01-01T03:48:54.666+0000] {warnings.py:112} WARNING - /home/***/.local/lib/python3.12/site-packages/***/task/task_runner/standard_task_runner.py:70: DeprecationWarning: This process (pid=332) is multi-threaded, use of fork() may lead to deadlocks in the child.
  pid = os.fork()

[2025-01-01T03:48:54.691+0000] {standard_task_runner.py:72} INFO - Started process 343 to run task
[2025-01-01T03:48:54.744+0000] {task_command.py:467} INFO - Running <TaskInstance: scheduler_dag_with_cron_exp_v1.my_name scheduled__2024-12-22T00:00:00+00:00 [running]> on host b0ef9544b3b5
[2025-01-01T03:48:54.931+0000] {taskinstance.py:3132} INFO - Exporting env vars: AIRFLOW_CTX_DAG_OWNER='tanzid' AIRFLOW_CTX_DAG_ID='scheduler_dag_with_cron_exp_v1' AIRFLOW_CTX_TASK_ID='my_name' AIRFLOW_CTX_EXECUTION_DATE='2024-12-22T00:00:00+00:00' AIRFLOW_CTX_TRY_NUMBER='1' AIRFLOW_CTX_DAG_RUN_ID='scheduled__2024-12-22T00:00:00+00:00'
[2025-01-01T03:48:54.938+0000] {taskinstance.py:731} INFO - ::endgroup::
[2025-01-01T03:48:55.056+0000] {subprocess.py:78} INFO - Tmp dir root location: /tmp
[2025-01-01T03:48:55.074+0000] {subprocess.py:88} INFO - Running command: ['/usr/bin/bash', '-c', 'echo My Name is Md. Tanzid Hasan']
[2025-01-01T03:48:55.103+0000] {subprocess.py:99} INFO - Output:
[2025-01-01T03:48:55.311+0000] {subprocess.py:106} INFO - My Name is Md. Tanzid Hasan
[2025-01-01T03:48:55.316+0000] {subprocess.py:110} INFO - Command exited with return code 0
[2025-01-01T03:48:55.358+0000] {taskinstance.py:340} INFO - ::group::Post task execution logs
[2025-01-01T03:48:55.359+0000] {taskinstance.py:352} INFO - Marking task as SUCCESS. dag_id=scheduler_dag_with_cron_exp_v1, task_id=my_name, run_id=scheduled__2024-12-22T00:00:00+00:00, execution_date=20241222T000000, start_date=20250101T034854, end_date=20250101T034855
[2025-01-01T03:48:55.419+0000] {local_task_job_runner.py:266} INFO - Task exited with return code 0
[2025-01-01T03:48:55.440+0000] {taskinstance.py:3895} INFO - 0 downstream tasks scheduled from follow-on schedule check
[2025-01-01T03:48:55.445+0000] {local_task_job_runner.py:245} INFO - ::endgroup::
