[2025-01-01T04:08:44.721+0000] {local_task_job_runner.py:123} INFO - ::group::Pre task execution logs
[2025-01-01T04:08:44.740+0000] {taskinstance.py:2613} INFO - Dependencies all met for dep_context=non-requeueable deps ti=<TaskInstance: scheduler_dag_with_cron_exp_v1.my_name scheduled__2024-12-20T00:00:00+00:00 [queued]>
[2025-01-01T04:08:44.747+0000] {taskinstance.py:2613} INFO - Dependencies all met for dep_context=requeueable deps ti=<TaskInstance: scheduler_dag_with_cron_exp_v1.my_name scheduled__2024-12-20T00:00:00+00:00 [queued]>
[2025-01-01T04:08:44.747+0000] {taskinstance.py:2866} INFO - Starting attempt 2 of 6
[2025-01-01T04:08:44.757+0000] {taskinstance.py:2889} INFO - Executing <Task(BashOperator): my_name> on 2024-12-20 00:00:00+00:00
[2025-01-01T04:08:44.774+0000] {warnings.py:112} WARNING - /home/***/.local/lib/python3.12/site-packages/***/task/task_runner/standard_task_runner.py:70: DeprecationWarning: This process (pid=85) is multi-threaded, use of fork() may lead to deadlocks in the child.
  pid = os.fork()

[2025-01-01T04:08:44.781+0000] {standard_task_runner.py:104} INFO - Running: ['***', 'tasks', 'run', 'scheduler_dag_with_cron_exp_v1', 'my_name', 'scheduled__2024-12-20T00:00:00+00:00', '--job-id', '92', '--raw', '--subdir', 'DAGS_FOLDER/scheduler_dag_with_cron_exp.py', '--cfg-path', '/tmp/tmp_en0hb8d']
[2025-01-01T04:08:44.782+0000] {standard_task_runner.py:72} INFO - Started process 88 to run task
[2025-01-01T04:08:44.782+0000] {standard_task_runner.py:105} INFO - Job 92: Subtask my_name
[2025-01-01T04:08:44.868+0000] {task_command.py:467} INFO - Running <TaskInstance: scheduler_dag_with_cron_exp_v1.my_name scheduled__2024-12-20T00:00:00+00:00 [running]> on host b0ef9544b3b5
[2025-01-01T04:08:44.953+0000] {taskinstance.py:3132} INFO - Exporting env vars: AIRFLOW_CTX_DAG_OWNER='tanzid' AIRFLOW_CTX_DAG_ID='scheduler_dag_with_cron_exp_v1' AIRFLOW_CTX_TASK_ID='my_name' AIRFLOW_CTX_EXECUTION_DATE='2024-12-20T00:00:00+00:00' AIRFLOW_CTX_TRY_NUMBER='2' AIRFLOW_CTX_DAG_RUN_ID='scheduled__2024-12-20T00:00:00+00:00'
[2025-01-01T04:08:44.954+0000] {taskinstance.py:731} INFO - ::endgroup::
[2025-01-01T04:08:44.989+0000] {subprocess.py:78} INFO - Tmp dir root location: /tmp
[2025-01-01T04:08:44.997+0000] {subprocess.py:88} INFO - Running command: ['/usr/bin/bash', '-c', 'echo My Name is Md. Tanzid Hasan']
[2025-01-01T04:08:45.080+0000] {subprocess.py:99} INFO - Output:
[2025-01-01T04:08:45.106+0000] {subprocess.py:106} INFO - My Name is Md. Tanzid Hasan
[2025-01-01T04:08:45.106+0000] {subprocess.py:110} INFO - Command exited with return code 0
[2025-01-01T04:08:45.138+0000] {taskinstance.py:340} INFO - ::group::Post task execution logs
[2025-01-01T04:08:45.138+0000] {taskinstance.py:352} INFO - Marking task as SUCCESS. dag_id=scheduler_dag_with_cron_exp_v1, task_id=my_name, run_id=scheduled__2024-12-20T00:00:00+00:00, execution_date=20241220T000000, start_date=20250101T040844, end_date=20250101T040845
[2025-01-01T04:08:45.161+0000] {local_task_job_runner.py:266} INFO - Task exited with return code 0
[2025-01-01T04:08:45.172+0000] {taskinstance.py:3895} INFO - 0 downstream tasks scheduled from follow-on schedule check
[2025-01-01T04:08:45.174+0000] {local_task_job_runner.py:245} INFO - ::endgroup::
