[2024-12-30T08:42:50.444+0000] {local_task_job_runner.py:123} INFO - ::group::Pre task execution logs
[2024-12-30T08:42:50.461+0000] {taskinstance.py:2613} INFO - Dependencies all met for dep_context=non-requeueable deps ti=<TaskInstance: first_dag.first_task manual__2024-12-30T08:40:28.256970+00:00 [queued]>
[2024-12-30T08:42:50.466+0000] {taskinstance.py:2613} INFO - Dependencies all met for dep_context=requeueable deps ti=<TaskInstance: first_dag.first_task manual__2024-12-30T08:40:28.256970+00:00 [queued]>
[2024-12-30T08:42:50.467+0000] {taskinstance.py:2866} INFO - Starting attempt 2 of 6
[2024-12-30T08:42:50.475+0000] {taskinstance.py:2889} INFO - Executing <Task(BashOperator): first_task> on 2024-12-30 08:40:28.256970+00:00
[2024-12-30T08:42:50.480+0000] {warnings.py:112} WARNING - /home/***/.local/lib/python3.12/site-packages/***/task/task_runner/standard_task_runner.py:70: DeprecationWarning: This process (pid=484) is multi-threaded, use of fork() may lead to deadlocks in the child.
  pid = os.fork()

[2024-12-30T08:42:50.481+0000] {standard_task_runner.py:104} INFO - Running: ['***', 'tasks', 'run', 'first_dag', 'first_task', 'manual__2024-12-30T08:40:28.256970+00:00', '--job-id', '10', '--raw', '--subdir', 'DAGS_FOLDER/bash_operator_dag.py', '--cfg-path', '/tmp/tmpkdbrm8yb']
[2024-12-30T08:42:50.482+0000] {standard_task_runner.py:72} INFO - Started process 485 to run task
[2024-12-30T08:42:50.482+0000] {standard_task_runner.py:105} INFO - Job 10: Subtask first_task
[2024-12-30T08:42:50.511+0000] {task_command.py:467} INFO - Running <TaskInstance: first_dag.first_task manual__2024-12-30T08:40:28.256970+00:00 [running]> on host b0ef9544b3b5
[2024-12-30T08:42:50.563+0000] {taskinstance.py:3132} INFO - Exporting env vars: AIRFLOW_CTX_DAG_OWNER='tanzid' AIRFLOW_CTX_DAG_ID='first_dag' AIRFLOW_CTX_TASK_ID='first_task' AIRFLOW_CTX_EXECUTION_DATE='2024-12-30T08:40:28.256970+00:00' AIRFLOW_CTX_TRY_NUMBER='2' AIRFLOW_CTX_DAG_RUN_ID='manual__2024-12-30T08:40:28.256970+00:00'
[2024-12-30T08:42:50.564+0000] {taskinstance.py:731} INFO - ::endgroup::
[2024-12-30T08:42:50.583+0000] {subprocess.py:78} INFO - Tmp dir root location: /tmp
[2024-12-30T08:42:50.584+0000] {subprocess.py:88} INFO - Running command: ['/usr/bin/bash', '-c', 'echo hello world, this is the first task1']
[2024-12-30T08:42:50.593+0000] {subprocess.py:99} INFO - Output:
[2024-12-30T08:42:50.634+0000] {subprocess.py:106} INFO - hello world, this is the first task1
[2024-12-30T08:42:50.635+0000] {subprocess.py:110} INFO - Command exited with return code 0
[2024-12-30T08:42:50.652+0000] {taskinstance.py:340} INFO - ::group::Post task execution logs
[2024-12-30T08:42:50.652+0000] {taskinstance.py:352} INFO - Marking task as SUCCESS. dag_id=first_dag, task_id=first_task, run_id=manual__2024-12-30T08:40:28.256970+00:00, execution_date=20241230T084028, start_date=20241230T084250, end_date=20241230T084250
[2024-12-30T08:42:50.696+0000] {local_task_job_runner.py:266} INFO - Task exited with return code 0
[2024-12-30T08:42:50.706+0000] {taskinstance.py:3895} INFO - 0 downstream tasks scheduled from follow-on schedule check
[2024-12-30T08:42:50.708+0000] {local_task_job_runner.py:245} INFO - ::endgroup::
