[2024-12-31T04:29:17.201+0000] {local_task_job_runner.py:123} INFO - ::group::Pre task execution logs
[2024-12-31T04:29:17.214+0000] {taskinstance.py:2613} INFO - Dependencies all met for dep_context=non-requeueable deps ti=<TaskInstance: python_operator_dag_v3.name scheduled__2024-12-30T00:00:00+00:00 [queued]>
[2024-12-31T04:29:17.219+0000] {taskinstance.py:2613} INFO - Dependencies all met for dep_context=requeueable deps ti=<TaskInstance: python_operator_dag_v3.name scheduled__2024-12-30T00:00:00+00:00 [queued]>
[2024-12-31T04:29:17.219+0000] {taskinstance.py:2866} INFO - Starting attempt 1 of 6
[2024-12-31T04:29:17.227+0000] {taskinstance.py:2889} INFO - Executing <Task(PythonOperator): name> on 2024-12-30 00:00:00+00:00
[2024-12-31T04:29:17.233+0000] {warnings.py:112} WARNING - /home/***/.local/lib/python3.12/site-packages/***/task/task_runner/standard_task_runner.py:70: DeprecationWarning: This process (pid=788) is multi-threaded, use of fork() may lead to deadlocks in the child.
  pid = os.fork()

[2024-12-31T04:29:17.234+0000] {standard_task_runner.py:104} INFO - Running: ['***', 'tasks', 'run', 'python_operator_dag_v3', 'name', 'scheduled__2024-12-30T00:00:00+00:00', '--job-id', '24', '--raw', '--subdir', 'DAGS_FOLDER/python_operator_dag.py', '--cfg-path', '/tmp/tmpblkphzf3']
[2024-12-31T04:29:17.234+0000] {standard_task_runner.py:72} INFO - Started process 789 to run task
[2024-12-31T04:29:17.235+0000] {standard_task_runner.py:105} INFO - Job 24: Subtask name
[2024-12-31T04:29:17.267+0000] {task_command.py:467} INFO - Running <TaskInstance: python_operator_dag_v3.name scheduled__2024-12-30T00:00:00+00:00 [running]> on host b0ef9544b3b5
[2024-12-31T04:29:17.314+0000] {taskinstance.py:3132} INFO - Exporting env vars: AIRFLOW_CTX_DAG_OWNER='tanzid' AIRFLOW_CTX_DAG_ID='python_operator_dag_v3' AIRFLOW_CTX_TASK_ID='name' AIRFLOW_CTX_EXECUTION_DATE='2024-12-30T00:00:00+00:00' AIRFLOW_CTX_TRY_NUMBER='1' AIRFLOW_CTX_DAG_RUN_ID='scheduled__2024-12-30T00:00:00+00:00'
[2024-12-31T04:29:17.314+0000] {taskinstance.py:731} INFO - ::endgroup::
[2024-12-31T04:29:17.330+0000] {logging_mixin.py:190} INFO - My name is Tanzid. 
[2024-12-31T04:29:17.330+0000] {python.py:240} INFO - Done. Returned value was: None
[2024-12-31T04:29:17.337+0000] {taskinstance.py:340} INFO - ::group::Post task execution logs
[2024-12-31T04:29:17.338+0000] {taskinstance.py:352} INFO - Marking task as SUCCESS. dag_id=python_operator_dag_v3, task_id=name, run_id=scheduled__2024-12-30T00:00:00+00:00, execution_date=20241230T000000, start_date=20241231T042917, end_date=20241231T042917
[2024-12-31T04:29:17.369+0000] {local_task_job_runner.py:266} INFO - Task exited with return code 0
[2024-12-31T04:29:17.399+0000] {taskinstance.py:3895} INFO - 1 downstream tasks scheduled from follow-on schedule check
[2024-12-31T04:29:17.401+0000] {local_task_job_runner.py:245} INFO - ::endgroup::
