[2025-01-01T03:25:14.034+0000] {processor.py:186} INFO - Started process (PID=74) to work on /opt/airflow/dags/bash_operator_dag.py
[2025-01-01T03:25:14.141+0000] {processor.py:914} INFO - Processing file /opt/airflow/dags/bash_operator_dag.py for tasks to queue
[2025-01-01T03:25:14.262+0000] {logging_mixin.py:190} INFO - [2025-01-01T03:25:14.261+0000] {dagbag.py:588} INFO - Filling up the DagBag from /opt/airflow/dags/bash_operator_dag.py
[2025-01-01T03:25:14.473+0000] {processor.py:925} INFO - DAG(s) 'bash_dag_v3' retrieved from /opt/airflow/dags/bash_operator_dag.py
[2025-01-01T03:25:14.589+0000] {logging_mixin.py:190} INFO - [2025-01-01T03:25:14.588+0000] {dag.py:3239} INFO - Sync 1 DAGs
[2025-01-01T03:25:14.668+0000] {logging_mixin.py:190} INFO - [2025-01-01T03:25:14.667+0000] {dag.py:4180} INFO - Setting next_dagrun for bash_dag_v3 to 2024-12-30 00:00:00+00:00, run_after=2024-12-31 00:00:00+00:00
[2025-01-01T03:25:14.732+0000] {processor.py:208} INFO - Processing /opt/airflow/dags/bash_operator_dag.py took 0.853 seconds
[2025-01-01T03:26:13.466+0000] {processor.py:186} INFO - Started process (PID=102) to work on /opt/airflow/dags/bash_operator_dag.py
[2025-01-01T03:26:13.533+0000] {processor.py:914} INFO - Processing file /opt/airflow/dags/bash_operator_dag.py for tasks to queue
[2025-01-01T03:26:13.679+0000] {logging_mixin.py:190} INFO - [2025-01-01T03:26:13.678+0000] {dagbag.py:588} INFO - Filling up the DagBag from /opt/airflow/dags/bash_operator_dag.py
[2025-01-01T03:26:14.203+0000] {processor.py:925} INFO - DAG(s) 'bash_dag_v3' retrieved from /opt/airflow/dags/bash_operator_dag.py
[2025-01-01T03:26:32.570+0000] {logging_mixin.py:190} INFO - [2025-01-01T03:26:32.569+0000] {dag.py:3239} INFO - Sync 1 DAGs
[2025-01-01T03:26:32.942+0000] {logging_mixin.py:190} INFO - [2025-01-01T03:26:32.942+0000] {dag.py:4180} INFO - Setting next_dagrun for bash_dag_v3 to 2024-12-30 00:00:00+00:00, run_after=2024-12-31 00:00:00+00:00
[2025-01-01T03:26:33.232+0000] {processor.py:208} INFO - Processing /opt/airflow/dags/bash_operator_dag.py took 19.963 seconds
[2025-01-01T03:27:03.712+0000] {processor.py:186} INFO - Started process (PID=112) to work on /opt/airflow/dags/bash_operator_dag.py
[2025-01-01T03:27:03.714+0000] {processor.py:914} INFO - Processing file /opt/airflow/dags/bash_operator_dag.py for tasks to queue
[2025-01-01T03:27:03.719+0000] {logging_mixin.py:190} INFO - [2025-01-01T03:27:03.719+0000] {dagbag.py:588} INFO - Filling up the DagBag from /opt/airflow/dags/bash_operator_dag.py
[2025-01-01T03:27:03.804+0000] {processor.py:925} INFO - DAG(s) 'bash_dag_v3' retrieved from /opt/airflow/dags/bash_operator_dag.py
[2025-01-01T03:27:03.830+0000] {logging_mixin.py:190} INFO - [2025-01-01T03:27:03.829+0000] {dag.py:3239} INFO - Sync 1 DAGs
[2025-01-01T03:27:03.850+0000] {logging_mixin.py:190} INFO - [2025-01-01T03:27:03.850+0000] {dag.py:4180} INFO - Setting next_dagrun for bash_dag_v3 to 2024-12-30 00:00:00+00:00, run_after=2024-12-31 00:00:00+00:00
[2025-01-01T03:27:03.881+0000] {processor.py:208} INFO - Processing /opt/airflow/dags/bash_operator_dag.py took 0.177 seconds
[2025-01-01T03:27:34.289+0000] {processor.py:186} INFO - Started process (PID=122) to work on /opt/airflow/dags/bash_operator_dag.py
[2025-01-01T03:27:34.290+0000] {processor.py:914} INFO - Processing file /opt/airflow/dags/bash_operator_dag.py for tasks to queue
[2025-01-01T03:27:34.292+0000] {logging_mixin.py:190} INFO - [2025-01-01T03:27:34.291+0000] {dagbag.py:588} INFO - Filling up the DagBag from /opt/airflow/dags/bash_operator_dag.py
[2025-01-01T03:27:34.305+0000] {processor.py:925} INFO - DAG(s) 'bash_dag_v3' retrieved from /opt/airflow/dags/bash_operator_dag.py
[2025-01-01T03:27:34.323+0000] {logging_mixin.py:190} INFO - [2025-01-01T03:27:34.322+0000] {dag.py:3239} INFO - Sync 1 DAGs
[2025-01-01T03:27:34.339+0000] {logging_mixin.py:190} INFO - [2025-01-01T03:27:34.339+0000] {dag.py:4180} INFO - Setting next_dagrun for bash_dag_v3 to 2024-12-30 00:00:00+00:00, run_after=2024-12-31 00:00:00+00:00
[2025-01-01T03:27:34.498+0000] {processor.py:208} INFO - Processing /opt/airflow/dags/bash_operator_dag.py took 0.213 seconds
[2025-01-01T03:28:04.839+0000] {processor.py:186} INFO - Started process (PID=138) to work on /opt/airflow/dags/bash_operator_dag.py
[2025-01-01T03:28:04.840+0000] {processor.py:914} INFO - Processing file /opt/airflow/dags/bash_operator_dag.py for tasks to queue
[2025-01-01T03:28:04.844+0000] {logging_mixin.py:190} INFO - [2025-01-01T03:28:04.843+0000] {dagbag.py:588} INFO - Filling up the DagBag from /opt/airflow/dags/bash_operator_dag.py
[2025-01-01T03:28:04.855+0000] {processor.py:925} INFO - DAG(s) 'bash_dag_v3' retrieved from /opt/airflow/dags/bash_operator_dag.py
[2025-01-01T03:28:04.875+0000] {logging_mixin.py:190} INFO - [2025-01-01T03:28:04.875+0000] {dag.py:3239} INFO - Sync 1 DAGs
[2025-01-01T03:28:05.083+0000] {logging_mixin.py:190} INFO - [2025-01-01T03:28:05.083+0000] {dag.py:4180} INFO - Setting next_dagrun for bash_dag_v3 to 2024-12-30 00:00:00+00:00, run_after=2024-12-31 00:00:00+00:00
[2025-01-01T03:28:05.099+0000] {processor.py:208} INFO - Processing /opt/airflow/dags/bash_operator_dag.py took 0.264 seconds
[2025-01-01T03:28:35.359+0000] {processor.py:186} INFO - Started process (PID=148) to work on /opt/airflow/dags/bash_operator_dag.py
[2025-01-01T03:28:35.360+0000] {processor.py:914} INFO - Processing file /opt/airflow/dags/bash_operator_dag.py for tasks to queue
[2025-01-01T03:28:35.362+0000] {logging_mixin.py:190} INFO - [2025-01-01T03:28:35.362+0000] {dagbag.py:588} INFO - Filling up the DagBag from /opt/airflow/dags/bash_operator_dag.py
[2025-01-01T03:28:35.376+0000] {processor.py:925} INFO - DAG(s) 'bash_dag_v3' retrieved from /opt/airflow/dags/bash_operator_dag.py
[2025-01-01T03:28:35.526+0000] {logging_mixin.py:190} INFO - [2025-01-01T03:28:35.526+0000] {dag.py:3239} INFO - Sync 1 DAGs
[2025-01-01T03:28:35.540+0000] {logging_mixin.py:190} INFO - [2025-01-01T03:28:35.540+0000] {dag.py:4180} INFO - Setting next_dagrun for bash_dag_v3 to 2024-12-30 00:00:00+00:00, run_after=2024-12-31 00:00:00+00:00
[2025-01-01T03:28:35.551+0000] {processor.py:208} INFO - Processing /opt/airflow/dags/bash_operator_dag.py took 0.196 seconds
[2025-01-01T03:29:05.899+0000] {processor.py:186} INFO - Started process (PID=158) to work on /opt/airflow/dags/bash_operator_dag.py
[2025-01-01T03:29:05.900+0000] {processor.py:914} INFO - Processing file /opt/airflow/dags/bash_operator_dag.py for tasks to queue
[2025-01-01T03:29:05.903+0000] {logging_mixin.py:190} INFO - [2025-01-01T03:29:05.902+0000] {dagbag.py:588} INFO - Filling up the DagBag from /opt/airflow/dags/bash_operator_dag.py
[2025-01-01T03:29:06.052+0000] {processor.py:925} INFO - DAG(s) 'bash_dag_v3' retrieved from /opt/airflow/dags/bash_operator_dag.py
[2025-01-01T03:29:06.067+0000] {logging_mixin.py:190} INFO - [2025-01-01T03:29:06.067+0000] {dag.py:3239} INFO - Sync 1 DAGs
[2025-01-01T03:29:06.080+0000] {logging_mixin.py:190} INFO - [2025-01-01T03:29:06.080+0000] {dag.py:4180} INFO - Setting next_dagrun for bash_dag_v3 to 2024-12-30 00:00:00+00:00, run_after=2024-12-31 00:00:00+00:00
[2025-01-01T03:29:06.092+0000] {processor.py:208} INFO - Processing /opt/airflow/dags/bash_operator_dag.py took 0.197 seconds
[2025-01-01T03:29:36.462+0000] {processor.py:186} INFO - Started process (PID=168) to work on /opt/airflow/dags/bash_operator_dag.py
[2025-01-01T03:29:36.463+0000] {processor.py:914} INFO - Processing file /opt/airflow/dags/bash_operator_dag.py for tasks to queue
[2025-01-01T03:29:36.464+0000] {logging_mixin.py:190} INFO - [2025-01-01T03:29:36.464+0000] {dagbag.py:588} INFO - Filling up the DagBag from /opt/airflow/dags/bash_operator_dag.py
[2025-01-01T03:29:36.482+0000] {processor.py:925} INFO - DAG(s) 'bash_dag_v3' retrieved from /opt/airflow/dags/bash_operator_dag.py
[2025-01-01T03:29:36.500+0000] {logging_mixin.py:190} INFO - [2025-01-01T03:29:36.500+0000] {dag.py:3239} INFO - Sync 1 DAGs
[2025-01-01T03:29:36.517+0000] {logging_mixin.py:190} INFO - [2025-01-01T03:29:36.517+0000] {dag.py:4180} INFO - Setting next_dagrun for bash_dag_v3 to 2024-12-30 00:00:00+00:00, run_after=2024-12-31 00:00:00+00:00
[2025-01-01T03:29:36.533+0000] {processor.py:208} INFO - Processing /opt/airflow/dags/bash_operator_dag.py took 0.077 seconds
[2025-01-01T03:30:06.855+0000] {processor.py:186} INFO - Started process (PID=178) to work on /opt/airflow/dags/bash_operator_dag.py
[2025-01-01T03:30:06.856+0000] {processor.py:914} INFO - Processing file /opt/airflow/dags/bash_operator_dag.py for tasks to queue
[2025-01-01T03:30:06.858+0000] {logging_mixin.py:190} INFO - [2025-01-01T03:30:06.858+0000] {dagbag.py:588} INFO - Filling up the DagBag from /opt/airflow/dags/bash_operator_dag.py
[2025-01-01T03:30:07.011+0000] {processor.py:925} INFO - DAG(s) 'bash_dag_v3' retrieved from /opt/airflow/dags/bash_operator_dag.py
[2025-01-01T03:30:07.253+0000] {logging_mixin.py:190} INFO - [2025-01-01T03:30:07.252+0000] {dag.py:3239} INFO - Sync 1 DAGs
[2025-01-01T03:30:07.397+0000] {logging_mixin.py:190} INFO - [2025-01-01T03:30:07.396+0000] {dag.py:4180} INFO - Setting next_dagrun for bash_dag_v3 to 2024-12-30 00:00:00+00:00, run_after=2024-12-31 00:00:00+00:00
[2025-01-01T03:30:07.477+0000] {processor.py:208} INFO - Processing /opt/airflow/dags/bash_operator_dag.py took 0.632 seconds
[2025-01-01T03:30:37.825+0000] {processor.py:186} INFO - Started process (PID=192) to work on /opt/airflow/dags/bash_operator_dag.py
[2025-01-01T03:30:37.826+0000] {processor.py:914} INFO - Processing file /opt/airflow/dags/bash_operator_dag.py for tasks to queue
[2025-01-01T03:30:37.828+0000] {logging_mixin.py:190} INFO - [2025-01-01T03:30:37.827+0000] {dagbag.py:588} INFO - Filling up the DagBag from /opt/airflow/dags/bash_operator_dag.py
[2025-01-01T03:30:37.840+0000] {processor.py:925} INFO - DAG(s) 'bash_dag_v3' retrieved from /opt/airflow/dags/bash_operator_dag.py
[2025-01-01T03:30:37.862+0000] {logging_mixin.py:190} INFO - [2025-01-01T03:30:37.861+0000] {dag.py:3239} INFO - Sync 1 DAGs
[2025-01-01T03:30:37.879+0000] {logging_mixin.py:190} INFO - [2025-01-01T03:30:37.879+0000] {dag.py:4180} INFO - Setting next_dagrun for bash_dag_v3 to 2024-12-30 00:00:00+00:00, run_after=2024-12-31 00:00:00+00:00
[2025-01-01T03:30:37.894+0000] {processor.py:208} INFO - Processing /opt/airflow/dags/bash_operator_dag.py took 0.073 seconds
[2025-01-01T03:31:08.215+0000] {processor.py:186} INFO - Started process (PID=210) to work on /opt/airflow/dags/bash_operator_dag.py
[2025-01-01T03:31:08.216+0000] {processor.py:914} INFO - Processing file /opt/airflow/dags/bash_operator_dag.py for tasks to queue
[2025-01-01T03:31:08.218+0000] {logging_mixin.py:190} INFO - [2025-01-01T03:31:08.218+0000] {dagbag.py:588} INFO - Filling up the DagBag from /opt/airflow/dags/bash_operator_dag.py
[2025-01-01T03:31:08.232+0000] {processor.py:925} INFO - DAG(s) 'bash_dag_v3' retrieved from /opt/airflow/dags/bash_operator_dag.py
[2025-01-01T03:31:08.262+0000] {logging_mixin.py:190} INFO - [2025-01-01T03:31:08.262+0000] {dag.py:3239} INFO - Sync 1 DAGs
[2025-01-01T03:31:08.278+0000] {logging_mixin.py:190} INFO - [2025-01-01T03:31:08.278+0000] {dag.py:4180} INFO - Setting next_dagrun for bash_dag_v3 to 2024-12-30 00:00:00+00:00, run_after=2024-12-31 00:00:00+00:00
[2025-01-01T03:31:08.291+0000] {processor.py:208} INFO - Processing /opt/airflow/dags/bash_operator_dag.py took 0.081 seconds
[2025-01-01T03:31:38.988+0000] {processor.py:186} INFO - Started process (PID=220) to work on /opt/airflow/dags/bash_operator_dag.py
[2025-01-01T03:31:38.991+0000] {processor.py:914} INFO - Processing file /opt/airflow/dags/bash_operator_dag.py for tasks to queue
[2025-01-01T03:31:38.993+0000] {logging_mixin.py:190} INFO - [2025-01-01T03:31:38.992+0000] {dagbag.py:588} INFO - Filling up the DagBag from /opt/airflow/dags/bash_operator_dag.py
[2025-01-01T03:31:39.023+0000] {processor.py:925} INFO - DAG(s) 'bash_dag_v3' retrieved from /opt/airflow/dags/bash_operator_dag.py
[2025-01-01T03:31:39.271+0000] {logging_mixin.py:190} INFO - [2025-01-01T03:31:39.271+0000] {dag.py:3239} INFO - Sync 1 DAGs
[2025-01-01T03:31:39.296+0000] {logging_mixin.py:190} INFO - [2025-01-01T03:31:39.295+0000] {dag.py:4180} INFO - Setting next_dagrun for bash_dag_v3 to 2024-12-30 00:00:00+00:00, run_after=2024-12-31 00:00:00+00:00
[2025-01-01T03:31:39.315+0000] {processor.py:208} INFO - Processing /opt/airflow/dags/bash_operator_dag.py took 0.331 seconds
[2025-01-01T03:32:09.449+0000] {processor.py:186} INFO - Started process (PID=230) to work on /opt/airflow/dags/bash_operator_dag.py
[2025-01-01T03:32:09.449+0000] {processor.py:914} INFO - Processing file /opt/airflow/dags/bash_operator_dag.py for tasks to queue
[2025-01-01T03:32:09.450+0000] {logging_mixin.py:190} INFO - [2025-01-01T03:32:09.450+0000] {dagbag.py:588} INFO - Filling up the DagBag from /opt/airflow/dags/bash_operator_dag.py
[2025-01-01T03:32:09.467+0000] {processor.py:925} INFO - DAG(s) 'bash_dag_v3' retrieved from /opt/airflow/dags/bash_operator_dag.py
[2025-01-01T03:32:09.487+0000] {logging_mixin.py:190} INFO - [2025-01-01T03:32:09.487+0000] {dag.py:3239} INFO - Sync 1 DAGs
[2025-01-01T03:32:09.506+0000] {logging_mixin.py:190} INFO - [2025-01-01T03:32:09.505+0000] {dag.py:4180} INFO - Setting next_dagrun for bash_dag_v3 to 2024-12-30 00:00:00+00:00, run_after=2024-12-31 00:00:00+00:00
[2025-01-01T03:32:09.523+0000] {processor.py:208} INFO - Processing /opt/airflow/dags/bash_operator_dag.py took 0.080 seconds
[2025-01-01T03:32:39.915+0000] {processor.py:186} INFO - Started process (PID=240) to work on /opt/airflow/dags/bash_operator_dag.py
[2025-01-01T03:32:39.916+0000] {processor.py:914} INFO - Processing file /opt/airflow/dags/bash_operator_dag.py for tasks to queue
[2025-01-01T03:32:39.917+0000] {logging_mixin.py:190} INFO - [2025-01-01T03:32:39.917+0000] {dagbag.py:588} INFO - Filling up the DagBag from /opt/airflow/dags/bash_operator_dag.py
[2025-01-01T03:32:39.934+0000] {processor.py:925} INFO - DAG(s) 'bash_dag_v3' retrieved from /opt/airflow/dags/bash_operator_dag.py
[2025-01-01T03:32:39.955+0000] {logging_mixin.py:190} INFO - [2025-01-01T03:32:39.955+0000] {dag.py:3239} INFO - Sync 1 DAGs
[2025-01-01T03:32:39.973+0000] {logging_mixin.py:190} INFO - [2025-01-01T03:32:39.973+0000] {dag.py:4180} INFO - Setting next_dagrun for bash_dag_v3 to 2024-12-30 00:00:00+00:00, run_after=2024-12-31 00:00:00+00:00
[2025-01-01T03:32:39.987+0000] {processor.py:208} INFO - Processing /opt/airflow/dags/bash_operator_dag.py took 0.078 seconds
[2025-01-01T03:33:10.382+0000] {processor.py:186} INFO - Started process (PID=250) to work on /opt/airflow/dags/bash_operator_dag.py
[2025-01-01T03:33:10.382+0000] {processor.py:914} INFO - Processing file /opt/airflow/dags/bash_operator_dag.py for tasks to queue
[2025-01-01T03:33:10.383+0000] {logging_mixin.py:190} INFO - [2025-01-01T03:33:10.383+0000] {dagbag.py:588} INFO - Filling up the DagBag from /opt/airflow/dags/bash_operator_dag.py
[2025-01-01T03:33:10.394+0000] {processor.py:925} INFO - DAG(s) 'bash_dag_v3' retrieved from /opt/airflow/dags/bash_operator_dag.py
[2025-01-01T03:33:10.415+0000] {logging_mixin.py:190} INFO - [2025-01-01T03:33:10.414+0000] {dag.py:3239} INFO - Sync 1 DAGs
[2025-01-01T03:33:10.434+0000] {logging_mixin.py:190} INFO - [2025-01-01T03:33:10.434+0000] {dag.py:4180} INFO - Setting next_dagrun for bash_dag_v3 to 2024-12-30 00:00:00+00:00, run_after=2024-12-31 00:00:00+00:00
[2025-01-01T03:33:10.446+0000] {processor.py:208} INFO - Processing /opt/airflow/dags/bash_operator_dag.py took 0.070 seconds
[2025-01-01T03:33:40.782+0000] {processor.py:186} INFO - Started process (PID=260) to work on /opt/airflow/dags/bash_operator_dag.py
[2025-01-01T03:33:40.785+0000] {processor.py:914} INFO - Processing file /opt/airflow/dags/bash_operator_dag.py for tasks to queue
[2025-01-01T03:33:40.786+0000] {logging_mixin.py:190} INFO - [2025-01-01T03:33:40.785+0000] {dagbag.py:588} INFO - Filling up the DagBag from /opt/airflow/dags/bash_operator_dag.py
[2025-01-01T03:33:40.798+0000] {processor.py:925} INFO - DAG(s) 'bash_dag_v3' retrieved from /opt/airflow/dags/bash_operator_dag.py
[2025-01-01T03:33:40.818+0000] {logging_mixin.py:190} INFO - [2025-01-01T03:33:40.817+0000] {dag.py:3239} INFO - Sync 1 DAGs
[2025-01-01T03:33:40.835+0000] {logging_mixin.py:190} INFO - [2025-01-01T03:33:40.834+0000] {dag.py:4180} INFO - Setting next_dagrun for bash_dag_v3 to 2024-12-30 00:00:00+00:00, run_after=2024-12-31 00:00:00+00:00
[2025-01-01T03:33:40.847+0000] {processor.py:208} INFO - Processing /opt/airflow/dags/bash_operator_dag.py took 0.070 seconds
[2025-01-01T03:34:11.172+0000] {processor.py:186} INFO - Started process (PID=270) to work on /opt/airflow/dags/bash_operator_dag.py
[2025-01-01T03:34:11.173+0000] {processor.py:914} INFO - Processing file /opt/airflow/dags/bash_operator_dag.py for tasks to queue
[2025-01-01T03:34:11.176+0000] {logging_mixin.py:190} INFO - [2025-01-01T03:34:11.176+0000] {dagbag.py:588} INFO - Filling up the DagBag from /opt/airflow/dags/bash_operator_dag.py
[2025-01-01T03:34:11.187+0000] {processor.py:925} INFO - DAG(s) 'bash_dag_v3' retrieved from /opt/airflow/dags/bash_operator_dag.py
[2025-01-01T03:34:11.209+0000] {logging_mixin.py:190} INFO - [2025-01-01T03:34:11.209+0000] {dag.py:3239} INFO - Sync 1 DAGs
[2025-01-01T03:34:11.226+0000] {logging_mixin.py:190} INFO - [2025-01-01T03:34:11.226+0000] {dag.py:4180} INFO - Setting next_dagrun for bash_dag_v3 to 2024-12-30 00:00:00+00:00, run_after=2024-12-31 00:00:00+00:00
[2025-01-01T03:34:11.238+0000] {processor.py:208} INFO - Processing /opt/airflow/dags/bash_operator_dag.py took 0.070 seconds
[2025-01-01T03:34:41.650+0000] {processor.py:186} INFO - Started process (PID=280) to work on /opt/airflow/dags/bash_operator_dag.py
[2025-01-01T03:34:41.651+0000] {processor.py:914} INFO - Processing file /opt/airflow/dags/bash_operator_dag.py for tasks to queue
[2025-01-01T03:34:41.651+0000] {logging_mixin.py:190} INFO - [2025-01-01T03:34:41.651+0000] {dagbag.py:588} INFO - Filling up the DagBag from /opt/airflow/dags/bash_operator_dag.py
[2025-01-01T03:34:41.728+0000] {processor.py:925} INFO - DAG(s) 'bash_dag_v3' retrieved from /opt/airflow/dags/bash_operator_dag.py
[2025-01-01T03:34:41.758+0000] {logging_mixin.py:190} INFO - [2025-01-01T03:34:41.758+0000] {dag.py:3239} INFO - Sync 1 DAGs
[2025-01-01T03:34:41.775+0000] {logging_mixin.py:190} INFO - [2025-01-01T03:34:41.775+0000] {dag.py:4180} INFO - Setting next_dagrun for bash_dag_v3 to 2024-12-30 00:00:00+00:00, run_after=2024-12-31 00:00:00+00:00
[2025-01-01T03:34:41.789+0000] {processor.py:208} INFO - Processing /opt/airflow/dags/bash_operator_dag.py took 0.146 seconds
[2025-01-01T03:35:12.156+0000] {processor.py:186} INFO - Started process (PID=290) to work on /opt/airflow/dags/bash_operator_dag.py
[2025-01-01T03:35:12.157+0000] {processor.py:914} INFO - Processing file /opt/airflow/dags/bash_operator_dag.py for tasks to queue
[2025-01-01T03:35:12.159+0000] {logging_mixin.py:190} INFO - [2025-01-01T03:35:12.158+0000] {dagbag.py:588} INFO - Filling up the DagBag from /opt/airflow/dags/bash_operator_dag.py
[2025-01-01T03:35:12.253+0000] {processor.py:925} INFO - DAG(s) 'bash_dag_v3' retrieved from /opt/airflow/dags/bash_operator_dag.py
[2025-01-01T03:35:13.179+0000] {logging_mixin.py:190} INFO - [2025-01-01T03:35:13.178+0000] {dag.py:3239} INFO - Sync 1 DAGs
[2025-01-01T03:35:13.262+0000] {logging_mixin.py:190} INFO - [2025-01-01T03:35:13.262+0000] {dag.py:4180} INFO - Setting next_dagrun for bash_dag_v3 to 2024-12-30 00:00:00+00:00, run_after=2024-12-31 00:00:00+00:00
[2025-01-01T03:35:13.341+0000] {processor.py:208} INFO - Processing /opt/airflow/dags/bash_operator_dag.py took 1.193 seconds
[2025-01-01T03:35:43.543+0000] {processor.py:186} INFO - Started process (PID=294) to work on /opt/airflow/dags/bash_operator_dag.py
[2025-01-01T03:35:43.544+0000] {processor.py:914} INFO - Processing file /opt/airflow/dags/bash_operator_dag.py for tasks to queue
[2025-01-01T03:35:43.545+0000] {logging_mixin.py:190} INFO - [2025-01-01T03:35:43.545+0000] {dagbag.py:588} INFO - Filling up the DagBag from /opt/airflow/dags/bash_operator_dag.py
[2025-01-01T03:35:43.691+0000] {processor.py:925} INFO - DAG(s) 'bash_dag_v3' retrieved from /opt/airflow/dags/bash_operator_dag.py
[2025-01-01T03:35:43.863+0000] {logging_mixin.py:190} INFO - [2025-01-01T03:35:43.863+0000] {dag.py:3239} INFO - Sync 1 DAGs
[2025-01-01T03:35:43.880+0000] {logging_mixin.py:190} INFO - [2025-01-01T03:35:43.880+0000] {dag.py:4180} INFO - Setting next_dagrun for bash_dag_v3 to 2024-12-30 00:00:00+00:00, run_after=2024-12-31 00:00:00+00:00
[2025-01-01T03:35:43.926+0000] {processor.py:208} INFO - Processing /opt/airflow/dags/bash_operator_dag.py took 0.388 seconds
[2025-01-01T03:36:14.349+0000] {processor.py:186} INFO - Started process (PID=304) to work on /opt/airflow/dags/bash_operator_dag.py
[2025-01-01T03:36:14.349+0000] {processor.py:914} INFO - Processing file /opt/airflow/dags/bash_operator_dag.py for tasks to queue
[2025-01-01T03:36:14.351+0000] {logging_mixin.py:190} INFO - [2025-01-01T03:36:14.350+0000] {dagbag.py:588} INFO - Filling up the DagBag from /opt/airflow/dags/bash_operator_dag.py
[2025-01-01T03:36:14.368+0000] {processor.py:925} INFO - DAG(s) 'bash_dag_v3' retrieved from /opt/airflow/dags/bash_operator_dag.py
[2025-01-01T03:36:14.510+0000] {logging_mixin.py:190} INFO - [2025-01-01T03:36:14.510+0000] {dag.py:3239} INFO - Sync 1 DAGs
[2025-01-01T03:36:14.544+0000] {logging_mixin.py:190} INFO - [2025-01-01T03:36:14.543+0000] {dag.py:4180} INFO - Setting next_dagrun for bash_dag_v3 to 2024-12-30 00:00:00+00:00, run_after=2024-12-31 00:00:00+00:00
[2025-01-01T03:36:14.566+0000] {processor.py:208} INFO - Processing /opt/airflow/dags/bash_operator_dag.py took 0.222 seconds
[2025-01-01T03:36:44.947+0000] {processor.py:186} INFO - Started process (PID=320) to work on /opt/airflow/dags/bash_operator_dag.py
[2025-01-01T03:36:44.948+0000] {processor.py:914} INFO - Processing file /opt/airflow/dags/bash_operator_dag.py for tasks to queue
[2025-01-01T03:36:44.949+0000] {logging_mixin.py:190} INFO - [2025-01-01T03:36:44.949+0000] {dagbag.py:588} INFO - Filling up the DagBag from /opt/airflow/dags/bash_operator_dag.py
[2025-01-01T03:36:44.964+0000] {processor.py:925} INFO - DAG(s) 'bash_dag_v3' retrieved from /opt/airflow/dags/bash_operator_dag.py
[2025-01-01T03:36:44.983+0000] {logging_mixin.py:190} INFO - [2025-01-01T03:36:44.983+0000] {dag.py:3239} INFO - Sync 1 DAGs
[2025-01-01T03:36:44.999+0000] {logging_mixin.py:190} INFO - [2025-01-01T03:36:44.998+0000] {dag.py:4180} INFO - Setting next_dagrun for bash_dag_v3 to 2024-12-30 00:00:00+00:00, run_after=2024-12-31 00:00:00+00:00
[2025-01-01T03:36:45.014+0000] {processor.py:208} INFO - Processing /opt/airflow/dags/bash_operator_dag.py took 0.072 seconds
[2025-01-01T03:37:15.445+0000] {processor.py:186} INFO - Started process (PID=330) to work on /opt/airflow/dags/bash_operator_dag.py
[2025-01-01T03:37:15.445+0000] {processor.py:914} INFO - Processing file /opt/airflow/dags/bash_operator_dag.py for tasks to queue
[2025-01-01T03:37:15.446+0000] {logging_mixin.py:190} INFO - [2025-01-01T03:37:15.446+0000] {dagbag.py:588} INFO - Filling up the DagBag from /opt/airflow/dags/bash_operator_dag.py
[2025-01-01T03:37:15.461+0000] {processor.py:925} INFO - DAG(s) 'bash_dag_v3' retrieved from /opt/airflow/dags/bash_operator_dag.py
[2025-01-01T03:37:15.478+0000] {logging_mixin.py:190} INFO - [2025-01-01T03:37:15.478+0000] {dag.py:3239} INFO - Sync 1 DAGs
[2025-01-01T03:37:15.493+0000] {logging_mixin.py:190} INFO - [2025-01-01T03:37:15.493+0000] {dag.py:4180} INFO - Setting next_dagrun for bash_dag_v3 to 2024-12-30 00:00:00+00:00, run_after=2024-12-31 00:00:00+00:00
[2025-01-01T03:37:15.506+0000] {processor.py:208} INFO - Processing /opt/airflow/dags/bash_operator_dag.py took 0.065 seconds
[2025-01-01T03:37:45.909+0000] {processor.py:186} INFO - Started process (PID=340) to work on /opt/airflow/dags/bash_operator_dag.py
[2025-01-01T03:37:45.910+0000] {processor.py:914} INFO - Processing file /opt/airflow/dags/bash_operator_dag.py for tasks to queue
[2025-01-01T03:37:45.911+0000] {logging_mixin.py:190} INFO - [2025-01-01T03:37:45.911+0000] {dagbag.py:588} INFO - Filling up the DagBag from /opt/airflow/dags/bash_operator_dag.py
[2025-01-01T03:37:45.926+0000] {processor.py:925} INFO - DAG(s) 'bash_dag_v3' retrieved from /opt/airflow/dags/bash_operator_dag.py
[2025-01-01T03:37:45.943+0000] {logging_mixin.py:190} INFO - [2025-01-01T03:37:45.943+0000] {dag.py:3239} INFO - Sync 1 DAGs
[2025-01-01T03:37:45.959+0000] {logging_mixin.py:190} INFO - [2025-01-01T03:37:45.959+0000] {dag.py:4180} INFO - Setting next_dagrun for bash_dag_v3 to 2024-12-30 00:00:00+00:00, run_after=2024-12-31 00:00:00+00:00
[2025-01-01T03:37:45.971+0000] {processor.py:208} INFO - Processing /opt/airflow/dags/bash_operator_dag.py took 0.067 seconds
[2025-01-01T03:38:16.450+0000] {processor.py:186} INFO - Started process (PID=350) to work on /opt/airflow/dags/bash_operator_dag.py
[2025-01-01T03:38:16.451+0000] {processor.py:914} INFO - Processing file /opt/airflow/dags/bash_operator_dag.py for tasks to queue
[2025-01-01T03:38:16.451+0000] {logging_mixin.py:190} INFO - [2025-01-01T03:38:16.451+0000] {dagbag.py:588} INFO - Filling up the DagBag from /opt/airflow/dags/bash_operator_dag.py
[2025-01-01T03:38:16.462+0000] {processor.py:925} INFO - DAG(s) 'bash_dag_v3' retrieved from /opt/airflow/dags/bash_operator_dag.py
[2025-01-01T03:38:16.478+0000] {logging_mixin.py:190} INFO - [2025-01-01T03:38:16.478+0000] {dag.py:3239} INFO - Sync 1 DAGs
[2025-01-01T03:38:16.494+0000] {logging_mixin.py:190} INFO - [2025-01-01T03:38:16.493+0000] {dag.py:4180} INFO - Setting next_dagrun for bash_dag_v3 to 2024-12-30 00:00:00+00:00, run_after=2024-12-31 00:00:00+00:00
[2025-01-01T03:38:16.505+0000] {processor.py:208} INFO - Processing /opt/airflow/dags/bash_operator_dag.py took 0.059 seconds
[2025-01-01T03:38:46.840+0000] {processor.py:186} INFO - Started process (PID=360) to work on /opt/airflow/dags/bash_operator_dag.py
[2025-01-01T03:38:46.840+0000] {processor.py:914} INFO - Processing file /opt/airflow/dags/bash_operator_dag.py for tasks to queue
[2025-01-01T03:38:46.841+0000] {logging_mixin.py:190} INFO - [2025-01-01T03:38:46.841+0000] {dagbag.py:588} INFO - Filling up the DagBag from /opt/airflow/dags/bash_operator_dag.py
[2025-01-01T03:38:46.852+0000] {processor.py:925} INFO - DAG(s) 'bash_dag_v3' retrieved from /opt/airflow/dags/bash_operator_dag.py
[2025-01-01T03:38:46.870+0000] {logging_mixin.py:190} INFO - [2025-01-01T03:38:46.869+0000] {dag.py:3239} INFO - Sync 1 DAGs
[2025-01-01T03:38:46.885+0000] {logging_mixin.py:190} INFO - [2025-01-01T03:38:46.885+0000] {dag.py:4180} INFO - Setting next_dagrun for bash_dag_v3 to 2024-12-30 00:00:00+00:00, run_after=2024-12-31 00:00:00+00:00
[2025-01-01T03:38:46.900+0000] {processor.py:208} INFO - Processing /opt/airflow/dags/bash_operator_dag.py took 0.064 seconds
[2025-01-01T03:39:17.316+0000] {processor.py:186} INFO - Started process (PID=370) to work on /opt/airflow/dags/bash_operator_dag.py
[2025-01-01T03:39:17.317+0000] {processor.py:914} INFO - Processing file /opt/airflow/dags/bash_operator_dag.py for tasks to queue
[2025-01-01T03:39:17.318+0000] {logging_mixin.py:190} INFO - [2025-01-01T03:39:17.318+0000] {dagbag.py:588} INFO - Filling up the DagBag from /opt/airflow/dags/bash_operator_dag.py
[2025-01-01T03:39:17.339+0000] {processor.py:925} INFO - DAG(s) 'bash_dag_v3' retrieved from /opt/airflow/dags/bash_operator_dag.py
[2025-01-01T03:39:17.366+0000] {logging_mixin.py:190} INFO - [2025-01-01T03:39:17.366+0000] {dag.py:3239} INFO - Sync 1 DAGs
[2025-01-01T03:39:17.383+0000] {logging_mixin.py:190} INFO - [2025-01-01T03:39:17.383+0000] {dag.py:4180} INFO - Setting next_dagrun for bash_dag_v3 to 2024-12-30 00:00:00+00:00, run_after=2024-12-31 00:00:00+00:00
[2025-01-01T03:39:17.395+0000] {processor.py:208} INFO - Processing /opt/airflow/dags/bash_operator_dag.py took 0.083 seconds
[2025-01-01T03:39:47.803+0000] {processor.py:186} INFO - Started process (PID=380) to work on /opt/airflow/dags/bash_operator_dag.py
[2025-01-01T03:39:47.804+0000] {processor.py:914} INFO - Processing file /opt/airflow/dags/bash_operator_dag.py for tasks to queue
[2025-01-01T03:39:47.805+0000] {logging_mixin.py:190} INFO - [2025-01-01T03:39:47.805+0000] {dagbag.py:588} INFO - Filling up the DagBag from /opt/airflow/dags/bash_operator_dag.py
[2025-01-01T03:39:47.837+0000] {processor.py:925} INFO - DAG(s) 'bash_dag_v3' retrieved from /opt/airflow/dags/bash_operator_dag.py
[2025-01-01T03:39:48.459+0000] {logging_mixin.py:190} INFO - [2025-01-01T03:39:48.419+0000] {dag.py:3239} INFO - Sync 1 DAGs
[2025-01-01T03:40:04.618+0000] {logging_mixin.py:190} INFO - [2025-01-01T03:40:04.584+0000] {dag.py:4180} INFO - Setting next_dagrun for bash_dag_v3 to 2024-12-30 00:00:00+00:00, run_after=2024-12-31 00:00:00+00:00
[2025-01-01T03:40:36.401+0000] {processor.py:208} INFO - Processing /opt/airflow/dags/bash_operator_dag.py took 48.604 seconds
[2025-01-01T03:41:07.378+0000] {processor.py:186} INFO - Started process (PID=395) to work on /opt/airflow/dags/bash_operator_dag.py
[2025-01-01T03:41:07.378+0000] {processor.py:914} INFO - Processing file /opt/airflow/dags/bash_operator_dag.py for tasks to queue
[2025-01-01T03:41:07.379+0000] {logging_mixin.py:190} INFO - [2025-01-01T03:41:07.379+0000] {dagbag.py:588} INFO - Filling up the DagBag from /opt/airflow/dags/bash_operator_dag.py
[2025-01-01T03:41:07.392+0000] {processor.py:925} INFO - DAG(s) 'bash_dag_v3' retrieved from /opt/airflow/dags/bash_operator_dag.py
[2025-01-01T03:41:07.410+0000] {logging_mixin.py:190} INFO - [2025-01-01T03:41:07.410+0000] {dag.py:3239} INFO - Sync 1 DAGs
[2025-01-01T03:41:07.427+0000] {logging_mixin.py:190} INFO - [2025-01-01T03:41:07.427+0000] {dag.py:4180} INFO - Setting next_dagrun for bash_dag_v3 to 2024-12-30 00:00:00+00:00, run_after=2024-12-31 00:00:00+00:00
[2025-01-01T03:41:07.441+0000] {processor.py:208} INFO - Processing /opt/airflow/dags/bash_operator_dag.py took 0.067 seconds
[2025-01-01T03:41:38.086+0000] {processor.py:186} INFO - Started process (PID=410) to work on /opt/airflow/dags/bash_operator_dag.py
[2025-01-01T03:41:38.086+0000] {processor.py:914} INFO - Processing file /opt/airflow/dags/bash_operator_dag.py for tasks to queue
[2025-01-01T03:41:38.087+0000] {logging_mixin.py:190} INFO - [2025-01-01T03:41:38.087+0000] {dagbag.py:588} INFO - Filling up the DagBag from /opt/airflow/dags/bash_operator_dag.py
[2025-01-01T03:41:38.098+0000] {processor.py:925} INFO - DAG(s) 'bash_dag_v3' retrieved from /opt/airflow/dags/bash_operator_dag.py
[2025-01-01T03:41:38.119+0000] {logging_mixin.py:190} INFO - [2025-01-01T03:41:38.119+0000] {dag.py:3239} INFO - Sync 1 DAGs
[2025-01-01T03:41:38.151+0000] {logging_mixin.py:190} INFO - [2025-01-01T03:41:38.150+0000] {dag.py:4180} INFO - Setting next_dagrun for bash_dag_v3 to 2024-12-30 00:00:00+00:00, run_after=2024-12-31 00:00:00+00:00
[2025-01-01T03:41:38.170+0000] {processor.py:208} INFO - Processing /opt/airflow/dags/bash_operator_dag.py took 0.088 seconds
[2025-01-01T03:42:08.955+0000] {processor.py:186} INFO - Started process (PID=427) to work on /opt/airflow/dags/bash_operator_dag.py
[2025-01-01T03:42:08.956+0000] {processor.py:914} INFO - Processing file /opt/airflow/dags/bash_operator_dag.py for tasks to queue
[2025-01-01T03:42:08.957+0000] {logging_mixin.py:190} INFO - [2025-01-01T03:42:08.956+0000] {dagbag.py:588} INFO - Filling up the DagBag from /opt/airflow/dags/bash_operator_dag.py
[2025-01-01T03:42:08.968+0000] {processor.py:925} INFO - DAG(s) 'bash_dag_v3' retrieved from /opt/airflow/dags/bash_operator_dag.py
[2025-01-01T03:42:08.985+0000] {logging_mixin.py:190} INFO - [2025-01-01T03:42:08.985+0000] {dag.py:3239} INFO - Sync 1 DAGs
[2025-01-01T03:42:09.001+0000] {logging_mixin.py:190} INFO - [2025-01-01T03:42:09.001+0000] {dag.py:4180} INFO - Setting next_dagrun for bash_dag_v3 to 2024-12-30 00:00:00+00:00, run_after=2024-12-31 00:00:00+00:00
[2025-01-01T03:42:09.012+0000] {processor.py:208} INFO - Processing /opt/airflow/dags/bash_operator_dag.py took 0.061 seconds
[2025-01-01T03:42:39.697+0000] {processor.py:186} INFO - Started process (PID=442) to work on /opt/airflow/dags/bash_operator_dag.py
[2025-01-01T03:42:39.698+0000] {processor.py:914} INFO - Processing file /opt/airflow/dags/bash_operator_dag.py for tasks to queue
[2025-01-01T03:42:39.699+0000] {logging_mixin.py:190} INFO - [2025-01-01T03:42:39.699+0000] {dagbag.py:588} INFO - Filling up the DagBag from /opt/airflow/dags/bash_operator_dag.py
[2025-01-01T03:42:39.713+0000] {processor.py:925} INFO - DAG(s) 'bash_dag_v3' retrieved from /opt/airflow/dags/bash_operator_dag.py
[2025-01-01T03:42:39.735+0000] {logging_mixin.py:190} INFO - [2025-01-01T03:42:39.735+0000] {dag.py:3239} INFO - Sync 1 DAGs
[2025-01-01T03:42:39.752+0000] {logging_mixin.py:190} INFO - [2025-01-01T03:42:39.751+0000] {dag.py:4180} INFO - Setting next_dagrun for bash_dag_v3 to 2024-12-30 00:00:00+00:00, run_after=2024-12-31 00:00:00+00:00
[2025-01-01T03:42:39.765+0000] {processor.py:208} INFO - Processing /opt/airflow/dags/bash_operator_dag.py took 0.071 seconds
[2025-01-01T03:43:17.413+0000] {processor.py:186} INFO - Started process (PID=456) to work on /opt/airflow/dags/bash_operator_dag.py
[2025-01-01T03:43:17.490+0000] {processor.py:914} INFO - Processing file /opt/airflow/dags/bash_operator_dag.py for tasks to queue
[2025-01-01T03:43:17.501+0000] {logging_mixin.py:190} INFO - [2025-01-01T03:43:17.491+0000] {dagbag.py:588} INFO - Filling up the DagBag from /opt/airflow/dags/bash_operator_dag.py
[2025-01-01T03:43:18.489+0000] {processor.py:925} INFO - DAG(s) 'bash_dag_v3' retrieved from /opt/airflow/dags/bash_operator_dag.py
[2025-01-01T03:43:25.640+0000] {logging_mixin.py:190} INFO - [2025-01-01T03:43:25.574+0000] {dag.py:3239} INFO - Sync 1 DAGs
[2025-01-01T03:43:25.662+0000] {logging_mixin.py:190} INFO - [2025-01-01T03:43:25.662+0000] {dag.py:4180} INFO - Setting next_dagrun for bash_dag_v3 to 2024-12-30 00:00:00+00:00, run_after=2024-12-31 00:00:00+00:00
[2025-01-01T03:43:25.733+0000] {processor.py:208} INFO - Processing /opt/airflow/dags/bash_operator_dag.py took 8.502 seconds
[2025-01-01T03:43:55.860+0000] {processor.py:186} INFO - Started process (PID=474) to work on /opt/airflow/dags/bash_operator_dag.py
[2025-01-01T03:43:55.861+0000] {processor.py:914} INFO - Processing file /opt/airflow/dags/bash_operator_dag.py for tasks to queue
[2025-01-01T03:43:55.862+0000] {logging_mixin.py:190} INFO - [2025-01-01T03:43:55.862+0000] {dagbag.py:588} INFO - Filling up the DagBag from /opt/airflow/dags/bash_operator_dag.py
[2025-01-01T03:43:55.874+0000] {processor.py:925} INFO - DAG(s) 'bash_dag_v3' retrieved from /opt/airflow/dags/bash_operator_dag.py
[2025-01-01T03:43:55.891+0000] {logging_mixin.py:190} INFO - [2025-01-01T03:43:55.891+0000] {dag.py:3239} INFO - Sync 1 DAGs
[2025-01-01T03:43:55.906+0000] {logging_mixin.py:190} INFO - [2025-01-01T03:43:55.906+0000] {dag.py:4180} INFO - Setting next_dagrun for bash_dag_v3 to 2024-12-30 00:00:00+00:00, run_after=2024-12-31 00:00:00+00:00
[2025-01-01T03:43:55.918+0000] {processor.py:208} INFO - Processing /opt/airflow/dags/bash_operator_dag.py took 0.061 seconds
[2025-01-01T03:44:26.133+0000] {processor.py:186} INFO - Started process (PID=485) to work on /opt/airflow/dags/bash_operator_dag.py
[2025-01-01T03:44:26.135+0000] {processor.py:914} INFO - Processing file /opt/airflow/dags/bash_operator_dag.py for tasks to queue
[2025-01-01T03:44:26.137+0000] {logging_mixin.py:190} INFO - [2025-01-01T03:44:26.135+0000] {dagbag.py:588} INFO - Filling up the DagBag from /opt/airflow/dags/bash_operator_dag.py
[2025-01-01T03:44:26.163+0000] {processor.py:925} INFO - DAG(s) 'bash_dag_v3' retrieved from /opt/airflow/dags/bash_operator_dag.py
[2025-01-01T03:44:26.222+0000] {logging_mixin.py:190} INFO - [2025-01-01T03:44:26.222+0000] {dag.py:3239} INFO - Sync 1 DAGs
[2025-01-01T03:44:26.241+0000] {logging_mixin.py:190} INFO - [2025-01-01T03:44:26.241+0000] {dag.py:4180} INFO - Setting next_dagrun for bash_dag_v3 to 2024-12-30 00:00:00+00:00, run_after=2024-12-31 00:00:00+00:00
[2025-01-01T03:44:26.257+0000] {processor.py:208} INFO - Processing /opt/airflow/dags/bash_operator_dag.py took 0.129 seconds
[2025-01-01T03:44:56.881+0000] {processor.py:186} INFO - Started process (PID=496) to work on /opt/airflow/dags/bash_operator_dag.py
[2025-01-01T03:44:56.885+0000] {processor.py:914} INFO - Processing file /opt/airflow/dags/bash_operator_dag.py for tasks to queue
[2025-01-01T03:44:56.887+0000] {logging_mixin.py:190} INFO - [2025-01-01T03:44:56.885+0000] {dagbag.py:588} INFO - Filling up the DagBag from /opt/airflow/dags/bash_operator_dag.py
[2025-01-01T03:44:56.914+0000] {processor.py:925} INFO - DAG(s) 'bash_dag_v3' retrieved from /opt/airflow/dags/bash_operator_dag.py
[2025-01-01T03:44:56.977+0000] {logging_mixin.py:190} INFO - [2025-01-01T03:44:56.977+0000] {dag.py:3239} INFO - Sync 1 DAGs
[2025-01-01T03:44:56.998+0000] {logging_mixin.py:190} INFO - [2025-01-01T03:44:56.998+0000] {dag.py:4180} INFO - Setting next_dagrun for bash_dag_v3 to 2024-12-30 00:00:00+00:00, run_after=2024-12-31 00:00:00+00:00
[2025-01-01T03:44:57.012+0000] {processor.py:208} INFO - Processing /opt/airflow/dags/bash_operator_dag.py took 0.139 seconds
[2025-01-01T03:45:27.661+0000] {processor.py:186} INFO - Started process (PID=511) to work on /opt/airflow/dags/bash_operator_dag.py
[2025-01-01T03:45:27.663+0000] {processor.py:914} INFO - Processing file /opt/airflow/dags/bash_operator_dag.py for tasks to queue
[2025-01-01T03:45:27.666+0000] {logging_mixin.py:190} INFO - [2025-01-01T03:45:27.666+0000] {dagbag.py:588} INFO - Filling up the DagBag from /opt/airflow/dags/bash_operator_dag.py
[2025-01-01T03:45:27.685+0000] {processor.py:925} INFO - DAG(s) 'bash_dag_v3' retrieved from /opt/airflow/dags/bash_operator_dag.py
[2025-01-01T03:45:27.718+0000] {logging_mixin.py:190} INFO - [2025-01-01T03:45:27.717+0000] {dag.py:3239} INFO - Sync 1 DAGs
[2025-01-01T03:45:27.736+0000] {logging_mixin.py:190} INFO - [2025-01-01T03:45:27.736+0000] {dag.py:4180} INFO - Setting next_dagrun for bash_dag_v3 to 2024-12-30 00:00:00+00:00, run_after=2024-12-31 00:00:00+00:00
[2025-01-01T03:45:27.753+0000] {processor.py:208} INFO - Processing /opt/airflow/dags/bash_operator_dag.py took 0.096 seconds
[2025-01-01T03:48:00.584+0000] {processor.py:186} INFO - Started process (PID=516) to work on /opt/airflow/dags/bash_operator_dag.py
[2025-01-01T03:48:00.585+0000] {processor.py:914} INFO - Processing file /opt/airflow/dags/bash_operator_dag.py for tasks to queue
[2025-01-01T03:48:00.594+0000] {logging_mixin.py:190} INFO - [2025-01-01T03:48:00.586+0000] {dagbag.py:588} INFO - Filling up the DagBag from /opt/airflow/dags/bash_operator_dag.py
[2025-01-01T03:48:04.340+0000] {processor.py:925} INFO - DAG(s) 'bash_dag_v3' retrieved from /opt/airflow/dags/bash_operator_dag.py
[2025-01-01T03:48:20.167+0000] {logging_mixin.py:190} INFO - [2025-01-01T03:48:20.166+0000] {dag.py:3239} INFO - Sync 1 DAGs
[2025-01-01T03:48:20.254+0000] {logging_mixin.py:190} INFO - [2025-01-01T03:48:20.253+0000] {dag.py:4180} INFO - Setting next_dagrun for bash_dag_v3 to 2024-12-30 00:00:00+00:00, run_after=2024-12-31 00:00:00+00:00
[2025-01-01T03:48:20.328+0000] {processor.py:208} INFO - Processing /opt/airflow/dags/bash_operator_dag.py took 20.089 seconds
[2025-01-01T03:48:51.026+0000] {processor.py:186} INFO - Started process (PID=521) to work on /opt/airflow/dags/bash_operator_dag.py
[2025-01-01T03:48:51.097+0000] {processor.py:914} INFO - Processing file /opt/airflow/dags/bash_operator_dag.py for tasks to queue
[2025-01-01T03:48:51.174+0000] {logging_mixin.py:190} INFO - [2025-01-01T03:48:51.098+0000] {dagbag.py:588} INFO - Filling up the DagBag from /opt/airflow/dags/bash_operator_dag.py
[2025-01-01T03:48:52.005+0000] {processor.py:925} INFO - DAG(s) 'bash_dag_v3' retrieved from /opt/airflow/dags/bash_operator_dag.py
[2025-01-01T03:48:54.373+0000] {logging_mixin.py:190} INFO - [2025-01-01T03:48:54.373+0000] {dag.py:3239} INFO - Sync 1 DAGs
[2025-01-01T03:48:54.404+0000] {logging_mixin.py:190} INFO - [2025-01-01T03:48:54.404+0000] {dag.py:4180} INFO - Setting next_dagrun for bash_dag_v3 to 2024-12-30 00:00:00+00:00, run_after=2024-12-31 00:00:00+00:00
[2025-01-01T03:48:54.442+0000] {processor.py:208} INFO - Processing /opt/airflow/dags/bash_operator_dag.py took 3.677 seconds
[2025-01-01T04:08:34.513+0000] {processor.py:186} INFO - Started process (PID=76) to work on /opt/airflow/dags/bash_operator_dag.py
[2025-01-01T04:08:34.535+0000] {processor.py:914} INFO - Processing file /opt/airflow/dags/bash_operator_dag.py for tasks to queue
[2025-01-01T04:08:34.595+0000] {logging_mixin.py:190} INFO - [2025-01-01T04:08:34.575+0000] {dagbag.py:588} INFO - Filling up the DagBag from /opt/airflow/dags/bash_operator_dag.py
[2025-01-01T04:08:34.739+0000] {processor.py:925} INFO - DAG(s) 'bash_dag_v3' retrieved from /opt/airflow/dags/bash_operator_dag.py
[2025-01-01T04:08:35.032+0000] {logging_mixin.py:190} INFO - [2025-01-01T04:08:35.031+0000] {dag.py:3239} INFO - Sync 1 DAGs
[2025-01-01T04:08:35.123+0000] {logging_mixin.py:190} INFO - [2025-01-01T04:08:35.123+0000] {dag.py:4180} INFO - Setting next_dagrun for bash_dag_v3 to 2024-12-30 00:00:00+00:00, run_after=2024-12-31 00:00:00+00:00
[2025-01-01T04:08:35.160+0000] {processor.py:208} INFO - Processing /opt/airflow/dags/bash_operator_dag.py took 0.759 seconds
[2025-01-01T04:09:06.987+0000] {processor.py:186} INFO - Started process (PID=95) to work on /opt/airflow/dags/bash_operator_dag.py
[2025-01-01T04:09:06.989+0000] {processor.py:914} INFO - Processing file /opt/airflow/dags/bash_operator_dag.py for tasks to queue
[2025-01-01T04:09:06.993+0000] {logging_mixin.py:190} INFO - [2025-01-01T04:09:06.992+0000] {dagbag.py:588} INFO - Filling up the DagBag from /opt/airflow/dags/bash_operator_dag.py
[2025-01-01T04:09:07.015+0000] {processor.py:925} INFO - DAG(s) 'bash_dag_v3' retrieved from /opt/airflow/dags/bash_operator_dag.py
[2025-01-01T04:09:07.048+0000] {logging_mixin.py:190} INFO - [2025-01-01T04:09:07.048+0000] {dag.py:3239} INFO - Sync 1 DAGs
[2025-01-01T04:09:07.077+0000] {logging_mixin.py:190} INFO - [2025-01-01T04:09:07.077+0000] {dag.py:4180} INFO - Setting next_dagrun for bash_dag_v3 to 2024-12-30 00:00:00+00:00, run_after=2024-12-31 00:00:00+00:00
[2025-01-01T04:09:07.103+0000] {processor.py:208} INFO - Processing /opt/airflow/dags/bash_operator_dag.py took 0.121 seconds
[2025-01-01T04:09:37.698+0000] {processor.py:186} INFO - Started process (PID=112) to work on /opt/airflow/dags/bash_operator_dag.py
[2025-01-01T04:09:37.699+0000] {processor.py:914} INFO - Processing file /opt/airflow/dags/bash_operator_dag.py for tasks to queue
[2025-01-01T04:09:37.700+0000] {logging_mixin.py:190} INFO - [2025-01-01T04:09:37.700+0000] {dagbag.py:588} INFO - Filling up the DagBag from /opt/airflow/dags/bash_operator_dag.py
[2025-01-01T04:09:37.712+0000] {processor.py:925} INFO - DAG(s) 'bash_dag_v3' retrieved from /opt/airflow/dags/bash_operator_dag.py
[2025-01-01T04:09:37.731+0000] {logging_mixin.py:190} INFO - [2025-01-01T04:09:37.731+0000] {dag.py:3239} INFO - Sync 1 DAGs
[2025-01-01T04:09:37.746+0000] {logging_mixin.py:190} INFO - [2025-01-01T04:09:37.746+0000] {dag.py:4180} INFO - Setting next_dagrun for bash_dag_v3 to 2024-12-30 00:00:00+00:00, run_after=2024-12-31 00:00:00+00:00
[2025-01-01T04:09:37.761+0000] {processor.py:208} INFO - Processing /opt/airflow/dags/bash_operator_dag.py took 0.067 seconds
[2025-01-01T04:10:08.486+0000] {processor.py:186} INFO - Started process (PID=123) to work on /opt/airflow/dags/bash_operator_dag.py
[2025-01-01T04:10:08.488+0000] {processor.py:914} INFO - Processing file /opt/airflow/dags/bash_operator_dag.py for tasks to queue
[2025-01-01T04:10:08.491+0000] {logging_mixin.py:190} INFO - [2025-01-01T04:10:08.490+0000] {dagbag.py:588} INFO - Filling up the DagBag from /opt/airflow/dags/bash_operator_dag.py
[2025-01-01T04:10:08.511+0000] {processor.py:925} INFO - DAG(s) 'bash_dag_v3' retrieved from /opt/airflow/dags/bash_operator_dag.py
[2025-01-01T04:10:08.533+0000] {logging_mixin.py:190} INFO - [2025-01-01T04:10:08.533+0000] {dag.py:3239} INFO - Sync 1 DAGs
[2025-01-01T04:10:08.550+0000] {logging_mixin.py:190} INFO - [2025-01-01T04:10:08.550+0000] {dag.py:4180} INFO - Setting next_dagrun for bash_dag_v3 to 2024-12-30 00:00:00+00:00, run_after=2024-12-31 00:00:00+00:00
[2025-01-01T04:10:08.566+0000] {processor.py:208} INFO - Processing /opt/airflow/dags/bash_operator_dag.py took 0.086 seconds
[2025-01-01T04:14:58.855+0000] {processor.py:186} INFO - Started process (PID=151) to work on /opt/airflow/dags/bash_operator_dag.py
[2025-01-01T04:14:58.859+0000] {processor.py:914} INFO - Processing file /opt/airflow/dags/bash_operator_dag.py for tasks to queue
[2025-01-01T04:14:58.861+0000] {logging_mixin.py:190} INFO - [2025-01-01T04:14:58.860+0000] {dagbag.py:588} INFO - Filling up the DagBag from /opt/airflow/dags/bash_operator_dag.py
[2025-01-01T04:14:59.096+0000] {processor.py:925} INFO - DAG(s) 'bash_dag_v3' retrieved from /opt/airflow/dags/bash_operator_dag.py
[2025-01-01T04:14:59.443+0000] {logging_mixin.py:190} INFO - [2025-01-01T04:14:59.443+0000] {dag.py:3239} INFO - Sync 1 DAGs
[2025-01-01T04:14:59.934+0000] {logging_mixin.py:190} INFO - [2025-01-01T04:14:59.934+0000] {dag.py:4180} INFO - Setting next_dagrun for bash_dag_v3 to 2024-12-30 00:00:00+00:00, run_after=2024-12-31 00:00:00+00:00
[2025-01-01T04:15:00.024+0000] {processor.py:208} INFO - Processing /opt/airflow/dags/bash_operator_dag.py took 1.207 seconds
[2025-01-01T04:15:30.497+0000] {processor.py:186} INFO - Started process (PID=162) to work on /opt/airflow/dags/bash_operator_dag.py
[2025-01-01T04:15:30.498+0000] {processor.py:914} INFO - Processing file /opt/airflow/dags/bash_operator_dag.py for tasks to queue
[2025-01-01T04:15:30.499+0000] {logging_mixin.py:190} INFO - [2025-01-01T04:15:30.499+0000] {dagbag.py:588} INFO - Filling up the DagBag from /opt/airflow/dags/bash_operator_dag.py
[2025-01-01T04:15:30.510+0000] {processor.py:925} INFO - DAG(s) 'bash_dag_v3' retrieved from /opt/airflow/dags/bash_operator_dag.py
[2025-01-01T04:15:30.526+0000] {logging_mixin.py:190} INFO - [2025-01-01T04:15:30.526+0000] {dag.py:3239} INFO - Sync 1 DAGs
[2025-01-01T04:15:30.641+0000] {logging_mixin.py:190} INFO - [2025-01-01T04:15:30.641+0000] {dag.py:4180} INFO - Setting next_dagrun for bash_dag_v3 to 2024-12-30 00:00:00+00:00, run_after=2024-12-31 00:00:00+00:00
[2025-01-01T04:15:30.652+0000] {processor.py:208} INFO - Processing /opt/airflow/dags/bash_operator_dag.py took 0.159 seconds
[2025-01-01T04:16:01.759+0000] {processor.py:186} INFO - Started process (PID=174) to work on /opt/airflow/dags/bash_operator_dag.py
[2025-01-01T04:16:01.760+0000] {processor.py:914} INFO - Processing file /opt/airflow/dags/bash_operator_dag.py for tasks to queue
[2025-01-01T04:16:01.770+0000] {logging_mixin.py:190} INFO - [2025-01-01T04:16:01.761+0000] {dagbag.py:588} INFO - Filling up the DagBag from /opt/airflow/dags/bash_operator_dag.py
[2025-01-01T04:16:01.866+0000] {processor.py:925} INFO - DAG(s) 'bash_dag_v3' retrieved from /opt/airflow/dags/bash_operator_dag.py
[2025-01-01T04:16:02.862+0000] {logging_mixin.py:190} INFO - [2025-01-01T04:16:02.862+0000] {dag.py:3239} INFO - Sync 1 DAGs
[2025-01-01T04:16:02.973+0000] {logging_mixin.py:190} INFO - [2025-01-01T04:16:02.959+0000] {dag.py:4180} INFO - Setting next_dagrun for bash_dag_v3 to 2024-12-30 00:00:00+00:00, run_after=2024-12-31 00:00:00+00:00
[2025-01-01T04:16:03.199+0000] {processor.py:208} INFO - Processing /opt/airflow/dags/bash_operator_dag.py took 1.483 seconds
