[2025-01-01T03:25:13.209+0000] {processor.py:186} INFO - Started process (PID=72) to work on /opt/airflow/dags/data_sharing_via_xcoms.py
[2025-01-01T03:25:13.213+0000] {processor.py:914} INFO - Processing file /opt/airflow/dags/data_sharing_via_xcoms.py for tasks to queue
[2025-01-01T03:25:13.228+0000] {logging_mixin.py:190} INFO - [2025-01-01T03:25:13.227+0000] {dagbag.py:588} INFO - Filling up the DagBag from /opt/airflow/dags/data_sharing_via_xcoms.py
[2025-01-01T03:25:13.274+0000] {processor.py:925} INFO - DAG(s) 'data_sharing_via_xcoms_v4' retrieved from /opt/airflow/dags/data_sharing_via_xcoms.py
[2025-01-01T03:25:13.384+0000] {logging_mixin.py:190} INFO - [2025-01-01T03:25:13.384+0000] {dag.py:3239} INFO - Sync 1 DAGs
[2025-01-01T03:25:13.481+0000] {logging_mixin.py:190} INFO - [2025-01-01T03:25:13.479+0000] {dag.py:4180} INFO - Setting next_dagrun for data_sharing_via_xcoms_v4 to 2024-12-31 00:00:00+00:00, run_after=2025-01-01 00:00:00+00:00
[2025-01-01T03:25:13.530+0000] {processor.py:208} INFO - Processing /opt/airflow/dags/data_sharing_via_xcoms.py took 0.345 seconds
[2025-01-01T03:25:44.712+0000] {processor.py:186} INFO - Started process (PID=100) to work on /opt/airflow/dags/data_sharing_via_xcoms.py
[2025-01-01T03:25:44.785+0000] {processor.py:914} INFO - Processing file /opt/airflow/dags/data_sharing_via_xcoms.py for tasks to queue
[2025-01-01T03:25:44.943+0000] {logging_mixin.py:190} INFO - [2025-01-01T03:25:44.874+0000] {dagbag.py:588} INFO - Filling up the DagBag from /opt/airflow/dags/data_sharing_via_xcoms.py
[2025-01-01T03:25:47.762+0000] {processor.py:925} INFO - DAG(s) 'data_sharing_via_xcoms_v4' retrieved from /opt/airflow/dags/data_sharing_via_xcoms.py
[2025-01-01T03:25:53.415+0000] {logging_mixin.py:190} INFO - [2025-01-01T03:25:53.412+0000] {dag.py:3239} INFO - Sync 1 DAGs
[2025-01-01T03:26:10.755+0000] {logging_mixin.py:190} INFO - [2025-01-01T03:26:10.749+0000] {dag.py:4180} INFO - Setting next_dagrun for data_sharing_via_xcoms_v4 to 2024-12-31 00:00:00+00:00, run_after=2025-01-01 00:00:00+00:00
[2025-01-01T03:26:12.228+0000] {processor.py:208} INFO - Processing /opt/airflow/dags/data_sharing_via_xcoms.py took 27.673 seconds
[2025-01-01T03:26:43.046+0000] {processor.py:186} INFO - Started process (PID=110) to work on /opt/airflow/dags/data_sharing_via_xcoms.py
[2025-01-01T03:26:43.046+0000] {processor.py:914} INFO - Processing file /opt/airflow/dags/data_sharing_via_xcoms.py for tasks to queue
[2025-01-01T03:26:43.048+0000] {logging_mixin.py:190} INFO - [2025-01-01T03:26:43.048+0000] {dagbag.py:588} INFO - Filling up the DagBag from /opt/airflow/dags/data_sharing_via_xcoms.py
[2025-01-01T03:26:43.061+0000] {processor.py:925} INFO - DAG(s) 'data_sharing_via_xcoms_v4' retrieved from /opt/airflow/dags/data_sharing_via_xcoms.py
[2025-01-01T03:26:43.149+0000] {logging_mixin.py:190} INFO - [2025-01-01T03:26:43.149+0000] {dag.py:3239} INFO - Sync 1 DAGs
[2025-01-01T03:26:43.173+0000] {logging_mixin.py:190} INFO - [2025-01-01T03:26:43.173+0000] {dag.py:4180} INFO - Setting next_dagrun for data_sharing_via_xcoms_v4 to 2024-12-31 00:00:00+00:00, run_after=2025-01-01 00:00:00+00:00
[2025-01-01T03:26:43.187+0000] {processor.py:208} INFO - Processing /opt/airflow/dags/data_sharing_via_xcoms.py took 0.146 seconds
[2025-01-01T03:27:14.221+0000] {processor.py:186} INFO - Started process (PID=120) to work on /opt/airflow/dags/data_sharing_via_xcoms.py
[2025-01-01T03:27:14.281+0000] {processor.py:914} INFO - Processing file /opt/airflow/dags/data_sharing_via_xcoms.py for tasks to queue
[2025-01-01T03:27:14.287+0000] {logging_mixin.py:190} INFO - [2025-01-01T03:27:14.287+0000] {dagbag.py:588} INFO - Filling up the DagBag from /opt/airflow/dags/data_sharing_via_xcoms.py
[2025-01-01T03:27:14.310+0000] {processor.py:925} INFO - DAG(s) 'data_sharing_via_xcoms_v4' retrieved from /opt/airflow/dags/data_sharing_via_xcoms.py
[2025-01-01T03:27:14.333+0000] {logging_mixin.py:190} INFO - [2025-01-01T03:27:14.332+0000] {dag.py:3239} INFO - Sync 1 DAGs
[2025-01-01T03:27:14.351+0000] {logging_mixin.py:190} INFO - [2025-01-01T03:27:14.351+0000] {dag.py:4180} INFO - Setting next_dagrun for data_sharing_via_xcoms_v4 to 2024-12-31 00:00:00+00:00, run_after=2025-01-01 00:00:00+00:00
[2025-01-01T03:27:25.223+0000] {processor.py:208} INFO - Processing /opt/airflow/dags/data_sharing_via_xcoms.py took 11.007 seconds
[2025-01-01T03:27:55.678+0000] {processor.py:186} INFO - Started process (PID=130) to work on /opt/airflow/dags/data_sharing_via_xcoms.py
[2025-01-01T03:27:55.679+0000] {processor.py:914} INFO - Processing file /opt/airflow/dags/data_sharing_via_xcoms.py for tasks to queue
[2025-01-01T03:27:55.680+0000] {logging_mixin.py:190} INFO - [2025-01-01T03:27:55.680+0000] {dagbag.py:588} INFO - Filling up the DagBag from /opt/airflow/dags/data_sharing_via_xcoms.py
[2025-01-01T03:27:55.693+0000] {processor.py:925} INFO - DAG(s) 'data_sharing_via_xcoms_v4' retrieved from /opt/airflow/dags/data_sharing_via_xcoms.py
[2025-01-01T03:27:55.712+0000] {logging_mixin.py:190} INFO - [2025-01-01T03:27:55.712+0000] {dag.py:3239} INFO - Sync 1 DAGs
[2025-01-01T03:27:55.857+0000] {logging_mixin.py:190} INFO - [2025-01-01T03:27:55.856+0000] {dag.py:4180} INFO - Setting next_dagrun for data_sharing_via_xcoms_v4 to 2024-12-31 00:00:00+00:00, run_after=2025-01-01 00:00:00+00:00
[2025-01-01T03:27:55.869+0000] {processor.py:208} INFO - Processing /opt/airflow/dags/data_sharing_via_xcoms.py took 0.196 seconds
[2025-01-01T03:28:26.207+0000] {processor.py:186} INFO - Started process (PID=140) to work on /opt/airflow/dags/data_sharing_via_xcoms.py
[2025-01-01T03:28:26.207+0000] {processor.py:914} INFO - Processing file /opt/airflow/dags/data_sharing_via_xcoms.py for tasks to queue
[2025-01-01T03:28:26.209+0000] {logging_mixin.py:190} INFO - [2025-01-01T03:28:26.209+0000] {dagbag.py:588} INFO - Filling up the DagBag from /opt/airflow/dags/data_sharing_via_xcoms.py
[2025-01-01T03:28:26.222+0000] {processor.py:925} INFO - DAG(s) 'data_sharing_via_xcoms_v4' retrieved from /opt/airflow/dags/data_sharing_via_xcoms.py
[2025-01-01T03:28:26.241+0000] {logging_mixin.py:190} INFO - [2025-01-01T03:28:26.240+0000] {dag.py:3239} INFO - Sync 1 DAGs
[2025-01-01T03:28:26.398+0000] {logging_mixin.py:190} INFO - [2025-01-01T03:28:26.398+0000] {dag.py:4180} INFO - Setting next_dagrun for data_sharing_via_xcoms_v4 to 2024-12-31 00:00:00+00:00, run_after=2025-01-01 00:00:00+00:00
[2025-01-01T03:28:26.411+0000] {processor.py:208} INFO - Processing /opt/airflow/dags/data_sharing_via_xcoms.py took 0.208 seconds
[2025-01-01T03:28:56.779+0000] {processor.py:186} INFO - Started process (PID=150) to work on /opt/airflow/dags/data_sharing_via_xcoms.py
[2025-01-01T03:28:56.780+0000] {processor.py:914} INFO - Processing file /opt/airflow/dags/data_sharing_via_xcoms.py for tasks to queue
[2025-01-01T03:28:56.782+0000] {logging_mixin.py:190} INFO - [2025-01-01T03:28:56.781+0000] {dagbag.py:588} INFO - Filling up the DagBag from /opt/airflow/dags/data_sharing_via_xcoms.py
[2025-01-01T03:28:56.794+0000] {processor.py:925} INFO - DAG(s) 'data_sharing_via_xcoms_v4' retrieved from /opt/airflow/dags/data_sharing_via_xcoms.py
[2025-01-01T03:28:56.952+0000] {logging_mixin.py:190} INFO - [2025-01-01T03:28:56.951+0000] {dag.py:3239} INFO - Sync 1 DAGs
[2025-01-01T03:28:56.967+0000] {logging_mixin.py:190} INFO - [2025-01-01T03:28:56.967+0000] {dag.py:4180} INFO - Setting next_dagrun for data_sharing_via_xcoms_v4 to 2024-12-31 00:00:00+00:00, run_after=2025-01-01 00:00:00+00:00
[2025-01-01T03:28:56.983+0000] {processor.py:208} INFO - Processing /opt/airflow/dags/data_sharing_via_xcoms.py took 0.207 seconds
[2025-01-01T03:29:27.357+0000] {processor.py:186} INFO - Started process (PID=160) to work on /opt/airflow/dags/data_sharing_via_xcoms.py
[2025-01-01T03:29:27.357+0000] {processor.py:914} INFO - Processing file /opt/airflow/dags/data_sharing_via_xcoms.py for tasks to queue
[2025-01-01T03:29:27.359+0000] {logging_mixin.py:190} INFO - [2025-01-01T03:29:27.359+0000] {dagbag.py:588} INFO - Filling up the DagBag from /opt/airflow/dags/data_sharing_via_xcoms.py
[2025-01-01T03:29:27.371+0000] {processor.py:925} INFO - DAG(s) 'data_sharing_via_xcoms_v4' retrieved from /opt/airflow/dags/data_sharing_via_xcoms.py
[2025-01-01T03:29:27.391+0000] {logging_mixin.py:190} INFO - [2025-01-01T03:29:27.390+0000] {dag.py:3239} INFO - Sync 1 DAGs
[2025-01-01T03:29:27.406+0000] {logging_mixin.py:190} INFO - [2025-01-01T03:29:27.406+0000] {dag.py:4180} INFO - Setting next_dagrun for data_sharing_via_xcoms_v4 to 2024-12-31 00:00:00+00:00, run_after=2025-01-01 00:00:00+00:00
[2025-01-01T03:29:27.419+0000] {processor.py:208} INFO - Processing /opt/airflow/dags/data_sharing_via_xcoms.py took 0.066 seconds
[2025-01-01T03:29:57.744+0000] {processor.py:186} INFO - Started process (PID=170) to work on /opt/airflow/dags/data_sharing_via_xcoms.py
[2025-01-01T03:29:57.744+0000] {processor.py:914} INFO - Processing file /opt/airflow/dags/data_sharing_via_xcoms.py for tasks to queue
[2025-01-01T03:29:57.747+0000] {logging_mixin.py:190} INFO - [2025-01-01T03:29:57.746+0000] {dagbag.py:588} INFO - Filling up the DagBag from /opt/airflow/dags/data_sharing_via_xcoms.py
[2025-01-01T03:29:57.758+0000] {processor.py:925} INFO - DAG(s) 'data_sharing_via_xcoms_v4' retrieved from /opt/airflow/dags/data_sharing_via_xcoms.py
[2025-01-01T03:29:57.775+0000] {logging_mixin.py:190} INFO - [2025-01-01T03:29:57.775+0000] {dag.py:3239} INFO - Sync 1 DAGs
[2025-01-01T03:29:57.792+0000] {logging_mixin.py:190} INFO - [2025-01-01T03:29:57.792+0000] {dag.py:4180} INFO - Setting next_dagrun for data_sharing_via_xcoms_v4 to 2024-12-31 00:00:00+00:00, run_after=2025-01-01 00:00:00+00:00
[2025-01-01T03:29:57.805+0000] {processor.py:208} INFO - Processing /opt/airflow/dags/data_sharing_via_xcoms.py took 0.066 seconds
[2025-01-01T03:30:28.218+0000] {processor.py:186} INFO - Started process (PID=180) to work on /opt/airflow/dags/data_sharing_via_xcoms.py
[2025-01-01T03:30:28.221+0000] {processor.py:914} INFO - Processing file /opt/airflow/dags/data_sharing_via_xcoms.py for tasks to queue
[2025-01-01T03:30:28.223+0000] {logging_mixin.py:190} INFO - [2025-01-01T03:30:28.223+0000] {dagbag.py:588} INFO - Filling up the DagBag from /opt/airflow/dags/data_sharing_via_xcoms.py
[2025-01-01T03:30:28.327+0000] {processor.py:925} INFO - DAG(s) 'data_sharing_via_xcoms_v4' retrieved from /opt/airflow/dags/data_sharing_via_xcoms.py
[2025-01-01T03:30:28.634+0000] {logging_mixin.py:190} INFO - [2025-01-01T03:30:28.634+0000] {dag.py:3239} INFO - Sync 1 DAGs
[2025-01-01T03:30:28.672+0000] {logging_mixin.py:190} INFO - [2025-01-01T03:30:28.671+0000] {dag.py:4180} INFO - Setting next_dagrun for data_sharing_via_xcoms_v4 to 2024-12-31 00:00:00+00:00, run_after=2025-01-01 00:00:00+00:00
[2025-01-01T03:30:28.701+0000] {processor.py:208} INFO - Processing /opt/airflow/dags/data_sharing_via_xcoms.py took 0.493 seconds
[2025-01-01T03:30:59.123+0000] {processor.py:186} INFO - Started process (PID=202) to work on /opt/airflow/dags/data_sharing_via_xcoms.py
[2025-01-01T03:30:59.124+0000] {processor.py:914} INFO - Processing file /opt/airflow/dags/data_sharing_via_xcoms.py for tasks to queue
[2025-01-01T03:30:59.126+0000] {logging_mixin.py:190} INFO - [2025-01-01T03:30:59.125+0000] {dagbag.py:588} INFO - Filling up the DagBag from /opt/airflow/dags/data_sharing_via_xcoms.py
[2025-01-01T03:30:59.140+0000] {processor.py:925} INFO - DAG(s) 'data_sharing_via_xcoms_v4' retrieved from /opt/airflow/dags/data_sharing_via_xcoms.py
[2025-01-01T03:30:59.160+0000] {logging_mixin.py:190} INFO - [2025-01-01T03:30:59.160+0000] {dag.py:3239} INFO - Sync 1 DAGs
[2025-01-01T03:30:59.176+0000] {logging_mixin.py:190} INFO - [2025-01-01T03:30:59.176+0000] {dag.py:4180} INFO - Setting next_dagrun for data_sharing_via_xcoms_v4 to 2024-12-31 00:00:00+00:00, run_after=2025-01-01 00:00:00+00:00
[2025-01-01T03:30:59.189+0000] {processor.py:208} INFO - Processing /opt/airflow/dags/data_sharing_via_xcoms.py took 0.070 seconds
[2025-01-01T03:31:29.898+0000] {processor.py:186} INFO - Started process (PID=212) to work on /opt/airflow/dags/data_sharing_via_xcoms.py
[2025-01-01T03:31:29.899+0000] {processor.py:914} INFO - Processing file /opt/airflow/dags/data_sharing_via_xcoms.py for tasks to queue
[2025-01-01T03:31:29.900+0000] {logging_mixin.py:190} INFO - [2025-01-01T03:31:29.900+0000] {dagbag.py:588} INFO - Filling up the DagBag from /opt/airflow/dags/data_sharing_via_xcoms.py
[2025-01-01T03:31:29.916+0000] {processor.py:925} INFO - DAG(s) 'data_sharing_via_xcoms_v4' retrieved from /opt/airflow/dags/data_sharing_via_xcoms.py
[2025-01-01T03:31:29.946+0000] {logging_mixin.py:190} INFO - [2025-01-01T03:31:29.945+0000] {dag.py:3239} INFO - Sync 1 DAGs
[2025-01-01T03:31:29.964+0000] {logging_mixin.py:190} INFO - [2025-01-01T03:31:29.963+0000] {dag.py:4180} INFO - Setting next_dagrun for data_sharing_via_xcoms_v4 to 2024-12-31 00:00:00+00:00, run_after=2025-01-01 00:00:00+00:00
[2025-01-01T03:31:29.979+0000] {processor.py:208} INFO - Processing /opt/airflow/dags/data_sharing_via_xcoms.py took 0.085 seconds
[2025-01-01T03:32:00.279+0000] {processor.py:186} INFO - Started process (PID=222) to work on /opt/airflow/dags/data_sharing_via_xcoms.py
[2025-01-01T03:32:00.280+0000] {processor.py:914} INFO - Processing file /opt/airflow/dags/data_sharing_via_xcoms.py for tasks to queue
[2025-01-01T03:32:00.281+0000] {logging_mixin.py:190} INFO - [2025-01-01T03:32:00.281+0000] {dagbag.py:588} INFO - Filling up the DagBag from /opt/airflow/dags/data_sharing_via_xcoms.py
[2025-01-01T03:32:00.292+0000] {processor.py:925} INFO - DAG(s) 'data_sharing_via_xcoms_v4' retrieved from /opt/airflow/dags/data_sharing_via_xcoms.py
[2025-01-01T03:32:00.311+0000] {logging_mixin.py:190} INFO - [2025-01-01T03:32:00.311+0000] {dag.py:3239} INFO - Sync 1 DAGs
[2025-01-01T03:32:00.329+0000] {logging_mixin.py:190} INFO - [2025-01-01T03:32:00.329+0000] {dag.py:4180} INFO - Setting next_dagrun for data_sharing_via_xcoms_v4 to 2024-12-31 00:00:00+00:00, run_after=2025-01-01 00:00:00+00:00
[2025-01-01T03:32:00.341+0000] {processor.py:208} INFO - Processing /opt/airflow/dags/data_sharing_via_xcoms.py took 0.066 seconds
[2025-01-01T03:32:30.787+0000] {processor.py:186} INFO - Started process (PID=232) to work on /opt/airflow/dags/data_sharing_via_xcoms.py
[2025-01-01T03:32:30.787+0000] {processor.py:914} INFO - Processing file /opt/airflow/dags/data_sharing_via_xcoms.py for tasks to queue
[2025-01-01T03:32:30.789+0000] {logging_mixin.py:190} INFO - [2025-01-01T03:32:30.788+0000] {dagbag.py:588} INFO - Filling up the DagBag from /opt/airflow/dags/data_sharing_via_xcoms.py
[2025-01-01T03:32:30.811+0000] {processor.py:925} INFO - DAG(s) 'data_sharing_via_xcoms_v4' retrieved from /opt/airflow/dags/data_sharing_via_xcoms.py
[2025-01-01T03:32:30.841+0000] {logging_mixin.py:190} INFO - [2025-01-01T03:32:30.841+0000] {dag.py:3239} INFO - Sync 1 DAGs
[2025-01-01T03:32:30.859+0000] {logging_mixin.py:190} INFO - [2025-01-01T03:32:30.859+0000] {dag.py:4180} INFO - Setting next_dagrun for data_sharing_via_xcoms_v4 to 2024-12-31 00:00:00+00:00, run_after=2025-01-01 00:00:00+00:00
[2025-01-01T03:32:30.874+0000] {processor.py:208} INFO - Processing /opt/airflow/dags/data_sharing_via_xcoms.py took 0.093 seconds
[2025-01-01T03:33:01.275+0000] {processor.py:186} INFO - Started process (PID=242) to work on /opt/airflow/dags/data_sharing_via_xcoms.py
[2025-01-01T03:33:01.276+0000] {processor.py:914} INFO - Processing file /opt/airflow/dags/data_sharing_via_xcoms.py for tasks to queue
[2025-01-01T03:33:01.277+0000] {logging_mixin.py:190} INFO - [2025-01-01T03:33:01.276+0000] {dagbag.py:588} INFO - Filling up the DagBag from /opt/airflow/dags/data_sharing_via_xcoms.py
[2025-01-01T03:33:01.295+0000] {processor.py:925} INFO - DAG(s) 'data_sharing_via_xcoms_v4' retrieved from /opt/airflow/dags/data_sharing_via_xcoms.py
[2025-01-01T03:33:01.321+0000] {logging_mixin.py:190} INFO - [2025-01-01T03:33:01.321+0000] {dag.py:3239} INFO - Sync 1 DAGs
[2025-01-01T03:33:01.339+0000] {logging_mixin.py:190} INFO - [2025-01-01T03:33:01.339+0000] {dag.py:4180} INFO - Setting next_dagrun for data_sharing_via_xcoms_v4 to 2024-12-31 00:00:00+00:00, run_after=2025-01-01 00:00:00+00:00
[2025-01-01T03:33:01.354+0000] {processor.py:208} INFO - Processing /opt/airflow/dags/data_sharing_via_xcoms.py took 0.084 seconds
[2025-01-01T03:33:31.669+0000] {processor.py:186} INFO - Started process (PID=252) to work on /opt/airflow/dags/data_sharing_via_xcoms.py
[2025-01-01T03:33:31.670+0000] {processor.py:914} INFO - Processing file /opt/airflow/dags/data_sharing_via_xcoms.py for tasks to queue
[2025-01-01T03:33:31.671+0000] {logging_mixin.py:190} INFO - [2025-01-01T03:33:31.671+0000] {dagbag.py:588} INFO - Filling up the DagBag from /opt/airflow/dags/data_sharing_via_xcoms.py
[2025-01-01T03:33:31.698+0000] {processor.py:925} INFO - DAG(s) 'data_sharing_via_xcoms_v4' retrieved from /opt/airflow/dags/data_sharing_via_xcoms.py
[2025-01-01T03:33:31.728+0000] {logging_mixin.py:190} INFO - [2025-01-01T03:33:31.728+0000] {dag.py:3239} INFO - Sync 1 DAGs
[2025-01-01T03:33:31.748+0000] {logging_mixin.py:190} INFO - [2025-01-01T03:33:31.748+0000] {dag.py:4180} INFO - Setting next_dagrun for data_sharing_via_xcoms_v4 to 2024-12-31 00:00:00+00:00, run_after=2025-01-01 00:00:00+00:00
[2025-01-01T03:33:31.762+0000] {processor.py:208} INFO - Processing /opt/airflow/dags/data_sharing_via_xcoms.py took 0.101 seconds
[2025-01-01T03:34:02.083+0000] {processor.py:186} INFO - Started process (PID=262) to work on /opt/airflow/dags/data_sharing_via_xcoms.py
[2025-01-01T03:34:02.084+0000] {processor.py:914} INFO - Processing file /opt/airflow/dags/data_sharing_via_xcoms.py for tasks to queue
[2025-01-01T03:34:02.085+0000] {logging_mixin.py:190} INFO - [2025-01-01T03:34:02.085+0000] {dagbag.py:588} INFO - Filling up the DagBag from /opt/airflow/dags/data_sharing_via_xcoms.py
[2025-01-01T03:34:02.106+0000] {processor.py:925} INFO - DAG(s) 'data_sharing_via_xcoms_v4' retrieved from /opt/airflow/dags/data_sharing_via_xcoms.py
[2025-01-01T03:34:02.129+0000] {logging_mixin.py:190} INFO - [2025-01-01T03:34:02.129+0000] {dag.py:3239} INFO - Sync 1 DAGs
[2025-01-01T03:34:02.147+0000] {logging_mixin.py:190} INFO - [2025-01-01T03:34:02.147+0000] {dag.py:4180} INFO - Setting next_dagrun for data_sharing_via_xcoms_v4 to 2024-12-31 00:00:00+00:00, run_after=2025-01-01 00:00:00+00:00
[2025-01-01T03:34:02.160+0000] {processor.py:208} INFO - Processing /opt/airflow/dags/data_sharing_via_xcoms.py took 0.082 seconds
[2025-01-01T03:34:32.461+0000] {processor.py:186} INFO - Started process (PID=272) to work on /opt/airflow/dags/data_sharing_via_xcoms.py
[2025-01-01T03:34:32.462+0000] {processor.py:914} INFO - Processing file /opt/airflow/dags/data_sharing_via_xcoms.py for tasks to queue
[2025-01-01T03:34:32.464+0000] {logging_mixin.py:190} INFO - [2025-01-01T03:34:32.463+0000] {dagbag.py:588} INFO - Filling up the DagBag from /opt/airflow/dags/data_sharing_via_xcoms.py
[2025-01-01T03:34:32.479+0000] {processor.py:925} INFO - DAG(s) 'data_sharing_via_xcoms_v4' retrieved from /opt/airflow/dags/data_sharing_via_xcoms.py
[2025-01-01T03:34:32.541+0000] {logging_mixin.py:190} INFO - [2025-01-01T03:34:32.541+0000] {dag.py:3239} INFO - Sync 1 DAGs
[2025-01-01T03:34:32.562+0000] {logging_mixin.py:190} INFO - [2025-01-01T03:34:32.562+0000] {dag.py:4180} INFO - Setting next_dagrun for data_sharing_via_xcoms_v4 to 2024-12-31 00:00:00+00:00, run_after=2025-01-01 00:00:00+00:00
[2025-01-01T03:34:32.578+0000] {processor.py:208} INFO - Processing /opt/airflow/dags/data_sharing_via_xcoms.py took 0.122 seconds
[2025-01-01T03:35:02.931+0000] {processor.py:186} INFO - Started process (PID=282) to work on /opt/airflow/dags/data_sharing_via_xcoms.py
[2025-01-01T03:35:02.932+0000] {processor.py:914} INFO - Processing file /opt/airflow/dags/data_sharing_via_xcoms.py for tasks to queue
[2025-01-01T03:35:02.932+0000] {logging_mixin.py:190} INFO - [2025-01-01T03:35:02.932+0000] {dagbag.py:588} INFO - Filling up the DagBag from /opt/airflow/dags/data_sharing_via_xcoms.py
[2025-01-01T03:35:02.945+0000] {processor.py:925} INFO - DAG(s) 'data_sharing_via_xcoms_v4' retrieved from /opt/airflow/dags/data_sharing_via_xcoms.py
[2025-01-01T03:35:02.961+0000] {logging_mixin.py:190} INFO - [2025-01-01T03:35:02.961+0000] {dag.py:3239} INFO - Sync 1 DAGs
[2025-01-01T03:35:02.976+0000] {logging_mixin.py:190} INFO - [2025-01-01T03:35:02.976+0000] {dag.py:4180} INFO - Setting next_dagrun for data_sharing_via_xcoms_v4 to 2024-12-31 00:00:00+00:00, run_after=2025-01-01 00:00:00+00:00
[2025-01-01T03:35:02.988+0000] {processor.py:208} INFO - Processing /opt/airflow/dags/data_sharing_via_xcoms.py took 0.061 seconds
[2025-01-01T03:35:33.440+0000] {processor.py:186} INFO - Started process (PID=292) to work on /opt/airflow/dags/data_sharing_via_xcoms.py
[2025-01-01T03:35:33.505+0000] {processor.py:914} INFO - Processing file /opt/airflow/dags/data_sharing_via_xcoms.py for tasks to queue
[2025-01-01T03:35:33.513+0000] {logging_mixin.py:190} INFO - [2025-01-01T03:35:33.506+0000] {dagbag.py:588} INFO - Filling up the DagBag from /opt/airflow/dags/data_sharing_via_xcoms.py
[2025-01-01T03:35:33.976+0000] {processor.py:925} INFO - DAG(s) 'data_sharing_via_xcoms_v4' retrieved from /opt/airflow/dags/data_sharing_via_xcoms.py
[2025-01-01T03:35:35.944+0000] {logging_mixin.py:190} INFO - [2025-01-01T03:35:35.941+0000] {dag.py:3239} INFO - Sync 1 DAGs
[2025-01-01T03:35:36.094+0000] {logging_mixin.py:190} INFO - [2025-01-01T03:35:36.093+0000] {dag.py:4180} INFO - Setting next_dagrun for data_sharing_via_xcoms_v4 to 2024-12-31 00:00:00+00:00, run_after=2025-01-01 00:00:00+00:00
[2025-01-01T03:35:36.181+0000] {processor.py:208} INFO - Processing /opt/airflow/dags/data_sharing_via_xcoms.py took 8.053 seconds
[2025-01-01T03:36:06.233+0000] {processor.py:186} INFO - Started process (PID=302) to work on /opt/airflow/dags/data_sharing_via_xcoms.py
[2025-01-01T03:36:06.233+0000] {processor.py:914} INFO - Processing file /opt/airflow/dags/data_sharing_via_xcoms.py for tasks to queue
[2025-01-01T03:36:06.235+0000] {logging_mixin.py:190} INFO - [2025-01-01T03:36:06.234+0000] {dagbag.py:588} INFO - Filling up the DagBag from /opt/airflow/dags/data_sharing_via_xcoms.py
[2025-01-01T03:36:06.247+0000] {processor.py:925} INFO - DAG(s) 'data_sharing_via_xcoms_v4' retrieved from /opt/airflow/dags/data_sharing_via_xcoms.py
[2025-01-01T03:36:06.264+0000] {logging_mixin.py:190} INFO - [2025-01-01T03:36:06.264+0000] {dag.py:3239} INFO - Sync 1 DAGs
[2025-01-01T03:36:06.280+0000] {logging_mixin.py:190} INFO - [2025-01-01T03:36:06.280+0000] {dag.py:4180} INFO - Setting next_dagrun for data_sharing_via_xcoms_v4 to 2024-12-31 00:00:00+00:00, run_after=2025-01-01 00:00:00+00:00
[2025-01-01T03:36:06.292+0000] {processor.py:208} INFO - Processing /opt/airflow/dags/data_sharing_via_xcoms.py took 0.063 seconds
[2025-01-01T03:36:36.843+0000] {processor.py:186} INFO - Started process (PID=312) to work on /opt/airflow/dags/data_sharing_via_xcoms.py
[2025-01-01T03:36:36.843+0000] {processor.py:914} INFO - Processing file /opt/airflow/dags/data_sharing_via_xcoms.py for tasks to queue
[2025-01-01T03:36:36.845+0000] {logging_mixin.py:190} INFO - [2025-01-01T03:36:36.844+0000] {dagbag.py:588} INFO - Filling up the DagBag from /opt/airflow/dags/data_sharing_via_xcoms.py
[2025-01-01T03:36:36.864+0000] {processor.py:925} INFO - DAG(s) 'data_sharing_via_xcoms_v4' retrieved from /opt/airflow/dags/data_sharing_via_xcoms.py
[2025-01-01T03:36:36.888+0000] {logging_mixin.py:190} INFO - [2025-01-01T03:36:36.888+0000] {dag.py:3239} INFO - Sync 1 DAGs
[2025-01-01T03:36:36.905+0000] {logging_mixin.py:190} INFO - [2025-01-01T03:36:36.905+0000] {dag.py:4180} INFO - Setting next_dagrun for data_sharing_via_xcoms_v4 to 2024-12-31 00:00:00+00:00, run_after=2025-01-01 00:00:00+00:00
[2025-01-01T03:36:36.918+0000] {processor.py:208} INFO - Processing /opt/airflow/dags/data_sharing_via_xcoms.py took 0.081 seconds
[2025-01-01T03:37:07.315+0000] {processor.py:186} INFO - Started process (PID=322) to work on /opt/airflow/dags/data_sharing_via_xcoms.py
[2025-01-01T03:37:07.315+0000] {processor.py:914} INFO - Processing file /opt/airflow/dags/data_sharing_via_xcoms.py for tasks to queue
[2025-01-01T03:37:07.316+0000] {logging_mixin.py:190} INFO - [2025-01-01T03:37:07.316+0000] {dagbag.py:588} INFO - Filling up the DagBag from /opt/airflow/dags/data_sharing_via_xcoms.py
[2025-01-01T03:37:07.338+0000] {processor.py:925} INFO - DAG(s) 'data_sharing_via_xcoms_v4' retrieved from /opt/airflow/dags/data_sharing_via_xcoms.py
[2025-01-01T03:37:07.361+0000] {logging_mixin.py:190} INFO - [2025-01-01T03:37:07.360+0000] {dag.py:3239} INFO - Sync 1 DAGs
[2025-01-01T03:37:07.377+0000] {logging_mixin.py:190} INFO - [2025-01-01T03:37:07.377+0000] {dag.py:4180} INFO - Setting next_dagrun for data_sharing_via_xcoms_v4 to 2024-12-31 00:00:00+00:00, run_after=2025-01-01 00:00:00+00:00
[2025-01-01T03:37:07.389+0000] {processor.py:208} INFO - Processing /opt/airflow/dags/data_sharing_via_xcoms.py took 0.080 seconds
[2025-01-01T03:37:37.790+0000] {processor.py:186} INFO - Started process (PID=332) to work on /opt/airflow/dags/data_sharing_via_xcoms.py
[2025-01-01T03:37:37.791+0000] {processor.py:914} INFO - Processing file /opt/airflow/dags/data_sharing_via_xcoms.py for tasks to queue
[2025-01-01T03:37:37.793+0000] {logging_mixin.py:190} INFO - [2025-01-01T03:37:37.792+0000] {dagbag.py:588} INFO - Filling up the DagBag from /opt/airflow/dags/data_sharing_via_xcoms.py
[2025-01-01T03:37:37.812+0000] {processor.py:925} INFO - DAG(s) 'data_sharing_via_xcoms_v4' retrieved from /opt/airflow/dags/data_sharing_via_xcoms.py
[2025-01-01T03:37:37.837+0000] {logging_mixin.py:190} INFO - [2025-01-01T03:37:37.837+0000] {dag.py:3239} INFO - Sync 1 DAGs
[2025-01-01T03:37:37.855+0000] {logging_mixin.py:190} INFO - [2025-01-01T03:37:37.854+0000] {dag.py:4180} INFO - Setting next_dagrun for data_sharing_via_xcoms_v4 to 2024-12-31 00:00:00+00:00, run_after=2025-01-01 00:00:00+00:00
[2025-01-01T03:37:37.870+0000] {processor.py:208} INFO - Processing /opt/airflow/dags/data_sharing_via_xcoms.py took 0.085 seconds
[2025-01-01T03:38:08.319+0000] {processor.py:186} INFO - Started process (PID=342) to work on /opt/airflow/dags/data_sharing_via_xcoms.py
[2025-01-01T03:38:08.320+0000] {processor.py:914} INFO - Processing file /opt/airflow/dags/data_sharing_via_xcoms.py for tasks to queue
[2025-01-01T03:38:08.321+0000] {logging_mixin.py:190} INFO - [2025-01-01T03:38:08.321+0000] {dagbag.py:588} INFO - Filling up the DagBag from /opt/airflow/dags/data_sharing_via_xcoms.py
[2025-01-01T03:38:08.337+0000] {processor.py:925} INFO - DAG(s) 'data_sharing_via_xcoms_v4' retrieved from /opt/airflow/dags/data_sharing_via_xcoms.py
[2025-01-01T03:38:08.359+0000] {logging_mixin.py:190} INFO - [2025-01-01T03:38:08.359+0000] {dag.py:3239} INFO - Sync 1 DAGs
[2025-01-01T03:38:08.376+0000] {logging_mixin.py:190} INFO - [2025-01-01T03:38:08.376+0000] {dag.py:4180} INFO - Setting next_dagrun for data_sharing_via_xcoms_v4 to 2024-12-31 00:00:00+00:00, run_after=2025-01-01 00:00:00+00:00
[2025-01-01T03:38:08.388+0000] {processor.py:208} INFO - Processing /opt/airflow/dags/data_sharing_via_xcoms.py took 0.073 seconds
[2025-01-01T03:38:38.768+0000] {processor.py:186} INFO - Started process (PID=352) to work on /opt/airflow/dags/data_sharing_via_xcoms.py
[2025-01-01T03:38:38.769+0000] {processor.py:914} INFO - Processing file /opt/airflow/dags/data_sharing_via_xcoms.py for tasks to queue
[2025-01-01T03:38:38.775+0000] {logging_mixin.py:190} INFO - [2025-01-01T03:38:38.770+0000] {dagbag.py:588} INFO - Filling up the DagBag from /opt/airflow/dags/data_sharing_via_xcoms.py
[2025-01-01T03:38:38.805+0000] {processor.py:925} INFO - DAG(s) 'data_sharing_via_xcoms_v4' retrieved from /opt/airflow/dags/data_sharing_via_xcoms.py
[2025-01-01T03:38:38.915+0000] {logging_mixin.py:190} INFO - [2025-01-01T03:38:38.915+0000] {dag.py:3239} INFO - Sync 1 DAGs
[2025-01-01T03:38:38.934+0000] {logging_mixin.py:190} INFO - [2025-01-01T03:38:38.934+0000] {dag.py:4180} INFO - Setting next_dagrun for data_sharing_via_xcoms_v4 to 2024-12-31 00:00:00+00:00, run_after=2025-01-01 00:00:00+00:00
[2025-01-01T03:38:38.934+0000] {processor.py:208} INFO - Processing /opt/airflow/dags/data_sharing_via_xcoms.py took 0.188 seconds
[2025-01-01T03:39:09.182+0000] {processor.py:186} INFO - Started process (PID=362) to work on /opt/airflow/dags/data_sharing_via_xcoms.py
[2025-01-01T03:39:09.183+0000] {processor.py:914} INFO - Processing file /opt/airflow/dags/data_sharing_via_xcoms.py for tasks to queue
[2025-01-01T03:39:09.186+0000] {logging_mixin.py:190} INFO - [2025-01-01T03:39:09.186+0000] {dagbag.py:588} INFO - Filling up the DagBag from /opt/airflow/dags/data_sharing_via_xcoms.py
[2025-01-01T03:39:09.197+0000] {processor.py:925} INFO - DAG(s) 'data_sharing_via_xcoms_v4' retrieved from /opt/airflow/dags/data_sharing_via_xcoms.py
[2025-01-01T03:39:09.214+0000] {logging_mixin.py:190} INFO - [2025-01-01T03:39:09.214+0000] {dag.py:3239} INFO - Sync 1 DAGs
[2025-01-01T03:39:09.229+0000] {logging_mixin.py:190} INFO - [2025-01-01T03:39:09.229+0000] {dag.py:4180} INFO - Setting next_dagrun for data_sharing_via_xcoms_v4 to 2024-12-31 00:00:00+00:00, run_after=2025-01-01 00:00:00+00:00
[2025-01-01T03:39:09.241+0000] {processor.py:208} INFO - Processing /opt/airflow/dags/data_sharing_via_xcoms.py took 0.062 seconds
[2025-01-01T03:39:39.658+0000] {processor.py:186} INFO - Started process (PID=372) to work on /opt/airflow/dags/data_sharing_via_xcoms.py
[2025-01-01T03:39:39.658+0000] {processor.py:914} INFO - Processing file /opt/airflow/dags/data_sharing_via_xcoms.py for tasks to queue
[2025-01-01T03:39:39.659+0000] {logging_mixin.py:190} INFO - [2025-01-01T03:39:39.659+0000] {dagbag.py:588} INFO - Filling up the DagBag from /opt/airflow/dags/data_sharing_via_xcoms.py
[2025-01-01T03:39:39.672+0000] {processor.py:925} INFO - DAG(s) 'data_sharing_via_xcoms_v4' retrieved from /opt/airflow/dags/data_sharing_via_xcoms.py
[2025-01-01T03:39:39.690+0000] {logging_mixin.py:190} INFO - [2025-01-01T03:39:39.689+0000] {dag.py:3239} INFO - Sync 1 DAGs
[2025-01-01T03:39:39.705+0000] {logging_mixin.py:190} INFO - [2025-01-01T03:39:39.705+0000] {dag.py:4180} INFO - Setting next_dagrun for data_sharing_via_xcoms_v4 to 2024-12-31 00:00:00+00:00, run_after=2025-01-01 00:00:00+00:00
[2025-01-01T03:39:39.716+0000] {processor.py:208} INFO - Processing /opt/airflow/dags/data_sharing_via_xcoms.py took 0.063 seconds
[2025-01-01T03:40:40.858+0000] {processor.py:186} INFO - Started process (PID=383) to work on /opt/airflow/dags/data_sharing_via_xcoms.py
[2025-01-01T03:40:40.859+0000] {processor.py:914} INFO - Processing file /opt/airflow/dags/data_sharing_via_xcoms.py for tasks to queue
[2025-01-01T03:40:40.860+0000] {logging_mixin.py:190} INFO - [2025-01-01T03:40:40.860+0000] {dagbag.py:588} INFO - Filling up the DagBag from /opt/airflow/dags/data_sharing_via_xcoms.py
[2025-01-01T03:40:40.948+0000] {processor.py:925} INFO - DAG(s) 'data_sharing_via_xcoms_v4' retrieved from /opt/airflow/dags/data_sharing_via_xcoms.py
[2025-01-01T03:40:40.966+0000] {logging_mixin.py:190} INFO - [2025-01-01T03:40:40.966+0000] {dag.py:3239} INFO - Sync 1 DAGs
[2025-01-01T03:40:40.982+0000] {logging_mixin.py:190} INFO - [2025-01-01T03:40:40.981+0000] {dag.py:4180} INFO - Setting next_dagrun for data_sharing_via_xcoms_v4 to 2024-12-31 00:00:00+00:00, run_after=2025-01-01 00:00:00+00:00
[2025-01-01T03:40:41.028+0000] {processor.py:208} INFO - Processing /opt/airflow/dags/data_sharing_via_xcoms.py took 0.182 seconds
[2025-01-01T03:41:11.523+0000] {processor.py:186} INFO - Started process (PID=398) to work on /opt/airflow/dags/data_sharing_via_xcoms.py
[2025-01-01T03:41:11.523+0000] {processor.py:914} INFO - Processing file /opt/airflow/dags/data_sharing_via_xcoms.py for tasks to queue
[2025-01-01T03:41:11.524+0000] {logging_mixin.py:190} INFO - [2025-01-01T03:41:11.524+0000] {dagbag.py:588} INFO - Filling up the DagBag from /opt/airflow/dags/data_sharing_via_xcoms.py
[2025-01-01T03:41:11.536+0000] {processor.py:925} INFO - DAG(s) 'data_sharing_via_xcoms_v4' retrieved from /opt/airflow/dags/data_sharing_via_xcoms.py
[2025-01-01T03:41:11.554+0000] {logging_mixin.py:190} INFO - [2025-01-01T03:41:11.554+0000] {dag.py:3239} INFO - Sync 1 DAGs
[2025-01-01T03:41:11.571+0000] {logging_mixin.py:190} INFO - [2025-01-01T03:41:11.571+0000] {dag.py:4180} INFO - Setting next_dagrun for data_sharing_via_xcoms_v4 to 2024-12-31 00:00:00+00:00, run_after=2025-01-01 00:00:00+00:00
[2025-01-01T03:41:11.584+0000] {processor.py:208} INFO - Processing /opt/airflow/dags/data_sharing_via_xcoms.py took 0.065 seconds
[2025-01-01T03:41:42.243+0000] {processor.py:186} INFO - Started process (PID=413) to work on /opt/airflow/dags/data_sharing_via_xcoms.py
[2025-01-01T03:41:42.244+0000] {processor.py:914} INFO - Processing file /opt/airflow/dags/data_sharing_via_xcoms.py for tasks to queue
[2025-01-01T03:41:42.246+0000] {logging_mixin.py:190} INFO - [2025-01-01T03:41:42.245+0000] {dagbag.py:588} INFO - Filling up the DagBag from /opt/airflow/dags/data_sharing_via_xcoms.py
[2025-01-01T03:41:42.257+0000] {processor.py:925} INFO - DAG(s) 'data_sharing_via_xcoms_v4' retrieved from /opt/airflow/dags/data_sharing_via_xcoms.py
[2025-01-01T03:41:42.274+0000] {logging_mixin.py:190} INFO - [2025-01-01T03:41:42.274+0000] {dag.py:3239} INFO - Sync 1 DAGs
[2025-01-01T03:41:42.290+0000] {logging_mixin.py:190} INFO - [2025-01-01T03:41:42.290+0000] {dag.py:4180} INFO - Setting next_dagrun for data_sharing_via_xcoms_v4 to 2024-12-31 00:00:00+00:00, run_after=2025-01-01 00:00:00+00:00
[2025-01-01T03:41:42.301+0000] {processor.py:208} INFO - Processing /opt/airflow/dags/data_sharing_via_xcoms.py took 0.062 seconds
[2025-01-01T03:42:13.103+0000] {processor.py:186} INFO - Started process (PID=430) to work on /opt/airflow/dags/data_sharing_via_xcoms.py
[2025-01-01T03:42:13.104+0000] {processor.py:914} INFO - Processing file /opt/airflow/dags/data_sharing_via_xcoms.py for tasks to queue
[2025-01-01T03:42:13.105+0000] {logging_mixin.py:190} INFO - [2025-01-01T03:42:13.104+0000] {dagbag.py:588} INFO - Filling up the DagBag from /opt/airflow/dags/data_sharing_via_xcoms.py
[2025-01-01T03:42:13.117+0000] {processor.py:925} INFO - DAG(s) 'data_sharing_via_xcoms_v4' retrieved from /opt/airflow/dags/data_sharing_via_xcoms.py
[2025-01-01T03:42:13.134+0000] {logging_mixin.py:190} INFO - [2025-01-01T03:42:13.134+0000] {dag.py:3239} INFO - Sync 1 DAGs
[2025-01-01T03:42:13.150+0000] {logging_mixin.py:190} INFO - [2025-01-01T03:42:13.150+0000] {dag.py:4180} INFO - Setting next_dagrun for data_sharing_via_xcoms_v4 to 2024-12-31 00:00:00+00:00, run_after=2025-01-01 00:00:00+00:00
[2025-01-01T03:42:13.163+0000] {processor.py:208} INFO - Processing /opt/airflow/dags/data_sharing_via_xcoms.py took 0.063 seconds
[2025-01-01T03:42:43.757+0000] {processor.py:186} INFO - Started process (PID=444) to work on /opt/airflow/dags/data_sharing_via_xcoms.py
[2025-01-01T03:42:43.758+0000] {processor.py:914} INFO - Processing file /opt/airflow/dags/data_sharing_via_xcoms.py for tasks to queue
[2025-01-01T03:42:43.760+0000] {logging_mixin.py:190} INFO - [2025-01-01T03:42:43.759+0000] {dagbag.py:588} INFO - Filling up the DagBag from /opt/airflow/dags/data_sharing_via_xcoms.py
[2025-01-01T03:42:43.771+0000] {processor.py:925} INFO - DAG(s) 'data_sharing_via_xcoms_v4' retrieved from /opt/airflow/dags/data_sharing_via_xcoms.py
[2025-01-01T03:42:43.792+0000] {logging_mixin.py:190} INFO - [2025-01-01T03:42:43.792+0000] {dag.py:3239} INFO - Sync 1 DAGs
[2025-01-01T03:42:43.812+0000] {logging_mixin.py:190} INFO - [2025-01-01T03:42:43.811+0000] {dag.py:4180} INFO - Setting next_dagrun for data_sharing_via_xcoms_v4 to 2024-12-31 00:00:00+00:00, run_after=2025-01-01 00:00:00+00:00
[2025-01-01T03:42:43.826+0000] {processor.py:208} INFO - Processing /opt/airflow/dags/data_sharing_via_xcoms.py took 0.075 seconds
[2025-01-01T03:43:26.213+0000] {processor.py:186} INFO - Started process (PID=459) to work on /opt/airflow/dags/data_sharing_via_xcoms.py
[2025-01-01T03:43:26.214+0000] {processor.py:914} INFO - Processing file /opt/airflow/dags/data_sharing_via_xcoms.py for tasks to queue
[2025-01-01T03:43:26.215+0000] {logging_mixin.py:190} INFO - [2025-01-01T03:43:26.215+0000] {dagbag.py:588} INFO - Filling up the DagBag from /opt/airflow/dags/data_sharing_via_xcoms.py
[2025-01-01T03:43:26.344+0000] {processor.py:925} INFO - DAG(s) 'data_sharing_via_xcoms_v4' retrieved from /opt/airflow/dags/data_sharing_via_xcoms.py
[2025-01-01T03:43:26.368+0000] {logging_mixin.py:190} INFO - [2025-01-01T03:43:26.368+0000] {dag.py:3239} INFO - Sync 1 DAGs
[2025-01-01T03:43:26.385+0000] {logging_mixin.py:190} INFO - [2025-01-01T03:43:26.384+0000] {dag.py:4180} INFO - Setting next_dagrun for data_sharing_via_xcoms_v4 to 2024-12-31 00:00:00+00:00, run_after=2025-01-01 00:00:00+00:00
[2025-01-01T03:43:26.436+0000] {processor.py:208} INFO - Processing /opt/airflow/dags/data_sharing_via_xcoms.py took 0.226 seconds
[2025-01-01T03:43:56.906+0000] {processor.py:186} INFO - Started process (PID=476) to work on /opt/airflow/dags/data_sharing_via_xcoms.py
[2025-01-01T03:43:56.908+0000] {processor.py:914} INFO - Processing file /opt/airflow/dags/data_sharing_via_xcoms.py for tasks to queue
[2025-01-01T03:43:56.909+0000] {logging_mixin.py:190} INFO - [2025-01-01T03:43:56.909+0000] {dagbag.py:588} INFO - Filling up the DagBag from /opt/airflow/dags/data_sharing_via_xcoms.py
[2025-01-01T03:43:56.925+0000] {processor.py:925} INFO - DAG(s) 'data_sharing_via_xcoms_v4' retrieved from /opt/airflow/dags/data_sharing_via_xcoms.py
[2025-01-01T03:43:56.945+0000] {logging_mixin.py:190} INFO - [2025-01-01T03:43:56.944+0000] {dag.py:3239} INFO - Sync 1 DAGs
[2025-01-01T03:43:56.961+0000] {logging_mixin.py:190} INFO - [2025-01-01T03:43:56.961+0000] {dag.py:4180} INFO - Setting next_dagrun for data_sharing_via_xcoms_v4 to 2024-12-31 00:00:00+00:00, run_after=2025-01-01 00:00:00+00:00
[2025-01-01T03:43:56.987+0000] {processor.py:208} INFO - Processing /opt/airflow/dags/data_sharing_via_xcoms.py took 0.087 seconds
[2025-01-01T03:44:27.165+0000] {processor.py:186} INFO - Started process (PID=487) to work on /opt/airflow/dags/data_sharing_via_xcoms.py
[2025-01-01T03:44:27.167+0000] {processor.py:914} INFO - Processing file /opt/airflow/dags/data_sharing_via_xcoms.py for tasks to queue
[2025-01-01T03:44:27.168+0000] {logging_mixin.py:190} INFO - [2025-01-01T03:44:27.168+0000] {dagbag.py:588} INFO - Filling up the DagBag from /opt/airflow/dags/data_sharing_via_xcoms.py
[2025-01-01T03:44:27.179+0000] {processor.py:925} INFO - DAG(s) 'data_sharing_via_xcoms_v4' retrieved from /opt/airflow/dags/data_sharing_via_xcoms.py
[2025-01-01T03:44:27.198+0000] {logging_mixin.py:190} INFO - [2025-01-01T03:44:27.198+0000] {dag.py:3239} INFO - Sync 1 DAGs
[2025-01-01T03:44:27.215+0000] {logging_mixin.py:190} INFO - [2025-01-01T03:44:27.215+0000] {dag.py:4180} INFO - Setting next_dagrun for data_sharing_via_xcoms_v4 to 2024-12-31 00:00:00+00:00, run_after=2025-01-01 00:00:00+00:00
[2025-01-01T03:44:27.228+0000] {processor.py:208} INFO - Processing /opt/airflow/dags/data_sharing_via_xcoms.py took 0.067 seconds
[2025-01-01T03:44:57.903+0000] {processor.py:186} INFO - Started process (PID=498) to work on /opt/airflow/dags/data_sharing_via_xcoms.py
[2025-01-01T03:44:57.904+0000] {processor.py:914} INFO - Processing file /opt/airflow/dags/data_sharing_via_xcoms.py for tasks to queue
[2025-01-01T03:44:57.905+0000] {logging_mixin.py:190} INFO - [2025-01-01T03:44:57.905+0000] {dagbag.py:588} INFO - Filling up the DagBag from /opt/airflow/dags/data_sharing_via_xcoms.py
[2025-01-01T03:44:57.916+0000] {processor.py:925} INFO - DAG(s) 'data_sharing_via_xcoms_v4' retrieved from /opt/airflow/dags/data_sharing_via_xcoms.py
[2025-01-01T03:44:57.934+0000] {logging_mixin.py:190} INFO - [2025-01-01T03:44:57.934+0000] {dag.py:3239} INFO - Sync 1 DAGs
[2025-01-01T03:44:57.952+0000] {logging_mixin.py:190} INFO - [2025-01-01T03:44:57.952+0000] {dag.py:4180} INFO - Setting next_dagrun for data_sharing_via_xcoms_v4 to 2024-12-31 00:00:00+00:00, run_after=2025-01-01 00:00:00+00:00
[2025-01-01T03:44:57.964+0000] {processor.py:208} INFO - Processing /opt/airflow/dags/data_sharing_via_xcoms.py took 0.066 seconds
[2025-01-01T03:45:28.699+0000] {processor.py:186} INFO - Started process (PID=513) to work on /opt/airflow/dags/data_sharing_via_xcoms.py
[2025-01-01T03:45:28.700+0000] {processor.py:914} INFO - Processing file /opt/airflow/dags/data_sharing_via_xcoms.py for tasks to queue
[2025-01-01T03:45:28.702+0000] {logging_mixin.py:190} INFO - [2025-01-01T03:45:28.701+0000] {dagbag.py:588} INFO - Filling up the DagBag from /opt/airflow/dags/data_sharing_via_xcoms.py
[2025-01-01T03:45:28.737+0000] {processor.py:925} INFO - DAG(s) 'data_sharing_via_xcoms_v4' retrieved from /opt/airflow/dags/data_sharing_via_xcoms.py
[2025-01-01T03:46:07.540+0000] {processor.py:211} ERROR - Got an exception! Propagating...
Traceback (most recent call last):
  File "/home/airflow/.local/lib/python3.12/site-packages/sqlalchemy/engine/base.py", line 3371, in _wrap_pool_connect
    return fn()
           ^^^^
  File "/home/airflow/.local/lib/python3.12/site-packages/sqlalchemy/pool/base.py", line 327, in connect
    return _ConnectionFairy._checkout(self)
           ^^^^^^^^^^^^^^^^^^^^^^^^^^^^^^^^
  File "/home/airflow/.local/lib/python3.12/site-packages/sqlalchemy/pool/base.py", line 894, in _checkout
    fairy = _ConnectionRecord.checkout(pool)
            ^^^^^^^^^^^^^^^^^^^^^^^^^^^^^^^^
  File "/home/airflow/.local/lib/python3.12/site-packages/sqlalchemy/pool/base.py", line 493, in checkout
    rec = pool._do_get()
          ^^^^^^^^^^^^^^
  File "/home/airflow/.local/lib/python3.12/site-packages/sqlalchemy/pool/impl.py", line 145, in _do_get
    with util.safe_reraise():
         ^^^^^^^^^^^^^^^^^^^
  File "/home/airflow/.local/lib/python3.12/site-packages/sqlalchemy/util/langhelpers.py", line 70, in __exit__
    compat.raise_(
  File "/home/airflow/.local/lib/python3.12/site-packages/sqlalchemy/util/compat.py", line 211, in raise_
    raise exception
  File "/home/airflow/.local/lib/python3.12/site-packages/sqlalchemy/pool/impl.py", line 143, in _do_get
    return self._create_connection()
           ^^^^^^^^^^^^^^^^^^^^^^^^^
  File "/home/airflow/.local/lib/python3.12/site-packages/sqlalchemy/pool/base.py", line 273, in _create_connection
    return _ConnectionRecord(self)
           ^^^^^^^^^^^^^^^^^^^^^^^
  File "/home/airflow/.local/lib/python3.12/site-packages/sqlalchemy/pool/base.py", line 388, in __init__
    self.__connect()
  File "/home/airflow/.local/lib/python3.12/site-packages/sqlalchemy/pool/base.py", line 690, in __connect
    with util.safe_reraise():
         ^^^^^^^^^^^^^^^^^^^
  File "/home/airflow/.local/lib/python3.12/site-packages/sqlalchemy/util/langhelpers.py", line 70, in __exit__
    compat.raise_(
  File "/home/airflow/.local/lib/python3.12/site-packages/sqlalchemy/util/compat.py", line 211, in raise_
    raise exception
  File "/home/airflow/.local/lib/python3.12/site-packages/sqlalchemy/pool/base.py", line 686, in __connect
    self.dbapi_connection = connection = pool._invoke_creator(self)
                                         ^^^^^^^^^^^^^^^^^^^^^^^^^^
  File "/home/airflow/.local/lib/python3.12/site-packages/sqlalchemy/engine/create.py", line 574, in connect
    return dialect.connect(*cargs, **cparams)
           ^^^^^^^^^^^^^^^^^^^^^^^^^^^^^^^^^^
  File "/home/airflow/.local/lib/python3.12/site-packages/sqlalchemy/engine/default.py", line 598, in connect
    return self.dbapi.connect(*cargs, **cparams)
           ^^^^^^^^^^^^^^^^^^^^^^^^^^^^^^^^^^^^^
  File "/home/airflow/.local/lib/python3.12/site-packages/psycopg2/__init__.py", line 122, in connect
    conn = _connect(dsn, connection_factory=connection_factory, **kwasync)
           ^^^^^^^^^^^^^^^^^^^^^^^^^^^^^^^^^^^^^^^^^^^^^^^^^^^^^^^^^^^^^^^
psycopg2.OperationalError: could not translate host name "postgres" to address: Temporary failure in name resolution


The above exception was the direct cause of the following exception:

Traceback (most recent call last):
  File "/home/airflow/.local/lib/python3.12/site-packages/airflow/dag_processing/processor.py", line 207, in _run_file_processor
    _handle_dag_file_processing()
  File "/home/airflow/.local/lib/python3.12/site-packages/airflow/dag_processing/processor.py", line 188, in _handle_dag_file_processing
    result: tuple[int, int, int] = dag_file_processor.process_file(
                                   ^^^^^^^^^^^^^^^^^^^^^^^^^^^^^^^^
  File "/home/airflow/.local/lib/python3.12/site-packages/airflow/utils/session.py", line 97, in wrapper
    return func(*args, session=session, **kwargs)
           ^^^^^^^^^^^^^^^^^^^^^^^^^^^^^^^^^^^^^^
  File "/home/airflow/.local/lib/python3.12/site-packages/airflow/dag_processing/processor.py", line 942, in process_file
    serialize_errors = DagFileProcessor.save_dag_to_db(
                       ^^^^^^^^^^^^^^^^^^^^^^^^^^^^^^^^
  File "/home/airflow/.local/lib/python3.12/site-packages/airflow/api_internal/internal_api_call.py", line 166, in wrapper
    return func(*args, **kwargs)
           ^^^^^^^^^^^^^^^^^^^^^
  File "/home/airflow/.local/lib/python3.12/site-packages/airflow/utils/session.py", line 97, in wrapper
    return func(*args, session=session, **kwargs)
           ^^^^^^^^^^^^^^^^^^^^^^^^^^^^^^^^^^^^^^
  File "/home/airflow/.local/lib/python3.12/site-packages/airflow/dag_processing/processor.py", line 982, in save_dag_to_db
    import_errors = DagBag._sync_to_db(dags=dags, processor_subdir=dag_directory, session=session)
                    ^^^^^^^^^^^^^^^^^^^^^^^^^^^^^^^^^^^^^^^^^^^^^^^^^^^^^^^^^^^^^^^^^^^^^^^^^^^^^^
  File "/home/airflow/.local/lib/python3.12/site-packages/airflow/utils/session.py", line 94, in wrapper
    return func(*args, **kwargs)
           ^^^^^^^^^^^^^^^^^^^^^
  File "/home/airflow/.local/lib/python3.12/site-packages/airflow/models/dagbag.py", line 708, in _sync_to_db
    for attempt in run_with_db_retries(logger=log):
                   ^^^^^^^^^^^^^^^^^^^^^^^^^^^^^^^
  File "/home/airflow/.local/lib/python3.12/site-packages/tenacity/__init__.py", line 443, in __iter__
    do = self.iter(retry_state=retry_state)
         ^^^^^^^^^^^^^^^^^^^^^^^^^^^^^^^^^^
  File "/home/airflow/.local/lib/python3.12/site-packages/tenacity/__init__.py", line 376, in iter
    result = action(retry_state)
             ^^^^^^^^^^^^^^^^^^^
  File "/home/airflow/.local/lib/python3.12/site-packages/tenacity/__init__.py", line 418, in exc_check
    raise retry_exc.reraise()
          ^^^^^^^^^^^^^^^^^^^
  File "/home/airflow/.local/lib/python3.12/site-packages/tenacity/__init__.py", line 185, in reraise
    raise self.last_attempt.result()
          ^^^^^^^^^^^^^^^^^^^^^^^^^^
  File "/usr/local/lib/python3.12/concurrent/futures/_base.py", line 449, in result
    return self.__get_result()
           ^^^^^^^^^^^^^^^^^^^
  File "/usr/local/lib/python3.12/concurrent/futures/_base.py", line 401, in __get_result
    raise self._exception
  File "/home/airflow/.local/lib/python3.12/site-packages/airflow/models/dagbag.py", line 721, in _sync_to_db
    _serialize_dag_capturing_errors(dag, session, processor_subdir)
  File "/home/airflow/.local/lib/python3.12/site-packages/airflow/models/dagbag.py", line 686, in _serialize_dag_capturing_errors
    dag_was_updated = SerializedDagModel.write_dag(
                      ^^^^^^^^^^^^^^^^^^^^^^^^^^^^^
  File "/home/airflow/.local/lib/python3.12/site-packages/airflow/utils/session.py", line 94, in wrapper
    return func(*args, **kwargs)
           ^^^^^^^^^^^^^^^^^^^^^
  File "/home/airflow/.local/lib/python3.12/site-packages/airflow/models/serialized_dag.py", line 160, in write_dag
    if session.scalar(
       ^^^^^^^^^^^^^^^
  File "/home/airflow/.local/lib/python3.12/site-packages/sqlalchemy/orm/session.py", line 1747, in scalar
    return self.execute(
           ^^^^^^^^^^^^^
  File "/home/airflow/.local/lib/python3.12/site-packages/sqlalchemy/orm/session.py", line 1716, in execute
    conn = self._connection_for_bind(bind)
           ^^^^^^^^^^^^^^^^^^^^^^^^^^^^^^^
  File "/home/airflow/.local/lib/python3.12/site-packages/sqlalchemy/orm/session.py", line 1555, in _connection_for_bind
    return self._transaction._connection_for_bind(
           ^^^^^^^^^^^^^^^^^^^^^^^^^^^^^^^^^^^^^^^
  File "/home/airflow/.local/lib/python3.12/site-packages/sqlalchemy/orm/session.py", line 750, in _connection_for_bind
    conn = bind.connect()
           ^^^^^^^^^^^^^^
  File "/home/airflow/.local/lib/python3.12/site-packages/sqlalchemy/future/engine.py", line 412, in connect
    return super(Engine, self).connect()
           ^^^^^^^^^^^^^^^^^^^^^^^^^^^^^
  File "/home/airflow/.local/lib/python3.12/site-packages/sqlalchemy/engine/base.py", line 3325, in connect
    return self._connection_cls(self, close_with_result=close_with_result)
           ^^^^^^^^^^^^^^^^^^^^^^^^^^^^^^^^^^^^^^^^^^^^^^^^^^^^^^^^^^^^^^^
  File "/home/airflow/.local/lib/python3.12/site-packages/sqlalchemy/engine/base.py", line 96, in __init__
    else engine.raw_connection()
         ^^^^^^^^^^^^^^^^^^^^^^^
  File "/home/airflow/.local/lib/python3.12/site-packages/sqlalchemy/engine/base.py", line 3404, in raw_connection
    return self._wrap_pool_connect(self.pool.connect, _connection)
           ^^^^^^^^^^^^^^^^^^^^^^^^^^^^^^^^^^^^^^^^^^^^^^^^^^^^^^^
  File "/home/airflow/.local/lib/python3.12/site-packages/sqlalchemy/engine/base.py", line 3374, in _wrap_pool_connect
    Connection._handle_dbapi_exception_noconnection(
  File "/home/airflow/.local/lib/python3.12/site-packages/sqlalchemy/engine/base.py", line 2208, in _handle_dbapi_exception_noconnection
    util.raise_(
  File "/home/airflow/.local/lib/python3.12/site-packages/sqlalchemy/util/compat.py", line 211, in raise_
    raise exception
  File "/home/airflow/.local/lib/python3.12/site-packages/sqlalchemy/engine/base.py", line 3371, in _wrap_pool_connect
    return fn()
           ^^^^
  File "/home/airflow/.local/lib/python3.12/site-packages/sqlalchemy/pool/base.py", line 327, in connect
    return _ConnectionFairy._checkout(self)
           ^^^^^^^^^^^^^^^^^^^^^^^^^^^^^^^^
  File "/home/airflow/.local/lib/python3.12/site-packages/sqlalchemy/pool/base.py", line 894, in _checkout
    fairy = _ConnectionRecord.checkout(pool)
            ^^^^^^^^^^^^^^^^^^^^^^^^^^^^^^^^
  File "/home/airflow/.local/lib/python3.12/site-packages/sqlalchemy/pool/base.py", line 493, in checkout
    rec = pool._do_get()
          ^^^^^^^^^^^^^^
  File "/home/airflow/.local/lib/python3.12/site-packages/sqlalchemy/pool/impl.py", line 145, in _do_get
    with util.safe_reraise():
         ^^^^^^^^^^^^^^^^^^^
  File "/home/airflow/.local/lib/python3.12/site-packages/sqlalchemy/util/langhelpers.py", line 70, in __exit__
    compat.raise_(
  File "/home/airflow/.local/lib/python3.12/site-packages/sqlalchemy/util/compat.py", line 211, in raise_
    raise exception
  File "/home/airflow/.local/lib/python3.12/site-packages/sqlalchemy/pool/impl.py", line 143, in _do_get
    return self._create_connection()
           ^^^^^^^^^^^^^^^^^^^^^^^^^
  File "/home/airflow/.local/lib/python3.12/site-packages/sqlalchemy/pool/base.py", line 273, in _create_connection
    return _ConnectionRecord(self)
           ^^^^^^^^^^^^^^^^^^^^^^^
  File "/home/airflow/.local/lib/python3.12/site-packages/sqlalchemy/pool/base.py", line 388, in __init__
    self.__connect()
  File "/home/airflow/.local/lib/python3.12/site-packages/sqlalchemy/pool/base.py", line 690, in __connect
    with util.safe_reraise():
         ^^^^^^^^^^^^^^^^^^^
  File "/home/airflow/.local/lib/python3.12/site-packages/sqlalchemy/util/langhelpers.py", line 70, in __exit__
    compat.raise_(
  File "/home/airflow/.local/lib/python3.12/site-packages/sqlalchemy/util/compat.py", line 211, in raise_
    raise exception
  File "/home/airflow/.local/lib/python3.12/site-packages/sqlalchemy/pool/base.py", line 686, in __connect
    self.dbapi_connection = connection = pool._invoke_creator(self)
                                         ^^^^^^^^^^^^^^^^^^^^^^^^^^
  File "/home/airflow/.local/lib/python3.12/site-packages/sqlalchemy/engine/create.py", line 574, in connect
    return dialect.connect(*cargs, **cparams)
           ^^^^^^^^^^^^^^^^^^^^^^^^^^^^^^^^^^
  File "/home/airflow/.local/lib/python3.12/site-packages/sqlalchemy/engine/default.py", line 598, in connect
    return self.dbapi.connect(*cargs, **cparams)
           ^^^^^^^^^^^^^^^^^^^^^^^^^^^^^^^^^^^^^
  File "/home/airflow/.local/lib/python3.12/site-packages/psycopg2/__init__.py", line 122, in connect
    conn = _connect(dsn, connection_factory=connection_factory, **kwasync)
           ^^^^^^^^^^^^^^^^^^^^^^^^^^^^^^^^^^^^^^^^^^^^^^^^^^^^^^^^^^^^^^^
sqlalchemy.exc.OperationalError: (psycopg2.OperationalError) could not translate host name "postgres" to address: Temporary failure in name resolution

(Background on this error at: https://sqlalche.me/e/14/e3q8)
[2025-01-01T03:48:20.410+0000] {processor.py:186} INFO - Started process (PID=518) to work on /opt/airflow/dags/data_sharing_via_xcoms.py
[2025-01-01T03:48:20.411+0000] {processor.py:914} INFO - Processing file /opt/airflow/dags/data_sharing_via_xcoms.py for tasks to queue
[2025-01-01T03:48:20.412+0000] {logging_mixin.py:190} INFO - [2025-01-01T03:48:20.412+0000] {dagbag.py:588} INFO - Filling up the DagBag from /opt/airflow/dags/data_sharing_via_xcoms.py
[2025-01-01T03:48:20.493+0000] {processor.py:925} INFO - DAG(s) 'data_sharing_via_xcoms_v4' retrieved from /opt/airflow/dags/data_sharing_via_xcoms.py
[2025-01-01T03:48:20.906+0000] {logging_mixin.py:190} INFO - [2025-01-01T03:48:20.906+0000] {dag.py:3239} INFO - Sync 1 DAGs
[2025-01-01T03:48:20.921+0000] {logging_mixin.py:190} INFO - [2025-01-01T03:48:20.921+0000] {dag.py:4180} INFO - Setting next_dagrun for data_sharing_via_xcoms_v4 to 2024-12-31 00:00:00+00:00, run_after=2025-01-01 00:00:00+00:00
[2025-01-01T03:48:20.954+0000] {processor.py:208} INFO - Processing /opt/airflow/dags/data_sharing_via_xcoms.py took 0.605 seconds
[2025-01-01T03:48:51.026+0000] {processor.py:186} INFO - Started process (PID=522) to work on /opt/airflow/dags/data_sharing_via_xcoms.py
[2025-01-01T03:48:51.097+0000] {processor.py:914} INFO - Processing file /opt/airflow/dags/data_sharing_via_xcoms.py for tasks to queue
[2025-01-01T03:48:51.174+0000] {logging_mixin.py:190} INFO - [2025-01-01T03:48:51.098+0000] {dagbag.py:588} INFO - Filling up the DagBag from /opt/airflow/dags/data_sharing_via_xcoms.py
[2025-01-01T03:48:52.002+0000] {processor.py:925} INFO - DAG(s) 'data_sharing_via_xcoms_v4' retrieved from /opt/airflow/dags/data_sharing_via_xcoms.py
[2025-01-01T03:48:54.365+0000] {logging_mixin.py:190} INFO - [2025-01-01T03:48:54.364+0000] {dag.py:3239} INFO - Sync 1 DAGs
[2025-01-01T03:48:54.404+0000] {logging_mixin.py:190} INFO - [2025-01-01T03:48:54.404+0000] {dag.py:4180} INFO - Setting next_dagrun for data_sharing_via_xcoms_v4 to 2024-12-31 00:00:00+00:00, run_after=2025-01-01 00:00:00+00:00
[2025-01-01T03:48:54.442+0000] {processor.py:208} INFO - Processing /opt/airflow/dags/data_sharing_via_xcoms.py took 3.480 seconds
[2025-01-01T04:08:34.102+0000] {processor.py:186} INFO - Started process (PID=74) to work on /opt/airflow/dags/data_sharing_via_xcoms.py
[2025-01-01T04:08:34.104+0000] {processor.py:914} INFO - Processing file /opt/airflow/dags/data_sharing_via_xcoms.py for tasks to queue
[2025-01-01T04:08:34.108+0000] {logging_mixin.py:190} INFO - [2025-01-01T04:08:34.107+0000] {dagbag.py:588} INFO - Filling up the DagBag from /opt/airflow/dags/data_sharing_via_xcoms.py
[2025-01-01T04:08:34.133+0000] {processor.py:925} INFO - DAG(s) 'data_sharing_via_xcoms_v4' retrieved from /opt/airflow/dags/data_sharing_via_xcoms.py
[2025-01-01T04:08:34.189+0000] {logging_mixin.py:190} INFO - [2025-01-01T04:08:34.189+0000] {dag.py:3239} INFO - Sync 1 DAGs
[2025-01-01T04:08:34.279+0000] {logging_mixin.py:190} INFO - [2025-01-01T04:08:34.278+0000] {dag.py:4180} INFO - Setting next_dagrun for data_sharing_via_xcoms_v4 to 2024-12-31 00:00:00+00:00, run_after=2025-01-01 00:00:00+00:00
[2025-01-01T04:08:34.350+0000] {processor.py:208} INFO - Processing /opt/airflow/dags/data_sharing_via_xcoms.py took 0.257 seconds
[2025-01-01T04:09:04.579+0000] {processor.py:186} INFO - Started process (PID=93) to work on /opt/airflow/dags/data_sharing_via_xcoms.py
[2025-01-01T04:09:04.584+0000] {processor.py:914} INFO - Processing file /opt/airflow/dags/data_sharing_via_xcoms.py for tasks to queue
[2025-01-01T04:09:04.591+0000] {logging_mixin.py:190} INFO - [2025-01-01T04:09:04.588+0000] {dagbag.py:588} INFO - Filling up the DagBag from /opt/airflow/dags/data_sharing_via_xcoms.py
[2025-01-01T04:09:04.657+0000] {processor.py:925} INFO - DAG(s) 'data_sharing_via_xcoms_v4' retrieved from /opt/airflow/dags/data_sharing_via_xcoms.py
[2025-01-01T04:09:06.665+0000] {logging_mixin.py:190} INFO - [2025-01-01T04:09:06.665+0000] {dag.py:3239} INFO - Sync 1 DAGs
[2025-01-01T04:09:06.767+0000] {logging_mixin.py:190} INFO - [2025-01-01T04:09:06.766+0000] {dag.py:4180} INFO - Setting next_dagrun for data_sharing_via_xcoms_v4 to 2024-12-31 00:00:00+00:00, run_after=2025-01-01 00:00:00+00:00
[2025-01-01T04:09:06.810+0000] {processor.py:208} INFO - Processing /opt/airflow/dags/data_sharing_via_xcoms.py took 2.285 seconds
[2025-01-01T04:09:37.460+0000] {processor.py:186} INFO - Started process (PID=110) to work on /opt/airflow/dags/data_sharing_via_xcoms.py
[2025-01-01T04:09:37.461+0000] {processor.py:914} INFO - Processing file /opt/airflow/dags/data_sharing_via_xcoms.py for tasks to queue
[2025-01-01T04:09:37.465+0000] {logging_mixin.py:190} INFO - [2025-01-01T04:09:37.464+0000] {dagbag.py:588} INFO - Filling up the DagBag from /opt/airflow/dags/data_sharing_via_xcoms.py
[2025-01-01T04:09:37.500+0000] {processor.py:925} INFO - DAG(s) 'data_sharing_via_xcoms_v4' retrieved from /opt/airflow/dags/data_sharing_via_xcoms.py
[2025-01-01T04:09:37.530+0000] {logging_mixin.py:190} INFO - [2025-01-01T04:09:37.530+0000] {dag.py:3239} INFO - Sync 1 DAGs
[2025-01-01T04:09:37.555+0000] {logging_mixin.py:190} INFO - [2025-01-01T04:09:37.555+0000] {dag.py:4180} INFO - Setting next_dagrun for data_sharing_via_xcoms_v4 to 2024-12-31 00:00:00+00:00, run_after=2025-01-01 00:00:00+00:00
[2025-01-01T04:09:37.572+0000] {processor.py:208} INFO - Processing /opt/airflow/dags/data_sharing_via_xcoms.py took 0.122 seconds
[2025-01-01T04:10:08.123+0000] {processor.py:186} INFO - Started process (PID=121) to work on /opt/airflow/dags/data_sharing_via_xcoms.py
[2025-01-01T04:10:08.124+0000] {processor.py:914} INFO - Processing file /opt/airflow/dags/data_sharing_via_xcoms.py for tasks to queue
[2025-01-01T04:10:08.127+0000] {logging_mixin.py:190} INFO - [2025-01-01T04:10:08.127+0000] {dagbag.py:588} INFO - Filling up the DagBag from /opt/airflow/dags/data_sharing_via_xcoms.py
[2025-01-01T04:10:08.151+0000] {processor.py:925} INFO - DAG(s) 'data_sharing_via_xcoms_v4' retrieved from /opt/airflow/dags/data_sharing_via_xcoms.py
[2025-01-01T04:10:08.193+0000] {logging_mixin.py:190} INFO - [2025-01-01T04:10:08.193+0000] {dag.py:3239} INFO - Sync 1 DAGs
[2025-01-01T04:10:08.246+0000] {logging_mixin.py:190} INFO - [2025-01-01T04:10:08.245+0000] {dag.py:4180} INFO - Setting next_dagrun for data_sharing_via_xcoms_v4 to 2024-12-31 00:00:00+00:00, run_after=2025-01-01 00:00:00+00:00
[2025-01-01T04:10:08.278+0000] {processor.py:208} INFO - Processing /opt/airflow/dags/data_sharing_via_xcoms.py took 0.164 seconds
[2025-01-01T04:14:12.949+0000] {processor.py:186} INFO - Started process (PID=142) to work on /opt/airflow/dags/data_sharing_via_xcoms.py
[2025-01-01T04:14:12.953+0000] {processor.py:914} INFO - Processing file /opt/airflow/dags/data_sharing_via_xcoms.py for tasks to queue
[2025-01-01T04:14:12.955+0000] {logging_mixin.py:190} INFO - [2025-01-01T04:14:12.955+0000] {dagbag.py:588} INFO - Filling up the DagBag from /opt/airflow/dags/data_sharing_via_xcoms.py
[2025-01-01T04:14:16.882+0000] {processor.py:925} INFO - DAG(s) 'data_sharing_via_xcoms_v4' retrieved from /opt/airflow/dags/data_sharing_via_xcoms.py
[2025-01-01T04:14:20.498+0000] {logging_mixin.py:190} INFO - [2025-01-01T04:14:20.498+0000] {dag.py:3239} INFO - Sync 1 DAGs
[2025-01-01T04:14:21.707+0000] {logging_mixin.py:190} INFO - [2025-01-01T04:14:21.707+0000] {dag.py:4180} INFO - Setting next_dagrun for data_sharing_via_xcoms_v4 to 2024-12-31 00:00:00+00:00, run_after=2025-01-01 00:00:00+00:00
[2025-01-01T04:14:58.703+0000] {processor.py:208} INFO - Processing /opt/airflow/dags/data_sharing_via_xcoms.py took 44.892 seconds
[2025-01-01T04:15:29.389+0000] {processor.py:186} INFO - Started process (PID=160) to work on /opt/airflow/dags/data_sharing_via_xcoms.py
[2025-01-01T04:15:29.390+0000] {processor.py:914} INFO - Processing file /opt/airflow/dags/data_sharing_via_xcoms.py for tasks to queue
[2025-01-01T04:15:29.392+0000] {logging_mixin.py:190} INFO - [2025-01-01T04:15:29.391+0000] {dagbag.py:588} INFO - Filling up the DagBag from /opt/airflow/dags/data_sharing_via_xcoms.py
[2025-01-01T04:15:29.406+0000] {processor.py:925} INFO - DAG(s) 'data_sharing_via_xcoms_v4' retrieved from /opt/airflow/dags/data_sharing_via_xcoms.py
[2025-01-01T04:15:29.429+0000] {logging_mixin.py:190} INFO - [2025-01-01T04:15:29.429+0000] {dag.py:3239} INFO - Sync 1 DAGs
[2025-01-01T04:15:29.602+0000] {logging_mixin.py:190} INFO - [2025-01-01T04:15:29.601+0000] {dag.py:4180} INFO - Setting next_dagrun for data_sharing_via_xcoms_v4 to 2024-12-31 00:00:00+00:00, run_after=2025-01-01 00:00:00+00:00
[2025-01-01T04:15:29.612+0000] {processor.py:208} INFO - Processing /opt/airflow/dags/data_sharing_via_xcoms.py took 0.228 seconds
[2025-01-01T04:15:59.678+0000] {processor.py:186} INFO - Started process (PID=172) to work on /opt/airflow/dags/data_sharing_via_xcoms.py
[2025-01-01T04:15:59.680+0000] {processor.py:914} INFO - Processing file /opt/airflow/dags/data_sharing_via_xcoms.py for tasks to queue
[2025-01-01T04:15:59.681+0000] {logging_mixin.py:190} INFO - [2025-01-01T04:15:59.680+0000] {dagbag.py:588} INFO - Filling up the DagBag from /opt/airflow/dags/data_sharing_via_xcoms.py
[2025-01-01T04:15:59.697+0000] {processor.py:925} INFO - DAG(s) 'data_sharing_via_xcoms_v4' retrieved from /opt/airflow/dags/data_sharing_via_xcoms.py
[2025-01-01T04:16:00.071+0000] {logging_mixin.py:190} INFO - [2025-01-01T04:16:00.052+0000] {dag.py:3239} INFO - Sync 1 DAGs
[2025-01-01T04:16:00.688+0000] {logging_mixin.py:190} INFO - [2025-01-01T04:16:00.614+0000] {dag.py:4180} INFO - Setting next_dagrun for data_sharing_via_xcoms_v4 to 2024-12-31 00:00:00+00:00, run_after=2025-01-01 00:00:00+00:00
[2025-01-01T04:16:01.523+0000] {processor.py:208} INFO - Processing /opt/airflow/dags/data_sharing_via_xcoms.py took 1.849 seconds
