[2025-01-01T03:25:13.789+0000] {processor.py:186} INFO - Started process (PID=73) to work on /opt/airflow/dags/python_operator_dag.py
[2025-01-01T03:25:13.802+0000] {processor.py:914} INFO - Processing file /opt/airflow/dags/python_operator_dag.py for tasks to queue
[2025-01-01T03:25:13.852+0000] {logging_mixin.py:190} INFO - [2025-01-01T03:25:13.849+0000] {dagbag.py:588} INFO - Filling up the DagBag from /opt/airflow/dags/python_operator_dag.py
[2025-01-01T03:25:14.021+0000] {processor.py:925} INFO - DAG(s) 'python_operator_dag_v3' retrieved from /opt/airflow/dags/python_operator_dag.py
[2025-01-01T03:25:14.550+0000] {logging_mixin.py:190} INFO - [2025-01-01T03:25:14.549+0000] {dag.py:3239} INFO - Sync 1 DAGs
[2025-01-01T03:25:14.639+0000] {logging_mixin.py:190} INFO - [2025-01-01T03:25:14.638+0000] {dag.py:4180} INFO - Setting next_dagrun for python_operator_dag_v3 to 2024-12-31 00:00:00+00:00, run_after=2025-01-01 00:00:00+00:00
[2025-01-01T03:25:14.699+0000] {processor.py:208} INFO - Processing /opt/airflow/dags/python_operator_dag.py took 0.992 seconds
[2025-01-01T03:26:12.879+0000] {processor.py:186} INFO - Started process (PID=101) to work on /opt/airflow/dags/python_operator_dag.py
[2025-01-01T03:26:12.942+0000] {processor.py:914} INFO - Processing file /opt/airflow/dags/python_operator_dag.py for tasks to queue
[2025-01-01T03:26:13.085+0000] {logging_mixin.py:190} INFO - [2025-01-01T03:26:13.018+0000] {dagbag.py:588} INFO - Filling up the DagBag from /opt/airflow/dags/python_operator_dag.py
[2025-01-01T03:26:13.895+0000] {processor.py:925} INFO - DAG(s) 'python_operator_dag_v3' retrieved from /opt/airflow/dags/python_operator_dag.py
[2025-01-01T03:26:32.570+0000] {logging_mixin.py:190} INFO - [2025-01-01T03:26:32.569+0000] {dag.py:3239} INFO - Sync 1 DAGs
[2025-01-01T03:26:32.590+0000] {logging_mixin.py:190} INFO - [2025-01-01T03:26:32.590+0000] {dag.py:4180} INFO - Setting next_dagrun for python_operator_dag_v3 to 2024-12-31 00:00:00+00:00, run_after=2025-01-01 00:00:00+00:00
[2025-01-01T03:26:32.817+0000] {processor.py:208} INFO - Processing /opt/airflow/dags/python_operator_dag.py took 20.203 seconds
[2025-01-01T03:27:03.708+0000] {processor.py:186} INFO - Started process (PID=111) to work on /opt/airflow/dags/python_operator_dag.py
[2025-01-01T03:27:03.710+0000] {processor.py:914} INFO - Processing file /opt/airflow/dags/python_operator_dag.py for tasks to queue
[2025-01-01T03:27:03.714+0000] {logging_mixin.py:190} INFO - [2025-01-01T03:27:03.713+0000] {dagbag.py:588} INFO - Filling up the DagBag from /opt/airflow/dags/python_operator_dag.py
[2025-01-01T03:27:03.804+0000] {processor.py:925} INFO - DAG(s) 'python_operator_dag_v3' retrieved from /opt/airflow/dags/python_operator_dag.py
[2025-01-01T03:27:03.891+0000] {logging_mixin.py:190} INFO - [2025-01-01T03:27:03.891+0000] {dag.py:3239} INFO - Sync 1 DAGs
[2025-01-01T03:27:03.908+0000] {logging_mixin.py:190} INFO - [2025-01-01T03:27:03.908+0000] {dag.py:4180} INFO - Setting next_dagrun for python_operator_dag_v3 to 2024-12-31 00:00:00+00:00, run_after=2025-01-01 00:00:00+00:00
[2025-01-01T03:27:03.958+0000] {processor.py:208} INFO - Processing /opt/airflow/dags/python_operator_dag.py took 0.259 seconds
[2025-01-01T03:27:34.287+0000] {processor.py:186} INFO - Started process (PID=121) to work on /opt/airflow/dags/python_operator_dag.py
[2025-01-01T03:27:34.288+0000] {processor.py:914} INFO - Processing file /opt/airflow/dags/python_operator_dag.py for tasks to queue
[2025-01-01T03:27:34.290+0000] {logging_mixin.py:190} INFO - [2025-01-01T03:27:34.289+0000] {dagbag.py:588} INFO - Filling up the DagBag from /opt/airflow/dags/python_operator_dag.py
[2025-01-01T03:27:34.303+0000] {processor.py:925} INFO - DAG(s) 'python_operator_dag_v3' retrieved from /opt/airflow/dags/python_operator_dag.py
[2025-01-01T03:27:34.323+0000] {logging_mixin.py:190} INFO - [2025-01-01T03:27:34.322+0000] {dag.py:3239} INFO - Sync 1 DAGs
[2025-01-01T03:27:34.339+0000] {logging_mixin.py:190} INFO - [2025-01-01T03:27:34.339+0000] {dag.py:4180} INFO - Setting next_dagrun for python_operator_dag_v3 to 2024-12-31 00:00:00+00:00, run_after=2025-01-01 00:00:00+00:00
[2025-01-01T03:27:34.488+0000] {processor.py:208} INFO - Processing /opt/airflow/dags/python_operator_dag.py took 0.206 seconds
[2025-01-01T03:28:04.835+0000] {processor.py:186} INFO - Started process (PID=137) to work on /opt/airflow/dags/python_operator_dag.py
[2025-01-01T03:28:04.836+0000] {processor.py:914} INFO - Processing file /opt/airflow/dags/python_operator_dag.py for tasks to queue
[2025-01-01T03:28:04.838+0000] {logging_mixin.py:190} INFO - [2025-01-01T03:28:04.838+0000] {dagbag.py:588} INFO - Filling up the DagBag from /opt/airflow/dags/python_operator_dag.py
[2025-01-01T03:28:04.852+0000] {processor.py:925} INFO - DAG(s) 'python_operator_dag_v3' retrieved from /opt/airflow/dags/python_operator_dag.py
[2025-01-01T03:28:04.873+0000] {logging_mixin.py:190} INFO - [2025-01-01T03:28:04.872+0000] {dag.py:3239} INFO - Sync 1 DAGs
[2025-01-01T03:28:05.083+0000] {logging_mixin.py:190} INFO - [2025-01-01T03:28:05.083+0000] {dag.py:4180} INFO - Setting next_dagrun for python_operator_dag_v3 to 2024-12-31 00:00:00+00:00, run_after=2025-01-01 00:00:00+00:00
[2025-01-01T03:28:05.099+0000] {processor.py:208} INFO - Processing /opt/airflow/dags/python_operator_dag.py took 0.268 seconds
[2025-01-01T03:28:35.355+0000] {processor.py:186} INFO - Started process (PID=147) to work on /opt/airflow/dags/python_operator_dag.py
[2025-01-01T03:28:35.355+0000] {processor.py:914} INFO - Processing file /opt/airflow/dags/python_operator_dag.py for tasks to queue
[2025-01-01T03:28:35.357+0000] {logging_mixin.py:190} INFO - [2025-01-01T03:28:35.357+0000] {dagbag.py:588} INFO - Filling up the DagBag from /opt/airflow/dags/python_operator_dag.py
[2025-01-01T03:28:35.373+0000] {processor.py:925} INFO - DAG(s) 'python_operator_dag_v3' retrieved from /opt/airflow/dags/python_operator_dag.py
[2025-01-01T03:28:35.525+0000] {logging_mixin.py:190} INFO - [2025-01-01T03:28:35.525+0000] {dag.py:3239} INFO - Sync 1 DAGs
[2025-01-01T03:28:35.540+0000] {logging_mixin.py:190} INFO - [2025-01-01T03:28:35.540+0000] {dag.py:4180} INFO - Setting next_dagrun for python_operator_dag_v3 to 2024-12-31 00:00:00+00:00, run_after=2025-01-01 00:00:00+00:00
[2025-01-01T03:28:35.552+0000] {processor.py:208} INFO - Processing /opt/airflow/dags/python_operator_dag.py took 0.201 seconds
[2025-01-01T03:29:05.896+0000] {processor.py:186} INFO - Started process (PID=157) to work on /opt/airflow/dags/python_operator_dag.py
[2025-01-01T03:29:05.896+0000] {processor.py:914} INFO - Processing file /opt/airflow/dags/python_operator_dag.py for tasks to queue
[2025-01-01T03:29:05.898+0000] {logging_mixin.py:190} INFO - [2025-01-01T03:29:05.898+0000] {dagbag.py:588} INFO - Filling up the DagBag from /opt/airflow/dags/python_operator_dag.py
[2025-01-01T03:29:06.052+0000] {processor.py:925} INFO - DAG(s) 'python_operator_dag_v3' retrieved from /opt/airflow/dags/python_operator_dag.py
[2025-01-01T03:29:06.067+0000] {logging_mixin.py:190} INFO - [2025-01-01T03:29:06.067+0000] {dag.py:3239} INFO - Sync 1 DAGs
[2025-01-01T03:29:06.081+0000] {logging_mixin.py:190} INFO - [2025-01-01T03:29:06.080+0000] {dag.py:4180} INFO - Setting next_dagrun for python_operator_dag_v3 to 2024-12-31 00:00:00+00:00, run_after=2025-01-01 00:00:00+00:00
[2025-01-01T03:29:06.092+0000] {processor.py:208} INFO - Processing /opt/airflow/dags/python_operator_dag.py took 0.201 seconds
[2025-01-01T03:29:36.455+0000] {processor.py:186} INFO - Started process (PID=167) to work on /opt/airflow/dags/python_operator_dag.py
[2025-01-01T03:29:36.456+0000] {processor.py:914} INFO - Processing file /opt/airflow/dags/python_operator_dag.py for tasks to queue
[2025-01-01T03:29:36.458+0000] {logging_mixin.py:190} INFO - [2025-01-01T03:29:36.458+0000] {dagbag.py:588} INFO - Filling up the DagBag from /opt/airflow/dags/python_operator_dag.py
[2025-01-01T03:29:36.475+0000] {processor.py:925} INFO - DAG(s) 'python_operator_dag_v3' retrieved from /opt/airflow/dags/python_operator_dag.py
[2025-01-01T03:29:36.496+0000] {logging_mixin.py:190} INFO - [2025-01-01T03:29:36.496+0000] {dag.py:3239} INFO - Sync 1 DAGs
[2025-01-01T03:29:36.514+0000] {logging_mixin.py:190} INFO - [2025-01-01T03:29:36.514+0000] {dag.py:4180} INFO - Setting next_dagrun for python_operator_dag_v3 to 2024-12-31 00:00:00+00:00, run_after=2025-01-01 00:00:00+00:00
[2025-01-01T03:29:36.527+0000] {processor.py:208} INFO - Processing /opt/airflow/dags/python_operator_dag.py took 0.077 seconds
[2025-01-01T03:30:06.853+0000] {processor.py:186} INFO - Started process (PID=177) to work on /opt/airflow/dags/python_operator_dag.py
[2025-01-01T03:30:06.854+0000] {processor.py:914} INFO - Processing file /opt/airflow/dags/python_operator_dag.py for tasks to queue
[2025-01-01T03:30:06.856+0000] {logging_mixin.py:190} INFO - [2025-01-01T03:30:06.856+0000] {dagbag.py:588} INFO - Filling up the DagBag from /opt/airflow/dags/python_operator_dag.py
[2025-01-01T03:30:06.914+0000] {processor.py:925} INFO - DAG(s) 'python_operator_dag_v3' retrieved from /opt/airflow/dags/python_operator_dag.py
[2025-01-01T03:30:07.254+0000] {logging_mixin.py:190} INFO - [2025-01-01T03:30:07.253+0000] {dag.py:3239} INFO - Sync 1 DAGs
[2025-01-01T03:30:07.414+0000] {logging_mixin.py:190} INFO - [2025-01-01T03:30:07.412+0000] {dag.py:4180} INFO - Setting next_dagrun for python_operator_dag_v3 to 2024-12-31 00:00:00+00:00, run_after=2025-01-01 00:00:00+00:00
[2025-01-01T03:30:07.490+0000] {processor.py:208} INFO - Processing /opt/airflow/dags/python_operator_dag.py took 0.666 seconds
[2025-01-01T03:30:37.816+0000] {processor.py:186} INFO - Started process (PID=191) to work on /opt/airflow/dags/python_operator_dag.py
[2025-01-01T03:30:37.817+0000] {processor.py:914} INFO - Processing file /opt/airflow/dags/python_operator_dag.py for tasks to queue
[2025-01-01T03:30:37.818+0000] {logging_mixin.py:190} INFO - [2025-01-01T03:30:37.818+0000] {dagbag.py:588} INFO - Filling up the DagBag from /opt/airflow/dags/python_operator_dag.py
[2025-01-01T03:30:37.832+0000] {processor.py:925} INFO - DAG(s) 'python_operator_dag_v3' retrieved from /opt/airflow/dags/python_operator_dag.py
[2025-01-01T03:30:37.851+0000] {logging_mixin.py:190} INFO - [2025-01-01T03:30:37.851+0000] {dag.py:3239} INFO - Sync 1 DAGs
[2025-01-01T03:30:37.872+0000] {logging_mixin.py:190} INFO - [2025-01-01T03:30:37.872+0000] {dag.py:4180} INFO - Setting next_dagrun for python_operator_dag_v3 to 2024-12-31 00:00:00+00:00, run_after=2025-01-01 00:00:00+00:00
[2025-01-01T03:30:37.886+0000] {processor.py:208} INFO - Processing /opt/airflow/dags/python_operator_dag.py took 0.075 seconds
[2025-01-01T03:31:08.211+0000] {processor.py:186} INFO - Started process (PID=209) to work on /opt/airflow/dags/python_operator_dag.py
[2025-01-01T03:31:08.212+0000] {processor.py:914} INFO - Processing file /opt/airflow/dags/python_operator_dag.py for tasks to queue
[2025-01-01T03:31:08.215+0000] {logging_mixin.py:190} INFO - [2025-01-01T03:31:08.213+0000] {dagbag.py:588} INFO - Filling up the DagBag from /opt/airflow/dags/python_operator_dag.py
[2025-01-01T03:31:08.232+0000] {processor.py:925} INFO - DAG(s) 'python_operator_dag_v3' retrieved from /opt/airflow/dags/python_operator_dag.py
[2025-01-01T03:31:08.262+0000] {logging_mixin.py:190} INFO - [2025-01-01T03:31:08.262+0000] {dag.py:3239} INFO - Sync 1 DAGs
[2025-01-01T03:31:08.278+0000] {logging_mixin.py:190} INFO - [2025-01-01T03:31:08.278+0000] {dag.py:4180} INFO - Setting next_dagrun for python_operator_dag_v3 to 2024-12-31 00:00:00+00:00, run_after=2025-01-01 00:00:00+00:00
[2025-01-01T03:31:08.292+0000] {processor.py:208} INFO - Processing /opt/airflow/dags/python_operator_dag.py took 0.086 seconds
[2025-01-01T03:31:38.982+0000] {processor.py:186} INFO - Started process (PID=219) to work on /opt/airflow/dags/python_operator_dag.py
[2025-01-01T03:31:38.987+0000] {processor.py:914} INFO - Processing file /opt/airflow/dags/python_operator_dag.py for tasks to queue
[2025-01-01T03:31:38.991+0000] {logging_mixin.py:190} INFO - [2025-01-01T03:31:38.988+0000] {dagbag.py:588} INFO - Filling up the DagBag from /opt/airflow/dags/python_operator_dag.py
[2025-01-01T03:31:39.023+0000] {processor.py:925} INFO - DAG(s) 'python_operator_dag_v3' retrieved from /opt/airflow/dags/python_operator_dag.py
[2025-01-01T03:31:39.271+0000] {logging_mixin.py:190} INFO - [2025-01-01T03:31:39.271+0000] {dag.py:3239} INFO - Sync 1 DAGs
[2025-01-01T03:31:39.296+0000] {logging_mixin.py:190} INFO - [2025-01-01T03:31:39.296+0000] {dag.py:4180} INFO - Setting next_dagrun for python_operator_dag_v3 to 2024-12-31 00:00:00+00:00, run_after=2025-01-01 00:00:00+00:00
[2025-01-01T03:31:39.315+0000] {processor.py:208} INFO - Processing /opt/airflow/dags/python_operator_dag.py took 0.340 seconds
[2025-01-01T03:32:09.440+0000] {processor.py:186} INFO - Started process (PID=229) to work on /opt/airflow/dags/python_operator_dag.py
[2025-01-01T03:32:09.440+0000] {processor.py:914} INFO - Processing file /opt/airflow/dags/python_operator_dag.py for tasks to queue
[2025-01-01T03:32:09.441+0000] {logging_mixin.py:190} INFO - [2025-01-01T03:32:09.441+0000] {dagbag.py:588} INFO - Filling up the DagBag from /opt/airflow/dags/python_operator_dag.py
[2025-01-01T03:32:09.457+0000] {processor.py:925} INFO - DAG(s) 'python_operator_dag_v3' retrieved from /opt/airflow/dags/python_operator_dag.py
[2025-01-01T03:32:09.479+0000] {logging_mixin.py:190} INFO - [2025-01-01T03:32:09.478+0000] {dag.py:3239} INFO - Sync 1 DAGs
[2025-01-01T03:32:09.498+0000] {logging_mixin.py:190} INFO - [2025-01-01T03:32:09.498+0000] {dag.py:4180} INFO - Setting next_dagrun for python_operator_dag_v3 to 2024-12-31 00:00:00+00:00, run_after=2025-01-01 00:00:00+00:00
[2025-01-01T03:32:09.520+0000] {processor.py:208} INFO - Processing /opt/airflow/dags/python_operator_dag.py took 0.085 seconds
[2025-01-01T03:32:39.908+0000] {processor.py:186} INFO - Started process (PID=239) to work on /opt/airflow/dags/python_operator_dag.py
[2025-01-01T03:32:39.909+0000] {processor.py:914} INFO - Processing file /opt/airflow/dags/python_operator_dag.py for tasks to queue
[2025-01-01T03:32:39.910+0000] {logging_mixin.py:190} INFO - [2025-01-01T03:32:39.910+0000] {dagbag.py:588} INFO - Filling up the DagBag from /opt/airflow/dags/python_operator_dag.py
[2025-01-01T03:32:39.925+0000] {processor.py:925} INFO - DAG(s) 'python_operator_dag_v3' retrieved from /opt/airflow/dags/python_operator_dag.py
[2025-01-01T03:32:39.948+0000] {logging_mixin.py:190} INFO - [2025-01-01T03:32:39.948+0000] {dag.py:3239} INFO - Sync 1 DAGs
[2025-01-01T03:32:39.967+0000] {logging_mixin.py:190} INFO - [2025-01-01T03:32:39.967+0000] {dag.py:4180} INFO - Setting next_dagrun for python_operator_dag_v3 to 2024-12-31 00:00:00+00:00, run_after=2025-01-01 00:00:00+00:00
[2025-01-01T03:32:39.981+0000] {processor.py:208} INFO - Processing /opt/airflow/dags/python_operator_dag.py took 0.081 seconds
[2025-01-01T03:33:10.376+0000] {processor.py:186} INFO - Started process (PID=249) to work on /opt/airflow/dags/python_operator_dag.py
[2025-01-01T03:33:10.376+0000] {processor.py:914} INFO - Processing file /opt/airflow/dags/python_operator_dag.py for tasks to queue
[2025-01-01T03:33:10.379+0000] {logging_mixin.py:190} INFO - [2025-01-01T03:33:10.378+0000] {dagbag.py:588} INFO - Filling up the DagBag from /opt/airflow/dags/python_operator_dag.py
[2025-01-01T03:33:10.390+0000] {processor.py:925} INFO - DAG(s) 'python_operator_dag_v3' retrieved from /opt/airflow/dags/python_operator_dag.py
[2025-01-01T03:33:10.415+0000] {logging_mixin.py:190} INFO - [2025-01-01T03:33:10.414+0000] {dag.py:3239} INFO - Sync 1 DAGs
[2025-01-01T03:33:10.434+0000] {logging_mixin.py:190} INFO - [2025-01-01T03:33:10.434+0000] {dag.py:4180} INFO - Setting next_dagrun for python_operator_dag_v3 to 2024-12-31 00:00:00+00:00, run_after=2025-01-01 00:00:00+00:00
[2025-01-01T03:33:10.447+0000] {processor.py:208} INFO - Processing /opt/airflow/dags/python_operator_dag.py took 0.076 seconds
[2025-01-01T03:33:40.777+0000] {processor.py:186} INFO - Started process (PID=259) to work on /opt/airflow/dags/python_operator_dag.py
[2025-01-01T03:33:40.780+0000] {processor.py:914} INFO - Processing file /opt/airflow/dags/python_operator_dag.py for tasks to queue
[2025-01-01T03:33:40.781+0000] {logging_mixin.py:190} INFO - [2025-01-01T03:33:40.781+0000] {dagbag.py:588} INFO - Filling up the DagBag from /opt/airflow/dags/python_operator_dag.py
[2025-01-01T03:33:40.799+0000] {processor.py:925} INFO - DAG(s) 'python_operator_dag_v3' retrieved from /opt/airflow/dags/python_operator_dag.py
[2025-01-01T03:33:40.818+0000] {logging_mixin.py:190} INFO - [2025-01-01T03:33:40.818+0000] {dag.py:3239} INFO - Sync 1 DAGs
[2025-01-01T03:33:40.835+0000] {logging_mixin.py:190} INFO - [2025-01-01T03:33:40.834+0000] {dag.py:4180} INFO - Setting next_dagrun for python_operator_dag_v3 to 2024-12-31 00:00:00+00:00, run_after=2025-01-01 00:00:00+00:00
[2025-01-01T03:33:40.846+0000] {processor.py:208} INFO - Processing /opt/airflow/dags/python_operator_dag.py took 0.074 seconds
[2025-01-01T03:34:11.166+0000] {processor.py:186} INFO - Started process (PID=269) to work on /opt/airflow/dags/python_operator_dag.py
[2025-01-01T03:34:11.167+0000] {processor.py:914} INFO - Processing file /opt/airflow/dags/python_operator_dag.py for tasks to queue
[2025-01-01T03:34:11.168+0000] {logging_mixin.py:190} INFO - [2025-01-01T03:34:11.168+0000] {dagbag.py:588} INFO - Filling up the DagBag from /opt/airflow/dags/python_operator_dag.py
[2025-01-01T03:34:11.181+0000] {processor.py:925} INFO - DAG(s) 'python_operator_dag_v3' retrieved from /opt/airflow/dags/python_operator_dag.py
[2025-01-01T03:34:11.202+0000] {logging_mixin.py:190} INFO - [2025-01-01T03:34:11.202+0000] {dag.py:3239} INFO - Sync 1 DAGs
[2025-01-01T03:34:11.220+0000] {logging_mixin.py:190} INFO - [2025-01-01T03:34:11.220+0000] {dag.py:4180} INFO - Setting next_dagrun for python_operator_dag_v3 to 2024-12-31 00:00:00+00:00, run_after=2025-01-01 00:00:00+00:00
[2025-01-01T03:34:11.234+0000] {processor.py:208} INFO - Processing /opt/airflow/dags/python_operator_dag.py took 0.073 seconds
[2025-01-01T03:34:41.645+0000] {processor.py:186} INFO - Started process (PID=279) to work on /opt/airflow/dags/python_operator_dag.py
[2025-01-01T03:34:41.647+0000] {processor.py:914} INFO - Processing file /opt/airflow/dags/python_operator_dag.py for tasks to queue
[2025-01-01T03:34:41.649+0000] {logging_mixin.py:190} INFO - [2025-01-01T03:34:41.648+0000] {dagbag.py:588} INFO - Filling up the DagBag from /opt/airflow/dags/python_operator_dag.py
[2025-01-01T03:34:41.728+0000] {processor.py:925} INFO - DAG(s) 'python_operator_dag_v3' retrieved from /opt/airflow/dags/python_operator_dag.py
[2025-01-01T03:34:41.758+0000] {logging_mixin.py:190} INFO - [2025-01-01T03:34:41.758+0000] {dag.py:3239} INFO - Sync 1 DAGs
[2025-01-01T03:34:41.775+0000] {logging_mixin.py:190} INFO - [2025-01-01T03:34:41.775+0000] {dag.py:4180} INFO - Setting next_dagrun for python_operator_dag_v3 to 2024-12-31 00:00:00+00:00, run_after=2025-01-01 00:00:00+00:00
[2025-01-01T03:34:41.790+0000] {processor.py:208} INFO - Processing /opt/airflow/dags/python_operator_dag.py took 0.150 seconds
[2025-01-01T03:35:12.156+0000] {processor.py:186} INFO - Started process (PID=289) to work on /opt/airflow/dags/python_operator_dag.py
[2025-01-01T03:35:12.157+0000] {processor.py:914} INFO - Processing file /opt/airflow/dags/python_operator_dag.py for tasks to queue
[2025-01-01T03:35:12.159+0000] {logging_mixin.py:190} INFO - [2025-01-01T03:35:12.159+0000] {dagbag.py:588} INFO - Filling up the DagBag from /opt/airflow/dags/python_operator_dag.py
[2025-01-01T03:35:12.253+0000] {processor.py:925} INFO - DAG(s) 'python_operator_dag_v3' retrieved from /opt/airflow/dags/python_operator_dag.py
[2025-01-01T03:35:13.178+0000] {logging_mixin.py:190} INFO - [2025-01-01T03:35:13.178+0000] {dag.py:3239} INFO - Sync 1 DAGs
[2025-01-01T03:35:13.263+0000] {logging_mixin.py:190} INFO - [2025-01-01T03:35:13.262+0000] {dag.py:4180} INFO - Setting next_dagrun for python_operator_dag_v3 to 2024-12-31 00:00:00+00:00, run_after=2025-01-01 00:00:00+00:00
[2025-01-01T03:35:13.339+0000] {processor.py:208} INFO - Processing /opt/airflow/dags/python_operator_dag.py took 1.191 seconds
[2025-01-01T03:35:43.537+0000] {processor.py:186} INFO - Started process (PID=293) to work on /opt/airflow/dags/python_operator_dag.py
[2025-01-01T03:35:43.538+0000] {processor.py:914} INFO - Processing file /opt/airflow/dags/python_operator_dag.py for tasks to queue
[2025-01-01T03:35:43.541+0000] {logging_mixin.py:190} INFO - [2025-01-01T03:35:43.539+0000] {dagbag.py:588} INFO - Filling up the DagBag from /opt/airflow/dags/python_operator_dag.py
[2025-01-01T03:35:43.691+0000] {processor.py:925} INFO - DAG(s) 'python_operator_dag_v3' retrieved from /opt/airflow/dags/python_operator_dag.py
[2025-01-01T03:35:43.866+0000] {logging_mixin.py:190} INFO - [2025-01-01T03:35:43.865+0000] {dag.py:3239} INFO - Sync 1 DAGs
[2025-01-01T03:35:43.882+0000] {logging_mixin.py:190} INFO - [2025-01-01T03:35:43.881+0000] {dag.py:4180} INFO - Setting next_dagrun for python_operator_dag_v3 to 2024-12-31 00:00:00+00:00, run_after=2025-01-01 00:00:00+00:00
[2025-01-01T03:35:43.932+0000] {processor.py:208} INFO - Processing /opt/airflow/dags/python_operator_dag.py took 0.403 seconds
[2025-01-01T03:36:14.345+0000] {processor.py:186} INFO - Started process (PID=303) to work on /opt/airflow/dags/python_operator_dag.py
[2025-01-01T03:36:14.346+0000] {processor.py:914} INFO - Processing file /opt/airflow/dags/python_operator_dag.py for tasks to queue
[2025-01-01T03:36:14.347+0000] {logging_mixin.py:190} INFO - [2025-01-01T03:36:14.347+0000] {dagbag.py:588} INFO - Filling up the DagBag from /opt/airflow/dags/python_operator_dag.py
[2025-01-01T03:36:14.366+0000] {processor.py:925} INFO - DAG(s) 'python_operator_dag_v3' retrieved from /opt/airflow/dags/python_operator_dag.py
[2025-01-01T03:36:14.510+0000] {logging_mixin.py:190} INFO - [2025-01-01T03:36:14.510+0000] {dag.py:3239} INFO - Sync 1 DAGs
[2025-01-01T03:36:14.544+0000] {logging_mixin.py:190} INFO - [2025-01-01T03:36:14.544+0000] {dag.py:4180} INFO - Setting next_dagrun for python_operator_dag_v3 to 2024-12-31 00:00:00+00:00, run_after=2025-01-01 00:00:00+00:00
[2025-01-01T03:36:14.567+0000] {processor.py:208} INFO - Processing /opt/airflow/dags/python_operator_dag.py took 0.229 seconds
[2025-01-01T03:36:44.943+0000] {processor.py:186} INFO - Started process (PID=319) to work on /opt/airflow/dags/python_operator_dag.py
[2025-01-01T03:36:44.944+0000] {processor.py:914} INFO - Processing file /opt/airflow/dags/python_operator_dag.py for tasks to queue
[2025-01-01T03:36:44.945+0000] {logging_mixin.py:190} INFO - [2025-01-01T03:36:44.945+0000] {dagbag.py:588} INFO - Filling up the DagBag from /opt/airflow/dags/python_operator_dag.py
[2025-01-01T03:36:44.960+0000] {processor.py:925} INFO - DAG(s) 'python_operator_dag_v3' retrieved from /opt/airflow/dags/python_operator_dag.py
[2025-01-01T03:36:44.978+0000] {logging_mixin.py:190} INFO - [2025-01-01T03:36:44.978+0000] {dag.py:3239} INFO - Sync 1 DAGs
[2025-01-01T03:36:44.995+0000] {logging_mixin.py:190} INFO - [2025-01-01T03:36:44.995+0000] {dag.py:4180} INFO - Setting next_dagrun for python_operator_dag_v3 to 2024-12-31 00:00:00+00:00, run_after=2025-01-01 00:00:00+00:00
[2025-01-01T03:36:45.008+0000] {processor.py:208} INFO - Processing /opt/airflow/dags/python_operator_dag.py took 0.070 seconds
[2025-01-01T03:37:15.440+0000] {processor.py:186} INFO - Started process (PID=329) to work on /opt/airflow/dags/python_operator_dag.py
[2025-01-01T03:37:15.440+0000] {processor.py:914} INFO - Processing file /opt/airflow/dags/python_operator_dag.py for tasks to queue
[2025-01-01T03:37:15.441+0000] {logging_mixin.py:190} INFO - [2025-01-01T03:37:15.441+0000] {dagbag.py:588} INFO - Filling up the DagBag from /opt/airflow/dags/python_operator_dag.py
[2025-01-01T03:37:15.455+0000] {processor.py:925} INFO - DAG(s) 'python_operator_dag_v3' retrieved from /opt/airflow/dags/python_operator_dag.py
[2025-01-01T03:37:15.475+0000] {logging_mixin.py:190} INFO - [2025-01-01T03:37:15.475+0000] {dag.py:3239} INFO - Sync 1 DAGs
[2025-01-01T03:37:15.493+0000] {logging_mixin.py:190} INFO - [2025-01-01T03:37:15.492+0000] {dag.py:4180} INFO - Setting next_dagrun for python_operator_dag_v3 to 2024-12-31 00:00:00+00:00, run_after=2025-01-01 00:00:00+00:00
[2025-01-01T03:37:15.506+0000] {processor.py:208} INFO - Processing /opt/airflow/dags/python_operator_dag.py took 0.070 seconds
[2025-01-01T03:37:45.905+0000] {processor.py:186} INFO - Started process (PID=339) to work on /opt/airflow/dags/python_operator_dag.py
[2025-01-01T03:37:45.906+0000] {processor.py:914} INFO - Processing file /opt/airflow/dags/python_operator_dag.py for tasks to queue
[2025-01-01T03:37:45.908+0000] {logging_mixin.py:190} INFO - [2025-01-01T03:37:45.908+0000] {dagbag.py:588} INFO - Filling up the DagBag from /opt/airflow/dags/python_operator_dag.py
[2025-01-01T03:37:45.924+0000] {processor.py:925} INFO - DAG(s) 'python_operator_dag_v3' retrieved from /opt/airflow/dags/python_operator_dag.py
[2025-01-01T03:37:45.943+0000] {logging_mixin.py:190} INFO - [2025-01-01T03:37:45.943+0000] {dag.py:3239} INFO - Sync 1 DAGs
[2025-01-01T03:37:45.959+0000] {logging_mixin.py:190} INFO - [2025-01-01T03:37:45.959+0000] {dag.py:4180} INFO - Setting next_dagrun for python_operator_dag_v3 to 2024-12-31 00:00:00+00:00, run_after=2025-01-01 00:00:00+00:00
[2025-01-01T03:37:45.971+0000] {processor.py:208} INFO - Processing /opt/airflow/dags/python_operator_dag.py took 0.071 seconds
[2025-01-01T03:38:16.447+0000] {processor.py:186} INFO - Started process (PID=349) to work on /opt/airflow/dags/python_operator_dag.py
[2025-01-01T03:38:16.448+0000] {processor.py:914} INFO - Processing file /opt/airflow/dags/python_operator_dag.py for tasks to queue
[2025-01-01T03:38:16.449+0000] {logging_mixin.py:190} INFO - [2025-01-01T03:38:16.448+0000] {dagbag.py:588} INFO - Filling up the DagBag from /opt/airflow/dags/python_operator_dag.py
[2025-01-01T03:38:16.459+0000] {processor.py:925} INFO - DAG(s) 'python_operator_dag_v3' retrieved from /opt/airflow/dags/python_operator_dag.py
[2025-01-01T03:38:16.477+0000] {logging_mixin.py:190} INFO - [2025-01-01T03:38:16.477+0000] {dag.py:3239} INFO - Sync 1 DAGs
[2025-01-01T03:38:16.493+0000] {logging_mixin.py:190} INFO - [2025-01-01T03:38:16.493+0000] {dag.py:4180} INFO - Setting next_dagrun for python_operator_dag_v3 to 2024-12-31 00:00:00+00:00, run_after=2025-01-01 00:00:00+00:00
[2025-01-01T03:38:16.505+0000] {processor.py:208} INFO - Processing /opt/airflow/dags/python_operator_dag.py took 0.063 seconds
[2025-01-01T03:38:46.838+0000] {processor.py:186} INFO - Started process (PID=359) to work on /opt/airflow/dags/python_operator_dag.py
[2025-01-01T03:38:46.839+0000] {processor.py:914} INFO - Processing file /opt/airflow/dags/python_operator_dag.py for tasks to queue
[2025-01-01T03:38:46.840+0000] {logging_mixin.py:190} INFO - [2025-01-01T03:38:46.840+0000] {dagbag.py:588} INFO - Filling up the DagBag from /opt/airflow/dags/python_operator_dag.py
[2025-01-01T03:38:46.852+0000] {processor.py:925} INFO - DAG(s) 'python_operator_dag_v3' retrieved from /opt/airflow/dags/python_operator_dag.py
[2025-01-01T03:38:46.870+0000] {logging_mixin.py:190} INFO - [2025-01-01T03:38:46.870+0000] {dag.py:3239} INFO - Sync 1 DAGs
[2025-01-01T03:38:46.886+0000] {logging_mixin.py:190} INFO - [2025-01-01T03:38:46.885+0000] {dag.py:4180} INFO - Setting next_dagrun for python_operator_dag_v3 to 2024-12-31 00:00:00+00:00, run_after=2025-01-01 00:00:00+00:00
[2025-01-01T03:38:46.901+0000] {processor.py:208} INFO - Processing /opt/airflow/dags/python_operator_dag.py took 0.067 seconds
[2025-01-01T03:39:17.311+0000] {processor.py:186} INFO - Started process (PID=369) to work on /opt/airflow/dags/python_operator_dag.py
[2025-01-01T03:39:17.312+0000] {processor.py:914} INFO - Processing file /opt/airflow/dags/python_operator_dag.py for tasks to queue
[2025-01-01T03:39:17.314+0000] {logging_mixin.py:190} INFO - [2025-01-01T03:39:17.313+0000] {dagbag.py:588} INFO - Filling up the DagBag from /opt/airflow/dags/python_operator_dag.py
[2025-01-01T03:39:17.339+0000] {processor.py:925} INFO - DAG(s) 'python_operator_dag_v3' retrieved from /opt/airflow/dags/python_operator_dag.py
[2025-01-01T03:39:17.366+0000] {logging_mixin.py:190} INFO - [2025-01-01T03:39:17.366+0000] {dag.py:3239} INFO - Sync 1 DAGs
[2025-01-01T03:39:17.383+0000] {logging_mixin.py:190} INFO - [2025-01-01T03:39:17.383+0000] {dag.py:4180} INFO - Setting next_dagrun for python_operator_dag_v3 to 2024-12-31 00:00:00+00:00, run_after=2025-01-01 00:00:00+00:00
[2025-01-01T03:39:17.395+0000] {processor.py:208} INFO - Processing /opt/airflow/dags/python_operator_dag.py took 0.090 seconds
[2025-01-01T03:39:47.801+0000] {processor.py:186} INFO - Started process (PID=379) to work on /opt/airflow/dags/python_operator_dag.py
[2025-01-01T03:39:47.803+0000] {processor.py:914} INFO - Processing file /opt/airflow/dags/python_operator_dag.py for tasks to queue
[2025-01-01T03:39:47.804+0000] {logging_mixin.py:190} INFO - [2025-01-01T03:39:47.804+0000] {dagbag.py:588} INFO - Filling up the DagBag from /opt/airflow/dags/python_operator_dag.py
[2025-01-01T03:39:47.837+0000] {processor.py:925} INFO - DAG(s) 'python_operator_dag_v3' retrieved from /opt/airflow/dags/python_operator_dag.py
[2025-01-01T03:39:48.459+0000] {logging_mixin.py:190} INFO - [2025-01-01T03:39:48.419+0000] {dag.py:3239} INFO - Sync 1 DAGs
[2025-01-01T03:40:04.618+0000] {logging_mixin.py:190} INFO - [2025-01-01T03:40:04.584+0000] {dag.py:4180} INFO - Setting next_dagrun for python_operator_dag_v3 to 2024-12-31 00:00:00+00:00, run_after=2025-01-01 00:00:00+00:00
[2025-01-01T03:40:36.401+0000] {processor.py:208} INFO - Processing /opt/airflow/dags/python_operator_dag.py took 48.605 seconds
[2025-01-01T03:41:07.375+0000] {processor.py:186} INFO - Started process (PID=394) to work on /opt/airflow/dags/python_operator_dag.py
[2025-01-01T03:41:07.376+0000] {processor.py:914} INFO - Processing file /opt/airflow/dags/python_operator_dag.py for tasks to queue
[2025-01-01T03:41:07.377+0000] {logging_mixin.py:190} INFO - [2025-01-01T03:41:07.376+0000] {dagbag.py:588} INFO - Filling up the DagBag from /opt/airflow/dags/python_operator_dag.py
[2025-01-01T03:41:07.390+0000] {processor.py:925} INFO - DAG(s) 'python_operator_dag_v3' retrieved from /opt/airflow/dags/python_operator_dag.py
[2025-01-01T03:41:07.410+0000] {logging_mixin.py:190} INFO - [2025-01-01T03:41:07.410+0000] {dag.py:3239} INFO - Sync 1 DAGs
[2025-01-01T03:41:07.427+0000] {logging_mixin.py:190} INFO - [2025-01-01T03:41:07.427+0000] {dag.py:4180} INFO - Setting next_dagrun for python_operator_dag_v3 to 2024-12-31 00:00:00+00:00, run_after=2025-01-01 00:00:00+00:00
[2025-01-01T03:41:07.440+0000] {processor.py:208} INFO - Processing /opt/airflow/dags/python_operator_dag.py took 0.069 seconds
[2025-01-01T03:41:38.078+0000] {processor.py:186} INFO - Started process (PID=409) to work on /opt/airflow/dags/python_operator_dag.py
[2025-01-01T03:41:38.079+0000] {processor.py:914} INFO - Processing file /opt/airflow/dags/python_operator_dag.py for tasks to queue
[2025-01-01T03:41:38.080+0000] {logging_mixin.py:190} INFO - [2025-01-01T03:41:38.080+0000] {dagbag.py:588} INFO - Filling up the DagBag from /opt/airflow/dags/python_operator_dag.py
[2025-01-01T03:41:38.095+0000] {processor.py:925} INFO - DAG(s) 'python_operator_dag_v3' retrieved from /opt/airflow/dags/python_operator_dag.py
[2025-01-01T03:41:38.119+0000] {logging_mixin.py:190} INFO - [2025-01-01T03:41:38.118+0000] {dag.py:3239} INFO - Sync 1 DAGs
[2025-01-01T03:41:38.151+0000] {logging_mixin.py:190} INFO - [2025-01-01T03:41:38.150+0000] {dag.py:4180} INFO - Setting next_dagrun for python_operator_dag_v3 to 2024-12-31 00:00:00+00:00, run_after=2025-01-01 00:00:00+00:00
[2025-01-01T03:41:38.171+0000] {processor.py:208} INFO - Processing /opt/airflow/dags/python_operator_dag.py took 0.097 seconds
[2025-01-01T03:42:08.864+0000] {processor.py:186} INFO - Started process (PID=426) to work on /opt/airflow/dags/python_operator_dag.py
[2025-01-01T03:42:08.865+0000] {processor.py:914} INFO - Processing file /opt/airflow/dags/python_operator_dag.py for tasks to queue
[2025-01-01T03:42:08.866+0000] {logging_mixin.py:190} INFO - [2025-01-01T03:42:08.865+0000] {dagbag.py:588} INFO - Filling up the DagBag from /opt/airflow/dags/python_operator_dag.py
[2025-01-01T03:42:08.884+0000] {processor.py:925} INFO - DAG(s) 'python_operator_dag_v3' retrieved from /opt/airflow/dags/python_operator_dag.py
[2025-01-01T03:42:08.904+0000] {logging_mixin.py:190} INFO - [2025-01-01T03:42:08.904+0000] {dag.py:3239} INFO - Sync 1 DAGs
[2025-01-01T03:42:08.920+0000] {logging_mixin.py:190} INFO - [2025-01-01T03:42:08.920+0000] {dag.py:4180} INFO - Setting next_dagrun for python_operator_dag_v3 to 2024-12-31 00:00:00+00:00, run_after=2025-01-01 00:00:00+00:00
[2025-01-01T03:42:08.932+0000] {processor.py:208} INFO - Processing /opt/airflow/dags/python_operator_dag.py took 0.072 seconds
[2025-01-01T03:42:39.691+0000] {processor.py:186} INFO - Started process (PID=441) to work on /opt/airflow/dags/python_operator_dag.py
[2025-01-01T03:42:39.691+0000] {processor.py:914} INFO - Processing file /opt/airflow/dags/python_operator_dag.py for tasks to queue
[2025-01-01T03:42:39.692+0000] {logging_mixin.py:190} INFO - [2025-01-01T03:42:39.692+0000] {dagbag.py:588} INFO - Filling up the DagBag from /opt/airflow/dags/python_operator_dag.py
[2025-01-01T03:42:39.711+0000] {processor.py:925} INFO - DAG(s) 'python_operator_dag_v3' retrieved from /opt/airflow/dags/python_operator_dag.py
[2025-01-01T03:42:39.735+0000] {logging_mixin.py:190} INFO - [2025-01-01T03:42:39.735+0000] {dag.py:3239} INFO - Sync 1 DAGs
[2025-01-01T03:42:39.752+0000] {logging_mixin.py:190} INFO - [2025-01-01T03:42:39.752+0000] {dag.py:4180} INFO - Setting next_dagrun for python_operator_dag_v3 to 2024-12-31 00:00:00+00:00, run_after=2025-01-01 00:00:00+00:00
[2025-01-01T03:42:39.765+0000] {processor.py:208} INFO - Processing /opt/airflow/dags/python_operator_dag.py took 0.080 seconds
[2025-01-01T03:43:10.723+0000] {processor.py:186} INFO - Started process (PID=455) to work on /opt/airflow/dags/python_operator_dag.py
[2025-01-01T03:43:10.888+0000] {processor.py:914} INFO - Processing file /opt/airflow/dags/python_operator_dag.py for tasks to queue
[2025-01-01T03:43:11.037+0000] {logging_mixin.py:190} INFO - [2025-01-01T03:43:10.958+0000] {dagbag.py:588} INFO - Filling up the DagBag from /opt/airflow/dags/python_operator_dag.py
[2025-01-01T03:43:12.479+0000] {processor.py:925} INFO - DAG(s) 'python_operator_dag_v3' retrieved from /opt/airflow/dags/python_operator_dag.py
[2025-01-01T03:43:25.640+0000] {logging_mixin.py:190} INFO - [2025-01-01T03:43:25.574+0000] {dag.py:3239} INFO - Sync 1 DAGs
[2025-01-01T03:43:25.662+0000] {logging_mixin.py:190} INFO - [2025-01-01T03:43:25.662+0000] {dag.py:4180} INFO - Setting next_dagrun for python_operator_dag_v3 to 2024-12-31 00:00:00+00:00, run_after=2025-01-01 00:00:00+00:00
[2025-01-01T03:43:25.732+0000] {processor.py:208} INFO - Processing /opt/airflow/dags/python_operator_dag.py took 15.740 seconds
[2025-01-01T03:43:55.775+0000] {processor.py:186} INFO - Started process (PID=473) to work on /opt/airflow/dags/python_operator_dag.py
[2025-01-01T03:43:55.776+0000] {processor.py:914} INFO - Processing file /opt/airflow/dags/python_operator_dag.py for tasks to queue
[2025-01-01T03:43:55.777+0000] {logging_mixin.py:190} INFO - [2025-01-01T03:43:55.777+0000] {dagbag.py:588} INFO - Filling up the DagBag from /opt/airflow/dags/python_operator_dag.py
[2025-01-01T03:43:55.792+0000] {processor.py:925} INFO - DAG(s) 'python_operator_dag_v3' retrieved from /opt/airflow/dags/python_operator_dag.py
[2025-01-01T03:43:55.809+0000] {logging_mixin.py:190} INFO - [2025-01-01T03:43:55.808+0000] {dag.py:3239} INFO - Sync 1 DAGs
[2025-01-01T03:43:55.825+0000] {logging_mixin.py:190} INFO - [2025-01-01T03:43:55.825+0000] {dag.py:4180} INFO - Setting next_dagrun for python_operator_dag_v3 to 2024-12-31 00:00:00+00:00, run_after=2025-01-01 00:00:00+00:00
[2025-01-01T03:43:55.837+0000] {processor.py:208} INFO - Processing /opt/airflow/dags/python_operator_dag.py took 0.066 seconds
[2025-01-01T03:44:26.133+0000] {processor.py:186} INFO - Started process (PID=484) to work on /opt/airflow/dags/python_operator_dag.py
[2025-01-01T03:44:26.135+0000] {processor.py:914} INFO - Processing file /opt/airflow/dags/python_operator_dag.py for tasks to queue
[2025-01-01T03:44:26.137+0000] {logging_mixin.py:190} INFO - [2025-01-01T03:44:26.135+0000] {dagbag.py:588} INFO - Filling up the DagBag from /opt/airflow/dags/python_operator_dag.py
[2025-01-01T03:44:26.163+0000] {processor.py:925} INFO - DAG(s) 'python_operator_dag_v3' retrieved from /opt/airflow/dags/python_operator_dag.py
[2025-01-01T03:44:26.222+0000] {logging_mixin.py:190} INFO - [2025-01-01T03:44:26.222+0000] {dag.py:3239} INFO - Sync 1 DAGs
[2025-01-01T03:44:26.242+0000] {logging_mixin.py:190} INFO - [2025-01-01T03:44:26.241+0000] {dag.py:4180} INFO - Setting next_dagrun for python_operator_dag_v3 to 2024-12-31 00:00:00+00:00, run_after=2025-01-01 00:00:00+00:00
[2025-01-01T03:44:26.257+0000] {processor.py:208} INFO - Processing /opt/airflow/dags/python_operator_dag.py took 0.137 seconds
[2025-01-01T03:44:56.881+0000] {processor.py:186} INFO - Started process (PID=495) to work on /opt/airflow/dags/python_operator_dag.py
[2025-01-01T03:44:56.885+0000] {processor.py:914} INFO - Processing file /opt/airflow/dags/python_operator_dag.py for tasks to queue
[2025-01-01T03:44:56.887+0000] {logging_mixin.py:190} INFO - [2025-01-01T03:44:56.885+0000] {dagbag.py:588} INFO - Filling up the DagBag from /opt/airflow/dags/python_operator_dag.py
[2025-01-01T03:44:56.914+0000] {processor.py:925} INFO - DAG(s) 'python_operator_dag_v3' retrieved from /opt/airflow/dags/python_operator_dag.py
[2025-01-01T03:44:56.977+0000] {logging_mixin.py:190} INFO - [2025-01-01T03:44:56.977+0000] {dag.py:3239} INFO - Sync 1 DAGs
[2025-01-01T03:44:56.998+0000] {logging_mixin.py:190} INFO - [2025-01-01T03:44:56.998+0000] {dag.py:4180} INFO - Setting next_dagrun for python_operator_dag_v3 to 2024-12-31 00:00:00+00:00, run_after=2025-01-01 00:00:00+00:00
[2025-01-01T03:44:57.012+0000] {processor.py:208} INFO - Processing /opt/airflow/dags/python_operator_dag.py took 0.143 seconds
[2025-01-01T03:45:27.656+0000] {processor.py:186} INFO - Started process (PID=510) to work on /opt/airflow/dags/python_operator_dag.py
[2025-01-01T03:45:27.657+0000] {processor.py:914} INFO - Processing file /opt/airflow/dags/python_operator_dag.py for tasks to queue
[2025-01-01T03:45:27.659+0000] {logging_mixin.py:190} INFO - [2025-01-01T03:45:27.659+0000] {dagbag.py:588} INFO - Filling up the DagBag from /opt/airflow/dags/python_operator_dag.py
[2025-01-01T03:45:27.682+0000] {processor.py:925} INFO - DAG(s) 'python_operator_dag_v3' retrieved from /opt/airflow/dags/python_operator_dag.py
[2025-01-01T03:45:27.718+0000] {logging_mixin.py:190} INFO - [2025-01-01T03:45:27.717+0000] {dag.py:3239} INFO - Sync 1 DAGs
[2025-01-01T03:45:27.736+0000] {logging_mixin.py:190} INFO - [2025-01-01T03:45:27.736+0000] {dag.py:4180} INFO - Setting next_dagrun for python_operator_dag_v3 to 2024-12-31 00:00:00+00:00, run_after=2025-01-01 00:00:00+00:00
[2025-01-01T03:45:27.756+0000] {processor.py:208} INFO - Processing /opt/airflow/dags/python_operator_dag.py took 0.104 seconds
[2025-01-01T03:46:57.109+0000] {processor.py:186} INFO - Started process (PID=515) to work on /opt/airflow/dags/python_operator_dag.py
[2025-01-01T03:46:57.110+0000] {processor.py:914} INFO - Processing file /opt/airflow/dags/python_operator_dag.py for tasks to queue
[2025-01-01T03:46:57.111+0000] {logging_mixin.py:190} INFO - [2025-01-01T03:46:57.111+0000] {dagbag.py:588} INFO - Filling up the DagBag from /opt/airflow/dags/python_operator_dag.py
[2025-01-01T03:46:58.386+0000] {processor.py:925} INFO - DAG(s) 'python_operator_dag_v3' retrieved from /opt/airflow/dags/python_operator_dag.py
[2025-01-01T03:47:43.631+0000] {processor.py:211} ERROR - Got an exception! Propagating...
Traceback (most recent call last):
  File "/home/airflow/.local/lib/python3.12/site-packages/sqlalchemy/engine/base.py", line 3371, in _wrap_pool_connect
    return fn()
           ^^^^
  File "/home/airflow/.local/lib/python3.12/site-packages/sqlalchemy/pool/base.py", line 327, in connect
    return _ConnectionFairy._checkout(self)
           ^^^^^^^^^^^^^^^^^^^^^^^^^^^^^^^^
  File "/home/airflow/.local/lib/python3.12/site-packages/sqlalchemy/pool/base.py", line 894, in _checkout
    fairy = _ConnectionRecord.checkout(pool)
            ^^^^^^^^^^^^^^^^^^^^^^^^^^^^^^^^
  File "/home/airflow/.local/lib/python3.12/site-packages/sqlalchemy/pool/base.py", line 493, in checkout
    rec = pool._do_get()
          ^^^^^^^^^^^^^^
  File "/home/airflow/.local/lib/python3.12/site-packages/sqlalchemy/pool/impl.py", line 145, in _do_get
    with util.safe_reraise():
         ^^^^^^^^^^^^^^^^^^^
  File "/home/airflow/.local/lib/python3.12/site-packages/sqlalchemy/util/langhelpers.py", line 70, in __exit__
    compat.raise_(
  File "/home/airflow/.local/lib/python3.12/site-packages/sqlalchemy/util/compat.py", line 211, in raise_
    raise exception
  File "/home/airflow/.local/lib/python3.12/site-packages/sqlalchemy/pool/impl.py", line 143, in _do_get
    return self._create_connection()
           ^^^^^^^^^^^^^^^^^^^^^^^^^
  File "/home/airflow/.local/lib/python3.12/site-packages/sqlalchemy/pool/base.py", line 273, in _create_connection
    return _ConnectionRecord(self)
           ^^^^^^^^^^^^^^^^^^^^^^^
  File "/home/airflow/.local/lib/python3.12/site-packages/sqlalchemy/pool/base.py", line 388, in __init__
    self.__connect()
  File "/home/airflow/.local/lib/python3.12/site-packages/sqlalchemy/pool/base.py", line 690, in __connect
    with util.safe_reraise():
         ^^^^^^^^^^^^^^^^^^^
  File "/home/airflow/.local/lib/python3.12/site-packages/sqlalchemy/util/langhelpers.py", line 70, in __exit__
    compat.raise_(
  File "/home/airflow/.local/lib/python3.12/site-packages/sqlalchemy/util/compat.py", line 211, in raise_
    raise exception
  File "/home/airflow/.local/lib/python3.12/site-packages/sqlalchemy/pool/base.py", line 686, in __connect
    self.dbapi_connection = connection = pool._invoke_creator(self)
                                         ^^^^^^^^^^^^^^^^^^^^^^^^^^
  File "/home/airflow/.local/lib/python3.12/site-packages/sqlalchemy/engine/create.py", line 574, in connect
    return dialect.connect(*cargs, **cparams)
           ^^^^^^^^^^^^^^^^^^^^^^^^^^^^^^^^^^
  File "/home/airflow/.local/lib/python3.12/site-packages/sqlalchemy/engine/default.py", line 598, in connect
    return self.dbapi.connect(*cargs, **cparams)
           ^^^^^^^^^^^^^^^^^^^^^^^^^^^^^^^^^^^^^
  File "/home/airflow/.local/lib/python3.12/site-packages/psycopg2/__init__.py", line 122, in connect
    conn = _connect(dsn, connection_factory=connection_factory, **kwasync)
           ^^^^^^^^^^^^^^^^^^^^^^^^^^^^^^^^^^^^^^^^^^^^^^^^^^^^^^^^^^^^^^^
psycopg2.OperationalError: could not translate host name "postgres" to address: Temporary failure in name resolution


The above exception was the direct cause of the following exception:

Traceback (most recent call last):
  File "/home/airflow/.local/lib/python3.12/site-packages/airflow/dag_processing/processor.py", line 207, in _run_file_processor
    _handle_dag_file_processing()
  File "/home/airflow/.local/lib/python3.12/site-packages/airflow/dag_processing/processor.py", line 188, in _handle_dag_file_processing
    result: tuple[int, int, int] = dag_file_processor.process_file(
                                   ^^^^^^^^^^^^^^^^^^^^^^^^^^^^^^^^
  File "/home/airflow/.local/lib/python3.12/site-packages/airflow/utils/session.py", line 97, in wrapper
    return func(*args, session=session, **kwargs)
           ^^^^^^^^^^^^^^^^^^^^^^^^^^^^^^^^^^^^^^
  File "/home/airflow/.local/lib/python3.12/site-packages/airflow/dag_processing/processor.py", line 942, in process_file
    serialize_errors = DagFileProcessor.save_dag_to_db(
                       ^^^^^^^^^^^^^^^^^^^^^^^^^^^^^^^^
  File "/home/airflow/.local/lib/python3.12/site-packages/airflow/api_internal/internal_api_call.py", line 166, in wrapper
    return func(*args, **kwargs)
           ^^^^^^^^^^^^^^^^^^^^^
  File "/home/airflow/.local/lib/python3.12/site-packages/airflow/utils/session.py", line 97, in wrapper
    return func(*args, session=session, **kwargs)
           ^^^^^^^^^^^^^^^^^^^^^^^^^^^^^^^^^^^^^^
  File "/home/airflow/.local/lib/python3.12/site-packages/airflow/dag_processing/processor.py", line 982, in save_dag_to_db
    import_errors = DagBag._sync_to_db(dags=dags, processor_subdir=dag_directory, session=session)
                    ^^^^^^^^^^^^^^^^^^^^^^^^^^^^^^^^^^^^^^^^^^^^^^^^^^^^^^^^^^^^^^^^^^^^^^^^^^^^^^
  File "/home/airflow/.local/lib/python3.12/site-packages/airflow/utils/session.py", line 94, in wrapper
    return func(*args, **kwargs)
           ^^^^^^^^^^^^^^^^^^^^^
  File "/home/airflow/.local/lib/python3.12/site-packages/airflow/models/dagbag.py", line 708, in _sync_to_db
    for attempt in run_with_db_retries(logger=log):
                   ^^^^^^^^^^^^^^^^^^^^^^^^^^^^^^^
  File "/home/airflow/.local/lib/python3.12/site-packages/tenacity/__init__.py", line 443, in __iter__
    do = self.iter(retry_state=retry_state)
         ^^^^^^^^^^^^^^^^^^^^^^^^^^^^^^^^^^
  File "/home/airflow/.local/lib/python3.12/site-packages/tenacity/__init__.py", line 376, in iter
    result = action(retry_state)
             ^^^^^^^^^^^^^^^^^^^
  File "/home/airflow/.local/lib/python3.12/site-packages/tenacity/__init__.py", line 418, in exc_check
    raise retry_exc.reraise()
          ^^^^^^^^^^^^^^^^^^^
  File "/home/airflow/.local/lib/python3.12/site-packages/tenacity/__init__.py", line 185, in reraise
    raise self.last_attempt.result()
          ^^^^^^^^^^^^^^^^^^^^^^^^^^
  File "/usr/local/lib/python3.12/concurrent/futures/_base.py", line 449, in result
    return self.__get_result()
           ^^^^^^^^^^^^^^^^^^^
  File "/usr/local/lib/python3.12/concurrent/futures/_base.py", line 401, in __get_result
    raise self._exception
  File "/home/airflow/.local/lib/python3.12/site-packages/airflow/models/dagbag.py", line 721, in _sync_to_db
    _serialize_dag_capturing_errors(dag, session, processor_subdir)
  File "/home/airflow/.local/lib/python3.12/site-packages/airflow/models/dagbag.py", line 686, in _serialize_dag_capturing_errors
    dag_was_updated = SerializedDagModel.write_dag(
                      ^^^^^^^^^^^^^^^^^^^^^^^^^^^^^
  File "/home/airflow/.local/lib/python3.12/site-packages/airflow/utils/session.py", line 94, in wrapper
    return func(*args, **kwargs)
           ^^^^^^^^^^^^^^^^^^^^^
  File "/home/airflow/.local/lib/python3.12/site-packages/airflow/models/serialized_dag.py", line 160, in write_dag
    if session.scalar(
       ^^^^^^^^^^^^^^^
  File "/home/airflow/.local/lib/python3.12/site-packages/sqlalchemy/orm/session.py", line 1747, in scalar
    return self.execute(
           ^^^^^^^^^^^^^
  File "/home/airflow/.local/lib/python3.12/site-packages/sqlalchemy/orm/session.py", line 1716, in execute
    conn = self._connection_for_bind(bind)
           ^^^^^^^^^^^^^^^^^^^^^^^^^^^^^^^
  File "/home/airflow/.local/lib/python3.12/site-packages/sqlalchemy/orm/session.py", line 1555, in _connection_for_bind
    return self._transaction._connection_for_bind(
           ^^^^^^^^^^^^^^^^^^^^^^^^^^^^^^^^^^^^^^^
  File "/home/airflow/.local/lib/python3.12/site-packages/sqlalchemy/orm/session.py", line 750, in _connection_for_bind
    conn = bind.connect()
           ^^^^^^^^^^^^^^
  File "/home/airflow/.local/lib/python3.12/site-packages/sqlalchemy/future/engine.py", line 412, in connect
    return super(Engine, self).connect()
           ^^^^^^^^^^^^^^^^^^^^^^^^^^^^^
  File "/home/airflow/.local/lib/python3.12/site-packages/sqlalchemy/engine/base.py", line 3325, in connect
    return self._connection_cls(self, close_with_result=close_with_result)
           ^^^^^^^^^^^^^^^^^^^^^^^^^^^^^^^^^^^^^^^^^^^^^^^^^^^^^^^^^^^^^^^
  File "/home/airflow/.local/lib/python3.12/site-packages/sqlalchemy/engine/base.py", line 96, in __init__
    else engine.raw_connection()
         ^^^^^^^^^^^^^^^^^^^^^^^
  File "/home/airflow/.local/lib/python3.12/site-packages/sqlalchemy/engine/base.py", line 3404, in raw_connection
    return self._wrap_pool_connect(self.pool.connect, _connection)
           ^^^^^^^^^^^^^^^^^^^^^^^^^^^^^^^^^^^^^^^^^^^^^^^^^^^^^^^
  File "/home/airflow/.local/lib/python3.12/site-packages/sqlalchemy/engine/base.py", line 3374, in _wrap_pool_connect
    Connection._handle_dbapi_exception_noconnection(
  File "/home/airflow/.local/lib/python3.12/site-packages/sqlalchemy/engine/base.py", line 2208, in _handle_dbapi_exception_noconnection
    util.raise_(
  File "/home/airflow/.local/lib/python3.12/site-packages/sqlalchemy/util/compat.py", line 211, in raise_
    raise exception
  File "/home/airflow/.local/lib/python3.12/site-packages/sqlalchemy/engine/base.py", line 3371, in _wrap_pool_connect
    return fn()
           ^^^^
  File "/home/airflow/.local/lib/python3.12/site-packages/sqlalchemy/pool/base.py", line 327, in connect
    return _ConnectionFairy._checkout(self)
           ^^^^^^^^^^^^^^^^^^^^^^^^^^^^^^^^
  File "/home/airflow/.local/lib/python3.12/site-packages/sqlalchemy/pool/base.py", line 894, in _checkout
    fairy = _ConnectionRecord.checkout(pool)
            ^^^^^^^^^^^^^^^^^^^^^^^^^^^^^^^^
  File "/home/airflow/.local/lib/python3.12/site-packages/sqlalchemy/pool/base.py", line 493, in checkout
    rec = pool._do_get()
          ^^^^^^^^^^^^^^
  File "/home/airflow/.local/lib/python3.12/site-packages/sqlalchemy/pool/impl.py", line 145, in _do_get
    with util.safe_reraise():
         ^^^^^^^^^^^^^^^^^^^
  File "/home/airflow/.local/lib/python3.12/site-packages/sqlalchemy/util/langhelpers.py", line 70, in __exit__
    compat.raise_(
  File "/home/airflow/.local/lib/python3.12/site-packages/sqlalchemy/util/compat.py", line 211, in raise_
    raise exception
  File "/home/airflow/.local/lib/python3.12/site-packages/sqlalchemy/pool/impl.py", line 143, in _do_get
    return self._create_connection()
           ^^^^^^^^^^^^^^^^^^^^^^^^^
  File "/home/airflow/.local/lib/python3.12/site-packages/sqlalchemy/pool/base.py", line 273, in _create_connection
    return _ConnectionRecord(self)
           ^^^^^^^^^^^^^^^^^^^^^^^
  File "/home/airflow/.local/lib/python3.12/site-packages/sqlalchemy/pool/base.py", line 388, in __init__
    self.__connect()
  File "/home/airflow/.local/lib/python3.12/site-packages/sqlalchemy/pool/base.py", line 690, in __connect
    with util.safe_reraise():
         ^^^^^^^^^^^^^^^^^^^
  File "/home/airflow/.local/lib/python3.12/site-packages/sqlalchemy/util/langhelpers.py", line 70, in __exit__
    compat.raise_(
  File "/home/airflow/.local/lib/python3.12/site-packages/sqlalchemy/util/compat.py", line 211, in raise_
    raise exception
  File "/home/airflow/.local/lib/python3.12/site-packages/sqlalchemy/pool/base.py", line 686, in __connect
    self.dbapi_connection = connection = pool._invoke_creator(self)
                                         ^^^^^^^^^^^^^^^^^^^^^^^^^^
  File "/home/airflow/.local/lib/python3.12/site-packages/sqlalchemy/engine/create.py", line 574, in connect
    return dialect.connect(*cargs, **cparams)
           ^^^^^^^^^^^^^^^^^^^^^^^^^^^^^^^^^^
  File "/home/airflow/.local/lib/python3.12/site-packages/sqlalchemy/engine/default.py", line 598, in connect
    return self.dbapi.connect(*cargs, **cparams)
           ^^^^^^^^^^^^^^^^^^^^^^^^^^^^^^^^^^^^^
  File "/home/airflow/.local/lib/python3.12/site-packages/psycopg2/__init__.py", line 122, in connect
    conn = _connect(dsn, connection_factory=connection_factory, **kwasync)
           ^^^^^^^^^^^^^^^^^^^^^^^^^^^^^^^^^^^^^^^^^^^^^^^^^^^^^^^^^^^^^^^
sqlalchemy.exc.OperationalError: (psycopg2.OperationalError) could not translate host name "postgres" to address: Temporary failure in name resolution

(Background on this error at: https://sqlalche.me/e/14/e3q8)
[2025-01-01T03:48:29.922+0000] {processor.py:186} INFO - Started process (PID=520) to work on /opt/airflow/dags/python_operator_dag.py
[2025-01-01T03:48:29.923+0000] {processor.py:914} INFO - Processing file /opt/airflow/dags/python_operator_dag.py for tasks to queue
[2025-01-01T03:48:29.925+0000] {logging_mixin.py:190} INFO - [2025-01-01T03:48:29.924+0000] {dagbag.py:588} INFO - Filling up the DagBag from /opt/airflow/dags/python_operator_dag.py
[2025-01-01T03:48:29.942+0000] {processor.py:925} INFO - DAG(s) 'python_operator_dag_v3' retrieved from /opt/airflow/dags/python_operator_dag.py
[2025-01-01T03:48:30.484+0000] {logging_mixin.py:190} INFO - [2025-01-01T03:48:30.484+0000] {dag.py:3239} INFO - Sync 1 DAGs
[2025-01-01T03:48:30.500+0000] {logging_mixin.py:190} INFO - [2025-01-01T03:48:30.500+0000] {dag.py:4180} INFO - Setting next_dagrun for python_operator_dag_v3 to 2024-12-31 00:00:00+00:00, run_after=2025-01-01 00:00:00+00:00
[2025-01-01T03:48:30.562+0000] {processor.py:208} INFO - Processing /opt/airflow/dags/python_operator_dag.py took 0.646 seconds
[2025-01-01T03:49:15.532+0000] {processor.py:186} INFO - Started process (PID=531) to work on /opt/airflow/dags/python_operator_dag.py
[2025-01-01T03:49:30.539+0000] {processor.py:914} INFO - Processing file /opt/airflow/dags/python_operator_dag.py for tasks to queue
[2025-01-01T03:49:53.091+0000] {logging_mixin.py:190} INFO - [2025-01-01T03:49:45.946+0000] {dagbag.py:588} INFO - Filling up the DagBag from /opt/airflow/dags/python_operator_dag.py
[2025-01-01T03:56:57.535+0000] {logging_mixin.py:190} INFO - [2025-01-01T03:55:14.182+0000] {timeout.py:68} ERROR - Process timed out, PID: 531
[2025-01-01T04:08:34.143+0000] {processor.py:186} INFO - Started process (PID=75) to work on /opt/airflow/dags/python_operator_dag.py
[2025-01-01T04:08:34.145+0000] {processor.py:914} INFO - Processing file /opt/airflow/dags/python_operator_dag.py for tasks to queue
[2025-01-01T04:08:34.151+0000] {logging_mixin.py:190} INFO - [2025-01-01T04:08:34.150+0000] {dagbag.py:588} INFO - Filling up the DagBag from /opt/airflow/dags/python_operator_dag.py
[2025-01-01T04:08:34.193+0000] {processor.py:925} INFO - DAG(s) 'python_operator_dag_v3' retrieved from /opt/airflow/dags/python_operator_dag.py
[2025-01-01T04:08:34.317+0000] {logging_mixin.py:190} INFO - [2025-01-01T04:08:34.316+0000] {dag.py:3239} INFO - Sync 1 DAGs
[2025-01-01T04:08:34.459+0000] {logging_mixin.py:190} INFO - [2025-01-01T04:08:34.459+0000] {dag.py:4180} INFO - Setting next_dagrun for python_operator_dag_v3 to 2024-12-31 00:00:00+00:00, run_after=2025-01-01 00:00:00+00:00
[2025-01-01T04:08:34.571+0000] {processor.py:208} INFO - Processing /opt/airflow/dags/python_operator_dag.py took 0.436 seconds
[2025-01-01T04:09:06.843+0000] {processor.py:186} INFO - Started process (PID=94) to work on /opt/airflow/dags/python_operator_dag.py
[2025-01-01T04:09:06.844+0000] {processor.py:914} INFO - Processing file /opt/airflow/dags/python_operator_dag.py for tasks to queue
[2025-01-01T04:09:06.847+0000] {logging_mixin.py:190} INFO - [2025-01-01T04:09:06.847+0000] {dagbag.py:588} INFO - Filling up the DagBag from /opt/airflow/dags/python_operator_dag.py
[2025-01-01T04:09:06.869+0000] {processor.py:925} INFO - DAG(s) 'python_operator_dag_v3' retrieved from /opt/airflow/dags/python_operator_dag.py
[2025-01-01T04:09:06.900+0000] {logging_mixin.py:190} INFO - [2025-01-01T04:09:06.900+0000] {dag.py:3239} INFO - Sync 1 DAGs
[2025-01-01T04:09:06.929+0000] {logging_mixin.py:190} INFO - [2025-01-01T04:09:06.929+0000] {dag.py:4180} INFO - Setting next_dagrun for python_operator_dag_v3 to 2024-12-31 00:00:00+00:00, run_after=2025-01-01 00:00:00+00:00
[2025-01-01T04:09:06.949+0000] {processor.py:208} INFO - Processing /opt/airflow/dags/python_operator_dag.py took 0.111 seconds
[2025-01-01T04:09:37.606+0000] {processor.py:186} INFO - Started process (PID=111) to work on /opt/airflow/dags/python_operator_dag.py
[2025-01-01T04:09:37.606+0000] {processor.py:914} INFO - Processing file /opt/airflow/dags/python_operator_dag.py for tasks to queue
[2025-01-01T04:09:37.608+0000] {logging_mixin.py:190} INFO - [2025-01-01T04:09:37.608+0000] {dagbag.py:588} INFO - Filling up the DagBag from /opt/airflow/dags/python_operator_dag.py
[2025-01-01T04:09:37.619+0000] {processor.py:925} INFO - DAG(s) 'python_operator_dag_v3' retrieved from /opt/airflow/dags/python_operator_dag.py
[2025-01-01T04:09:37.637+0000] {logging_mixin.py:190} INFO - [2025-01-01T04:09:37.637+0000] {dag.py:3239} INFO - Sync 1 DAGs
[2025-01-01T04:09:37.655+0000] {logging_mixin.py:190} INFO - [2025-01-01T04:09:37.655+0000] {dag.py:4180} INFO - Setting next_dagrun for python_operator_dag_v3 to 2024-12-31 00:00:00+00:00, run_after=2025-01-01 00:00:00+00:00
[2025-01-01T04:09:37.670+0000] {processor.py:208} INFO - Processing /opt/airflow/dags/python_operator_dag.py took 0.068 seconds
[2025-01-01T04:10:08.338+0000] {processor.py:186} INFO - Started process (PID=122) to work on /opt/airflow/dags/python_operator_dag.py
[2025-01-01T04:10:08.342+0000] {processor.py:914} INFO - Processing file /opt/airflow/dags/python_operator_dag.py for tasks to queue
[2025-01-01T04:10:08.347+0000] {logging_mixin.py:190} INFO - [2025-01-01T04:10:08.346+0000] {dagbag.py:588} INFO - Filling up the DagBag from /opt/airflow/dags/python_operator_dag.py
[2025-01-01T04:10:08.370+0000] {processor.py:925} INFO - DAG(s) 'python_operator_dag_v3' retrieved from /opt/airflow/dags/python_operator_dag.py
[2025-01-01T04:10:08.397+0000] {logging_mixin.py:190} INFO - [2025-01-01T04:10:08.397+0000] {dag.py:3239} INFO - Sync 1 DAGs
[2025-01-01T04:10:08.417+0000] {logging_mixin.py:190} INFO - [2025-01-01T04:10:08.416+0000] {dag.py:4180} INFO - Setting next_dagrun for python_operator_dag_v3 to 2024-12-31 00:00:00+00:00, run_after=2025-01-01 00:00:00+00:00
[2025-01-01T04:10:08.437+0000] {processor.py:208} INFO - Processing /opt/airflow/dags/python_operator_dag.py took 0.107 seconds
[2025-01-01T04:14:12.949+0000] {processor.py:186} INFO - Started process (PID=143) to work on /opt/airflow/dags/python_operator_dag.py
[2025-01-01T04:14:12.953+0000] {processor.py:914} INFO - Processing file /opt/airflow/dags/python_operator_dag.py for tasks to queue
[2025-01-01T04:14:12.956+0000] {logging_mixin.py:190} INFO - [2025-01-01T04:14:12.956+0000] {dagbag.py:588} INFO - Filling up the DagBag from /opt/airflow/dags/python_operator_dag.py
[2025-01-01T04:14:16.882+0000] {processor.py:925} INFO - DAG(s) 'python_operator_dag_v3' retrieved from /opt/airflow/dags/python_operator_dag.py
[2025-01-01T04:14:20.514+0000] {logging_mixin.py:190} INFO - [2025-01-01T04:14:20.514+0000] {dag.py:3239} INFO - Sync 1 DAGs
[2025-01-01T04:14:21.707+0000] {logging_mixin.py:190} INFO - [2025-01-01T04:14:21.707+0000] {dag.py:4180} INFO - Setting next_dagrun for python_operator_dag_v3 to 2024-12-31 00:00:00+00:00, run_after=2025-01-01 00:00:00+00:00
[2025-01-01T04:14:58.702+0000] {processor.py:208} INFO - Processing /opt/airflow/dags/python_operator_dag.py took 44.890 seconds
[2025-01-01T04:15:29.397+0000] {processor.py:186} INFO - Started process (PID=161) to work on /opt/airflow/dags/python_operator_dag.py
[2025-01-01T04:15:29.398+0000] {processor.py:914} INFO - Processing file /opt/airflow/dags/python_operator_dag.py for tasks to queue
[2025-01-01T04:15:29.399+0000] {logging_mixin.py:190} INFO - [2025-01-01T04:15:29.399+0000] {dagbag.py:588} INFO - Filling up the DagBag from /opt/airflow/dags/python_operator_dag.py
[2025-01-01T04:15:29.411+0000] {processor.py:925} INFO - DAG(s) 'python_operator_dag_v3' retrieved from /opt/airflow/dags/python_operator_dag.py
[2025-01-01T04:15:29.429+0000] {logging_mixin.py:190} INFO - [2025-01-01T04:15:29.429+0000] {dag.py:3239} INFO - Sync 1 DAGs
[2025-01-01T04:15:29.602+0000] {logging_mixin.py:190} INFO - [2025-01-01T04:15:29.601+0000] {dag.py:4180} INFO - Setting next_dagrun for python_operator_dag_v3 to 2024-12-31 00:00:00+00:00, run_after=2025-01-01 00:00:00+00:00
[2025-01-01T04:15:29.613+0000] {processor.py:208} INFO - Processing /opt/airflow/dags/python_operator_dag.py took 0.224 seconds
[2025-01-01T04:15:59.680+0000] {processor.py:186} INFO - Started process (PID=173) to work on /opt/airflow/dags/python_operator_dag.py
[2025-01-01T04:15:59.680+0000] {processor.py:914} INFO - Processing file /opt/airflow/dags/python_operator_dag.py for tasks to queue
[2025-01-01T04:15:59.681+0000] {logging_mixin.py:190} INFO - [2025-01-01T04:15:59.681+0000] {dagbag.py:588} INFO - Filling up the DagBag from /opt/airflow/dags/python_operator_dag.py
[2025-01-01T04:15:59.697+0000] {processor.py:925} INFO - DAG(s) 'python_operator_dag_v3' retrieved from /opt/airflow/dags/python_operator_dag.py
[2025-01-01T04:16:00.071+0000] {logging_mixin.py:190} INFO - [2025-01-01T04:16:00.052+0000] {dag.py:3239} INFO - Sync 1 DAGs
[2025-01-01T04:16:00.688+0000] {logging_mixin.py:190} INFO - [2025-01-01T04:16:00.614+0000] {dag.py:4180} INFO - Setting next_dagrun for python_operator_dag_v3 to 2024-12-31 00:00:00+00:00, run_after=2025-01-01 00:00:00+00:00
[2025-01-01T04:16:01.523+0000] {processor.py:208} INFO - Processing /opt/airflow/dags/python_operator_dag.py took 1.847 seconds
