[2024-12-31T08:57:04.107+0000] {local_task_job_runner.py:123} INFO - ::group::Pre task execution logs
[2024-12-31T08:57:04.117+0000] {taskinstance.py:2613} INFO - Dependencies all met for dep_context=non-requeueable deps ti=<TaskInstance: task_flow_api_dag.student scheduled__2024-12-30T00:00:00+00:00 [queued]>
[2024-12-31T08:57:04.122+0000] {taskinstance.py:2613} INFO - Dependencies all met for dep_context=requeueable deps ti=<TaskInstance: task_flow_api_dag.student scheduled__2024-12-30T00:00:00+00:00 [queued]>
[2024-12-31T08:57:04.122+0000] {taskinstance.py:2866} INFO - Starting attempt 1 of 1
[2024-12-31T08:57:04.131+0000] {taskinstance.py:2889} INFO - Executing <Task(_PythonDecoratedOperator): student> on 2024-12-30 00:00:00+00:00
[2024-12-31T08:57:04.135+0000] {warnings.py:112} WARNING - /home/***/.local/lib/python3.12/site-packages/***/task/task_runner/standard_task_runner.py:70: DeprecationWarning: This process (pid=391) is multi-threaded, use of fork() may lead to deadlocks in the child.
  pid = os.fork()

[2024-12-31T08:57:04.137+0000] {standard_task_runner.py:72} INFO - Started process 392 to run task
[2024-12-31T08:57:04.137+0000] {standard_task_runner.py:104} INFO - Running: ['***', 'tasks', 'run', 'task_flow_api_dag', 'student', 'scheduled__2024-12-30T00:00:00+00:00', '--job-id', '43', '--raw', '--subdir', 'DAGS_FOLDER/task_flow_api_dag.py', '--cfg-path', '/tmp/tmp85ejf6ig']
[2024-12-31T08:57:04.138+0000] {standard_task_runner.py:105} INFO - Job 43: Subtask student
[2024-12-31T08:57:04.166+0000] {task_command.py:467} INFO - Running <TaskInstance: task_flow_api_dag.student scheduled__2024-12-30T00:00:00+00:00 [running]> on host b0ef9544b3b5
[2024-12-31T08:57:04.225+0000] {taskinstance.py:3132} INFO - Exporting env vars: AIRFLOW_CTX_DAG_OWNER='tanzid' AIRFLOW_CTX_DAG_ID='task_flow_api_dag' AIRFLOW_CTX_TASK_ID='student' AIRFLOW_CTX_EXECUTION_DATE='2024-12-30T00:00:00+00:00' AIRFLOW_CTX_TRY_NUMBER='1' AIRFLOW_CTX_DAG_RUN_ID='scheduled__2024-12-30T00:00:00+00:00'
[2024-12-31T08:57:04.225+0000] {taskinstance.py:731} INFO - ::endgroup::
[2024-12-31T08:57:04.227+0000] {logging_mixin.py:190} INFO - Student Name is Tanzid Hasan with id 2405016. 
[2024-12-31T08:57:04.228+0000] {python.py:240} INFO - Done. Returned value was: None
[2024-12-31T08:57:04.234+0000] {taskinstance.py:340} INFO - ::group::Post task execution logs
[2024-12-31T08:57:04.234+0000] {taskinstance.py:352} INFO - Marking task as SUCCESS. dag_id=task_flow_api_dag, task_id=student, run_id=scheduled__2024-12-30T00:00:00+00:00, execution_date=20241230T000000, start_date=20241231T085704, end_date=20241231T085704
[2024-12-31T08:57:04.271+0000] {local_task_job_runner.py:266} INFO - Task exited with return code 0
[2024-12-31T08:57:04.282+0000] {taskinstance.py:3895} INFO - 0 downstream tasks scheduled from follow-on schedule check
[2024-12-31T08:57:04.283+0000] {local_task_job_runner.py:245} INFO - ::endgroup::
