[2024-12-30T08:56:34.594+0000] {local_task_job_runner.py:123} INFO - ::group::Pre task execution logs
[2024-12-30T08:56:34.610+0000] {taskinstance.py:2613} INFO - Dependencies all met for dep_context=non-requeueable deps ti=<TaskInstance: first_dag_v3.first_task manual__2024-12-30T08:56:33.818056+00:00 [queued]>
[2024-12-30T08:56:34.615+0000] {taskinstance.py:2613} INFO - Dependencies all met for dep_context=requeueable deps ti=<TaskInstance: first_dag_v3.first_task manual__2024-12-30T08:56:33.818056+00:00 [queued]>
[2024-12-30T08:56:34.616+0000] {taskinstance.py:2866} INFO - Starting attempt 1 of 6
[2024-12-30T08:56:34.625+0000] {taskinstance.py:2889} INFO - Executing <Task(BashOperator): first_task> on 2024-12-30 08:56:33.818056+00:00
[2024-12-30T08:56:34.631+0000] {warnings.py:112} WARNING - /home/***/.local/lib/python3.12/site-packages/***/task/task_runner/standard_task_runner.py:70: DeprecationWarning: This process (pid=624) is multi-threaded, use of fork() may lead to deadlocks in the child.
  pid = os.fork()

[2024-12-30T08:56:34.632+0000] {standard_task_runner.py:104} INFO - Running: ['***', 'tasks', 'run', 'first_dag_v3', 'first_task', 'manual__2024-12-30T08:56:33.818056+00:00', '--job-id', '13', '--raw', '--subdir', 'DAGS_FOLDER/bash_operator_dag.py', '--cfg-path', '/tmp/tmpk789k8cj']
[2024-12-30T08:56:34.632+0000] {standard_task_runner.py:72} INFO - Started process 625 to run task
[2024-12-30T08:56:34.633+0000] {standard_task_runner.py:105} INFO - Job 13: Subtask first_task
[2024-12-30T08:56:34.665+0000] {task_command.py:467} INFO - Running <TaskInstance: first_dag_v3.first_task manual__2024-12-30T08:56:33.818056+00:00 [running]> on host b0ef9544b3b5
[2024-12-30T08:56:34.714+0000] {taskinstance.py:3132} INFO - Exporting env vars: AIRFLOW_CTX_DAG_OWNER='tanzid' AIRFLOW_CTX_DAG_ID='first_dag_v3' AIRFLOW_CTX_TASK_ID='first_task' AIRFLOW_CTX_EXECUTION_DATE='2024-12-30T08:56:33.818056+00:00' AIRFLOW_CTX_TRY_NUMBER='1' AIRFLOW_CTX_DAG_RUN_ID='manual__2024-12-30T08:56:33.818056+00:00'
[2024-12-30T08:56:34.715+0000] {taskinstance.py:731} INFO - ::endgroup::
[2024-12-30T08:56:34.733+0000] {subprocess.py:78} INFO - Tmp dir root location: /tmp
[2024-12-30T08:56:34.734+0000] {subprocess.py:88} INFO - Running command: ['/usr/bin/bash', '-c', 'echo hello world, this is the first task']
[2024-12-30T08:56:34.744+0000] {subprocess.py:99} INFO - Output:
[2024-12-30T08:56:34.767+0000] {subprocess.py:106} INFO - hello world, this is the first task
[2024-12-30T08:56:34.768+0000] {subprocess.py:110} INFO - Command exited with return code 0
[2024-12-30T08:56:34.785+0000] {taskinstance.py:340} INFO - ::group::Post task execution logs
[2024-12-30T08:56:34.785+0000] {taskinstance.py:352} INFO - Marking task as SUCCESS. dag_id=first_dag_v3, task_id=first_task, run_id=manual__2024-12-30T08:56:33.818056+00:00, execution_date=20241230T085633, start_date=20241230T085634, end_date=20241230T085634
[2024-12-30T08:56:34.807+0000] {local_task_job_runner.py:266} INFO - Task exited with return code 0
[2024-12-30T08:56:34.820+0000] {taskinstance.py:3895} INFO - 2 downstream tasks scheduled from follow-on schedule check
[2024-12-30T08:56:34.821+0000] {local_task_job_runner.py:245} INFO - ::endgroup::
