[2024-12-31T04:22:43.510+0000] {local_task_job_runner.py:123} INFO - ::group::Pre task execution logs
[2024-12-31T04:22:43.523+0000] {taskinstance.py:2613} INFO - Dependencies all met for dep_context=non-requeueable deps ti=<TaskInstance: data_sharing_via_xcoms.Student scheduled__2024-12-30T00:00:00+00:00 [queued]>
[2024-12-31T04:22:43.528+0000] {taskinstance.py:2613} INFO - Dependencies all met for dep_context=requeueable deps ti=<TaskInstance: data_sharing_via_xcoms.Student scheduled__2024-12-30T00:00:00+00:00 [queued]>
[2024-12-31T04:22:43.529+0000] {taskinstance.py:2866} INFO - Starting attempt 2 of 7
[2024-12-31T04:22:43.537+0000] {taskinstance.py:2889} INFO - Executing <Task(PythonOperator): Student> on 2024-12-30 00:00:00+00:00
[2024-12-31T04:22:43.542+0000] {warnings.py:112} WARNING - /home/***/.local/lib/python3.12/site-packages/***/task/task_runner/standard_task_runner.py:70: DeprecationWarning: This process (pid=698) is multi-threaded, use of fork() may lead to deadlocks in the child.
  pid = os.fork()

[2024-12-31T04:22:43.543+0000] {standard_task_runner.py:72} INFO - Started process 699 to run task
[2024-12-31T04:22:43.543+0000] {standard_task_runner.py:104} INFO - Running: ['***', 'tasks', 'run', 'data_sharing_via_xcoms', 'Student', 'scheduled__2024-12-30T00:00:00+00:00', '--job-id', '22', '--raw', '--subdir', 'DAGS_FOLDER/data_sharing_via_xcoms.py', '--cfg-path', '/tmp/tmplvq499rd']
[2024-12-31T04:22:43.543+0000] {standard_task_runner.py:105} INFO - Job 22: Subtask Student
[2024-12-31T04:22:43.582+0000] {task_command.py:467} INFO - Running <TaskInstance: data_sharing_via_xcoms.Student scheduled__2024-12-30T00:00:00+00:00 [running]> on host b0ef9544b3b5
[2024-12-31T04:22:43.634+0000] {taskinstance.py:3132} INFO - Exporting env vars: AIRFLOW_CTX_DAG_OWNER='tanzid' AIRFLOW_CTX_DAG_ID='data_sharing_via_xcoms' AIRFLOW_CTX_TASK_ID='Student' AIRFLOW_CTX_EXECUTION_DATE='2024-12-30T00:00:00+00:00' AIRFLOW_CTX_TRY_NUMBER='2' AIRFLOW_CTX_DAG_RUN_ID='scheduled__2024-12-30T00:00:00+00:00'
[2024-12-31T04:22:43.634+0000] {taskinstance.py:731} INFO - ::endgroup::
[2024-12-31T04:22:43.650+0000] {logging_mixin.py:190} INFO - Student Name is Tanzid with id 2405016. He/she is 26 years old. 
[2024-12-31T04:22:43.650+0000] {python.py:240} INFO - Done. Returned value was: None
[2024-12-31T04:22:43.657+0000] {taskinstance.py:340} INFO - ::group::Post task execution logs
[2024-12-31T04:22:43.658+0000] {taskinstance.py:352} INFO - Marking task as SUCCESS. dag_id=data_sharing_via_xcoms, task_id=Student, run_id=scheduled__2024-12-30T00:00:00+00:00, execution_date=20241230T000000, start_date=20241231T042243, end_date=20241231T042243
[2024-12-31T04:22:43.678+0000] {local_task_job_runner.py:266} INFO - Task exited with return code 0
[2024-12-31T04:22:43.689+0000] {taskinstance.py:3895} INFO - 0 downstream tasks scheduled from follow-on schedule check
[2024-12-31T04:22:43.691+0000] {local_task_job_runner.py:245} INFO - ::endgroup::
