[2025-01-01T09:21:54.294+0000] {local_task_job_runner.py:123} INFO - ::group::Pre task execution logs
[2025-01-01T09:21:54.315+0000] {taskinstance.py:2613} INFO - Dependencies all met for dep_context=non-requeueable deps ti=<TaskInstance: postgres_operator_dag.create_student_table scheduled__2024-12-28T10:25:00+00:00 [queued]>
[2025-01-01T09:21:54.323+0000] {taskinstance.py:2613} INFO - Dependencies all met for dep_context=requeueable deps ti=<TaskInstance: postgres_operator_dag.create_student_table scheduled__2024-12-28T10:25:00+00:00 [queued]>
[2025-01-01T09:21:54.323+0000] {taskinstance.py:2866} INFO - Starting attempt 4 of 9
[2025-01-01T09:21:54.335+0000] {taskinstance.py:2889} INFO - Executing <Task(PostgresOperator): create_student_table> on 2024-12-28 10:25:00+00:00
[2025-01-01T09:21:54.343+0000] {warnings.py:112} WARNING - /home/***/.local/lib/python3.12/site-packages/***/task/task_runner/standard_task_runner.py:70: DeprecationWarning: This process (pid=259) is multi-threaded, use of fork() may lead to deadlocks in the child.
  pid = os.fork()

[2025-01-01T09:21:54.343+0000] {standard_task_runner.py:104} INFO - Running: ['***', 'tasks', 'run', 'postgres_operator_dag', 'create_student_table', 'scheduled__2024-12-28T10:25:00+00:00', '--job-id', '116', '--raw', '--subdir', 'DAGS_FOLDER/postgres_operator_dag.py', '--cfg-path', '/tmp/tmp5d8ot00d']
[2025-01-01T09:21:54.344+0000] {standard_task_runner.py:72} INFO - Started process 260 to run task
[2025-01-01T09:21:54.344+0000] {standard_task_runner.py:105} INFO - Job 116: Subtask create_student_table
[2025-01-01T09:21:54.388+0000] {task_command.py:467} INFO - Running <TaskInstance: postgres_operator_dag.create_student_table scheduled__2024-12-28T10:25:00+00:00 [running]> on host 2eb328b59189
[2025-01-01T09:21:54.450+0000] {taskinstance.py:3132} INFO - Exporting env vars: AIRFLOW_CTX_DAG_OWNER='tanzid' AIRFLOW_CTX_DAG_ID='postgres_operator_dag' AIRFLOW_CTX_TASK_ID='create_student_table' AIRFLOW_CTX_EXECUTION_DATE='2024-12-28T10:25:00+00:00' AIRFLOW_CTX_TRY_NUMBER='4' AIRFLOW_CTX_DAG_RUN_ID='scheduled__2024-12-28T10:25:00+00:00'
[2025-01-01T09:21:54.452+0000] {taskinstance.py:731} INFO - ::endgroup::
[2025-01-01T09:21:54.477+0000] {sql.py:278} INFO - Executing: 
                CREATE TABLE if not exists dag_runs(
                    ds date,
                    dag_id character varying,
                    primary key (ds, dag_id)
                )
            
[2025-01-01T09:21:54.491+0000] {base.py:84} INFO - Retrieving connection 'postgres_localhost'
[2025-01-01T09:21:54.502+0000] {base.py:84} INFO - Retrieving connection 'postgres_localhost'
[2025-01-01T09:21:54.710+0000] {sql.py:553} INFO - Running statement: 
                CREATE TABLE if not exists dag_runs(
                    ds date,
                    dag_id character varying,
                    primary key (ds, dag_id)
                )
            , parameters: None
[2025-01-01T09:21:54.724+0000] {taskinstance.py:340} INFO - ::group::Post task execution logs
[2025-01-01T09:21:54.724+0000] {taskinstance.py:352} INFO - Marking task as SUCCESS. dag_id=postgres_operator_dag, task_id=create_student_table, run_id=scheduled__2024-12-28T10:25:00+00:00, execution_date=20241228T102500, start_date=20250101T092154, end_date=20250101T092154
[2025-01-01T09:21:54.759+0000] {local_task_job_runner.py:266} INFO - Task exited with return code 0
[2025-01-01T09:21:54.772+0000] {taskinstance.py:3895} INFO - 0 downstream tasks scheduled from follow-on schedule check
[2025-01-01T09:21:54.774+0000] {local_task_job_runner.py:245} INFO - ::endgroup::
