[2025-01-01T03:30:42.838+0000] {local_task_job_runner.py:123} INFO - ::group::Pre task execution logs
[2025-01-01T03:30:42.851+0000] {taskinstance.py:2613} INFO - Dependencies all met for dep_context=non-requeueable deps ti=<TaskInstance: task_flow_api_dag_v2.student scheduled__2024-12-31T00:00:00+00:00 [queued]>
[2025-01-01T03:30:42.856+0000] {taskinstance.py:2613} INFO - Dependencies all met for dep_context=requeueable deps ti=<TaskInstance: task_flow_api_dag_v2.student scheduled__2024-12-31T00:00:00+00:00 [queued]>
[2025-01-01T03:30:42.857+0000] {taskinstance.py:2866} INFO - Starting attempt 1 of 1
[2025-01-01T03:30:42.867+0000] {taskinstance.py:2889} INFO - Executing <Task(_PythonDecoratedOperator): student> on 2024-12-31 00:00:00+00:00
[2025-01-01T03:30:42.872+0000] {warnings.py:112} WARNING - /home/***/.local/lib/python3.12/site-packages/***/task/task_runner/standard_task_runner.py:70: DeprecationWarning: This process (pid=158) is multi-threaded, use of fork() may lead to deadlocks in the child.
  pid = os.fork()

[2025-01-01T03:30:42.874+0000] {standard_task_runner.py:72} INFO - Started process 159 to run task
[2025-01-01T03:30:42.875+0000] {standard_task_runner.py:104} INFO - Running: ['***', 'tasks', 'run', 'task_flow_api_dag_v2', 'student', 'scheduled__2024-12-31T00:00:00+00:00', '--job-id', '53', '--raw', '--subdir', 'DAGS_FOLDER/task_flow_api_dag.py', '--cfg-path', '/tmp/tmp0bw1zhxg']
[2025-01-01T03:30:42.876+0000] {standard_task_runner.py:105} INFO - Job 53: Subtask student
[2025-01-01T03:30:42.910+0000] {task_command.py:467} INFO - Running <TaskInstance: task_flow_api_dag_v2.student scheduled__2024-12-31T00:00:00+00:00 [running]> on host b0ef9544b3b5
[2025-01-01T03:30:42.981+0000] {taskinstance.py:3132} INFO - Exporting env vars: AIRFLOW_CTX_DAG_OWNER='tanzid' AIRFLOW_CTX_DAG_ID='task_flow_api_dag_v2' AIRFLOW_CTX_TASK_ID='student' AIRFLOW_CTX_EXECUTION_DATE='2024-12-31T00:00:00+00:00' AIRFLOW_CTX_TRY_NUMBER='1' AIRFLOW_CTX_DAG_RUN_ID='scheduled__2024-12-31T00:00:00+00:00'
[2025-01-01T03:30:42.982+0000] {taskinstance.py:731} INFO - ::endgroup::
[2025-01-01T03:30:42.984+0000] {logging_mixin.py:190} INFO - Student Name is Tanzid Hasan with id 2405016. 
[2025-01-01T03:30:42.984+0000] {python.py:240} INFO - Done. Returned value was: None
[2025-01-01T03:30:42.990+0000] {taskinstance.py:340} INFO - ::group::Post task execution logs
[2025-01-01T03:30:42.991+0000] {taskinstance.py:352} INFO - Marking task as SUCCESS. dag_id=task_flow_api_dag_v2, task_id=student, run_id=scheduled__2024-12-31T00:00:00+00:00, execution_date=20241231T000000, start_date=20250101T033042, end_date=20250101T033042
[2025-01-01T03:30:43.010+0000] {local_task_job_runner.py:266} INFO - Task exited with return code 0
[2025-01-01T03:30:43.020+0000] {taskinstance.py:3895} INFO - 0 downstream tasks scheduled from follow-on schedule check
[2025-01-01T03:30:43.022+0000] {local_task_job_runner.py:245} INFO - ::endgroup::
